<?xml version="1.0" encoding="UTF-8"?>
<beans xmlns="http://www.springframework.org/schema/beans"
       xmlns:xsi="http://www.w3.org/2001/XMLSchema-instance"
       xsi:schemaLocation="http://www.springframework.org/schema/beans
       http://www.springframework.org/schema/beans/spring-beans.xsd">

    <bean id="namedParameterJdbcTemplate" class="org.springframework.jdbc.core.namedparam.NamedParameterJdbcTemplate">
        <constructor-arg ref="dataSource"/>
    </bean>

    <bean id="tourDao" class="com.aderenchuk.brest.dao.jdbc.TourDaoJdbc">
        <constructor-arg ref="namedParameterJdbcTemplate"/>
    </bean>

    <bean id="clientDao" class="com.aderenchuk.brest.dao.jdbc.ClientDaoJdbc">
        <constructor-arg ref="namedParameterJdbcTemplate"/>
    </bean>

    <bean id="tourDtoDao" class="com.aderenchuk.brest.dao.jdbc.TourDtoDaoJdbc">
        <constructor-arg ref="namedParameterJdbcTemplate"/>
    </bean>

    <bean class="org.springframework.context.support.PropertySourcesPlaceholderConfigurer">
        <property name="locations">
            <list>
                <value>classpath:dao.properties</value>
            </list>
        </property>
    </bean>

</beans>

