<?xml version="1.0" encoding="UTF-8"?>
<testsuite xmlns:xsi="http://www.w3.org/2001/XMLSchema-instance" xsi:noNamespaceSchemaLocation="https://maven.apache.org/surefire/maven-failsafe-plugin/xsd/failsafe-test-report-3.0.xsd" version="3.0" name="com.aderenchuk.brest.service.web_app.TourControllerIT" time="6.287" tests="7" errors="7" skipped="0" failures="0">
  <properties>
    <property name="sun.desktop" value="gnome"/>
    <property name="awt.toolkit" value="sun.awt.X11.XToolkit"/>
    <property name="java.specification.version" value="11"/>
    <property name="sun.cpu.isalist" value=""/>
    <property name="sun.jnu.encoding" value="UTF-8"/>
    <property name="java.class.path" value="/home/artem/IdeaProjects/aderenchuk-travel.agency/web-app/target/test-classes:/home/artem/IdeaProjects/aderenchuk-travel.agency/web-app/target/classes:/home/artem/IdeaProjects/aderenchuk-travel.agency/model/target/model-1.0-SNAPSHOT.jar:/home/artem/.m2/repository/org/junit/jupiter/junit-jupiter-api/5.7.1/junit-jupiter-api-5.7.1.jar:/home/artem/.m2/repository/org/apiguardian/apiguardian-api/1.1.0/apiguardian-api-1.1.0.jar:/home/artem/.m2/repository/org/opentest4j/opentest4j/1.2.0/opentest4j-1.2.0.jar:/home/artem/.m2/repository/org/junit/platform/junit-platform-commons/1.7.1/junit-platform-commons-1.7.1.jar:/home/artem/.m2/repository/org/junit/jupiter/junit-jupiter-engine/5.7.1/junit-jupiter-engine-5.7.1.jar:/home/artem/.m2/repository/org/junit/platform/junit-platform-engine/1.7.1/junit-platform-engine-1.7.1.jar:/home/artem/IdeaProjects/aderenchuk-travel.agency/dao-api/target/dao-api-1.0-SNAPSHOT.jar:/home/artem/IdeaProjects/aderenchuk-travel.agency/dao/target/dao-1.0-SNAPSHOT.jar:/home/artem/.m2/repository/org/apache/commons/commons-lang3/3.12.0/commons-lang3-3.12.0.jar:/home/artem/.m2/repository/org/springframework/boot/spring-boot-starter-jdbc/2.4.4/spring-boot-starter-jdbc-2.4.4.jar:/home/artem/.m2/repository/com/zaxxer/HikariCP/3.4.5/HikariCP-3.4.5.jar:/home/artem/.m2/repository/org/springframework/spring-jdbc/5.3.5/spring-jdbc-5.3.5.jar:/home/artem/.m2/repository/org/springframework/spring-tx/5.3.5/spring-tx-5.3.5.jar:/home/artem/IdeaProjects/aderenchuk-travel.agency/service-api/target/service-api-1.0-SNAPSHOT.jar:/home/artem/.m2/repository/org/springframework/spring-context/5.3.5/spring-context-5.3.5.jar:/home/artem/.m2/repository/org/springframework/spring-aop/5.3.5/spring-aop-5.3.5.jar:/home/artem/.m2/repository/org/springframework/spring-beans/5.3.5/spring-beans-5.3.5.jar:/home/artem/.m2/repository/org/springframework/spring-expression/5.3.5/spring-expression-5.3.5.jar:/home/artem/IdeaProjects/aderenchuk-travel.agency/service/target/service-1.0-SNAPSHOT.jar:/home/artem/IdeaProjects/aderenchuk-travel.agency/test-db/target/test-db-1.0-SNAPSHOT.jar:/home/artem/.m2/repository/com/h2database/h2/1.4.200/h2-1.4.200.jar:/home/artem/.m2/repository/org/springframework/boot/spring-boot-starter-thymeleaf/2.4.4/spring-boot-starter-thymeleaf-2.4.4.jar:/home/artem/.m2/repository/org/springframework/boot/spring-boot-starter/2.4.4/spring-boot-starter-2.4.4.jar:/home/artem/.m2/repository/org/springframework/boot/spring-boot/2.4.4/spring-boot-2.4.4.jar:/home/artem/.m2/repository/org/springframework/boot/spring-boot-autoconfigure/2.4.4/spring-boot-autoconfigure-2.4.4.jar:/home/artem/.m2/repository/org/springframework/boot/spring-boot-starter-logging/2.4.4/spring-boot-starter-logging-2.4.4.jar:/home/artem/.m2/repository/ch/qos/logback/logback-classic/1.2.3/logback-classic-1.2.3.jar:/home/artem/.m2/repository/ch/qos/logback/logback-core/1.2.3/logback-core-1.2.3.jar:/home/artem/.m2/repository/org/apache/logging/log4j/log4j-to-slf4j/2.13.3/log4j-to-slf4j-2.13.3.jar:/home/artem/.m2/repository/org/apache/logging/log4j/log4j-api/2.13.3/log4j-api-2.13.3.jar:/home/artem/.m2/repository/org/slf4j/jul-to-slf4j/1.7.30/jul-to-slf4j-1.7.30.jar:/home/artem/.m2/repository/jakarta/annotation/jakarta.annotation-api/1.3.5/jakarta.annotation-api-1.3.5.jar:/home/artem/.m2/repository/org/yaml/snakeyaml/1.27/snakeyaml-1.27.jar:/home/artem/.m2/repository/org/thymeleaf/thymeleaf-spring5/3.0.12.RELEASE/thymeleaf-spring5-3.0.12.RELEASE.jar:/home/artem/.m2/repository/org/thymeleaf/thymeleaf/3.0.12.RELEASE/thymeleaf-3.0.12.RELEASE.jar:/home/artem/.m2/repository/org/attoparser/attoparser/2.0.5.RELEASE/attoparser-2.0.5.RELEASE.jar:/home/artem/.m2/repository/org/unbescape/unbescape/1.1.6.RELEASE/unbescape-1.1.6.RELEASE.jar:/home/artem/.m2/repository/org/slf4j/slf4j-api/1.7.30/slf4j-api-1.7.30.jar:/home/artem/.m2/repository/org/thymeleaf/extras/thymeleaf-extras-java8time/3.0.4.RELEASE/thymeleaf-extras-java8time-3.0.4.RELEASE.jar:/home/artem/.m2/repository/org/springframework/boot/spring-boot-starter-web/2.4.4/spring-boot-starter-web-2.4.4.jar:/home/artem/.m2/repository/org/springframework/boot/spring-boot-starter-json/2.4.4/spring-boot-starter-json-2.4.4.jar:/home/artem/.m2/repository/com/fasterxml/jackson/core/jackson-databind/2.11.4/jackson-databind-2.11.4.jar:/home/artem/.m2/repository/com/fasterxml/jackson/core/jackson-annotations/2.11.4/jackson-annotations-2.11.4.jar:/home/artem/.m2/repository/com/fasterxml/jackson/core/jackson-core/2.11.4/jackson-core-2.11.4.jar:/home/artem/.m2/repository/com/fasterxml/jackson/datatype/jackson-datatype-jdk8/2.11.4/jackson-datatype-jdk8-2.11.4.jar:/home/artem/.m2/repository/com/fasterxml/jackson/datatype/jackson-datatype-jsr310/2.11.4/jackson-datatype-jsr310-2.11.4.jar:/home/artem/.m2/repository/com/fasterxml/jackson/module/jackson-module-parameter-names/2.11.4/jackson-module-parameter-names-2.11.4.jar:/home/artem/.m2/repository/org/springframework/boot/spring-boot-starter-tomcat/2.4.4/spring-boot-starter-tomcat-2.4.4.jar:/home/artem/.m2/repository/org/apache/tomcat/embed/tomcat-embed-core/9.0.44/tomcat-embed-core-9.0.44.jar:/home/artem/.m2/repository/org/glassfish/jakarta.el/3.0.3/jakarta.el-3.0.3.jar:/home/artem/.m2/repository/org/apache/tomcat/embed/tomcat-embed-websocket/9.0.44/tomcat-embed-websocket-9.0.44.jar:/home/artem/.m2/repository/org/springframework/spring-web/5.3.5/spring-web-5.3.5.jar:/home/artem/.m2/repository/org/springframework/spring-webmvc/5.3.5/spring-webmvc-5.3.5.jar:/home/artem/.m2/repository/org/springframework/boot/spring-boot-starter-test/2.4.4/spring-boot-starter-test-2.4.4.jar:/home/artem/.m2/repository/org/springframework/boot/spring-boot-test/2.4.4/spring-boot-test-2.4.4.jar:/home/artem/.m2/repository/org/springframework/boot/spring-boot-test-autoconfigure/2.4.4/spring-boot-test-autoconfigure-2.4.4.jar:/home/artem/.m2/repository/com/jayway/jsonpath/json-path/2.4.0/json-path-2.4.0.jar:/home/artem/.m2/repository/net/minidev/json-smart/2.3/json-smart-2.3.jar:/home/artem/.m2/repository/net/minidev/accessors-smart/1.2/accessors-smart-1.2.jar:/home/artem/.m2/repository/org/ow2/asm/asm/5.0.4/asm-5.0.4.jar:/home/artem/.m2/repository/jakarta/xml/bind/jakarta.xml.bind-api/2.3.3/jakarta.xml.bind-api-2.3.3.jar:/home/artem/.m2/repository/jakarta/activation/jakarta.activation-api/1.2.2/jakarta.activation-api-1.2.2.jar:/home/artem/.m2/repository/org/assertj/assertj-core/3.18.1/assertj-core-3.18.1.jar:/home/artem/.m2/repository/org/hamcrest/hamcrest/2.2/hamcrest-2.2.jar:/home/artem/.m2/repository/org/junit/jupiter/junit-jupiter/5.7.1/junit-jupiter-5.7.1.jar:/home/artem/.m2/repository/org/junit/jupiter/junit-jupiter-params/5.7.1/junit-jupiter-params-5.7.1.jar:/home/artem/.m2/repository/org/mockito/mockito-core/3.6.28/mockito-core-3.6.28.jar:/home/artem/.m2/repository/net/bytebuddy/byte-buddy/1.10.22/byte-buddy-1.10.22.jar:/home/artem/.m2/repository/net/bytebuddy/byte-buddy-agent/1.10.22/byte-buddy-agent-1.10.22.jar:/home/artem/.m2/repository/org/objenesis/objenesis/3.1/objenesis-3.1.jar:/home/artem/.m2/repository/org/mockito/mockito-junit-jupiter/3.6.28/mockito-junit-jupiter-3.6.28.jar:/home/artem/.m2/repository/org/skyscreamer/jsonassert/1.5.0/jsonassert-1.5.0.jar:/home/artem/.m2/repository/com/vaadin/external/google/android-json/0.0.20131108.vaadin1/android-json-0.0.20131108.vaadin1.jar:/home/artem/.m2/repository/org/springframework/spring-core/5.3.5/spring-core-5.3.5.jar:/home/artem/.m2/repository/org/springframework/spring-jcl/5.3.5/spring-jcl-5.3.5.jar:/home/artem/.m2/repository/org/springframework/spring-test/5.3.5/spring-test-5.3.5.jar:/home/artem/.m2/repository/org/xmlunit/xmlunit-core/2.7.0/xmlunit-core-2.7.0.jar:"/>
    <property name="java.vm.vendor" value="Ubuntu"/>
    <property name="sun.arch.data.model" value="64"/>
    <property name="java.vendor.url" value="https://ubuntu.com/"/>
    <property name="user.timezone" value="Europe/Minsk"/>
    <property name="java.vm.specification.version" value="11"/>
    <property name="os.name" value="Linux"/>
    <property name="sun.java.launcher" value="SUN_STANDARD"/>
    <property name="user.country" value="RU"/>
    <property name="sun.boot.library.path" value="/usr/lib/jvm/java-11-openjdk-amd64/lib"/>
    <property name="sun.java.command" value="/home/artem/IdeaProjects/aderenchuk-travel.agency/web-app/target/surefire/surefirebooter10387431633551718271.jar /home/artem/IdeaProjects/aderenchuk-travel.agency/web-app/target/surefire 2021-04-26T22-11-26_758-jvmRun1 surefire1121163433275460513tmp surefire_23338386235605373076tmp"/>
    <property name="jdk.debug" value="release"/>
    <property name="surefire.test.class.path" value="/home/artem/IdeaProjects/aderenchuk-travel.agency/web-app/target/test-classes:/home/artem/IdeaProjects/aderenchuk-travel.agency/web-app/target/classes:/home/artem/IdeaProjects/aderenchuk-travel.agency/model/target/model-1.0-SNAPSHOT.jar:/home/artem/.m2/repository/org/junit/jupiter/junit-jupiter-api/5.7.1/junit-jupiter-api-5.7.1.jar:/home/artem/.m2/repository/org/apiguardian/apiguardian-api/1.1.0/apiguardian-api-1.1.0.jar:/home/artem/.m2/repository/org/opentest4j/opentest4j/1.2.0/opentest4j-1.2.0.jar:/home/artem/.m2/repository/org/junit/platform/junit-platform-commons/1.7.1/junit-platform-commons-1.7.1.jar:/home/artem/.m2/repository/org/junit/jupiter/junit-jupiter-engine/5.7.1/junit-jupiter-engine-5.7.1.jar:/home/artem/.m2/repository/org/junit/platform/junit-platform-engine/1.7.1/junit-platform-engine-1.7.1.jar:/home/artem/IdeaProjects/aderenchuk-travel.agency/dao-api/target/dao-api-1.0-SNAPSHOT.jar:/home/artem/IdeaProjects/aderenchuk-travel.agency/dao/target/dao-1.0-SNAPSHOT.jar:/home/artem/.m2/repository/org/apache/commons/commons-lang3/3.12.0/commons-lang3-3.12.0.jar:/home/artem/.m2/repository/org/springframework/boot/spring-boot-starter-jdbc/2.4.4/spring-boot-starter-jdbc-2.4.4.jar:/home/artem/.m2/repository/com/zaxxer/HikariCP/3.4.5/HikariCP-3.4.5.jar:/home/artem/.m2/repository/org/springframework/spring-jdbc/5.3.5/spring-jdbc-5.3.5.jar:/home/artem/.m2/repository/org/springframework/spring-tx/5.3.5/spring-tx-5.3.5.jar:/home/artem/IdeaProjects/aderenchuk-travel.agency/service-api/target/service-api-1.0-SNAPSHOT.jar:/home/artem/.m2/repository/org/springframework/spring-context/5.3.5/spring-context-5.3.5.jar:/home/artem/.m2/repository/org/springframework/spring-aop/5.3.5/spring-aop-5.3.5.jar:/home/artem/.m2/repository/org/springframework/spring-beans/5.3.5/spring-beans-5.3.5.jar:/home/artem/.m2/repository/org/springframework/spring-expression/5.3.5/spring-expression-5.3.5.jar:/home/artem/IdeaProjects/aderenchuk-travel.agency/service/target/service-1.0-SNAPSHOT.jar:/home/artem/IdeaProjects/aderenchuk-travel.agency/test-db/target/test-db-1.0-SNAPSHOT.jar:/home/artem/.m2/repository/com/h2database/h2/1.4.200/h2-1.4.200.jar:/home/artem/.m2/repository/org/springframework/boot/spring-boot-starter-thymeleaf/2.4.4/spring-boot-starter-thymeleaf-2.4.4.jar:/home/artem/.m2/repository/org/springframework/boot/spring-boot-starter/2.4.4/spring-boot-starter-2.4.4.jar:/home/artem/.m2/repository/org/springframework/boot/spring-boot/2.4.4/spring-boot-2.4.4.jar:/home/artem/.m2/repository/org/springframework/boot/spring-boot-autoconfigure/2.4.4/spring-boot-autoconfigure-2.4.4.jar:/home/artem/.m2/repository/org/springframework/boot/spring-boot-starter-logging/2.4.4/spring-boot-starter-logging-2.4.4.jar:/home/artem/.m2/repository/ch/qos/logback/logback-classic/1.2.3/logback-classic-1.2.3.jar:/home/artem/.m2/repository/ch/qos/logback/logback-core/1.2.3/logback-core-1.2.3.jar:/home/artem/.m2/repository/org/apache/logging/log4j/log4j-to-slf4j/2.13.3/log4j-to-slf4j-2.13.3.jar:/home/artem/.m2/repository/org/apache/logging/log4j/log4j-api/2.13.3/log4j-api-2.13.3.jar:/home/artem/.m2/repository/org/slf4j/jul-to-slf4j/1.7.30/jul-to-slf4j-1.7.30.jar:/home/artem/.m2/repository/jakarta/annotation/jakarta.annotation-api/1.3.5/jakarta.annotation-api-1.3.5.jar:/home/artem/.m2/repository/org/yaml/snakeyaml/1.27/snakeyaml-1.27.jar:/home/artem/.m2/repository/org/thymeleaf/thymeleaf-spring5/3.0.12.RELEASE/thymeleaf-spring5-3.0.12.RELEASE.jar:/home/artem/.m2/repository/org/thymeleaf/thymeleaf/3.0.12.RELEASE/thymeleaf-3.0.12.RELEASE.jar:/home/artem/.m2/repository/org/attoparser/attoparser/2.0.5.RELEASE/attoparser-2.0.5.RELEASE.jar:/home/artem/.m2/repository/org/unbescape/unbescape/1.1.6.RELEASE/unbescape-1.1.6.RELEASE.jar:/home/artem/.m2/repository/org/slf4j/slf4j-api/1.7.30/slf4j-api-1.7.30.jar:/home/artem/.m2/repository/org/thymeleaf/extras/thymeleaf-extras-java8time/3.0.4.RELEASE/thymeleaf-extras-java8time-3.0.4.RELEASE.jar:/home/artem/.m2/repository/org/springframework/boot/spring-boot-starter-web/2.4.4/spring-boot-starter-web-2.4.4.jar:/home/artem/.m2/repository/org/springframework/boot/spring-boot-starter-json/2.4.4/spring-boot-starter-json-2.4.4.jar:/home/artem/.m2/repository/com/fasterxml/jackson/core/jackson-databind/2.11.4/jackson-databind-2.11.4.jar:/home/artem/.m2/repository/com/fasterxml/jackson/core/jackson-annotations/2.11.4/jackson-annotations-2.11.4.jar:/home/artem/.m2/repository/com/fasterxml/jackson/core/jackson-core/2.11.4/jackson-core-2.11.4.jar:/home/artem/.m2/repository/com/fasterxml/jackson/datatype/jackson-datatype-jdk8/2.11.4/jackson-datatype-jdk8-2.11.4.jar:/home/artem/.m2/repository/com/fasterxml/jackson/datatype/jackson-datatype-jsr310/2.11.4/jackson-datatype-jsr310-2.11.4.jar:/home/artem/.m2/repository/com/fasterxml/jackson/module/jackson-module-parameter-names/2.11.4/jackson-module-parameter-names-2.11.4.jar:/home/artem/.m2/repository/org/springframework/boot/spring-boot-starter-tomcat/2.4.4/spring-boot-starter-tomcat-2.4.4.jar:/home/artem/.m2/repository/org/apache/tomcat/embed/tomcat-embed-core/9.0.44/tomcat-embed-core-9.0.44.jar:/home/artem/.m2/repository/org/glassfish/jakarta.el/3.0.3/jakarta.el-3.0.3.jar:/home/artem/.m2/repository/org/apache/tomcat/embed/tomcat-embed-websocket/9.0.44/tomcat-embed-websocket-9.0.44.jar:/home/artem/.m2/repository/org/springframework/spring-web/5.3.5/spring-web-5.3.5.jar:/home/artem/.m2/repository/org/springframework/spring-webmvc/5.3.5/spring-webmvc-5.3.5.jar:/home/artem/.m2/repository/org/springframework/boot/spring-boot-starter-test/2.4.4/spring-boot-starter-test-2.4.4.jar:/home/artem/.m2/repository/org/springframework/boot/spring-boot-test/2.4.4/spring-boot-test-2.4.4.jar:/home/artem/.m2/repository/org/springframework/boot/spring-boot-test-autoconfigure/2.4.4/spring-boot-test-autoconfigure-2.4.4.jar:/home/artem/.m2/repository/com/jayway/jsonpath/json-path/2.4.0/json-path-2.4.0.jar:/home/artem/.m2/repository/net/minidev/json-smart/2.3/json-smart-2.3.jar:/home/artem/.m2/repository/net/minidev/accessors-smart/1.2/accessors-smart-1.2.jar:/home/artem/.m2/repository/org/ow2/asm/asm/5.0.4/asm-5.0.4.jar:/home/artem/.m2/repository/jakarta/xml/bind/jakarta.xml.bind-api/2.3.3/jakarta.xml.bind-api-2.3.3.jar:/home/artem/.m2/repository/jakarta/activation/jakarta.activation-api/1.2.2/jakarta.activation-api-1.2.2.jar:/home/artem/.m2/repository/org/assertj/assertj-core/3.18.1/assertj-core-3.18.1.jar:/home/artem/.m2/repository/org/hamcrest/hamcrest/2.2/hamcrest-2.2.jar:/home/artem/.m2/repository/org/junit/jupiter/junit-jupiter/5.7.1/junit-jupiter-5.7.1.jar:/home/artem/.m2/repository/org/junit/jupiter/junit-jupiter-params/5.7.1/junit-jupiter-params-5.7.1.jar:/home/artem/.m2/repository/org/mockito/mockito-core/3.6.28/mockito-core-3.6.28.jar:/home/artem/.m2/repository/net/bytebuddy/byte-buddy/1.10.22/byte-buddy-1.10.22.jar:/home/artem/.m2/repository/net/bytebuddy/byte-buddy-agent/1.10.22/byte-buddy-agent-1.10.22.jar:/home/artem/.m2/repository/org/objenesis/objenesis/3.1/objenesis-3.1.jar:/home/artem/.m2/repository/org/mockito/mockito-junit-jupiter/3.6.28/mockito-junit-jupiter-3.6.28.jar:/home/artem/.m2/repository/org/skyscreamer/jsonassert/1.5.0/jsonassert-1.5.0.jar:/home/artem/.m2/repository/com/vaadin/external/google/android-json/0.0.20131108.vaadin1/android-json-0.0.20131108.vaadin1.jar:/home/artem/.m2/repository/org/springframework/spring-core/5.3.5/spring-core-5.3.5.jar:/home/artem/.m2/repository/org/springframework/spring-jcl/5.3.5/spring-jcl-5.3.5.jar:/home/artem/.m2/repository/org/springframework/spring-test/5.3.5/spring-test-5.3.5.jar:/home/artem/.m2/repository/org/xmlunit/xmlunit-core/2.7.0/xmlunit-core-2.7.0.jar:"/>
    <property name="sun.cpu.endian" value="little"/>
    <property name="user.home" value="/home/artem"/>
    <property name="user.language" value="ru"/>
    <property name="java.specification.vendor" value="Oracle Corporation"/>
    <property name="java.version.date" value="2021-01-19"/>
    <property name="java.home" value="/usr/lib/jvm/java-11-openjdk-amd64"/>
    <property name="file.separator" value="/"/>
    <property name="basedir" value="/home/artem/IdeaProjects/aderenchuk-travel.agency/web-app"/>
    <property name="java.vm.compressedOopsMode" value="32-bit"/>
    <property name="line.separator" value="&#10;"/>
    <property name="java.specification.name" value="Java Platform API Specification"/>
    <property name="java.vm.specification.vendor" value="Oracle Corporation"/>
    <property name="FILE_LOG_CHARSET" value="UTF-8"/>
    <property name="java.awt.graphicsenv" value="sun.awt.X11GraphicsEnvironment"/>
    <property name="java.awt.headless" value="true"/>
    <property name="surefire.real.class.path" value="/home/artem/IdeaProjects/aderenchuk-travel.agency/web-app/target/surefire/surefirebooter10387431633551718271.jar"/>
    <property name="sun.management.compiler" value="HotSpot 64-Bit Tiered Compilers"/>
    <property name="java.runtime.version" value="11.0.10+9-Ubuntu-0ubuntu1.20.04"/>
    <property name="user.name" value="artem"/>
    <property name="path.separator" value=":"/>
    <property name="os.version" value="5.8.0-50-generic"/>
    <property name="java.runtime.name" value="OpenJDK Runtime Environment"/>
    <property name="file.encoding" value="UTF-8"/>
    <property name="spring.beaninfo.ignore" value="true"/>
    <property name="java.vm.name" value="OpenJDK 64-Bit Server VM"/>
    <property name="localRepository" value="/home/artem/.m2/repository"/>
    <property name="java.vendor.url.bug" value="https://bugs.launchpad.net/ubuntu/+source/openjdk-lts"/>
    <property name="java.io.tmpdir" value="/tmp"/>
    <property name="java.version" value="11.0.10"/>
    <property name="user.dir" value="/home/artem/IdeaProjects/aderenchuk-travel.agency/web-app"/>
    <property name="os.arch" value="amd64"/>
    <property name="java.vm.specification.name" value="Java Virtual Machine Specification"/>
    <property name="PID" value="35492"/>
    <property name="java.awt.printerjob" value="sun.print.PSPrinterJob"/>
    <property name="sun.os.patch.level" value="unknown"/>
    <property name="CONSOLE_LOG_CHARSET" value="UTF-8"/>
    <property name="java.library.path" value="/usr/java/packages/lib:/usr/lib/x86_64-linux-gnu/jni:/lib/x86_64-linux-gnu:/usr/lib/x86_64-linux-gnu:/usr/lib/jni:/lib:/usr/lib"/>
    <property name="java.vm.info" value="mixed mode, sharing"/>
    <property name="java.vendor" value="Ubuntu"/>
    <property name="java.vm.version" value="11.0.10+9-Ubuntu-0ubuntu1.20.04"/>
    <property name="sun.io.unicode.encoding" value="UnicodeLittle"/>
    <property name="java.class.version" value="55.0"/>
  </properties>
  <testcase name="shouldAddNewTour" classname="com.aderenchuk.brest.service.web_app.TourControllerIT" time="0.004">
    <error type="java.lang.IllegalStateException"><![CDATA[java.lang.IllegalStateException: Failed to load ApplicationContext
Caused by: org.springframework.beans.factory.UnsatisfiedDependencyException: 
Error creating bean with name 'tourController' defined in file [/home/artem/IdeaProjects/aderenchuk-travel.agency/web-app/target/classes/com/aderenchuk/brest/service/web_app/TourController.class]: Unsatisfied dependency expressed through constructor parameter 0; nested exception is org.springframework.beans.factory.UnsatisfiedDependencyException: Error creating bean with name 'tourDtoServiceImpl' defined in URL [jar:file:/home/artem/IdeaProjects/aderenchuk-travel.agency/service/target/service-1.0-SNAPSHOT.jar!/com/aderenchuk/brest/service/impl/TourDtoServiceImpl.class]: Unsatisfied dependency expressed through constructor parameter 0; nested exception is org.springframework.beans.factory.UnsatisfiedDependencyException: Error creating bean with name 'tourDtoDaoJdbc' defined in URL [jar:file:/home/artem/IdeaProjects/aderenchuk-travel.agency/dao/target/dao-1.0-SNAPSHOT.jar!/com/aderenchuk/brest/dao/jdbc/TourDtoDaoJdbc.class]: Unsatisfied dependency expressed through constructor parameter 0; nested exception is org.springframework.beans.factory.BeanCreationException: Error creating bean with name 'dataSource': Post-processing of FactoryBean's singleton object failed; nested exception is org.springframework.beans.factory.BeanCreationException: Error creating bean with name 'org.springframework.boot.autoconfigure.jdbc.DataSourceInitializerInvoker': Invocation of init method failed; nested exception is org.springframework.jdbc.datasource.init.ScriptStatementFailedException: Failed to execute SQL script statement #1 of URL [jar:file:/home/artem/IdeaProjects/aderenchuk-travel.agency/test-db/target/test-db-1.0-SNAPSHOT.jar!/data.sql]: INSERT INTO TOUR (TOUR_ID, DIRECTION, DATE_TOUR) VALUES (101, 'BREST-MOSCOW', '2021-08-01'), (102, 'MINSK-ROME', '2021-08-01'), (103, 'MOSCOW-BARCELONA', '2021-06-15'), (104, 'MINSK-RIGA', '2021-07-02'), (105, 'MINSK-DUBAI', '2021-05-25'); nested exception is org.h2.jdbc.JdbcSQLIntegrityConstraintViolationException: Нарушение уникального индекса или первичного ключа: "PRIMARY KEY ON PUBLIC.TOUR(TOUR_ID) [101, 'BREST-MOSCOW', DATE '2021-08-01']"
Unique index or primary key violation: "PRIMARY KEY ON PUBLIC.TOUR(TOUR_ID) [101, 'BREST-MOSCOW', DATE '2021-08-01']"; SQL statement:
INSERT INTO TOUR (TOUR_ID, DIRECTION, DATE_TOUR) VALUES (101, 'BREST-MOSCOW', '2021-08-01'), (102, 'MINSK-ROME', '2021-08-01'), (103, 'MOSCOW-BARCELONA', '2021-06-15'), (104, 'MINSK-RIGA', '2021-07-02'), (105, 'MINSK-DUBAI', '2021-05-25') [23505-200]
Caused by: org.springframework.beans.factory.UnsatisfiedDependencyException: 
Error creating bean with name 'tourDtoServiceImpl' defined in URL [jar:file:/home/artem/IdeaProjects/aderenchuk-travel.agency/service/target/service-1.0-SNAPSHOT.jar!/com/aderenchuk/brest/service/impl/TourDtoServiceImpl.class]: Unsatisfied dependency expressed through constructor parameter 0; nested exception is org.springframework.beans.factory.UnsatisfiedDependencyException: Error creating bean with name 'tourDtoDaoJdbc' defined in URL [jar:file:/home/artem/IdeaProjects/aderenchuk-travel.agency/dao/target/dao-1.0-SNAPSHOT.jar!/com/aderenchuk/brest/dao/jdbc/TourDtoDaoJdbc.class]: Unsatisfied dependency expressed through constructor parameter 0; nested exception is org.springframework.beans.factory.BeanCreationException: Error creating bean with name 'dataSource': Post-processing of FactoryBean's singleton object failed; nested exception is org.springframework.beans.factory.BeanCreationException: Error creating bean with name 'org.springframework.boot.autoconfigure.jdbc.DataSourceInitializerInvoker': Invocation of init method failed; nested exception is org.springframework.jdbc.datasource.init.ScriptStatementFailedException: Failed to execute SQL script statement #1 of URL [jar:file:/home/artem/IdeaProjects/aderenchuk-travel.agency/test-db/target/test-db-1.0-SNAPSHOT.jar!/data.sql]: INSERT INTO TOUR (TOUR_ID, DIRECTION, DATE_TOUR) VALUES (101, 'BREST-MOSCOW', '2021-08-01'), (102, 'MINSK-ROME', '2021-08-01'), (103, 'MOSCOW-BARCELONA', '2021-06-15'), (104, 'MINSK-RIGA', '2021-07-02'), (105, 'MINSK-DUBAI', '2021-05-25'); nested exception is org.h2.jdbc.JdbcSQLIntegrityConstraintViolationException: Нарушение уникального индекса или первичного ключа: "PRIMARY KEY ON PUBLIC.TOUR(TOUR_ID) [101, 'BREST-MOSCOW', DATE '2021-08-01']"
Unique index or primary key violation: "PRIMARY KEY ON PUBLIC.TOUR(TOUR_ID) [101, 'BREST-MOSCOW', DATE '2021-08-01']"; SQL statement:
INSERT INTO TOUR (TOUR_ID, DIRECTION, DATE_TOUR) VALUES (101, 'BREST-MOSCOW', '2021-08-01'), (102, 'MINSK-ROME', '2021-08-01'), (103, 'MOSCOW-BARCELONA', '2021-06-15'), (104, 'MINSK-RIGA', '2021-07-02'), (105, 'MINSK-DUBAI', '2021-05-25') [23505-200]
Caused by: org.springframework.beans.factory.UnsatisfiedDependencyException: 
Error creating bean with name 'tourDtoDaoJdbc' defined in URL [jar:file:/home/artem/IdeaProjects/aderenchuk-travel.agency/dao/target/dao-1.0-SNAPSHOT.jar!/com/aderenchuk/brest/dao/jdbc/TourDtoDaoJdbc.class]: Unsatisfied dependency expressed through constructor parameter 0; nested exception is org.springframework.beans.factory.BeanCreationException: Error creating bean with name 'dataSource': Post-processing of FactoryBean's singleton object failed; nested exception is org.springframework.beans.factory.BeanCreationException: Error creating bean with name 'org.springframework.boot.autoconfigure.jdbc.DataSourceInitializerInvoker': Invocation of init method failed; nested exception is org.springframework.jdbc.datasource.init.ScriptStatementFailedException: Failed to execute SQL script statement #1 of URL [jar:file:/home/artem/IdeaProjects/aderenchuk-travel.agency/test-db/target/test-db-1.0-SNAPSHOT.jar!/data.sql]: INSERT INTO TOUR (TOUR_ID, DIRECTION, DATE_TOUR) VALUES (101, 'BREST-MOSCOW', '2021-08-01'), (102, 'MINSK-ROME', '2021-08-01'), (103, 'MOSCOW-BARCELONA', '2021-06-15'), (104, 'MINSK-RIGA', '2021-07-02'), (105, 'MINSK-DUBAI', '2021-05-25'); nested exception is org.h2.jdbc.JdbcSQLIntegrityConstraintViolationException: Нарушение уникального индекса или первичного ключа: "PRIMARY KEY ON PUBLIC.TOUR(TOUR_ID) [101, 'BREST-MOSCOW', DATE '2021-08-01']"
Unique index or primary key violation: "PRIMARY KEY ON PUBLIC.TOUR(TOUR_ID) [101, 'BREST-MOSCOW', DATE '2021-08-01']"; SQL statement:
INSERT INTO TOUR (TOUR_ID, DIRECTION, DATE_TOUR) VALUES (101, 'BREST-MOSCOW', '2021-08-01'), (102, 'MINSK-ROME', '2021-08-01'), (103, 'MOSCOW-BARCELONA', '2021-06-15'), (104, 'MINSK-RIGA', '2021-07-02'), (105, 'MINSK-DUBAI', '2021-05-25') [23505-200]
Caused by: org.springframework.beans.factory.BeanCreationException: 
Error creating bean with name 'dataSource': Post-processing of FactoryBean's singleton object failed; nested exception is org.springframework.beans.factory.BeanCreationException: Error creating bean with name 'org.springframework.boot.autoconfigure.jdbc.DataSourceInitializerInvoker': Invocation of init method failed; nested exception is org.springframework.jdbc.datasource.init.ScriptStatementFailedException: Failed to execute SQL script statement #1 of URL [jar:file:/home/artem/IdeaProjects/aderenchuk-travel.agency/test-db/target/test-db-1.0-SNAPSHOT.jar!/data.sql]: INSERT INTO TOUR (TOUR_ID, DIRECTION, DATE_TOUR) VALUES (101, 'BREST-MOSCOW', '2021-08-01'), (102, 'MINSK-ROME', '2021-08-01'), (103, 'MOSCOW-BARCELONA', '2021-06-15'), (104, 'MINSK-RIGA', '2021-07-02'), (105, 'MINSK-DUBAI', '2021-05-25'); nested exception is org.h2.jdbc.JdbcSQLIntegrityConstraintViolationException: Нарушение уникального индекса или первичного ключа: "PRIMARY KEY ON PUBLIC.TOUR(TOUR_ID) [101, 'BREST-MOSCOW', DATE '2021-08-01']"
Unique index or primary key violation: "PRIMARY KEY ON PUBLIC.TOUR(TOUR_ID) [101, 'BREST-MOSCOW', DATE '2021-08-01']"; SQL statement:
INSERT INTO TOUR (TOUR_ID, DIRECTION, DATE_TOUR) VALUES (101, 'BREST-MOSCOW', '2021-08-01'), (102, 'MINSK-ROME', '2021-08-01'), (103, 'MOSCOW-BARCELONA', '2021-06-15'), (104, 'MINSK-RIGA', '2021-07-02'), (105, 'MINSK-DUBAI', '2021-05-25') [23505-200]
Caused by: org.springframework.beans.factory.BeanCreationException: 
Error creating bean with name 'org.springframework.boot.autoconfigure.jdbc.DataSourceInitializerInvoker': Invocation of init method failed; nested exception is org.springframework.jdbc.datasource.init.ScriptStatementFailedException: Failed to execute SQL script statement #1 of URL [jar:file:/home/artem/IdeaProjects/aderenchuk-travel.agency/test-db/target/test-db-1.0-SNAPSHOT.jar!/data.sql]: INSERT INTO TOUR (TOUR_ID, DIRECTION, DATE_TOUR) VALUES (101, 'BREST-MOSCOW', '2021-08-01'), (102, 'MINSK-ROME', '2021-08-01'), (103, 'MOSCOW-BARCELONA', '2021-06-15'), (104, 'MINSK-RIGA', '2021-07-02'), (105, 'MINSK-DUBAI', '2021-05-25'); nested exception is org.h2.jdbc.JdbcSQLIntegrityConstraintViolationException: Нарушение уникального индекса или первичного ключа: "PRIMARY KEY ON PUBLIC.TOUR(TOUR_ID) [101, 'BREST-MOSCOW', DATE '2021-08-01']"
Unique index or primary key violation: "PRIMARY KEY ON PUBLIC.TOUR(TOUR_ID) [101, 'BREST-MOSCOW', DATE '2021-08-01']"; SQL statement:
INSERT INTO TOUR (TOUR_ID, DIRECTION, DATE_TOUR) VALUES (101, 'BREST-MOSCOW', '2021-08-01'), (102, 'MINSK-ROME', '2021-08-01'), (103, 'MOSCOW-BARCELONA', '2021-06-15'), (104, 'MINSK-RIGA', '2021-07-02'), (105, 'MINSK-DUBAI', '2021-05-25') [23505-200]
Caused by: org.springframework.jdbc.datasource.init.ScriptStatementFailedException: 
Failed to execute SQL script statement #1 of URL [jar:file:/home/artem/IdeaProjects/aderenchuk-travel.agency/test-db/target/test-db-1.0-SNAPSHOT.jar!/data.sql]: INSERT INTO TOUR (TOUR_ID, DIRECTION, DATE_TOUR) VALUES (101, 'BREST-MOSCOW', '2021-08-01'), (102, 'MINSK-ROME', '2021-08-01'), (103, 'MOSCOW-BARCELONA', '2021-06-15'), (104, 'MINSK-RIGA', '2021-07-02'), (105, 'MINSK-DUBAI', '2021-05-25'); nested exception is org.h2.jdbc.JdbcSQLIntegrityConstraintViolationException: Нарушение уникального индекса или первичного ключа: "PRIMARY KEY ON PUBLIC.TOUR(TOUR_ID) [101, 'BREST-MOSCOW', DATE '2021-08-01']"
Unique index or primary key violation: "PRIMARY KEY ON PUBLIC.TOUR(TOUR_ID) [101, 'BREST-MOSCOW', DATE '2021-08-01']"; SQL statement:
INSERT INTO TOUR (TOUR_ID, DIRECTION, DATE_TOUR) VALUES (101, 'BREST-MOSCOW', '2021-08-01'), (102, 'MINSK-ROME', '2021-08-01'), (103, 'MOSCOW-BARCELONA', '2021-06-15'), (104, 'MINSK-RIGA', '2021-07-02'), (105, 'MINSK-DUBAI', '2021-05-25') [23505-200]
Caused by: org.h2.jdbc.JdbcSQLIntegrityConstraintViolationException: 
Нарушение уникального индекса или первичного ключа: "PRIMARY KEY ON PUBLIC.TOUR(TOUR_ID) [101, 'BREST-MOSCOW', DATE '2021-08-01']"
Unique index or primary key violation: "PRIMARY KEY ON PUBLIC.TOUR(TOUR_ID) [101, 'BREST-MOSCOW', DATE '2021-08-01']"; SQL statement:
INSERT INTO TOUR (TOUR_ID, DIRECTION, DATE_TOUR) VALUES (101, 'BREST-MOSCOW', '2021-08-01'), (102, 'MINSK-ROME', '2021-08-01'), (103, 'MOSCOW-BARCELONA', '2021-06-15'), (104, 'MINSK-RIGA', '2021-07-02'), (105, 'MINSK-DUBAI', '2021-05-25') [23505-200]
]]></error>
    <system-out><![CDATA[22:11:40 [main] INFO  org.springframework.test.context.support.AbstractContextLoader - Could not detect default resource locations for test class [com.aderenchuk.brest.service.web_app.TourControllerIT]: no resource found for suffixes {-context.xml, Context.groovy}.
22:11:40 [main] INFO  org.springframework.boot.test.autoconfigure.jdbc.JdbcTestContextBootstrapper - Loaded default TestExecutionListener class names from location [META-INF/spring.factories]: [org.springframework.boot.test.mock.mockito.MockitoTestExecutionListener, org.springframework.boot.test.mock.mockito.ResetMocksTestExecutionListener, org.springframework.boot.test.autoconfigure.restdocs.RestDocsTestExecutionListener, org.springframework.boot.test.autoconfigure.web.client.MockRestServiceServerResetTestExecutionListener, org.springframework.boot.test.autoconfigure.web.servlet.MockMvcPrintOnlyOnFailureTestExecutionListener, org.springframework.boot.test.autoconfigure.web.servlet.WebDriverTestExecutionListener, org.springframework.boot.test.autoconfigure.webservices.client.MockWebServiceServerTestExecutionListener, org.springframework.test.context.web.ServletTestExecutionListener, org.springframework.test.context.support.DirtiesContextBeforeModesTestExecutionListener, org.springframework.test.context.event.ApplicationEventsTestExecutionListener, org.springframework.test.context.support.DependencyInjectionTestExecutionListener, org.springframework.test.context.support.DirtiesContextTestExecutionListener, org.springframework.test.context.transaction.TransactionalTestExecutionListener, org.springframework.test.context.jdbc.SqlScriptsTestExecutionListener, org.springframework.test.context.event.EventPublishingTestExecutionListener]
22:11:40 [main] INFO  org.springframework.boot.test.autoconfigure.jdbc.JdbcTestContextBootstrapper - Using TestExecutionListeners: [org.springframework.test.context.web.ServletTestExecutionListener@59a008ba, org.springframework.test.context.support.DirtiesContextBeforeModesTestExecutionListener@338c99c8, org.springframework.test.context.event.ApplicationEventsTestExecutionListener@21ba0741, org.springframework.boot.test.mock.mockito.MockitoTestExecutionListener@58ce9668, org.springframework.boot.test.autoconfigure.SpringBootDependencyInjectionTestExecutionListener@172b013, org.springframework.test.context.support.DirtiesContextTestExecutionListener@56673b2c, org.springframework.test.context.transaction.TransactionalTestExecutionListener@2796aeae, org.springframework.test.context.jdbc.SqlScriptsTestExecutionListener@b4711e2, org.springframework.test.context.event.EventPublishingTestExecutionListener@1fa1cab1, org.springframework.boot.test.mock.mockito.ResetMocksTestExecutionListener@70f02c32, org.springframework.boot.test.autoconfigure.restdocs.RestDocsTestExecutionListener@62010f5c, org.springframework.boot.test.autoconfigure.web.client.MockRestServiceServerResetTestExecutionListener@51fadaff, org.springframework.boot.test.autoconfigure.web.servlet.MockMvcPrintOnlyOnFailureTestExecutionListener@401f7633, org.springframework.boot.test.autoconfigure.web.servlet.WebDriverTestExecutionListener@31ff43be, org.springframework.boot.test.autoconfigure.webservices.client.MockWebServiceServerTestExecutionListener@5b6ec132]

  .   ____          _            __ _ _
 /\\ / ___'_ __ _ _(_)_ __  __ _ \ \ \ \
( ( )\___ | '_ | '_| | '_ \/ _` | \ \ \ \
 \\/  ___)| |_)| | | | | || (_| |  ) ) ) )
  '  |____| .__|_| |_|_| |_\__, | / / / /
 =========|_|==============|___/=/_/_/_/
 :: Spring Boot ::                (v2.4.4)

22:11:41 [main] INFO  com.aderenchuk.brest.service.web_app.TourControllerIT - Starting TourControllerIT using Java 11.0.10 on artem-HP-Laptop-15-bs0xx with PID 35492 (started by artem in /home/artem/IdeaProjects/aderenchuk-travel.agency/web-app)
22:11:41 [main] INFO  com.aderenchuk.brest.service.web_app.TourControllerIT - Starting TourControllerIT using Java 11.0.10 on artem-HP-Laptop-15-bs0xx with PID 35492 (started by artem in /home/artem/IdeaProjects/aderenchuk-travel.agency/web-app)
22:11:41 [main] DEBUG com.aderenchuk.brest.service.web_app.TourControllerIT - Running with Spring Boot v2.4.4, Spring v5.3.5
22:11:41 [main] DEBUG com.aderenchuk.brest.service.web_app.TourControllerIT - Running with Spring Boot v2.4.4, Spring v5.3.5
22:11:41 [main] INFO  com.aderenchuk.brest.service.web_app.TourControllerIT - No active profile set, falling back to default profiles: default
22:11:41 [main] INFO  com.aderenchuk.brest.service.web_app.TourControllerIT - No active profile set, falling back to default profiles: default
22:11:41 [main] INFO  org.springframework.boot.test.autoconfigure.jdbc.TestDatabaseAutoConfiguration$EmbeddedDataSourceBeanFactoryPostProcessor - Replacing 'dataSource' DataSource bean with embedded version
22:11:41 [main] INFO  org.springframework.jdbc.datasource.embedded.EmbeddedDatabaseFactory - Starting embedded database: url='jdbc:h2:mem:1ea13785-aa62-4b21-89f0-6d8dba869abb;DB_CLOSE_DELAY=-1;DB_CLOSE_ON_EXIT=false', username='sa'
22:11:41 [main] WARN  org.springframework.context.annotation.AnnotationConfigApplicationContext - Exception encountered during context initialization - cancelling refresh attempt: org.springframework.beans.factory.UnsatisfiedDependencyException: Error creating bean with name 'tourController' defined in file [/home/artem/IdeaProjects/aderenchuk-travel.agency/web-app/target/classes/com/aderenchuk/brest/service/web_app/TourController.class]: Unsatisfied dependency expressed through constructor parameter 0; nested exception is org.springframework.beans.factory.UnsatisfiedDependencyException: Error creating bean with name 'tourDtoServiceImpl' defined in URL [jar:file:/home/artem/IdeaProjects/aderenchuk-travel.agency/service/target/service-1.0-SNAPSHOT.jar!/com/aderenchuk/brest/service/impl/TourDtoServiceImpl.class]: Unsatisfied dependency expressed through constructor parameter 0; nested exception is org.springframework.beans.factory.UnsatisfiedDependencyException: Error creating bean with name 'tourDtoDaoJdbc' defined in URL [jar:file:/home/artem/IdeaProjects/aderenchuk-travel.agency/dao/target/dao-1.0-SNAPSHOT.jar!/com/aderenchuk/brest/dao/jdbc/TourDtoDaoJdbc.class]: Unsatisfied dependency expressed through constructor parameter 0; nested exception is org.springframework.beans.factory.BeanCreationException: Error creating bean with name 'dataSource': Post-processing of FactoryBean's singleton object failed; nested exception is org.springframework.beans.factory.BeanCreationException: Error creating bean with name 'org.springframework.boot.autoconfigure.jdbc.DataSourceInitializerInvoker': Invocation of init method failed; nested exception is org.springframework.jdbc.datasource.init.ScriptStatementFailedException: Failed to execute SQL script statement #1 of URL [jar:file:/home/artem/IdeaProjects/aderenchuk-travel.agency/test-db/target/test-db-1.0-SNAPSHOT.jar!/data.sql]: INSERT INTO TOUR (TOUR_ID, DIRECTION, DATE_TOUR) VALUES (101, 'BREST-MOSCOW', '2021-08-01'), (102, 'MINSK-ROME', '2021-08-01'), (103, 'MOSCOW-BARCELONA', '2021-06-15'), (104, 'MINSK-RIGA', '2021-07-02'), (105, 'MINSK-DUBAI', '2021-05-25'); nested exception is org.h2.jdbc.JdbcSQLIntegrityConstraintViolationException: Нарушение уникального индекса или первичного ключа: "PRIMARY KEY ON PUBLIC.TOUR(TOUR_ID) [101, 'BREST-MOSCOW', DATE '2021-08-01']"
Unique index or primary key violation: "PRIMARY KEY ON PUBLIC.TOUR(TOUR_ID) [101, 'BREST-MOSCOW', DATE '2021-08-01']"; SQL statement:
INSERT INTO TOUR (TOUR_ID, DIRECTION, DATE_TOUR) VALUES (101, 'BREST-MOSCOW', '2021-08-01'), (102, 'MINSK-ROME', '2021-08-01'), (103, 'MOSCOW-BARCELONA', '2021-06-15'), (104, 'MINSK-RIGA', '2021-07-02'), (105, 'MINSK-DUBAI', '2021-05-25') [23505-200]
22:11:41 [main] INFO  org.springframework.boot.autoconfigure.logging.ConditionEvaluationReportLoggingListener - 

Error starting ApplicationContext. To display the conditions report re-run your application with 'debug' enabled.
22:11:41 [main] ERROR org.springframework.boot.SpringApplication - Application run failed
org.springframework.beans.factory.UnsatisfiedDependencyException: Error creating bean with name 'tourController' defined in file [/home/artem/IdeaProjects/aderenchuk-travel.agency/web-app/target/classes/com/aderenchuk/brest/service/web_app/TourController.class]: Unsatisfied dependency expressed through constructor parameter 0; nested exception is org.springframework.beans.factory.UnsatisfiedDependencyException: Error creating bean with name 'tourDtoServiceImpl' defined in URL [jar:file:/home/artem/IdeaProjects/aderenchuk-travel.agency/service/target/service-1.0-SNAPSHOT.jar!/com/aderenchuk/brest/service/impl/TourDtoServiceImpl.class]: Unsatisfied dependency expressed through constructor parameter 0; nested exception is org.springframework.beans.factory.UnsatisfiedDependencyException: Error creating bean with name 'tourDtoDaoJdbc' defined in URL [jar:file:/home/artem/IdeaProjects/aderenchuk-travel.agency/dao/target/dao-1.0-SNAPSHOT.jar!/com/aderenchuk/brest/dao/jdbc/TourDtoDaoJdbc.class]: Unsatisfied dependency expressed through constructor parameter 0; nested exception is org.springframework.beans.factory.BeanCreationException: Error creating bean with name 'dataSource': Post-processing of FactoryBean's singleton object failed; nested exception is org.springframework.beans.factory.BeanCreationException: Error creating bean with name 'org.springframework.boot.autoconfigure.jdbc.DataSourceInitializerInvoker': Invocation of init method failed; nested exception is org.springframework.jdbc.datasource.init.ScriptStatementFailedException: Failed to execute SQL script statement #1 of URL [jar:file:/home/artem/IdeaProjects/aderenchuk-travel.agency/test-db/target/test-db-1.0-SNAPSHOT.jar!/data.sql]: INSERT INTO TOUR (TOUR_ID, DIRECTION, DATE_TOUR) VALUES (101, 'BREST-MOSCOW', '2021-08-01'), (102, 'MINSK-ROME', '2021-08-01'), (103, 'MOSCOW-BARCELONA', '2021-06-15'), (104, 'MINSK-RIGA', '2021-07-02'), (105, 'MINSK-DUBAI', '2021-05-25'); nested exception is org.h2.jdbc.JdbcSQLIntegrityConstraintViolationException: Нарушение уникального индекса или первичного ключа: "PRIMARY KEY ON PUBLIC.TOUR(TOUR_ID) [101, 'BREST-MOSCOW', DATE '2021-08-01']"
Unique index or primary key violation: "PRIMARY KEY ON PUBLIC.TOUR(TOUR_ID) [101, 'BREST-MOSCOW', DATE '2021-08-01']"; SQL statement:
INSERT INTO TOUR (TOUR_ID, DIRECTION, DATE_TOUR) VALUES (101, 'BREST-MOSCOW', '2021-08-01'), (102, 'MINSK-ROME', '2021-08-01'), (103, 'MOSCOW-BARCELONA', '2021-06-15'), (104, 'MINSK-RIGA', '2021-07-02'), (105, 'MINSK-DUBAI', '2021-05-25') [23505-200]
	at org.springframework.beans.factory.support.ConstructorResolver.createArgumentArray(ConstructorResolver.java:800)
	at org.springframework.beans.factory.support.ConstructorResolver.autowireConstructor(ConstructorResolver.java:229)
	at org.springframework.beans.factory.support.AbstractAutowireCapableBeanFactory.autowireConstructor(AbstractAutowireCapableBeanFactory.java:1354)
	at org.springframework.beans.factory.support.AbstractAutowireCapableBeanFactory.createBeanInstance(AbstractAutowireCapableBeanFactory.java:1204)
	at org.springframework.beans.factory.support.AbstractAutowireCapableBeanFactory.doCreateBean(AbstractAutowireCapableBeanFactory.java:564)
	at org.springframework.beans.factory.support.AbstractAutowireCapableBeanFactory.createBean(AbstractAutowireCapableBeanFactory.java:524)
	at org.springframework.beans.factory.support.AbstractBeanFactory.lambda$doGetBean$0(AbstractBeanFactory.java:335)
	at org.springframework.beans.factory.support.DefaultSingletonBeanRegistry.getSingleton(DefaultSingletonBeanRegistry.java:234)
	at org.springframework.beans.factory.support.AbstractBeanFactory.doGetBean(AbstractBeanFactory.java:333)
	at org.springframework.beans.factory.support.AbstractBeanFactory.getBean(AbstractBeanFactory.java:208)
	at org.springframework.beans.factory.support.DefaultListableBeanFactory.preInstantiateSingletons(DefaultListableBeanFactory.java:944)
	at org.springframework.context.support.AbstractApplicationContext.finishBeanFactoryInitialization(AbstractApplicationContext.java:918)
	at org.springframework.context.support.AbstractApplicationContext.refresh(AbstractApplicationContext.java:583)
	at org.springframework.boot.SpringApplication.refresh(SpringApplication.java:769)
	at org.springframework.boot.SpringApplication.refresh(SpringApplication.java:761)
	at org.springframework.boot.SpringApplication.refreshContext(SpringApplication.java:426)
	at org.springframework.boot.SpringApplication.run(SpringApplication.java:326)
	at org.springframework.boot.test.context.SpringBootContextLoader.loadContext(SpringBootContextLoader.java:123)
	at org.springframework.test.context.cache.DefaultCacheAwareContextLoaderDelegate.loadContextInternal(DefaultCacheAwareContextLoaderDelegate.java:99)
	at org.springframework.test.context.cache.DefaultCacheAwareContextLoaderDelegate.loadContext(DefaultCacheAwareContextLoaderDelegate.java:124)
	at org.springframework.test.context.support.DefaultTestContext.getApplicationContext(DefaultTestContext.java:124)
	at org.springframework.test.context.support.DependencyInjectionTestExecutionListener.injectDependencies(DependencyInjectionTestExecutionListener.java:118)
	at org.springframework.test.context.support.DependencyInjectionTestExecutionListener.prepareTestInstance(DependencyInjectionTestExecutionListener.java:83)
	at org.springframework.boot.test.autoconfigure.SpringBootDependencyInjectionTestExecutionListener.prepareTestInstance(SpringBootDependencyInjectionTestExecutionListener.java:43)
	at org.springframework.test.context.TestContextManager.prepareTestInstance(TestContextManager.java:244)
	at org.springframework.test.context.junit.jupiter.SpringExtension.postProcessTestInstance(SpringExtension.java:138)
	at org.junit.jupiter.engine.descriptor.ClassBasedTestDescriptor.lambda$invokeTestInstancePostProcessors$6(ClassBasedTestDescriptor.java:350)
	at org.junit.jupiter.engine.descriptor.ClassBasedTestDescriptor.executeAndMaskThrowable(ClassBasedTestDescriptor.java:355)
	at org.junit.jupiter.engine.descriptor.ClassBasedTestDescriptor.lambda$invokeTestInstancePostProcessors$7(ClassBasedTestDescriptor.java:350)
	at java.base/java.util.stream.ReferencePipeline$3$1.accept(ReferencePipeline.java:195)
	at java.base/java.util.stream.ReferencePipeline$2$1.accept(ReferencePipeline.java:177)
	at java.base/java.util.ArrayList$ArrayListSpliterator.forEachRemaining(ArrayList.java:1655)
	at java.base/java.util.stream.AbstractPipeline.copyInto(AbstractPipeline.java:484)
	at java.base/java.util.stream.AbstractPipeline.wrapAndCopyInto(AbstractPipeline.java:474)
	at java.base/java.util.stream.StreamSpliterators$WrappingSpliterator.forEachRemaining(StreamSpliterators.java:312)
	at java.base/java.util.stream.Streams$ConcatSpliterator.forEachRemaining(Streams.java:735)
	at java.base/java.util.stream.Streams$ConcatSpliterator.forEachRemaining(Streams.java:734)
	at java.base/java.util.stream.ReferencePipeline$Head.forEach(ReferencePipeline.java:658)
	at org.junit.jupiter.engine.descriptor.ClassBasedTestDescriptor.invokeTestInstancePostProcessors(ClassBasedTestDescriptor.java:349)
	at org.junit.jupiter.engine.descriptor.ClassBasedTestDescriptor.lambda$instantiateAndPostProcessTestInstance$4(ClassBasedTestDescriptor.java:270)
	at org.junit.platform.engine.support.hierarchical.ThrowableCollector.execute(ThrowableCollector.java:73)
	at org.junit.jupiter.engine.descriptor.ClassBasedTestDescriptor.instantiateAndPostProcessTestInstance(ClassBasedTestDescriptor.java:269)
	at org.junit.jupiter.engine.descriptor.ClassBasedTestDescriptor.lambda$testInstancesProvider$2(ClassBasedTestDescriptor.java:259)
	at java.base/java.util.Optional.orElseGet(Optional.java:369)
	at org.junit.jupiter.engine.descriptor.ClassBasedTestDescriptor.lambda$testInstancesProvider$3(ClassBasedTestDescriptor.java:258)
	at org.junit.jupiter.engine.execution.TestInstancesProvider.getTestInstances(TestInstancesProvider.java:31)
	at org.junit.jupiter.engine.descriptor.TestMethodTestDescriptor.lambda$prepare$0(TestMethodTestDescriptor.java:101)
	at org.junit.platform.engine.support.hierarchical.ThrowableCollector.execute(ThrowableCollector.java:73)
	at org.junit.jupiter.engine.descriptor.TestMethodTestDescriptor.prepare(TestMethodTestDescriptor.java:100)
	at org.junit.jupiter.engine.descriptor.TestMethodTestDescriptor.prepare(TestMethodTestDescriptor.java:65)
	at org.junit.platform.engine.support.hierarchical.NodeTestTask.lambda$prepare$1(NodeTestTask.java:111)
	at org.junit.platform.engine.support.hierarchical.ThrowableCollector.execute(ThrowableCollector.java:73)
	at org.junit.platform.engine.support.hierarchical.NodeTestTask.prepare(NodeTestTask.java:111)
	at org.junit.platform.engine.support.hierarchical.NodeTestTask.execute(NodeTestTask.java:79)
	at java.base/java.util.ArrayList.forEach(ArrayList.java:1541)
	at org.junit.platform.engine.support.hierarchical.SameThreadHierarchicalTestExecutorService.invokeAll(SameThreadHierarchicalTestExecutorService.java:38)
	at org.junit.platform.engine.support.hierarchical.NodeTestTask.lambda$executeRecursively$5(NodeTestTask.java:143)
	at org.junit.platform.engine.support.hierarchical.ThrowableCollector.execute(ThrowableCollector.java:73)
	at org.junit.platform.engine.support.hierarchical.NodeTestTask.lambda$executeRecursively$7(NodeTestTask.java:129)
	at org.junit.platform.engine.support.hierarchical.Node.around(Node.java:137)
	at org.junit.platform.engine.support.hierarchical.NodeTestTask.lambda$executeRecursively$8(NodeTestTask.java:127)
	at org.junit.platform.engine.support.hierarchical.ThrowableCollector.execute(ThrowableCollector.java:73)
	at org.junit.platform.engine.support.hierarchical.NodeTestTask.executeRecursively(NodeTestTask.java:126)
	at org.junit.platform.engine.support.hierarchical.NodeTestTask.execute(NodeTestTask.java:84)
	at java.base/java.util.ArrayList.forEach(ArrayList.java:1541)
	at org.junit.platform.engine.support.hierarchical.SameThreadHierarchicalTestExecutorService.invokeAll(SameThreadHierarchicalTestExecutorService.java:38)
	at org.junit.platform.engine.support.hierarchical.NodeTestTask.lambda$executeRecursively$5(NodeTestTask.java:143)
	at org.junit.platform.engine.support.hierarchical.ThrowableCollector.execute(ThrowableCollector.java:73)
	at org.junit.platform.engine.support.hierarchical.NodeTestTask.lambda$executeRecursively$7(NodeTestTask.java:129)
	at org.junit.platform.engine.support.hierarchical.Node.around(Node.java:137)
	at org.junit.platform.engine.support.hierarchical.NodeTestTask.lambda$executeRecursively$8(NodeTestTask.java:127)
	at org.junit.platform.engine.support.hierarchical.ThrowableCollector.execute(ThrowableCollector.java:73)
	at org.junit.platform.engine.support.hierarchical.NodeTestTask.executeRecursively(NodeTestTask.java:126)
	at org.junit.platform.engine.support.hierarchical.NodeTestTask.execute(NodeTestTask.java:84)
	at org.junit.platform.engine.support.hierarchical.SameThreadHierarchicalTestExecutorService.submit(SameThreadHierarchicalTestExecutorService.java:32)
	at org.junit.platform.engine.support.hierarchical.HierarchicalTestExecutor.execute(HierarchicalTestExecutor.java:57)
	at org.junit.platform.engine.support.hierarchical.HierarchicalTestEngine.execute(HierarchicalTestEngine.java:51)
	at org.junit.platform.launcher.core.EngineExecutionOrchestrator.execute(EngineExecutionOrchestrator.java:108)
	at org.junit.platform.launcher.core.EngineExecutionOrchestrator.execute(EngineExecutionOrchestrator.java:88)
	at org.junit.platform.launcher.core.EngineExecutionOrchestrator.lambda$execute$0(EngineExecutionOrchestrator.java:54)
	at org.junit.platform.launcher.core.EngineExecutionOrchestrator.withInterceptedStreams(EngineExecutionOrchestrator.java:67)
	at org.junit.platform.launcher.core.EngineExecutionOrchestrator.execute(EngineExecutionOrchestrator.java:52)
	at org.junit.platform.launcher.core.DefaultLauncher.execute(DefaultLauncher.java:96)
	at org.junit.platform.launcher.core.DefaultLauncher.execute(DefaultLauncher.java:75)
	at org.apache.maven.surefire.junitplatform.JUnitPlatformProvider.invokeAllTests(JUnitPlatformProvider.java:154)
	at org.apache.maven.surefire.junitplatform.JUnitPlatformProvider.invoke(JUnitPlatformProvider.java:127)
	at org.apache.maven.surefire.booter.ForkedBooter.runSuitesInProcess(ForkedBooter.java:377)
	at org.apache.maven.surefire.booter.ForkedBooter.execute(ForkedBooter.java:138)
	at org.apache.maven.surefire.booter.ForkedBooter.run(ForkedBooter.java:465)
	at org.apache.maven.surefire.booter.ForkedBooter.main(ForkedBooter.java:451)
Caused by: org.springframework.beans.factory.UnsatisfiedDependencyException: Error creating bean with name 'tourDtoServiceImpl' defined in URL [jar:file:/home/artem/IdeaProjects/aderenchuk-travel.agency/service/target/service-1.0-SNAPSHOT.jar!/com/aderenchuk/brest/service/impl/TourDtoServiceImpl.class]: Unsatisfied dependency expressed through constructor parameter 0; nested exception is org.springframework.beans.factory.UnsatisfiedDependencyException: Error creating bean with name 'tourDtoDaoJdbc' defined in URL [jar:file:/home/artem/IdeaProjects/aderenchuk-travel.agency/dao/target/dao-1.0-SNAPSHOT.jar!/com/aderenchuk/brest/dao/jdbc/TourDtoDaoJdbc.class]: Unsatisfied dependency expressed through constructor parameter 0; nested exception is org.springframework.beans.factory.BeanCreationException: Error creating bean with name 'dataSource': Post-processing of FactoryBean's singleton object failed; nested exception is org.springframework.beans.factory.BeanCreationException: Error creating bean with name 'org.springframework.boot.autoconfigure.jdbc.DataSourceInitializerInvoker': Invocation of init method failed; nested exception is org.springframework.jdbc.datasource.init.ScriptStatementFailedException: Failed to execute SQL script statement #1 of URL [jar:file:/home/artem/IdeaProjects/aderenchuk-travel.agency/test-db/target/test-db-1.0-SNAPSHOT.jar!/data.sql]: INSERT INTO TOUR (TOUR_ID, DIRECTION, DATE_TOUR) VALUES (101, 'BREST-MOSCOW', '2021-08-01'), (102, 'MINSK-ROME', '2021-08-01'), (103, 'MOSCOW-BARCELONA', '2021-06-15'), (104, 'MINSK-RIGA', '2021-07-02'), (105, 'MINSK-DUBAI', '2021-05-25'); nested exception is org.h2.jdbc.JdbcSQLIntegrityConstraintViolationException: Нарушение уникального индекса или первичного ключа: "PRIMARY KEY ON PUBLIC.TOUR(TOUR_ID) [101, 'BREST-MOSCOW', DATE '2021-08-01']"
Unique index or primary key violation: "PRIMARY KEY ON PUBLIC.TOUR(TOUR_ID) [101, 'BREST-MOSCOW', DATE '2021-08-01']"; SQL statement:
INSERT INTO TOUR (TOUR_ID, DIRECTION, DATE_TOUR) VALUES (101, 'BREST-MOSCOW', '2021-08-01'), (102, 'MINSK-ROME', '2021-08-01'), (103, 'MOSCOW-BARCELONA', '2021-06-15'), (104, 'MINSK-RIGA', '2021-07-02'), (105, 'MINSK-DUBAI', '2021-05-25') [23505-200]
	at org.springframework.beans.factory.support.ConstructorResolver.createArgumentArray(ConstructorResolver.java:800)
	at org.springframework.beans.factory.support.ConstructorResolver.autowireConstructor(ConstructorResolver.java:229)
	at org.springframework.beans.factory.support.AbstractAutowireCapableBeanFactory.autowireConstructor(AbstractAutowireCapableBeanFactory.java:1354)
	at org.springframework.beans.factory.support.AbstractAutowireCapableBeanFactory.createBeanInstance(AbstractAutowireCapableBeanFactory.java:1204)
	at org.springframework.beans.factory.support.AbstractAutowireCapableBeanFactory.doCreateBean(AbstractAutowireCapableBeanFactory.java:564)
	at org.springframework.beans.factory.support.AbstractAutowireCapableBeanFactory.createBean(AbstractAutowireCapableBeanFactory.java:524)
	at org.springframework.beans.factory.support.AbstractBeanFactory.lambda$doGetBean$0(AbstractBeanFactory.java:335)
	at org.springframework.beans.factory.support.DefaultSingletonBeanRegistry.getSingleton(DefaultSingletonBeanRegistry.java:234)
	at org.springframework.beans.factory.support.AbstractBeanFactory.doGetBean(AbstractBeanFactory.java:333)
	at org.springframework.beans.factory.support.AbstractBeanFactory.getBean(AbstractBeanFactory.java:208)
	at org.springframework.beans.factory.config.DependencyDescriptor.resolveCandidate(DependencyDescriptor.java:276)
	at org.springframework.beans.factory.support.DefaultListableBeanFactory.doResolveDependency(DefaultListableBeanFactory.java:1380)
	at org.springframework.beans.factory.support.DefaultListableBeanFactory.resolveDependency(DefaultListableBeanFactory.java:1300)
	at org.springframework.beans.factory.support.ConstructorResolver.resolveAutowiredArgument(ConstructorResolver.java:887)
	at org.springframework.beans.factory.support.ConstructorResolver.createArgumentArray(ConstructorResolver.java:791)
	... 89 common frames omitted
Caused by: org.springframework.beans.factory.UnsatisfiedDependencyException: Error creating bean with name 'tourDtoDaoJdbc' defined in URL [jar:file:/home/artem/IdeaProjects/aderenchuk-travel.agency/dao/target/dao-1.0-SNAPSHOT.jar!/com/aderenchuk/brest/dao/jdbc/TourDtoDaoJdbc.class]: Unsatisfied dependency expressed through constructor parameter 0; nested exception is org.springframework.beans.factory.BeanCreationException: Error creating bean with name 'dataSource': Post-processing of FactoryBean's singleton object failed; nested exception is org.springframework.beans.factory.BeanCreationException: Error creating bean with name 'org.springframework.boot.autoconfigure.jdbc.DataSourceInitializerInvoker': Invocation of init method failed; nested exception is org.springframework.jdbc.datasource.init.ScriptStatementFailedException: Failed to execute SQL script statement #1 of URL [jar:file:/home/artem/IdeaProjects/aderenchuk-travel.agency/test-db/target/test-db-1.0-SNAPSHOT.jar!/data.sql]: INSERT INTO TOUR (TOUR_ID, DIRECTION, DATE_TOUR) VALUES (101, 'BREST-MOSCOW', '2021-08-01'), (102, 'MINSK-ROME', '2021-08-01'), (103, 'MOSCOW-BARCELONA', '2021-06-15'), (104, 'MINSK-RIGA', '2021-07-02'), (105, 'MINSK-DUBAI', '2021-05-25'); nested exception is org.h2.jdbc.JdbcSQLIntegrityConstraintViolationException: Нарушение уникального индекса или первичного ключа: "PRIMARY KEY ON PUBLIC.TOUR(TOUR_ID) [101, 'BREST-MOSCOW', DATE '2021-08-01']"
Unique index or primary key violation: "PRIMARY KEY ON PUBLIC.TOUR(TOUR_ID) [101, 'BREST-MOSCOW', DATE '2021-08-01']"; SQL statement:
INSERT INTO TOUR (TOUR_ID, DIRECTION, DATE_TOUR) VALUES (101, 'BREST-MOSCOW', '2021-08-01'), (102, 'MINSK-ROME', '2021-08-01'), (103, 'MOSCOW-BARCELONA', '2021-06-15'), (104, 'MINSK-RIGA', '2021-07-02'), (105, 'MINSK-DUBAI', '2021-05-25') [23505-200]
	at org.springframework.beans.factory.support.ConstructorResolver.createArgumentArray(ConstructorResolver.java:800)
	at org.springframework.beans.factory.support.ConstructorResolver.autowireConstructor(ConstructorResolver.java:229)
	at org.springframework.beans.factory.support.AbstractAutowireCapableBeanFactory.autowireConstructor(AbstractAutowireCapableBeanFactory.java:1354)
	at org.springframework.beans.factory.support.AbstractAutowireCapableBeanFactory.createBeanInstance(AbstractAutowireCapableBeanFactory.java:1204)
	at org.springframework.beans.factory.support.AbstractAutowireCapableBeanFactory.doCreateBean(AbstractAutowireCapableBeanFactory.java:564)
	at org.springframework.beans.factory.support.AbstractAutowireCapableBeanFactory.createBean(AbstractAutowireCapableBeanFactory.java:524)
	at org.springframework.beans.factory.support.AbstractBeanFactory.lambda$doGetBean$0(AbstractBeanFactory.java:335)
	at org.springframework.beans.factory.support.DefaultSingletonBeanRegistry.getSingleton(DefaultSingletonBeanRegistry.java:234)
	at org.springframework.beans.factory.support.AbstractBeanFactory.doGetBean(AbstractBeanFactory.java:333)
	at org.springframework.beans.factory.support.AbstractBeanFactory.getBean(AbstractBeanFactory.java:208)
	at org.springframework.beans.factory.config.DependencyDescriptor.resolveCandidate(DependencyDescriptor.java:276)
	at org.springframework.beans.factory.support.DefaultListableBeanFactory.doResolveDependency(DefaultListableBeanFactory.java:1380)
	at org.springframework.beans.factory.support.DefaultListableBeanFactory.resolveDependency(DefaultListableBeanFactory.java:1300)
	at org.springframework.beans.factory.support.ConstructorResolver.resolveAutowiredArgument(ConstructorResolver.java:887)
	at org.springframework.beans.factory.support.ConstructorResolver.createArgumentArray(ConstructorResolver.java:791)
	... 103 common frames omitted
Caused by: org.springframework.beans.factory.BeanCreationException: Error creating bean with name 'dataSource': Post-processing of FactoryBean's singleton object failed; nested exception is org.springframework.beans.factory.BeanCreationException: Error creating bean with name 'org.springframework.boot.autoconfigure.jdbc.DataSourceInitializerInvoker': Invocation of init method failed; nested exception is org.springframework.jdbc.datasource.init.ScriptStatementFailedException: Failed to execute SQL script statement #1 of URL [jar:file:/home/artem/IdeaProjects/aderenchuk-travel.agency/test-db/target/test-db-1.0-SNAPSHOT.jar!/data.sql]: INSERT INTO TOUR (TOUR_ID, DIRECTION, DATE_TOUR) VALUES (101, 'BREST-MOSCOW', '2021-08-01'), (102, 'MINSK-ROME', '2021-08-01'), (103, 'MOSCOW-BARCELONA', '2021-06-15'), (104, 'MINSK-RIGA', '2021-07-02'), (105, 'MINSK-DUBAI', '2021-05-25'); nested exception is org.h2.jdbc.JdbcSQLIntegrityConstraintViolationException: Нарушение уникального индекса или первичного ключа: "PRIMARY KEY ON PUBLIC.TOUR(TOUR_ID) [101, 'BREST-MOSCOW', DATE '2021-08-01']"
Unique index or primary key violation: "PRIMARY KEY ON PUBLIC.TOUR(TOUR_ID) [101, 'BREST-MOSCOW', DATE '2021-08-01']"; SQL statement:
INSERT INTO TOUR (TOUR_ID, DIRECTION, DATE_TOUR) VALUES (101, 'BREST-MOSCOW', '2021-08-01'), (102, 'MINSK-ROME', '2021-08-01'), (103, 'MOSCOW-BARCELONA', '2021-06-15'), (104, 'MINSK-RIGA', '2021-07-02'), (105, 'MINSK-DUBAI', '2021-05-25') [23505-200]
	at org.springframework.beans.factory.support.FactoryBeanRegistrySupport.getObjectFromFactoryBean(FactoryBeanRegistrySupport.java:119)
	at org.springframework.beans.factory.support.AbstractBeanFactory.getObjectForBeanInstance(AbstractBeanFactory.java:1884)
	at org.springframework.beans.factory.support.AbstractAutowireCapableBeanFactory.getObjectForBeanInstance(AbstractAutowireCapableBeanFactory.java:1266)
	at org.springframework.beans.factory.support.AbstractBeanFactory.doGetBean(AbstractBeanFactory.java:345)
	at org.springframework.beans.factory.support.AbstractBeanFactory.getBean(AbstractBeanFactory.java:208)
	at org.springframework.beans.factory.config.DependencyDescriptor.resolveCandidate(DependencyDescriptor.java:276)
	at org.springframework.beans.factory.support.DefaultListableBeanFactory.doResolveDependency(DefaultListableBeanFactory.java:1380)
	at org.springframework.beans.factory.support.DefaultListableBeanFactory.resolveDependency(DefaultListableBeanFactory.java:1300)
	at org.springframework.beans.factory.support.ConstructorResolver.resolveAutowiredArgument(ConstructorResolver.java:887)
	at org.springframework.beans.factory.support.ConstructorResolver.createArgumentArray(ConstructorResolver.java:791)
	... 117 common frames omitted
Caused by: org.springframework.beans.factory.BeanCreationException: Error creating bean with name 'org.springframework.boot.autoconfigure.jdbc.DataSourceInitializerInvoker': Invocation of init method failed; nested exception is org.springframework.jdbc.datasource.init.ScriptStatementFailedException: Failed to execute SQL script statement #1 of URL [jar:file:/home/artem/IdeaProjects/aderenchuk-travel.agency/test-db/target/test-db-1.0-SNAPSHOT.jar!/data.sql]: INSERT INTO TOUR (TOUR_ID, DIRECTION, DATE_TOUR) VALUES (101, 'BREST-MOSCOW', '2021-08-01'), (102, 'MINSK-ROME', '2021-08-01'), (103, 'MOSCOW-BARCELONA', '2021-06-15'), (104, 'MINSK-RIGA', '2021-07-02'), (105, 'MINSK-DUBAI', '2021-05-25'); nested exception is org.h2.jdbc.JdbcSQLIntegrityConstraintViolationException: Нарушение уникального индекса или первичного ключа: "PRIMARY KEY ON PUBLIC.TOUR(TOUR_ID) [101, 'BREST-MOSCOW', DATE '2021-08-01']"
Unique index or primary key violation: "PRIMARY KEY ON PUBLIC.TOUR(TOUR_ID) [101, 'BREST-MOSCOW', DATE '2021-08-01']"; SQL statement:
INSERT INTO TOUR (TOUR_ID, DIRECTION, DATE_TOUR) VALUES (101, 'BREST-MOSCOW', '2021-08-01'), (102, 'MINSK-ROME', '2021-08-01'), (103, 'MOSCOW-BARCELONA', '2021-06-15'), (104, 'MINSK-RIGA', '2021-07-02'), (105, 'MINSK-DUBAI', '2021-05-25') [23505-200]
	at org.springframework.beans.factory.support.AbstractAutowireCapableBeanFactory.initializeBean(AbstractAutowireCapableBeanFactory.java:1786)
	at org.springframework.beans.factory.support.AbstractAutowireCapableBeanFactory.doCreateBean(AbstractAutowireCapableBeanFactory.java:602)
	at org.springframework.beans.factory.support.AbstractAutowireCapableBeanFactory.createBean(AbstractAutowireCapableBeanFactory.java:524)
	at org.springframework.beans.factory.support.AbstractBeanFactory.lambda$doGetBean$0(AbstractBeanFactory.java:335)
	at org.springframework.beans.factory.support.DefaultSingletonBeanRegistry.getSingleton(DefaultSingletonBeanRegistry.java:234)
	at org.springframework.beans.factory.support.AbstractBeanFactory.doGetBean(AbstractBeanFactory.java:333)
	at org.springframework.beans.factory.support.AbstractBeanFactory.getBean(AbstractBeanFactory.java:233)
	at org.springframework.beans.factory.support.DefaultListableBeanFactory.resolveNamedBean(DefaultListableBeanFactory.java:1273)
	at org.springframework.beans.factory.support.DefaultListableBeanFactory.resolveNamedBean(DefaultListableBeanFactory.java:1234)
	at org.springframework.beans.factory.support.DefaultListableBeanFactory.resolveBean(DefaultListableBeanFactory.java:494)
	at org.springframework.beans.factory.support.DefaultListableBeanFactory.getBean(DefaultListableBeanFactory.java:349)
	at org.springframework.beans.factory.support.DefaultListableBeanFactory.getBean(DefaultListableBeanFactory.java:342)
	at org.springframework.boot.autoconfigure.jdbc.DataSourceInitializerPostProcessor.postProcessAfterInitialization(DataSourceInitializerPostProcessor.java:51)
	at org.springframework.beans.factory.support.AbstractAutowireCapableBeanFactory.applyBeanPostProcessorsAfterInitialization(AbstractAutowireCapableBeanFactory.java:437)
	at org.springframework.beans.factory.support.AbstractAutowireCapableBeanFactory.postProcessObjectFromFactoryBean(AbstractAutowireCapableBeanFactory.java:1929)
	at org.springframework.beans.factory.support.FactoryBeanRegistrySupport.getObjectFromFactoryBean(FactoryBeanRegistrySupport.java:116)
	... 126 common frames omitted
Caused by: org.springframework.jdbc.datasource.init.ScriptStatementFailedException: Failed to execute SQL script statement #1 of URL [jar:file:/home/artem/IdeaProjects/aderenchuk-travel.agency/test-db/target/test-db-1.0-SNAPSHOT.jar!/data.sql]: INSERT INTO TOUR (TOUR_ID, DIRECTION, DATE_TOUR) VALUES (101, 'BREST-MOSCOW', '2021-08-01'), (102, 'MINSK-ROME', '2021-08-01'), (103, 'MOSCOW-BARCELONA', '2021-06-15'), (104, 'MINSK-RIGA', '2021-07-02'), (105, 'MINSK-DUBAI', '2021-05-25'); nested exception is org.h2.jdbc.JdbcSQLIntegrityConstraintViolationException: Нарушение уникального индекса или первичного ключа: "PRIMARY KEY ON PUBLIC.TOUR(TOUR_ID) [101, 'BREST-MOSCOW', DATE '2021-08-01']"
Unique index or primary key violation: "PRIMARY KEY ON PUBLIC.TOUR(TOUR_ID) [101, 'BREST-MOSCOW', DATE '2021-08-01']"; SQL statement:
INSERT INTO TOUR (TOUR_ID, DIRECTION, DATE_TOUR) VALUES (101, 'BREST-MOSCOW', '2021-08-01'), (102, 'MINSK-ROME', '2021-08-01'), (103, 'MOSCOW-BARCELONA', '2021-06-15'), (104, 'MINSK-RIGA', '2021-07-02'), (105, 'MINSK-DUBAI', '2021-05-25') [23505-200]
	at org.springframework.jdbc.datasource.init.ScriptUtils.executeSqlScript(ScriptUtils.java:622)
	at org.springframework.jdbc.datasource.init.ResourceDatabasePopulator.populate(ResourceDatabasePopulator.java:254)
	at org.springframework.jdbc.datasource.init.DatabasePopulatorUtils.execute(DatabasePopulatorUtils.java:49)
	at org.springframework.boot.autoconfigure.jdbc.DataSourceInitializer.runScripts(DataSourceInitializer.java:202)
	at org.springframework.boot.autoconfigure.jdbc.DataSourceInitializer.initSchema(DataSourceInitializer.java:119)
	at org.springframework.boot.autoconfigure.jdbc.DataSourceInitializerInvoker.onApplicationEvent(DataSourceInitializerInvoker.java:91)
	at org.springframework.boot.autoconfigure.jdbc.DataSourceInitializerInvoker.onApplicationEvent(DataSourceInitializerInvoker.java:38)
	at org.springframework.context.event.SimpleApplicationEventMulticaster.doInvokeListener(SimpleApplicationEventMulticaster.java:176)
	at org.springframework.context.event.SimpleApplicationEventMulticaster.invokeListener(SimpleApplicationEventMulticaster.java:169)
	at org.springframework.context.event.SimpleApplicationEventMulticaster.multicastEvent(SimpleApplicationEventMulticaster.java:143)
	at org.springframework.context.support.AbstractApplicationContext.publishEvent(AbstractApplicationContext.java:421)
	at org.springframework.context.support.AbstractApplicationContext.publishEvent(AbstractApplicationContext.java:378)
	at org.springframework.boot.autoconfigure.jdbc.DataSourceInitializerInvoker.initialize(DataSourceInitializerInvoker.java:72)
	at org.springframework.boot.autoconfigure.jdbc.DataSourceInitializerInvoker.afterPropertiesSet(DataSourceInitializerInvoker.java:65)
	at org.springframework.beans.factory.support.AbstractAutowireCapableBeanFactory.invokeInitMethods(AbstractAutowireCapableBeanFactory.java:1845)
	at org.springframework.beans.factory.support.AbstractAutowireCapableBeanFactory.initializeBean(AbstractAutowireCapableBeanFactory.java:1782)
	... 141 common frames omitted
Caused by: org.h2.jdbc.JdbcSQLIntegrityConstraintViolationException: Нарушение уникального индекса или первичного ключа: "PRIMARY KEY ON PUBLIC.TOUR(TOUR_ID) [101, 'BREST-MOSCOW', DATE '2021-08-01']"
Unique index or primary key violation: "PRIMARY KEY ON PUBLIC.TOUR(TOUR_ID) [101, 'BREST-MOSCOW', DATE '2021-08-01']"; SQL statement:
INSERT INTO TOUR (TOUR_ID, DIRECTION, DATE_TOUR) VALUES (101, 'BREST-MOSCOW', '2021-08-01'), (102, 'MINSK-ROME', '2021-08-01'), (103, 'MOSCOW-BARCELONA', '2021-06-15'), (104, 'MINSK-RIGA', '2021-07-02'), (105, 'MINSK-DUBAI', '2021-05-25') [23505-200]
	at org.h2.message.DbException.getJdbcSQLException(DbException.java:459)
	at org.h2.message.DbException.getJdbcSQLException(DbException.java:429)
	at org.h2.message.DbException.get(DbException.java:205)
	at org.h2.message.DbException.get(DbException.java:181)
	at org.h2.mvstore.db.MVPrimaryIndex.add(MVPrimaryIndex.java:127)
	at org.h2.mvstore.db.MVTable.addRow(MVTable.java:531)
	at org.h2.command.dml.Insert.insertRows(Insert.java:195)
	at org.h2.command.dml.Insert.update(Insert.java:151)
	at org.h2.command.CommandContainer.update(CommandContainer.java:198)
	at org.h2.command.Command.executeUpdate(Command.java:251)
	at org.h2.jdbc.JdbcStatement.executeInternal(JdbcStatement.java:228)
	at org.h2.jdbc.JdbcStatement.execute(JdbcStatement.java:201)
	at org.springframework.jdbc.datasource.init.ScriptUtils.executeSqlScript(ScriptUtils.java:601)
	... 156 common frames omitted

  .   ____          _            __ _ _
 /\\ / ___'_ __ _ _(_)_ __  __ _ \ \ \ \
( ( )\___ | '_ | '_| | '_ \/ _` | \ \ \ \
 \\/  ___)| |_)| | | | | || (_| |  ) ) ) )
  '  |____| .__|_| |_|_| |_\__, | / / / /
 =========|_|==============|___/=/_/_/_/
 :: Spring Boot ::                (v2.4.4)

22:11:41 [main] INFO  com.aderenchuk.brest.service.web_app.TourControllerIT - Starting TourControllerIT using Java 11.0.10 on artem-HP-Laptop-15-bs0xx with PID 35492 (started by artem in /home/artem/IdeaProjects/aderenchuk-travel.agency/web-app)
22:11:41 [main] INFO  com.aderenchuk.brest.service.web_app.TourControllerIT - Starting TourControllerIT using Java 11.0.10 on artem-HP-Laptop-15-bs0xx with PID 35492 (started by artem in /home/artem/IdeaProjects/aderenchuk-travel.agency/web-app)
22:11:41 [main] DEBUG com.aderenchuk.brest.service.web_app.TourControllerIT - Running with Spring Boot v2.4.4, Spring v5.3.5
22:11:41 [main] DEBUG com.aderenchuk.brest.service.web_app.TourControllerIT - Running with Spring Boot v2.4.4, Spring v5.3.5
22:11:41 [main] INFO  com.aderenchuk.brest.service.web_app.TourControllerIT - No active profile set, falling back to default profiles: default
22:11:41 [main] INFO  com.aderenchuk.brest.service.web_app.TourControllerIT - No active profile set, falling back to default profiles: default
22:11:42 [main] INFO  org.springframework.boot.test.autoconfigure.jdbc.TestDatabaseAutoConfiguration$EmbeddedDataSourceBeanFactoryPostProcessor - Replacing 'dataSource' DataSource bean with embedded version
22:11:42 [main] INFO  org.springframework.jdbc.datasource.embedded.EmbeddedDatabaseFactory - Starting embedded database: url='jdbc:h2:mem:599f3765-235f-4003-b514-6a82d0793899;DB_CLOSE_DELAY=-1;DB_CLOSE_ON_EXIT=false', username='sa'
22:11:42 [main] WARN  org.springframework.context.annotation.AnnotationConfigApplicationContext - Exception encountered during context initialization - cancelling refresh attempt: org.springframework.beans.factory.UnsatisfiedDependencyException: Error creating bean with name 'tourController' defined in file [/home/artem/IdeaProjects/aderenchuk-travel.agency/web-app/target/classes/com/aderenchuk/brest/service/web_app/TourController.class]: Unsatisfied dependency expressed through constructor parameter 0; nested exception is org.springframework.beans.factory.UnsatisfiedDependencyException: Error creating bean with name 'tourDtoServiceImpl' defined in URL [jar:file:/home/artem/IdeaProjects/aderenchuk-travel.agency/service/target/service-1.0-SNAPSHOT.jar!/com/aderenchuk/brest/service/impl/TourDtoServiceImpl.class]: Unsatisfied dependency expressed through constructor parameter 0; nested exception is org.springframework.beans.factory.UnsatisfiedDependencyException: Error creating bean with name 'tourDtoDaoJdbc' defined in URL [jar:file:/home/artem/IdeaProjects/aderenchuk-travel.agency/dao/target/dao-1.0-SNAPSHOT.jar!/com/aderenchuk/brest/dao/jdbc/TourDtoDaoJdbc.class]: Unsatisfied dependency expressed through constructor parameter 0; nested exception is org.springframework.beans.factory.BeanCreationException: Error creating bean with name 'dataSource': Post-processing of FactoryBean's singleton object failed; nested exception is org.springframework.beans.factory.BeanCreationException: Error creating bean with name 'org.springframework.boot.autoconfigure.jdbc.DataSourceInitializerInvoker': Invocation of init method failed; nested exception is org.springframework.jdbc.datasource.init.ScriptStatementFailedException: Failed to execute SQL script statement #1 of URL [jar:file:/home/artem/IdeaProjects/aderenchuk-travel.agency/test-db/target/test-db-1.0-SNAPSHOT.jar!/data.sql]: INSERT INTO TOUR (TOUR_ID, DIRECTION, DATE_TOUR) VALUES (101, 'BREST-MOSCOW', '2021-08-01'), (102, 'MINSK-ROME', '2021-08-01'), (103, 'MOSCOW-BARCELONA', '2021-06-15'), (104, 'MINSK-RIGA', '2021-07-02'), (105, 'MINSK-DUBAI', '2021-05-25'); nested exception is org.h2.jdbc.JdbcSQLIntegrityConstraintViolationException: Нарушение уникального индекса или первичного ключа: "PRIMARY KEY ON PUBLIC.TOUR(TOUR_ID) [101, 'BREST-MOSCOW', DATE '2021-08-01']"
Unique index or primary key violation: "PRIMARY KEY ON PUBLIC.TOUR(TOUR_ID) [101, 'BREST-MOSCOW', DATE '2021-08-01']"; SQL statement:
INSERT INTO TOUR (TOUR_ID, DIRECTION, DATE_TOUR) VALUES (101, 'BREST-MOSCOW', '2021-08-01'), (102, 'MINSK-ROME', '2021-08-01'), (103, 'MOSCOW-BARCELONA', '2021-06-15'), (104, 'MINSK-RIGA', '2021-07-02'), (105, 'MINSK-DUBAI', '2021-05-25') [23505-200]
22:11:42 [main] INFO  org.springframework.boot.autoconfigure.logging.ConditionEvaluationReportLoggingListener - 

Error starting ApplicationContext. To display the conditions report re-run your application with 'debug' enabled.
22:11:42 [main] ERROR org.springframework.boot.SpringApplication - Application run failed
org.springframework.beans.factory.UnsatisfiedDependencyException: Error creating bean with name 'tourController' defined in file [/home/artem/IdeaProjects/aderenchuk-travel.agency/web-app/target/classes/com/aderenchuk/brest/service/web_app/TourController.class]: Unsatisfied dependency expressed through constructor parameter 0; nested exception is org.springframework.beans.factory.UnsatisfiedDependencyException: Error creating bean with name 'tourDtoServiceImpl' defined in URL [jar:file:/home/artem/IdeaProjects/aderenchuk-travel.agency/service/target/service-1.0-SNAPSHOT.jar!/com/aderenchuk/brest/service/impl/TourDtoServiceImpl.class]: Unsatisfied dependency expressed through constructor parameter 0; nested exception is org.springframework.beans.factory.UnsatisfiedDependencyException: Error creating bean with name 'tourDtoDaoJdbc' defined in URL [jar:file:/home/artem/IdeaProjects/aderenchuk-travel.agency/dao/target/dao-1.0-SNAPSHOT.jar!/com/aderenchuk/brest/dao/jdbc/TourDtoDaoJdbc.class]: Unsatisfied dependency expressed through constructor parameter 0; nested exception is org.springframework.beans.factory.BeanCreationException: Error creating bean with name 'dataSource': Post-processing of FactoryBean's singleton object failed; nested exception is org.springframework.beans.factory.BeanCreationException: Error creating bean with name 'org.springframework.boot.autoconfigure.jdbc.DataSourceInitializerInvoker': Invocation of init method failed; nested exception is org.springframework.jdbc.datasource.init.ScriptStatementFailedException: Failed to execute SQL script statement #1 of URL [jar:file:/home/artem/IdeaProjects/aderenchuk-travel.agency/test-db/target/test-db-1.0-SNAPSHOT.jar!/data.sql]: INSERT INTO TOUR (TOUR_ID, DIRECTION, DATE_TOUR) VALUES (101, 'BREST-MOSCOW', '2021-08-01'), (102, 'MINSK-ROME', '2021-08-01'), (103, 'MOSCOW-BARCELONA', '2021-06-15'), (104, 'MINSK-RIGA', '2021-07-02'), (105, 'MINSK-DUBAI', '2021-05-25'); nested exception is org.h2.jdbc.JdbcSQLIntegrityConstraintViolationException: Нарушение уникального индекса или первичного ключа: "PRIMARY KEY ON PUBLIC.TOUR(TOUR_ID) [101, 'BREST-MOSCOW', DATE '2021-08-01']"
Unique index or primary key violation: "PRIMARY KEY ON PUBLIC.TOUR(TOUR_ID) [101, 'BREST-MOSCOW', DATE '2021-08-01']"; SQL statement:
INSERT INTO TOUR (TOUR_ID, DIRECTION, DATE_TOUR) VALUES (101, 'BREST-MOSCOW', '2021-08-01'), (102, 'MINSK-ROME', '2021-08-01'), (103, 'MOSCOW-BARCELONA', '2021-06-15'), (104, 'MINSK-RIGA', '2021-07-02'), (105, 'MINSK-DUBAI', '2021-05-25') [23505-200]
	at org.springframework.beans.factory.support.ConstructorResolver.createArgumentArray(ConstructorResolver.java:800)
	at org.springframework.beans.factory.support.ConstructorResolver.autowireConstructor(ConstructorResolver.java:229)
	at org.springframework.beans.factory.support.AbstractAutowireCapableBeanFactory.autowireConstructor(AbstractAutowireCapableBeanFactory.java:1354)
	at org.springframework.beans.factory.support.AbstractAutowireCapableBeanFactory.createBeanInstance(AbstractAutowireCapableBeanFactory.java:1204)
	at org.springframework.beans.factory.support.AbstractAutowireCapableBeanFactory.doCreateBean(AbstractAutowireCapableBeanFactory.java:564)
	at org.springframework.beans.factory.support.AbstractAutowireCapableBeanFactory.createBean(AbstractAutowireCapableBeanFactory.java:524)
	at org.springframework.beans.factory.support.AbstractBeanFactory.lambda$doGetBean$0(AbstractBeanFactory.java:335)
	at org.springframework.beans.factory.support.DefaultSingletonBeanRegistry.getSingleton(DefaultSingletonBeanRegistry.java:234)
	at org.springframework.beans.factory.support.AbstractBeanFactory.doGetBean(AbstractBeanFactory.java:333)
	at org.springframework.beans.factory.support.AbstractBeanFactory.getBean(AbstractBeanFactory.java:208)
	at org.springframework.beans.factory.support.DefaultListableBeanFactory.preInstantiateSingletons(DefaultListableBeanFactory.java:944)
	at org.springframework.context.support.AbstractApplicationContext.finishBeanFactoryInitialization(AbstractApplicationContext.java:918)
	at org.springframework.context.support.AbstractApplicationContext.refresh(AbstractApplicationContext.java:583)
	at org.springframework.boot.SpringApplication.refresh(SpringApplication.java:769)
	at org.springframework.boot.SpringApplication.refresh(SpringApplication.java:761)
	at org.springframework.boot.SpringApplication.refreshContext(SpringApplication.java:426)
	at org.springframework.boot.SpringApplication.run(SpringApplication.java:326)
	at org.springframework.boot.test.context.SpringBootContextLoader.loadContext(SpringBootContextLoader.java:123)
	at org.springframework.test.context.cache.DefaultCacheAwareContextLoaderDelegate.loadContextInternal(DefaultCacheAwareContextLoaderDelegate.java:99)
	at org.springframework.test.context.cache.DefaultCacheAwareContextLoaderDelegate.loadContext(DefaultCacheAwareContextLoaderDelegate.java:124)
	at org.springframework.test.context.support.DefaultTestContext.getApplicationContext(DefaultTestContext.java:124)
	at org.springframework.boot.test.autoconfigure.SpringBootDependencyInjectionTestExecutionListener.outputConditionEvaluationReport(SpringBootDependencyInjectionTestExecutionListener.java:53)
	at org.springframework.boot.test.autoconfigure.SpringBootDependencyInjectionTestExecutionListener.prepareTestInstance(SpringBootDependencyInjectionTestExecutionListener.java:46)
	at org.springframework.test.context.TestContextManager.prepareTestInstance(TestContextManager.java:244)
	at org.springframework.test.context.junit.jupiter.SpringExtension.postProcessTestInstance(SpringExtension.java:138)
	at org.junit.jupiter.engine.descriptor.ClassBasedTestDescriptor.lambda$invokeTestInstancePostProcessors$6(ClassBasedTestDescriptor.java:350)
	at org.junit.jupiter.engine.descriptor.ClassBasedTestDescriptor.executeAndMaskThrowable(ClassBasedTestDescriptor.java:355)
	at org.junit.jupiter.engine.descriptor.ClassBasedTestDescriptor.lambda$invokeTestInstancePostProcessors$7(ClassBasedTestDescriptor.java:350)
	at java.base/java.util.stream.ReferencePipeline$3$1.accept(ReferencePipeline.java:195)
	at java.base/java.util.stream.ReferencePipeline$2$1.accept(ReferencePipeline.java:177)
	at java.base/java.util.ArrayList$ArrayListSpliterator.forEachRemaining(ArrayList.java:1655)
	at java.base/java.util.stream.AbstractPipeline.copyInto(AbstractPipeline.java:484)
	at java.base/java.util.stream.AbstractPipeline.wrapAndCopyInto(AbstractPipeline.java:474)
	at java.base/java.util.stream.StreamSpliterators$WrappingSpliterator.forEachRemaining(StreamSpliterators.java:312)
	at java.base/java.util.stream.Streams$ConcatSpliterator.forEachRemaining(Streams.java:735)
	at java.base/java.util.stream.Streams$ConcatSpliterator.forEachRemaining(Streams.java:734)
	at java.base/java.util.stream.ReferencePipeline$Head.forEach(ReferencePipeline.java:658)
	at org.junit.jupiter.engine.descriptor.ClassBasedTestDescriptor.invokeTestInstancePostProcessors(ClassBasedTestDescriptor.java:349)
	at org.junit.jupiter.engine.descriptor.ClassBasedTestDescriptor.lambda$instantiateAndPostProcessTestInstance$4(ClassBasedTestDescriptor.java:270)
	at org.junit.platform.engine.support.hierarchical.ThrowableCollector.execute(ThrowableCollector.java:73)
	at org.junit.jupiter.engine.descriptor.ClassBasedTestDescriptor.instantiateAndPostProcessTestInstance(ClassBasedTestDescriptor.java:269)
	at org.junit.jupiter.engine.descriptor.ClassBasedTestDescriptor.lambda$testInstancesProvider$2(ClassBasedTestDescriptor.java:259)
	at java.base/java.util.Optional.orElseGet(Optional.java:369)
	at org.junit.jupiter.engine.descriptor.ClassBasedTestDescriptor.lambda$testInstancesProvider$3(ClassBasedTestDescriptor.java:258)
	at org.junit.jupiter.engine.execution.TestInstancesProvider.getTestInstances(TestInstancesProvider.java:31)
	at org.junit.jupiter.engine.descriptor.TestMethodTestDescriptor.lambda$prepare$0(TestMethodTestDescriptor.java:101)
	at org.junit.platform.engine.support.hierarchical.ThrowableCollector.execute(ThrowableCollector.java:73)
	at org.junit.jupiter.engine.descriptor.TestMethodTestDescriptor.prepare(TestMethodTestDescriptor.java:100)
	at org.junit.jupiter.engine.descriptor.TestMethodTestDescriptor.prepare(TestMethodTestDescriptor.java:65)
	at org.junit.platform.engine.support.hierarchical.NodeTestTask.lambda$prepare$1(NodeTestTask.java:111)
	at org.junit.platform.engine.support.hierarchical.ThrowableCollector.execute(ThrowableCollector.java:73)
	at org.junit.platform.engine.support.hierarchical.NodeTestTask.prepare(NodeTestTask.java:111)
	at org.junit.platform.engine.support.hierarchical.NodeTestTask.execute(NodeTestTask.java:79)
	at java.base/java.util.ArrayList.forEach(ArrayList.java:1541)
	at org.junit.platform.engine.support.hierarchical.SameThreadHierarchicalTestExecutorService.invokeAll(SameThreadHierarchicalTestExecutorService.java:38)
	at org.junit.platform.engine.support.hierarchical.NodeTestTask.lambda$executeRecursively$5(NodeTestTask.java:143)
	at org.junit.platform.engine.support.hierarchical.ThrowableCollector.execute(ThrowableCollector.java:73)
	at org.junit.platform.engine.support.hierarchical.NodeTestTask.lambda$executeRecursively$7(NodeTestTask.java:129)
	at org.junit.platform.engine.support.hierarchical.Node.around(Node.java:137)
	at org.junit.platform.engine.support.hierarchical.NodeTestTask.lambda$executeRecursively$8(NodeTestTask.java:127)
	at org.junit.platform.engine.support.hierarchical.ThrowableCollector.execute(ThrowableCollector.java:73)
	at org.junit.platform.engine.support.hierarchical.NodeTestTask.executeRecursively(NodeTestTask.java:126)
	at org.junit.platform.engine.support.hierarchical.NodeTestTask.execute(NodeTestTask.java:84)
	at java.base/java.util.ArrayList.forEach(ArrayList.java:1541)
	at org.junit.platform.engine.support.hierarchical.SameThreadHierarchicalTestExecutorService.invokeAll(SameThreadHierarchicalTestExecutorService.java:38)
	at org.junit.platform.engine.support.hierarchical.NodeTestTask.lambda$executeRecursively$5(NodeTestTask.java:143)
	at org.junit.platform.engine.support.hierarchical.ThrowableCollector.execute(ThrowableCollector.java:73)
	at org.junit.platform.engine.support.hierarchical.NodeTestTask.lambda$executeRecursively$7(NodeTestTask.java:129)
	at org.junit.platform.engine.support.hierarchical.Node.around(Node.java:137)
	at org.junit.platform.engine.support.hierarchical.NodeTestTask.lambda$executeRecursively$8(NodeTestTask.java:127)
	at org.junit.platform.engine.support.hierarchical.ThrowableCollector.execute(ThrowableCollector.java:73)
	at org.junit.platform.engine.support.hierarchical.NodeTestTask.executeRecursively(NodeTestTask.java:126)
	at org.junit.platform.engine.support.hierarchical.NodeTestTask.execute(NodeTestTask.java:84)
	at org.junit.platform.engine.support.hierarchical.SameThreadHierarchicalTestExecutorService.submit(SameThreadHierarchicalTestExecutorService.java:32)
	at org.junit.platform.engine.support.hierarchical.HierarchicalTestExecutor.execute(HierarchicalTestExecutor.java:57)
	at org.junit.platform.engine.support.hierarchical.HierarchicalTestEngine.execute(HierarchicalTestEngine.java:51)
	at org.junit.platform.launcher.core.EngineExecutionOrchestrator.execute(EngineExecutionOrchestrator.java:108)
	at org.junit.platform.launcher.core.EngineExecutionOrchestrator.execute(EngineExecutionOrchestrator.java:88)
	at org.junit.platform.launcher.core.EngineExecutionOrchestrator.lambda$execute$0(EngineExecutionOrchestrator.java:54)
	at org.junit.platform.launcher.core.EngineExecutionOrchestrator.withInterceptedStreams(EngineExecutionOrchestrator.java:67)
	at org.junit.platform.launcher.core.EngineExecutionOrchestrator.execute(EngineExecutionOrchestrator.java:52)
	at org.junit.platform.launcher.core.DefaultLauncher.execute(DefaultLauncher.java:96)
	at org.junit.platform.launcher.core.DefaultLauncher.execute(DefaultLauncher.java:75)
	at org.apache.maven.surefire.junitplatform.JUnitPlatformProvider.invokeAllTests(JUnitPlatformProvider.java:154)
	at org.apache.maven.surefire.junitplatform.JUnitPlatformProvider.invoke(JUnitPlatformProvider.java:127)
	at org.apache.maven.surefire.booter.ForkedBooter.runSuitesInProcess(ForkedBooter.java:377)
	at org.apache.maven.surefire.booter.ForkedBooter.execute(ForkedBooter.java:138)
	at org.apache.maven.surefire.booter.ForkedBooter.run(ForkedBooter.java:465)
	at org.apache.maven.surefire.booter.ForkedBooter.main(ForkedBooter.java:451)
Caused by: org.springframework.beans.factory.UnsatisfiedDependencyException: Error creating bean with name 'tourDtoServiceImpl' defined in URL [jar:file:/home/artem/IdeaProjects/aderenchuk-travel.agency/service/target/service-1.0-SNAPSHOT.jar!/com/aderenchuk/brest/service/impl/TourDtoServiceImpl.class]: Unsatisfied dependency expressed through constructor parameter 0; nested exception is org.springframework.beans.factory.UnsatisfiedDependencyException: Error creating bean with name 'tourDtoDaoJdbc' defined in URL [jar:file:/home/artem/IdeaProjects/aderenchuk-travel.agency/dao/target/dao-1.0-SNAPSHOT.jar!/com/aderenchuk/brest/dao/jdbc/TourDtoDaoJdbc.class]: Unsatisfied dependency expressed through constructor parameter 0; nested exception is org.springframework.beans.factory.BeanCreationException: Error creating bean with name 'dataSource': Post-processing of FactoryBean's singleton object failed; nested exception is org.springframework.beans.factory.BeanCreationException: Error creating bean with name 'org.springframework.boot.autoconfigure.jdbc.DataSourceInitializerInvoker': Invocation of init method failed; nested exception is org.springframework.jdbc.datasource.init.ScriptStatementFailedException: Failed to execute SQL script statement #1 of URL [jar:file:/home/artem/IdeaProjects/aderenchuk-travel.agency/test-db/target/test-db-1.0-SNAPSHOT.jar!/data.sql]: INSERT INTO TOUR (TOUR_ID, DIRECTION, DATE_TOUR) VALUES (101, 'BREST-MOSCOW', '2021-08-01'), (102, 'MINSK-ROME', '2021-08-01'), (103, 'MOSCOW-BARCELONA', '2021-06-15'), (104, 'MINSK-RIGA', '2021-07-02'), (105, 'MINSK-DUBAI', '2021-05-25'); nested exception is org.h2.jdbc.JdbcSQLIntegrityConstraintViolationException: Нарушение уникального индекса или первичного ключа: "PRIMARY KEY ON PUBLIC.TOUR(TOUR_ID) [101, 'BREST-MOSCOW', DATE '2021-08-01']"
Unique index or primary key violation: "PRIMARY KEY ON PUBLIC.TOUR(TOUR_ID) [101, 'BREST-MOSCOW', DATE '2021-08-01']"; SQL statement:
INSERT INTO TOUR (TOUR_ID, DIRECTION, DATE_TOUR) VALUES (101, 'BREST-MOSCOW', '2021-08-01'), (102, 'MINSK-ROME', '2021-08-01'), (103, 'MOSCOW-BARCELONA', '2021-06-15'), (104, 'MINSK-RIGA', '2021-07-02'), (105, 'MINSK-DUBAI', '2021-05-25') [23505-200]
	at org.springframework.beans.factory.support.ConstructorResolver.createArgumentArray(ConstructorResolver.java:800)
	at org.springframework.beans.factory.support.ConstructorResolver.autowireConstructor(ConstructorResolver.java:229)
	at org.springframework.beans.factory.support.AbstractAutowireCapableBeanFactory.autowireConstructor(AbstractAutowireCapableBeanFactory.java:1354)
	at org.springframework.beans.factory.support.AbstractAutowireCapableBeanFactory.createBeanInstance(AbstractAutowireCapableBeanFactory.java:1204)
	at org.springframework.beans.factory.support.AbstractAutowireCapableBeanFactory.doCreateBean(AbstractAutowireCapableBeanFactory.java:564)
	at org.springframework.beans.factory.support.AbstractAutowireCapableBeanFactory.createBean(AbstractAutowireCapableBeanFactory.java:524)
	at org.springframework.beans.factory.support.AbstractBeanFactory.lambda$doGetBean$0(AbstractBeanFactory.java:335)
	at org.springframework.beans.factory.support.DefaultSingletonBeanRegistry.getSingleton(DefaultSingletonBeanRegistry.java:234)
	at org.springframework.beans.factory.support.AbstractBeanFactory.doGetBean(AbstractBeanFactory.java:333)
	at org.springframework.beans.factory.support.AbstractBeanFactory.getBean(AbstractBeanFactory.java:208)
	at org.springframework.beans.factory.config.DependencyDescriptor.resolveCandidate(DependencyDescriptor.java:276)
	at org.springframework.beans.factory.support.DefaultListableBeanFactory.doResolveDependency(DefaultListableBeanFactory.java:1380)
	at org.springframework.beans.factory.support.DefaultListableBeanFactory.resolveDependency(DefaultListableBeanFactory.java:1300)
	at org.springframework.beans.factory.support.ConstructorResolver.resolveAutowiredArgument(ConstructorResolver.java:887)
	at org.springframework.beans.factory.support.ConstructorResolver.createArgumentArray(ConstructorResolver.java:791)
	... 88 common frames omitted
Caused by: org.springframework.beans.factory.UnsatisfiedDependencyException: Error creating bean with name 'tourDtoDaoJdbc' defined in URL [jar:file:/home/artem/IdeaProjects/aderenchuk-travel.agency/dao/target/dao-1.0-SNAPSHOT.jar!/com/aderenchuk/brest/dao/jdbc/TourDtoDaoJdbc.class]: Unsatisfied dependency expressed through constructor parameter 0; nested exception is org.springframework.beans.factory.BeanCreationException: Error creating bean with name 'dataSource': Post-processing of FactoryBean's singleton object failed; nested exception is org.springframework.beans.factory.BeanCreationException: Error creating bean with name 'org.springframework.boot.autoconfigure.jdbc.DataSourceInitializerInvoker': Invocation of init method failed; nested exception is org.springframework.jdbc.datasource.init.ScriptStatementFailedException: Failed to execute SQL script statement #1 of URL [jar:file:/home/artem/IdeaProjects/aderenchuk-travel.agency/test-db/target/test-db-1.0-SNAPSHOT.jar!/data.sql]: INSERT INTO TOUR (TOUR_ID, DIRECTION, DATE_TOUR) VALUES (101, 'BREST-MOSCOW', '2021-08-01'), (102, 'MINSK-ROME', '2021-08-01'), (103, 'MOSCOW-BARCELONA', '2021-06-15'), (104, 'MINSK-RIGA', '2021-07-02'), (105, 'MINSK-DUBAI', '2021-05-25'); nested exception is org.h2.jdbc.JdbcSQLIntegrityConstraintViolationException: Нарушение уникального индекса или первичного ключа: "PRIMARY KEY ON PUBLIC.TOUR(TOUR_ID) [101, 'BREST-MOSCOW', DATE '2021-08-01']"
Unique index or primary key violation: "PRIMARY KEY ON PUBLIC.TOUR(TOUR_ID) [101, 'BREST-MOSCOW', DATE '2021-08-01']"; SQL statement:
INSERT INTO TOUR (TOUR_ID, DIRECTION, DATE_TOUR) VALUES (101, 'BREST-MOSCOW', '2021-08-01'), (102, 'MINSK-ROME', '2021-08-01'), (103, 'MOSCOW-BARCELONA', '2021-06-15'), (104, 'MINSK-RIGA', '2021-07-02'), (105, 'MINSK-DUBAI', '2021-05-25') [23505-200]
	at org.springframework.beans.factory.support.ConstructorResolver.createArgumentArray(ConstructorResolver.java:800)
	at org.springframework.beans.factory.support.ConstructorResolver.autowireConstructor(ConstructorResolver.java:229)
	at org.springframework.beans.factory.support.AbstractAutowireCapableBeanFactory.autowireConstructor(AbstractAutowireCapableBeanFactory.java:1354)
	at org.springframework.beans.factory.support.AbstractAutowireCapableBeanFactory.createBeanInstance(AbstractAutowireCapableBeanFactory.java:1204)
	at org.springframework.beans.factory.support.AbstractAutowireCapableBeanFactory.doCreateBean(AbstractAutowireCapableBeanFactory.java:564)
	at org.springframework.beans.factory.support.AbstractAutowireCapableBeanFactory.createBean(AbstractAutowireCapableBeanFactory.java:524)
	at org.springframework.beans.factory.support.AbstractBeanFactory.lambda$doGetBean$0(AbstractBeanFactory.java:335)
	at org.springframework.beans.factory.support.DefaultSingletonBeanRegistry.getSingleton(DefaultSingletonBeanRegistry.java:234)
	at org.springframework.beans.factory.support.AbstractBeanFactory.doGetBean(AbstractBeanFactory.java:333)
	at org.springframework.beans.factory.support.AbstractBeanFactory.getBean(AbstractBeanFactory.java:208)
	at org.springframework.beans.factory.config.DependencyDescriptor.resolveCandidate(DependencyDescriptor.java:276)
	at org.springframework.beans.factory.support.DefaultListableBeanFactory.doResolveDependency(DefaultListableBeanFactory.java:1380)
	at org.springframework.beans.factory.support.DefaultListableBeanFactory.resolveDependency(DefaultListableBeanFactory.java:1300)
	at org.springframework.beans.factory.support.ConstructorResolver.resolveAutowiredArgument(ConstructorResolver.java:887)
	at org.springframework.beans.factory.support.ConstructorResolver.createArgumentArray(ConstructorResolver.java:791)
	... 102 common frames omitted
Caused by: org.springframework.beans.factory.BeanCreationException: Error creating bean with name 'dataSource': Post-processing of FactoryBean's singleton object failed; nested exception is org.springframework.beans.factory.BeanCreationException: Error creating bean with name 'org.springframework.boot.autoconfigure.jdbc.DataSourceInitializerInvoker': Invocation of init method failed; nested exception is org.springframework.jdbc.datasource.init.ScriptStatementFailedException: Failed to execute SQL script statement #1 of URL [jar:file:/home/artem/IdeaProjects/aderenchuk-travel.agency/test-db/target/test-db-1.0-SNAPSHOT.jar!/data.sql]: INSERT INTO TOUR (TOUR_ID, DIRECTION, DATE_TOUR) VALUES (101, 'BREST-MOSCOW', '2021-08-01'), (102, 'MINSK-ROME', '2021-08-01'), (103, 'MOSCOW-BARCELONA', '2021-06-15'), (104, 'MINSK-RIGA', '2021-07-02'), (105, 'MINSK-DUBAI', '2021-05-25'); nested exception is org.h2.jdbc.JdbcSQLIntegrityConstraintViolationException: Нарушение уникального индекса или первичного ключа: "PRIMARY KEY ON PUBLIC.TOUR(TOUR_ID) [101, 'BREST-MOSCOW', DATE '2021-08-01']"
Unique index or primary key violation: "PRIMARY KEY ON PUBLIC.TOUR(TOUR_ID) [101, 'BREST-MOSCOW', DATE '2021-08-01']"; SQL statement:
INSERT INTO TOUR (TOUR_ID, DIRECTION, DATE_TOUR) VALUES (101, 'BREST-MOSCOW', '2021-08-01'), (102, 'MINSK-ROME', '2021-08-01'), (103, 'MOSCOW-BARCELONA', '2021-06-15'), (104, 'MINSK-RIGA', '2021-07-02'), (105, 'MINSK-DUBAI', '2021-05-25') [23505-200]
	at org.springframework.beans.factory.support.FactoryBeanRegistrySupport.getObjectFromFactoryBean(FactoryBeanRegistrySupport.java:119)
	at org.springframework.beans.factory.support.AbstractBeanFactory.getObjectForBeanInstance(AbstractBeanFactory.java:1884)
	at org.springframework.beans.factory.support.AbstractAutowireCapableBeanFactory.getObjectForBeanInstance(AbstractAutowireCapableBeanFactory.java:1266)
	at org.springframework.beans.factory.support.AbstractBeanFactory.doGetBean(AbstractBeanFactory.java:345)
	at org.springframework.beans.factory.support.AbstractBeanFactory.getBean(AbstractBeanFactory.java:208)
	at org.springframework.beans.factory.config.DependencyDescriptor.resolveCandidate(DependencyDescriptor.java:276)
	at org.springframework.beans.factory.support.DefaultListableBeanFactory.doResolveDependency(DefaultListableBeanFactory.java:1380)
	at org.springframework.beans.factory.support.DefaultListableBeanFactory.resolveDependency(DefaultListableBeanFactory.java:1300)
	at org.springframework.beans.factory.support.ConstructorResolver.resolveAutowiredArgument(ConstructorResolver.java:887)
	at org.springframework.beans.factory.support.ConstructorResolver.createArgumentArray(ConstructorResolver.java:791)
	... 116 common frames omitted
Caused by: org.springframework.beans.factory.BeanCreationException: Error creating bean with name 'org.springframework.boot.autoconfigure.jdbc.DataSourceInitializerInvoker': Invocation of init method failed; nested exception is org.springframework.jdbc.datasource.init.ScriptStatementFailedException: Failed to execute SQL script statement #1 of URL [jar:file:/home/artem/IdeaProjects/aderenchuk-travel.agency/test-db/target/test-db-1.0-SNAPSHOT.jar!/data.sql]: INSERT INTO TOUR (TOUR_ID, DIRECTION, DATE_TOUR) VALUES (101, 'BREST-MOSCOW', '2021-08-01'), (102, 'MINSK-ROME', '2021-08-01'), (103, 'MOSCOW-BARCELONA', '2021-06-15'), (104, 'MINSK-RIGA', '2021-07-02'), (105, 'MINSK-DUBAI', '2021-05-25'); nested exception is org.h2.jdbc.JdbcSQLIntegrityConstraintViolationException: Нарушение уникального индекса или первичного ключа: "PRIMARY KEY ON PUBLIC.TOUR(TOUR_ID) [101, 'BREST-MOSCOW', DATE '2021-08-01']"
Unique index or primary key violation: "PRIMARY KEY ON PUBLIC.TOUR(TOUR_ID) [101, 'BREST-MOSCOW', DATE '2021-08-01']"; SQL statement:
INSERT INTO TOUR (TOUR_ID, DIRECTION, DATE_TOUR) VALUES (101, 'BREST-MOSCOW', '2021-08-01'), (102, 'MINSK-ROME', '2021-08-01'), (103, 'MOSCOW-BARCELONA', '2021-06-15'), (104, 'MINSK-RIGA', '2021-07-02'), (105, 'MINSK-DUBAI', '2021-05-25') [23505-200]
	at org.springframework.beans.factory.support.AbstractAutowireCapableBeanFactory.initializeBean(AbstractAutowireCapableBeanFactory.java:1786)
	at org.springframework.beans.factory.support.AbstractAutowireCapableBeanFactory.doCreateBean(AbstractAutowireCapableBeanFactory.java:602)
	at org.springframework.beans.factory.support.AbstractAutowireCapableBeanFactory.createBean(AbstractAutowireCapableBeanFactory.java:524)
	at org.springframework.beans.factory.support.AbstractBeanFactory.lambda$doGetBean$0(AbstractBeanFactory.java:335)
	at org.springframework.beans.factory.support.DefaultSingletonBeanRegistry.getSingleton(DefaultSingletonBeanRegistry.java:234)
	at org.springframework.beans.factory.support.AbstractBeanFactory.doGetBean(AbstractBeanFactory.java:333)
	at org.springframework.beans.factory.support.AbstractBeanFactory.getBean(AbstractBeanFactory.java:233)
	at org.springframework.beans.factory.support.DefaultListableBeanFactory.resolveNamedBean(DefaultListableBeanFactory.java:1273)
	at org.springframework.beans.factory.support.DefaultListableBeanFactory.resolveNamedBean(DefaultListableBeanFactory.java:1234)
	at org.springframework.beans.factory.support.DefaultListableBeanFactory.resolveBean(DefaultListableBeanFactory.java:494)
	at org.springframework.beans.factory.support.DefaultListableBeanFactory.getBean(DefaultListableBeanFactory.java:349)
	at org.springframework.beans.factory.support.DefaultListableBeanFactory.getBean(DefaultListableBeanFactory.java:342)
	at org.springframework.boot.autoconfigure.jdbc.DataSourceInitializerPostProcessor.postProcessAfterInitialization(DataSourceInitializerPostProcessor.java:51)
	at org.springframework.beans.factory.support.AbstractAutowireCapableBeanFactory.applyBeanPostProcessorsAfterInitialization(AbstractAutowireCapableBeanFactory.java:437)
	at org.springframework.beans.factory.support.AbstractAutowireCapableBeanFactory.postProcessObjectFromFactoryBean(AbstractAutowireCapableBeanFactory.java:1929)
	at org.springframework.beans.factory.support.FactoryBeanRegistrySupport.getObjectFromFactoryBean(FactoryBeanRegistrySupport.java:116)
	... 125 common frames omitted
Caused by: org.springframework.jdbc.datasource.init.ScriptStatementFailedException: Failed to execute SQL script statement #1 of URL [jar:file:/home/artem/IdeaProjects/aderenchuk-travel.agency/test-db/target/test-db-1.0-SNAPSHOT.jar!/data.sql]: INSERT INTO TOUR (TOUR_ID, DIRECTION, DATE_TOUR) VALUES (101, 'BREST-MOSCOW', '2021-08-01'), (102, 'MINSK-ROME', '2021-08-01'), (103, 'MOSCOW-BARCELONA', '2021-06-15'), (104, 'MINSK-RIGA', '2021-07-02'), (105, 'MINSK-DUBAI', '2021-05-25'); nested exception is org.h2.jdbc.JdbcSQLIntegrityConstraintViolationException: Нарушение уникального индекса или первичного ключа: "PRIMARY KEY ON PUBLIC.TOUR(TOUR_ID) [101, 'BREST-MOSCOW', DATE '2021-08-01']"
Unique index or primary key violation: "PRIMARY KEY ON PUBLIC.TOUR(TOUR_ID) [101, 'BREST-MOSCOW', DATE '2021-08-01']"; SQL statement:
INSERT INTO TOUR (TOUR_ID, DIRECTION, DATE_TOUR) VALUES (101, 'BREST-MOSCOW', '2021-08-01'), (102, 'MINSK-ROME', '2021-08-01'), (103, 'MOSCOW-BARCELONA', '2021-06-15'), (104, 'MINSK-RIGA', '2021-07-02'), (105, 'MINSK-DUBAI', '2021-05-25') [23505-200]
	at org.springframework.jdbc.datasource.init.ScriptUtils.executeSqlScript(ScriptUtils.java:622)
	at org.springframework.jdbc.datasource.init.ResourceDatabasePopulator.populate(ResourceDatabasePopulator.java:254)
	at org.springframework.jdbc.datasource.init.DatabasePopulatorUtils.execute(DatabasePopulatorUtils.java:49)
	at org.springframework.boot.autoconfigure.jdbc.DataSourceInitializer.runScripts(DataSourceInitializer.java:202)
	at org.springframework.boot.autoconfigure.jdbc.DataSourceInitializer.initSchema(DataSourceInitializer.java:119)
	at org.springframework.boot.autoconfigure.jdbc.DataSourceInitializerInvoker.onApplicationEvent(DataSourceInitializerInvoker.java:91)
	at org.springframework.boot.autoconfigure.jdbc.DataSourceInitializerInvoker.onApplicationEvent(DataSourceInitializerInvoker.java:38)
	at org.springframework.context.event.SimpleApplicationEventMulticaster.doInvokeListener(SimpleApplicationEventMulticaster.java:176)
	at org.springframework.context.event.SimpleApplicationEventMulticaster.invokeListener(SimpleApplicationEventMulticaster.java:169)
	at org.springframework.context.event.SimpleApplicationEventMulticaster.multicastEvent(SimpleApplicationEventMulticaster.java:143)
	at org.springframework.context.support.AbstractApplicationContext.publishEvent(AbstractApplicationContext.java:421)
	at org.springframework.context.support.AbstractApplicationContext.publishEvent(AbstractApplicationContext.java:378)
	at org.springframework.boot.autoconfigure.jdbc.DataSourceInitializerInvoker.initialize(DataSourceInitializerInvoker.java:72)
	at org.springframework.boot.autoconfigure.jdbc.DataSourceInitializerInvoker.afterPropertiesSet(DataSourceInitializerInvoker.java:65)
	at org.springframework.beans.factory.support.AbstractAutowireCapableBeanFactory.invokeInitMethods(AbstractAutowireCapableBeanFactory.java:1845)
	at org.springframework.beans.factory.support.AbstractAutowireCapableBeanFactory.initializeBean(AbstractAutowireCapableBeanFactory.java:1782)
	... 140 common frames omitted
Caused by: org.h2.jdbc.JdbcSQLIntegrityConstraintViolationException: Нарушение уникального индекса или первичного ключа: "PRIMARY KEY ON PUBLIC.TOUR(TOUR_ID) [101, 'BREST-MOSCOW', DATE '2021-08-01']"
Unique index or primary key violation: "PRIMARY KEY ON PUBLIC.TOUR(TOUR_ID) [101, 'BREST-MOSCOW', DATE '2021-08-01']"; SQL statement:
INSERT INTO TOUR (TOUR_ID, DIRECTION, DATE_TOUR) VALUES (101, 'BREST-MOSCOW', '2021-08-01'), (102, 'MINSK-ROME', '2021-08-01'), (103, 'MOSCOW-BARCELONA', '2021-06-15'), (104, 'MINSK-RIGA', '2021-07-02'), (105, 'MINSK-DUBAI', '2021-05-25') [23505-200]
	at org.h2.message.DbException.getJdbcSQLException(DbException.java:459)
	at org.h2.message.DbException.getJdbcSQLException(DbException.java:429)
	at org.h2.message.DbException.get(DbException.java:205)
	at org.h2.message.DbException.get(DbException.java:181)
	at org.h2.mvstore.db.MVPrimaryIndex.add(MVPrimaryIndex.java:127)
	at org.h2.mvstore.db.MVTable.addRow(MVTable.java:531)
	at org.h2.command.dml.Insert.insertRows(Insert.java:195)
	at org.h2.command.dml.Insert.update(Insert.java:151)
	at org.h2.command.CommandContainer.update(CommandContainer.java:198)
	at org.h2.command.Command.executeUpdate(Command.java:251)
	at org.h2.jdbc.JdbcStatement.executeInternal(JdbcStatement.java:228)
	at org.h2.jdbc.JdbcStatement.execute(JdbcStatement.java:201)
	at org.springframework.jdbc.datasource.init.ScriptUtils.executeSqlScript(ScriptUtils.java:601)
	... 155 common frames omitted
22:11:42 [main] ERROR org.springframework.test.context.TestContextManager - Caught exception while allowing TestExecutionListener [org.springframework.boot.test.autoconfigure.SpringBootDependencyInjectionTestExecutionListener@172b013] to prepare test instance [com.aderenchuk.brest.service.web_app.TourControllerIT@123d7057]
java.lang.IllegalStateException: Failed to load ApplicationContext
	at org.springframework.test.context.cache.DefaultCacheAwareContextLoaderDelegate.loadContext(DefaultCacheAwareContextLoaderDelegate.java:132)
	at org.springframework.test.context.support.DefaultTestContext.getApplicationContext(DefaultTestContext.java:124)
	at org.springframework.test.context.support.DependencyInjectionTestExecutionListener.injectDependencies(DependencyInjectionTestExecutionListener.java:118)
	at org.springframework.test.context.support.DependencyInjectionTestExecutionListener.prepareTestInstance(DependencyInjectionTestExecutionListener.java:83)
	at org.springframework.boot.test.autoconfigure.SpringBootDependencyInjectionTestExecutionListener.prepareTestInstance(SpringBootDependencyInjectionTestExecutionListener.java:43)
	at org.springframework.test.context.TestContextManager.prepareTestInstance(TestContextManager.java:244)
	at org.springframework.test.context.junit.jupiter.SpringExtension.postProcessTestInstance(SpringExtension.java:138)
	at org.junit.jupiter.engine.descriptor.ClassBasedTestDescriptor.lambda$invokeTestInstancePostProcessors$6(ClassBasedTestDescriptor.java:350)
	at org.junit.jupiter.engine.descriptor.ClassBasedTestDescriptor.executeAndMaskThrowable(ClassBasedTestDescriptor.java:355)
	at org.junit.jupiter.engine.descriptor.ClassBasedTestDescriptor.lambda$invokeTestInstancePostProcessors$7(ClassBasedTestDescriptor.java:350)
	at java.base/java.util.stream.ReferencePipeline$3$1.accept(ReferencePipeline.java:195)
	at java.base/java.util.stream.ReferencePipeline$2$1.accept(ReferencePipeline.java:177)
	at java.base/java.util.ArrayList$ArrayListSpliterator.forEachRemaining(ArrayList.java:1655)
	at java.base/java.util.stream.AbstractPipeline.copyInto(AbstractPipeline.java:484)
	at java.base/java.util.stream.AbstractPipeline.wrapAndCopyInto(AbstractPipeline.java:474)
	at java.base/java.util.stream.StreamSpliterators$WrappingSpliterator.forEachRemaining(StreamSpliterators.java:312)
	at java.base/java.util.stream.Streams$ConcatSpliterator.forEachRemaining(Streams.java:735)
	at java.base/java.util.stream.Streams$ConcatSpliterator.forEachRemaining(Streams.java:734)
	at java.base/java.util.stream.ReferencePipeline$Head.forEach(ReferencePipeline.java:658)
	at org.junit.jupiter.engine.descriptor.ClassBasedTestDescriptor.invokeTestInstancePostProcessors(ClassBasedTestDescriptor.java:349)
	at org.junit.jupiter.engine.descriptor.ClassBasedTestDescriptor.lambda$instantiateAndPostProcessTestInstance$4(ClassBasedTestDescriptor.java:270)
	at org.junit.platform.engine.support.hierarchical.ThrowableCollector.execute(ThrowableCollector.java:73)
	at org.junit.jupiter.engine.descriptor.ClassBasedTestDescriptor.instantiateAndPostProcessTestInstance(ClassBasedTestDescriptor.java:269)
	at org.junit.jupiter.engine.descriptor.ClassBasedTestDescriptor.lambda$testInstancesProvider$2(ClassBasedTestDescriptor.java:259)
	at java.base/java.util.Optional.orElseGet(Optional.java:369)
	at org.junit.jupiter.engine.descriptor.ClassBasedTestDescriptor.lambda$testInstancesProvider$3(ClassBasedTestDescriptor.java:258)
	at org.junit.jupiter.engine.execution.TestInstancesProvider.getTestInstances(TestInstancesProvider.java:31)
	at org.junit.jupiter.engine.descriptor.TestMethodTestDescriptor.lambda$prepare$0(TestMethodTestDescriptor.java:101)
	at org.junit.platform.engine.support.hierarchical.ThrowableCollector.execute(ThrowableCollector.java:73)
	at org.junit.jupiter.engine.descriptor.TestMethodTestDescriptor.prepare(TestMethodTestDescriptor.java:100)
	at org.junit.jupiter.engine.descriptor.TestMethodTestDescriptor.prepare(TestMethodTestDescriptor.java:65)
	at org.junit.platform.engine.support.hierarchical.NodeTestTask.lambda$prepare$1(NodeTestTask.java:111)
	at org.junit.platform.engine.support.hierarchical.ThrowableCollector.execute(ThrowableCollector.java:73)
	at org.junit.platform.engine.support.hierarchical.NodeTestTask.prepare(NodeTestTask.java:111)
	at org.junit.platform.engine.support.hierarchical.NodeTestTask.execute(NodeTestTask.java:79)
	at java.base/java.util.ArrayList.forEach(ArrayList.java:1541)
	at org.junit.platform.engine.support.hierarchical.SameThreadHierarchicalTestExecutorService.invokeAll(SameThreadHierarchicalTestExecutorService.java:38)
	at org.junit.platform.engine.support.hierarchical.NodeTestTask.lambda$executeRecursively$5(NodeTestTask.java:143)
	at org.junit.platform.engine.support.hierarchical.ThrowableCollector.execute(ThrowableCollector.java:73)
	at org.junit.platform.engine.support.hierarchical.NodeTestTask.lambda$executeRecursively$7(NodeTestTask.java:129)
	at org.junit.platform.engine.support.hierarchical.Node.around(Node.java:137)
	at org.junit.platform.engine.support.hierarchical.NodeTestTask.lambda$executeRecursively$8(NodeTestTask.java:127)
	at org.junit.platform.engine.support.hierarchical.ThrowableCollector.execute(ThrowableCollector.java:73)
	at org.junit.platform.engine.support.hierarchical.NodeTestTask.executeRecursively(NodeTestTask.java:126)
	at org.junit.platform.engine.support.hierarchical.NodeTestTask.execute(NodeTestTask.java:84)
	at java.base/java.util.ArrayList.forEach(ArrayList.java:1541)
	at org.junit.platform.engine.support.hierarchical.SameThreadHierarchicalTestExecutorService.invokeAll(SameThreadHierarchicalTestExecutorService.java:38)
	at org.junit.platform.engine.support.hierarchical.NodeTestTask.lambda$executeRecursively$5(NodeTestTask.java:143)
	at org.junit.platform.engine.support.hierarchical.ThrowableCollector.execute(ThrowableCollector.java:73)
	at org.junit.platform.engine.support.hierarchical.NodeTestTask.lambda$executeRecursively$7(NodeTestTask.java:129)
	at org.junit.platform.engine.support.hierarchical.Node.around(Node.java:137)
	at org.junit.platform.engine.support.hierarchical.NodeTestTask.lambda$executeRecursively$8(NodeTestTask.java:127)
	at org.junit.platform.engine.support.hierarchical.ThrowableCollector.execute(ThrowableCollector.java:73)
	at org.junit.platform.engine.support.hierarchical.NodeTestTask.executeRecursively(NodeTestTask.java:126)
	at org.junit.platform.engine.support.hierarchical.NodeTestTask.execute(NodeTestTask.java:84)
	at org.junit.platform.engine.support.hierarchical.SameThreadHierarchicalTestExecutorService.submit(SameThreadHierarchicalTestExecutorService.java:32)
	at org.junit.platform.engine.support.hierarchical.HierarchicalTestExecutor.execute(HierarchicalTestExecutor.java:57)
	at org.junit.platform.engine.support.hierarchical.HierarchicalTestEngine.execute(HierarchicalTestEngine.java:51)
	at org.junit.platform.launcher.core.EngineExecutionOrchestrator.execute(EngineExecutionOrchestrator.java:108)
	at org.junit.platform.launcher.core.EngineExecutionOrchestrator.execute(EngineExecutionOrchestrator.java:88)
	at org.junit.platform.launcher.core.EngineExecutionOrchestrator.lambda$execute$0(EngineExecutionOrchestrator.java:54)
	at org.junit.platform.launcher.core.EngineExecutionOrchestrator.withInterceptedStreams(EngineExecutionOrchestrator.java:67)
	at org.junit.platform.launcher.core.EngineExecutionOrchestrator.execute(EngineExecutionOrchestrator.java:52)
	at org.junit.platform.launcher.core.DefaultLauncher.execute(DefaultLauncher.java:96)
	at org.junit.platform.launcher.core.DefaultLauncher.execute(DefaultLauncher.java:75)
	at org.apache.maven.surefire.junitplatform.JUnitPlatformProvider.invokeAllTests(JUnitPlatformProvider.java:154)
	at org.apache.maven.surefire.junitplatform.JUnitPlatformProvider.invoke(JUnitPlatformProvider.java:127)
	at org.apache.maven.surefire.booter.ForkedBooter.runSuitesInProcess(ForkedBooter.java:377)
	at org.apache.maven.surefire.booter.ForkedBooter.execute(ForkedBooter.java:138)
	at org.apache.maven.surefire.booter.ForkedBooter.run(ForkedBooter.java:465)
	at org.apache.maven.surefire.booter.ForkedBooter.main(ForkedBooter.java:451)
Caused by: org.springframework.beans.factory.UnsatisfiedDependencyException: Error creating bean with name 'tourController' defined in file [/home/artem/IdeaProjects/aderenchuk-travel.agency/web-app/target/classes/com/aderenchuk/brest/service/web_app/TourController.class]: Unsatisfied dependency expressed through constructor parameter 0; nested exception is org.springframework.beans.factory.UnsatisfiedDependencyException: Error creating bean with name 'tourDtoServiceImpl' defined in URL [jar:file:/home/artem/IdeaProjects/aderenchuk-travel.agency/service/target/service-1.0-SNAPSHOT.jar!/com/aderenchuk/brest/service/impl/TourDtoServiceImpl.class]: Unsatisfied dependency expressed through constructor parameter 0; nested exception is org.springframework.beans.factory.UnsatisfiedDependencyException: Error creating bean with name 'tourDtoDaoJdbc' defined in URL [jar:file:/home/artem/IdeaProjects/aderenchuk-travel.agency/dao/target/dao-1.0-SNAPSHOT.jar!/com/aderenchuk/brest/dao/jdbc/TourDtoDaoJdbc.class]: Unsatisfied dependency expressed through constructor parameter 0; nested exception is org.springframework.beans.factory.BeanCreationException: Error creating bean with name 'dataSource': Post-processing of FactoryBean's singleton object failed; nested exception is org.springframework.beans.factory.BeanCreationException: Error creating bean with name 'org.springframework.boot.autoconfigure.jdbc.DataSourceInitializerInvoker': Invocation of init method failed; nested exception is org.springframework.jdbc.datasource.init.ScriptStatementFailedException: Failed to execute SQL script statement #1 of URL [jar:file:/home/artem/IdeaProjects/aderenchuk-travel.agency/test-db/target/test-db-1.0-SNAPSHOT.jar!/data.sql]: INSERT INTO TOUR (TOUR_ID, DIRECTION, DATE_TOUR) VALUES (101, 'BREST-MOSCOW', '2021-08-01'), (102, 'MINSK-ROME', '2021-08-01'), (103, 'MOSCOW-BARCELONA', '2021-06-15'), (104, 'MINSK-RIGA', '2021-07-02'), (105, 'MINSK-DUBAI', '2021-05-25'); nested exception is org.h2.jdbc.JdbcSQLIntegrityConstraintViolationException: Нарушение уникального индекса или первичного ключа: "PRIMARY KEY ON PUBLIC.TOUR(TOUR_ID) [101, 'BREST-MOSCOW', DATE '2021-08-01']"
Unique index or primary key violation: "PRIMARY KEY ON PUBLIC.TOUR(TOUR_ID) [101, 'BREST-MOSCOW', DATE '2021-08-01']"; SQL statement:
INSERT INTO TOUR (TOUR_ID, DIRECTION, DATE_TOUR) VALUES (101, 'BREST-MOSCOW', '2021-08-01'), (102, 'MINSK-ROME', '2021-08-01'), (103, 'MOSCOW-BARCELONA', '2021-06-15'), (104, 'MINSK-RIGA', '2021-07-02'), (105, 'MINSK-DUBAI', '2021-05-25') [23505-200]
	at org.springframework.beans.factory.support.ConstructorResolver.createArgumentArray(ConstructorResolver.java:800)
	at org.springframework.beans.factory.support.ConstructorResolver.autowireConstructor(ConstructorResolver.java:229)
	at org.springframework.beans.factory.support.AbstractAutowireCapableBeanFactory.autowireConstructor(AbstractAutowireCapableBeanFactory.java:1354)
	at org.springframework.beans.factory.support.AbstractAutowireCapableBeanFactory.createBeanInstance(AbstractAutowireCapableBeanFactory.java:1204)
	at org.springframework.beans.factory.support.AbstractAutowireCapableBeanFactory.doCreateBean(AbstractAutowireCapableBeanFactory.java:564)
	at org.springframework.beans.factory.support.AbstractAutowireCapableBeanFactory.createBean(AbstractAutowireCapableBeanFactory.java:524)
	at org.springframework.beans.factory.support.AbstractBeanFactory.lambda$doGetBean$0(AbstractBeanFactory.java:335)
	at org.springframework.beans.factory.support.DefaultSingletonBeanRegistry.getSingleton(DefaultSingletonBeanRegistry.java:234)
	at org.springframework.beans.factory.support.AbstractBeanFactory.doGetBean(AbstractBeanFactory.java:333)
	at org.springframework.beans.factory.support.AbstractBeanFactory.getBean(AbstractBeanFactory.java:208)
	at org.springframework.beans.factory.support.DefaultListableBeanFactory.preInstantiateSingletons(DefaultListableBeanFactory.java:944)
	at org.springframework.context.support.AbstractApplicationContext.finishBeanFactoryInitialization(AbstractApplicationContext.java:918)
	at org.springframework.context.support.AbstractApplicationContext.refresh(AbstractApplicationContext.java:583)
	at org.springframework.boot.SpringApplication.refresh(SpringApplication.java:769)
	at org.springframework.boot.SpringApplication.refresh(SpringApplication.java:761)
	at org.springframework.boot.SpringApplication.refreshContext(SpringApplication.java:426)
	at org.springframework.boot.SpringApplication.run(SpringApplication.java:326)
	at org.springframework.boot.test.context.SpringBootContextLoader.loadContext(SpringBootContextLoader.java:123)
	at org.springframework.test.context.cache.DefaultCacheAwareContextLoaderDelegate.loadContextInternal(DefaultCacheAwareContextLoaderDelegate.java:99)
	at org.springframework.test.context.cache.DefaultCacheAwareContextLoaderDelegate.loadContext(DefaultCacheAwareContextLoaderDelegate.java:124)
	... 70 common frames omitted
Caused by: org.springframework.beans.factory.UnsatisfiedDependencyException: Error creating bean with name 'tourDtoServiceImpl' defined in URL [jar:file:/home/artem/IdeaProjects/aderenchuk-travel.agency/service/target/service-1.0-SNAPSHOT.jar!/com/aderenchuk/brest/service/impl/TourDtoServiceImpl.class]: Unsatisfied dependency expressed through constructor parameter 0; nested exception is org.springframework.beans.factory.UnsatisfiedDependencyException: Error creating bean with name 'tourDtoDaoJdbc' defined in URL [jar:file:/home/artem/IdeaProjects/aderenchuk-travel.agency/dao/target/dao-1.0-SNAPSHOT.jar!/com/aderenchuk/brest/dao/jdbc/TourDtoDaoJdbc.class]: Unsatisfied dependency expressed through constructor parameter 0; nested exception is org.springframework.beans.factory.BeanCreationException: Error creating bean with name 'dataSource': Post-processing of FactoryBean's singleton object failed; nested exception is org.springframework.beans.factory.BeanCreationException: Error creating bean with name 'org.springframework.boot.autoconfigure.jdbc.DataSourceInitializerInvoker': Invocation of init method failed; nested exception is org.springframework.jdbc.datasource.init.ScriptStatementFailedException: Failed to execute SQL script statement #1 of URL [jar:file:/home/artem/IdeaProjects/aderenchuk-travel.agency/test-db/target/test-db-1.0-SNAPSHOT.jar!/data.sql]: INSERT INTO TOUR (TOUR_ID, DIRECTION, DATE_TOUR) VALUES (101, 'BREST-MOSCOW', '2021-08-01'), (102, 'MINSK-ROME', '2021-08-01'), (103, 'MOSCOW-BARCELONA', '2021-06-15'), (104, 'MINSK-RIGA', '2021-07-02'), (105, 'MINSK-DUBAI', '2021-05-25'); nested exception is org.h2.jdbc.JdbcSQLIntegrityConstraintViolationException: Нарушение уникального индекса или первичного ключа: "PRIMARY KEY ON PUBLIC.TOUR(TOUR_ID) [101, 'BREST-MOSCOW', DATE '2021-08-01']"
Unique index or primary key violation: "PRIMARY KEY ON PUBLIC.TOUR(TOUR_ID) [101, 'BREST-MOSCOW', DATE '2021-08-01']"; SQL statement:
INSERT INTO TOUR (TOUR_ID, DIRECTION, DATE_TOUR) VALUES (101, 'BREST-MOSCOW', '2021-08-01'), (102, 'MINSK-ROME', '2021-08-01'), (103, 'MOSCOW-BARCELONA', '2021-06-15'), (104, 'MINSK-RIGA', '2021-07-02'), (105, 'MINSK-DUBAI', '2021-05-25') [23505-200]
	at org.springframework.beans.factory.support.ConstructorResolver.createArgumentArray(ConstructorResolver.java:800)
	at org.springframework.beans.factory.support.ConstructorResolver.autowireConstructor(ConstructorResolver.java:229)
	at org.springframework.beans.factory.support.AbstractAutowireCapableBeanFactory.autowireConstructor(AbstractAutowireCapableBeanFactory.java:1354)
	at org.springframework.beans.factory.support.AbstractAutowireCapableBeanFactory.createBeanInstance(AbstractAutowireCapableBeanFactory.java:1204)
	at org.springframework.beans.factory.support.AbstractAutowireCapableBeanFactory.doCreateBean(AbstractAutowireCapableBeanFactory.java:564)
	at org.springframework.beans.factory.support.AbstractAutowireCapableBeanFactory.createBean(AbstractAutowireCapableBeanFactory.java:524)
	at org.springframework.beans.factory.support.AbstractBeanFactory.lambda$doGetBean$0(AbstractBeanFactory.java:335)
	at org.springframework.beans.factory.support.DefaultSingletonBeanRegistry.getSingleton(DefaultSingletonBeanRegistry.java:234)
	at org.springframework.beans.factory.support.AbstractBeanFactory.doGetBean(AbstractBeanFactory.java:333)
	at org.springframework.beans.factory.support.AbstractBeanFactory.getBean(AbstractBeanFactory.java:208)
	at org.springframework.beans.factory.config.DependencyDescriptor.resolveCandidate(DependencyDescriptor.java:276)
	at org.springframework.beans.factory.support.DefaultListableBeanFactory.doResolveDependency(DefaultListableBeanFactory.java:1380)
	at org.springframework.beans.factory.support.DefaultListableBeanFactory.resolveDependency(DefaultListableBeanFactory.java:1300)
	at org.springframework.beans.factory.support.ConstructorResolver.resolveAutowiredArgument(ConstructorResolver.java:887)
	at org.springframework.beans.factory.support.ConstructorResolver.createArgumentArray(ConstructorResolver.java:791)
	... 89 common frames omitted
Caused by: org.springframework.beans.factory.UnsatisfiedDependencyException: Error creating bean with name 'tourDtoDaoJdbc' defined in URL [jar:file:/home/artem/IdeaProjects/aderenchuk-travel.agency/dao/target/dao-1.0-SNAPSHOT.jar!/com/aderenchuk/brest/dao/jdbc/TourDtoDaoJdbc.class]: Unsatisfied dependency expressed through constructor parameter 0; nested exception is org.springframework.beans.factory.BeanCreationException: Error creating bean with name 'dataSource': Post-processing of FactoryBean's singleton object failed; nested exception is org.springframework.beans.factory.BeanCreationException: Error creating bean with name 'org.springframework.boot.autoconfigure.jdbc.DataSourceInitializerInvoker': Invocation of init method failed; nested exception is org.springframework.jdbc.datasource.init.ScriptStatementFailedException: Failed to execute SQL script statement #1 of URL [jar:file:/home/artem/IdeaProjects/aderenchuk-travel.agency/test-db/target/test-db-1.0-SNAPSHOT.jar!/data.sql]: INSERT INTO TOUR (TOUR_ID, DIRECTION, DATE_TOUR) VALUES (101, 'BREST-MOSCOW', '2021-08-01'), (102, 'MINSK-ROME', '2021-08-01'), (103, 'MOSCOW-BARCELONA', '2021-06-15'), (104, 'MINSK-RIGA', '2021-07-02'), (105, 'MINSK-DUBAI', '2021-05-25'); nested exception is org.h2.jdbc.JdbcSQLIntegrityConstraintViolationException: Нарушение уникального индекса или первичного ключа: "PRIMARY KEY ON PUBLIC.TOUR(TOUR_ID) [101, 'BREST-MOSCOW', DATE '2021-08-01']"
Unique index or primary key violation: "PRIMARY KEY ON PUBLIC.TOUR(TOUR_ID) [101, 'BREST-MOSCOW', DATE '2021-08-01']"; SQL statement:
INSERT INTO TOUR (TOUR_ID, DIRECTION, DATE_TOUR) VALUES (101, 'BREST-MOSCOW', '2021-08-01'), (102, 'MINSK-ROME', '2021-08-01'), (103, 'MOSCOW-BARCELONA', '2021-06-15'), (104, 'MINSK-RIGA', '2021-07-02'), (105, 'MINSK-DUBAI', '2021-05-25') [23505-200]
	at org.springframework.beans.factory.support.ConstructorResolver.createArgumentArray(ConstructorResolver.java:800)
	at org.springframework.beans.factory.support.ConstructorResolver.autowireConstructor(ConstructorResolver.java:229)
	at org.springframework.beans.factory.support.AbstractAutowireCapableBeanFactory.autowireConstructor(AbstractAutowireCapableBeanFactory.java:1354)
	at org.springframework.beans.factory.support.AbstractAutowireCapableBeanFactory.createBeanInstance(AbstractAutowireCapableBeanFactory.java:1204)
	at org.springframework.beans.factory.support.AbstractAutowireCapableBeanFactory.doCreateBean(AbstractAutowireCapableBeanFactory.java:564)
	at org.springframework.beans.factory.support.AbstractAutowireCapableBeanFactory.createBean(AbstractAutowireCapableBeanFactory.java:524)
	at org.springframework.beans.factory.support.AbstractBeanFactory.lambda$doGetBean$0(AbstractBeanFactory.java:335)
	at org.springframework.beans.factory.support.DefaultSingletonBeanRegistry.getSingleton(DefaultSingletonBeanRegistry.java:234)
	at org.springframework.beans.factory.support.AbstractBeanFactory.doGetBean(AbstractBeanFactory.java:333)
	at org.springframework.beans.factory.support.AbstractBeanFactory.getBean(AbstractBeanFactory.java:208)
	at org.springframework.beans.factory.config.DependencyDescriptor.resolveCandidate(DependencyDescriptor.java:276)
	at org.springframework.beans.factory.support.DefaultListableBeanFactory.doResolveDependency(DefaultListableBeanFactory.java:1380)
	at org.springframework.beans.factory.support.DefaultListableBeanFactory.resolveDependency(DefaultListableBeanFactory.java:1300)
	at org.springframework.beans.factory.support.ConstructorResolver.resolveAutowiredArgument(ConstructorResolver.java:887)
	at org.springframework.beans.factory.support.ConstructorResolver.createArgumentArray(ConstructorResolver.java:791)
	... 103 common frames omitted
Caused by: org.springframework.beans.factory.BeanCreationException: Error creating bean with name 'dataSource': Post-processing of FactoryBean's singleton object failed; nested exception is org.springframework.beans.factory.BeanCreationException: Error creating bean with name 'org.springframework.boot.autoconfigure.jdbc.DataSourceInitializerInvoker': Invocation of init method failed; nested exception is org.springframework.jdbc.datasource.init.ScriptStatementFailedException: Failed to execute SQL script statement #1 of URL [jar:file:/home/artem/IdeaProjects/aderenchuk-travel.agency/test-db/target/test-db-1.0-SNAPSHOT.jar!/data.sql]: INSERT INTO TOUR (TOUR_ID, DIRECTION, DATE_TOUR) VALUES (101, 'BREST-MOSCOW', '2021-08-01'), (102, 'MINSK-ROME', '2021-08-01'), (103, 'MOSCOW-BARCELONA', '2021-06-15'), (104, 'MINSK-RIGA', '2021-07-02'), (105, 'MINSK-DUBAI', '2021-05-25'); nested exception is org.h2.jdbc.JdbcSQLIntegrityConstraintViolationException: Нарушение уникального индекса или первичного ключа: "PRIMARY KEY ON PUBLIC.TOUR(TOUR_ID) [101, 'BREST-MOSCOW', DATE '2021-08-01']"
Unique index or primary key violation: "PRIMARY KEY ON PUBLIC.TOUR(TOUR_ID) [101, 'BREST-MOSCOW', DATE '2021-08-01']"; SQL statement:
INSERT INTO TOUR (TOUR_ID, DIRECTION, DATE_TOUR) VALUES (101, 'BREST-MOSCOW', '2021-08-01'), (102, 'MINSK-ROME', '2021-08-01'), (103, 'MOSCOW-BARCELONA', '2021-06-15'), (104, 'MINSK-RIGA', '2021-07-02'), (105, 'MINSK-DUBAI', '2021-05-25') [23505-200]
	at org.springframework.beans.factory.support.FactoryBeanRegistrySupport.getObjectFromFactoryBean(FactoryBeanRegistrySupport.java:119)
	at org.springframework.beans.factory.support.AbstractBeanFactory.getObjectForBeanInstance(AbstractBeanFactory.java:1884)
	at org.springframework.beans.factory.support.AbstractAutowireCapableBeanFactory.getObjectForBeanInstance(AbstractAutowireCapableBeanFactory.java:1266)
	at org.springframework.beans.factory.support.AbstractBeanFactory.doGetBean(AbstractBeanFactory.java:345)
	at org.springframework.beans.factory.support.AbstractBeanFactory.getBean(AbstractBeanFactory.java:208)
	at org.springframework.beans.factory.config.DependencyDescriptor.resolveCandidate(DependencyDescriptor.java:276)
	at org.springframework.beans.factory.support.DefaultListableBeanFactory.doResolveDependency(DefaultListableBeanFactory.java:1380)
	at org.springframework.beans.factory.support.DefaultListableBeanFactory.resolveDependency(DefaultListableBeanFactory.java:1300)
	at org.springframework.beans.factory.support.ConstructorResolver.resolveAutowiredArgument(ConstructorResolver.java:887)
	at org.springframework.beans.factory.support.ConstructorResolver.createArgumentArray(ConstructorResolver.java:791)
	... 117 common frames omitted
Caused by: org.springframework.beans.factory.BeanCreationException: Error creating bean with name 'org.springframework.boot.autoconfigure.jdbc.DataSourceInitializerInvoker': Invocation of init method failed; nested exception is org.springframework.jdbc.datasource.init.ScriptStatementFailedException: Failed to execute SQL script statement #1 of URL [jar:file:/home/artem/IdeaProjects/aderenchuk-travel.agency/test-db/target/test-db-1.0-SNAPSHOT.jar!/data.sql]: INSERT INTO TOUR (TOUR_ID, DIRECTION, DATE_TOUR) VALUES (101, 'BREST-MOSCOW', '2021-08-01'), (102, 'MINSK-ROME', '2021-08-01'), (103, 'MOSCOW-BARCELONA', '2021-06-15'), (104, 'MINSK-RIGA', '2021-07-02'), (105, 'MINSK-DUBAI', '2021-05-25'); nested exception is org.h2.jdbc.JdbcSQLIntegrityConstraintViolationException: Нарушение уникального индекса или первичного ключа: "PRIMARY KEY ON PUBLIC.TOUR(TOUR_ID) [101, 'BREST-MOSCOW', DATE '2021-08-01']"
Unique index or primary key violation: "PRIMARY KEY ON PUBLIC.TOUR(TOUR_ID) [101, 'BREST-MOSCOW', DATE '2021-08-01']"; SQL statement:
INSERT INTO TOUR (TOUR_ID, DIRECTION, DATE_TOUR) VALUES (101, 'BREST-MOSCOW', '2021-08-01'), (102, 'MINSK-ROME', '2021-08-01'), (103, 'MOSCOW-BARCELONA', '2021-06-15'), (104, 'MINSK-RIGA', '2021-07-02'), (105, 'MINSK-DUBAI', '2021-05-25') [23505-200]
	at org.springframework.beans.factory.support.AbstractAutowireCapableBeanFactory.initializeBean(AbstractAutowireCapableBeanFactory.java:1786)
	at org.springframework.beans.factory.support.AbstractAutowireCapableBeanFactory.doCreateBean(AbstractAutowireCapableBeanFactory.java:602)
	at org.springframework.beans.factory.support.AbstractAutowireCapableBeanFactory.createBean(AbstractAutowireCapableBeanFactory.java:524)
	at org.springframework.beans.factory.support.AbstractBeanFactory.lambda$doGetBean$0(AbstractBeanFactory.java:335)
	at org.springframework.beans.factory.support.DefaultSingletonBeanRegistry.getSingleton(DefaultSingletonBeanRegistry.java:234)
	at org.springframework.beans.factory.support.AbstractBeanFactory.doGetBean(AbstractBeanFactory.java:333)
	at org.springframework.beans.factory.support.AbstractBeanFactory.getBean(AbstractBeanFactory.java:233)
	at org.springframework.beans.factory.support.DefaultListableBeanFactory.resolveNamedBean(DefaultListableBeanFactory.java:1273)
	at org.springframework.beans.factory.support.DefaultListableBeanFactory.resolveNamedBean(DefaultListableBeanFactory.java:1234)
	at org.springframework.beans.factory.support.DefaultListableBeanFactory.resolveBean(DefaultListableBeanFactory.java:494)
	at org.springframework.beans.factory.support.DefaultListableBeanFactory.getBean(DefaultListableBeanFactory.java:349)
	at org.springframework.beans.factory.support.DefaultListableBeanFactory.getBean(DefaultListableBeanFactory.java:342)
	at org.springframework.boot.autoconfigure.jdbc.DataSourceInitializerPostProcessor.postProcessAfterInitialization(DataSourceInitializerPostProcessor.java:51)
	at org.springframework.beans.factory.support.AbstractAutowireCapableBeanFactory.applyBeanPostProcessorsAfterInitialization(AbstractAutowireCapableBeanFactory.java:437)
	at org.springframework.beans.factory.support.AbstractAutowireCapableBeanFactory.postProcessObjectFromFactoryBean(AbstractAutowireCapableBeanFactory.java:1929)
	at org.springframework.beans.factory.support.FactoryBeanRegistrySupport.getObjectFromFactoryBean(FactoryBeanRegistrySupport.java:116)
	... 126 common frames omitted
Caused by: org.springframework.jdbc.datasource.init.ScriptStatementFailedException: Failed to execute SQL script statement #1 of URL [jar:file:/home/artem/IdeaProjects/aderenchuk-travel.agency/test-db/target/test-db-1.0-SNAPSHOT.jar!/data.sql]: INSERT INTO TOUR (TOUR_ID, DIRECTION, DATE_TOUR) VALUES (101, 'BREST-MOSCOW', '2021-08-01'), (102, 'MINSK-ROME', '2021-08-01'), (103, 'MOSCOW-BARCELONA', '2021-06-15'), (104, 'MINSK-RIGA', '2021-07-02'), (105, 'MINSK-DUBAI', '2021-05-25'); nested exception is org.h2.jdbc.JdbcSQLIntegrityConstraintViolationException: Нарушение уникального индекса или первичного ключа: "PRIMARY KEY ON PUBLIC.TOUR(TOUR_ID) [101, 'BREST-MOSCOW', DATE '2021-08-01']"
Unique index or primary key violation: "PRIMARY KEY ON PUBLIC.TOUR(TOUR_ID) [101, 'BREST-MOSCOW', DATE '2021-08-01']"; SQL statement:
INSERT INTO TOUR (TOUR_ID, DIRECTION, DATE_TOUR) VALUES (101, 'BREST-MOSCOW', '2021-08-01'), (102, 'MINSK-ROME', '2021-08-01'), (103, 'MOSCOW-BARCELONA', '2021-06-15'), (104, 'MINSK-RIGA', '2021-07-02'), (105, 'MINSK-DUBAI', '2021-05-25') [23505-200]
	at org.springframework.jdbc.datasource.init.ScriptUtils.executeSqlScript(ScriptUtils.java:622)
	at org.springframework.jdbc.datasource.init.ResourceDatabasePopulator.populate(ResourceDatabasePopulator.java:254)
	at org.springframework.jdbc.datasource.init.DatabasePopulatorUtils.execute(DatabasePopulatorUtils.java:49)
	at org.springframework.boot.autoconfigure.jdbc.DataSourceInitializer.runScripts(DataSourceInitializer.java:202)
	at org.springframework.boot.autoconfigure.jdbc.DataSourceInitializer.initSchema(DataSourceInitializer.java:119)
	at org.springframework.boot.autoconfigure.jdbc.DataSourceInitializerInvoker.onApplicationEvent(DataSourceInitializerInvoker.java:91)
	at org.springframework.boot.autoconfigure.jdbc.DataSourceInitializerInvoker.onApplicationEvent(DataSourceInitializerInvoker.java:38)
	at org.springframework.context.event.SimpleApplicationEventMulticaster.doInvokeListener(SimpleApplicationEventMulticaster.java:176)
	at org.springframework.context.event.SimpleApplicationEventMulticaster.invokeListener(SimpleApplicationEventMulticaster.java:169)
	at org.springframework.context.event.SimpleApplicationEventMulticaster.multicastEvent(SimpleApplicationEventMulticaster.java:143)
	at org.springframework.context.support.AbstractApplicationContext.publishEvent(AbstractApplicationContext.java:421)
	at org.springframework.context.support.AbstractApplicationContext.publishEvent(AbstractApplicationContext.java:378)
	at org.springframework.boot.autoconfigure.jdbc.DataSourceInitializerInvoker.initialize(DataSourceInitializerInvoker.java:72)
	at org.springframework.boot.autoconfigure.jdbc.DataSourceInitializerInvoker.afterPropertiesSet(DataSourceInitializerInvoker.java:65)
	at org.springframework.beans.factory.support.AbstractAutowireCapableBeanFactory.invokeInitMethods(AbstractAutowireCapableBeanFactory.java:1845)
	at org.springframework.beans.factory.support.AbstractAutowireCapableBeanFactory.initializeBean(AbstractAutowireCapableBeanFactory.java:1782)
	... 141 common frames omitted
Caused by: org.h2.jdbc.JdbcSQLIntegrityConstraintViolationException: Нарушение уникального индекса или первичного ключа: "PRIMARY KEY ON PUBLIC.TOUR(TOUR_ID) [101, 'BREST-MOSCOW', DATE '2021-08-01']"
Unique index or primary key violation: "PRIMARY KEY ON PUBLIC.TOUR(TOUR_ID) [101, 'BREST-MOSCOW', DATE '2021-08-01']"; SQL statement:
INSERT INTO TOUR (TOUR_ID, DIRECTION, DATE_TOUR) VALUES (101, 'BREST-MOSCOW', '2021-08-01'), (102, 'MINSK-ROME', '2021-08-01'), (103, 'MOSCOW-BARCELONA', '2021-06-15'), (104, 'MINSK-RIGA', '2021-07-02'), (105, 'MINSK-DUBAI', '2021-05-25') [23505-200]
	at org.h2.message.DbException.getJdbcSQLException(DbException.java:459)
	at org.h2.message.DbException.getJdbcSQLException(DbException.java:429)
	at org.h2.message.DbException.get(DbException.java:205)
	at org.h2.message.DbException.get(DbException.java:181)
	at org.h2.mvstore.db.MVPrimaryIndex.add(MVPrimaryIndex.java:127)
	at org.h2.mvstore.db.MVTable.addRow(MVTable.java:531)
	at org.h2.command.dml.Insert.insertRows(Insert.java:195)
	at org.h2.command.dml.Insert.update(Insert.java:151)
	at org.h2.command.CommandContainer.update(CommandContainer.java:198)
	at org.h2.command.Command.executeUpdate(Command.java:251)
	at org.h2.jdbc.JdbcStatement.executeInternal(JdbcStatement.java:228)
	at org.h2.jdbc.JdbcStatement.execute(JdbcStatement.java:201)
	at org.springframework.jdbc.datasource.init.ScriptUtils.executeSqlScript(ScriptUtils.java:601)
	... 156 common frames omitted
]]></system-out>
  </testcase>
  <testcase name="shouldOpenEditTourPageById" classname="com.aderenchuk.brest.service.web_app.TourControllerIT" time="0.001">
    <error type="java.lang.IllegalStateException"><![CDATA[java.lang.IllegalStateException: Failed to load ApplicationContext
Caused by: org.springframework.beans.factory.UnsatisfiedDependencyException: 
Error creating bean with name 'tourController' defined in file [/home/artem/IdeaProjects/aderenchuk-travel.agency/web-app/target/classes/com/aderenchuk/brest/service/web_app/TourController.class]: Unsatisfied dependency expressed through constructor parameter 0; nested exception is org.springframework.beans.factory.UnsatisfiedDependencyException: Error creating bean with name 'tourDtoServiceImpl' defined in URL [jar:file:/home/artem/IdeaProjects/aderenchuk-travel.agency/service/target/service-1.0-SNAPSHOT.jar!/com/aderenchuk/brest/service/impl/TourDtoServiceImpl.class]: Unsatisfied dependency expressed through constructor parameter 0; nested exception is org.springframework.beans.factory.UnsatisfiedDependencyException: Error creating bean with name 'tourDtoDaoJdbc' defined in URL [jar:file:/home/artem/IdeaProjects/aderenchuk-travel.agency/dao/target/dao-1.0-SNAPSHOT.jar!/com/aderenchuk/brest/dao/jdbc/TourDtoDaoJdbc.class]: Unsatisfied dependency expressed through constructor parameter 0; nested exception is org.springframework.beans.factory.BeanCreationException: Error creating bean with name 'dataSource': Post-processing of FactoryBean's singleton object failed; nested exception is org.springframework.beans.factory.BeanCreationException: Error creating bean with name 'org.springframework.boot.autoconfigure.jdbc.DataSourceInitializerInvoker': Invocation of init method failed; nested exception is org.springframework.jdbc.datasource.init.ScriptStatementFailedException: Failed to execute SQL script statement #1 of URL [jar:file:/home/artem/IdeaProjects/aderenchuk-travel.agency/test-db/target/test-db-1.0-SNAPSHOT.jar!/data.sql]: INSERT INTO TOUR (TOUR_ID, DIRECTION, DATE_TOUR) VALUES (101, 'BREST-MOSCOW', '2021-08-01'), (102, 'MINSK-ROME', '2021-08-01'), (103, 'MOSCOW-BARCELONA', '2021-06-15'), (104, 'MINSK-RIGA', '2021-07-02'), (105, 'MINSK-DUBAI', '2021-05-25'); nested exception is org.h2.jdbc.JdbcSQLIntegrityConstraintViolationException: Нарушение уникального индекса или первичного ключа: "PRIMARY KEY ON PUBLIC.TOUR(TOUR_ID) [101, 'BREST-MOSCOW', DATE '2021-08-01']"
Unique index or primary key violation: "PRIMARY KEY ON PUBLIC.TOUR(TOUR_ID) [101, 'BREST-MOSCOW', DATE '2021-08-01']"; SQL statement:
INSERT INTO TOUR (TOUR_ID, DIRECTION, DATE_TOUR) VALUES (101, 'BREST-MOSCOW', '2021-08-01'), (102, 'MINSK-ROME', '2021-08-01'), (103, 'MOSCOW-BARCELONA', '2021-06-15'), (104, 'MINSK-RIGA', '2021-07-02'), (105, 'MINSK-DUBAI', '2021-05-25') [23505-200]
Caused by: org.springframework.beans.factory.UnsatisfiedDependencyException: 
Error creating bean with name 'tourDtoServiceImpl' defined in URL [jar:file:/home/artem/IdeaProjects/aderenchuk-travel.agency/service/target/service-1.0-SNAPSHOT.jar!/com/aderenchuk/brest/service/impl/TourDtoServiceImpl.class]: Unsatisfied dependency expressed through constructor parameter 0; nested exception is org.springframework.beans.factory.UnsatisfiedDependencyException: Error creating bean with name 'tourDtoDaoJdbc' defined in URL [jar:file:/home/artem/IdeaProjects/aderenchuk-travel.agency/dao/target/dao-1.0-SNAPSHOT.jar!/com/aderenchuk/brest/dao/jdbc/TourDtoDaoJdbc.class]: Unsatisfied dependency expressed through constructor parameter 0; nested exception is org.springframework.beans.factory.BeanCreationException: Error creating bean with name 'dataSource': Post-processing of FactoryBean's singleton object failed; nested exception is org.springframework.beans.factory.BeanCreationException: Error creating bean with name 'org.springframework.boot.autoconfigure.jdbc.DataSourceInitializerInvoker': Invocation of init method failed; nested exception is org.springframework.jdbc.datasource.init.ScriptStatementFailedException: Failed to execute SQL script statement #1 of URL [jar:file:/home/artem/IdeaProjects/aderenchuk-travel.agency/test-db/target/test-db-1.0-SNAPSHOT.jar!/data.sql]: INSERT INTO TOUR (TOUR_ID, DIRECTION, DATE_TOUR) VALUES (101, 'BREST-MOSCOW', '2021-08-01'), (102, 'MINSK-ROME', '2021-08-01'), (103, 'MOSCOW-BARCELONA', '2021-06-15'), (104, 'MINSK-RIGA', '2021-07-02'), (105, 'MINSK-DUBAI', '2021-05-25'); nested exception is org.h2.jdbc.JdbcSQLIntegrityConstraintViolationException: Нарушение уникального индекса или первичного ключа: "PRIMARY KEY ON PUBLIC.TOUR(TOUR_ID) [101, 'BREST-MOSCOW', DATE '2021-08-01']"
Unique index or primary key violation: "PRIMARY KEY ON PUBLIC.TOUR(TOUR_ID) [101, 'BREST-MOSCOW', DATE '2021-08-01']"; SQL statement:
INSERT INTO TOUR (TOUR_ID, DIRECTION, DATE_TOUR) VALUES (101, 'BREST-MOSCOW', '2021-08-01'), (102, 'MINSK-ROME', '2021-08-01'), (103, 'MOSCOW-BARCELONA', '2021-06-15'), (104, 'MINSK-RIGA', '2021-07-02'), (105, 'MINSK-DUBAI', '2021-05-25') [23505-200]
Caused by: org.springframework.beans.factory.UnsatisfiedDependencyException: 
Error creating bean with name 'tourDtoDaoJdbc' defined in URL [jar:file:/home/artem/IdeaProjects/aderenchuk-travel.agency/dao/target/dao-1.0-SNAPSHOT.jar!/com/aderenchuk/brest/dao/jdbc/TourDtoDaoJdbc.class]: Unsatisfied dependency expressed through constructor parameter 0; nested exception is org.springframework.beans.factory.BeanCreationException: Error creating bean with name 'dataSource': Post-processing of FactoryBean's singleton object failed; nested exception is org.springframework.beans.factory.BeanCreationException: Error creating bean with name 'org.springframework.boot.autoconfigure.jdbc.DataSourceInitializerInvoker': Invocation of init method failed; nested exception is org.springframework.jdbc.datasource.init.ScriptStatementFailedException: Failed to execute SQL script statement #1 of URL [jar:file:/home/artem/IdeaProjects/aderenchuk-travel.agency/test-db/target/test-db-1.0-SNAPSHOT.jar!/data.sql]: INSERT INTO TOUR (TOUR_ID, DIRECTION, DATE_TOUR) VALUES (101, 'BREST-MOSCOW', '2021-08-01'), (102, 'MINSK-ROME', '2021-08-01'), (103, 'MOSCOW-BARCELONA', '2021-06-15'), (104, 'MINSK-RIGA', '2021-07-02'), (105, 'MINSK-DUBAI', '2021-05-25'); nested exception is org.h2.jdbc.JdbcSQLIntegrityConstraintViolationException: Нарушение уникального индекса или первичного ключа: "PRIMARY KEY ON PUBLIC.TOUR(TOUR_ID) [101, 'BREST-MOSCOW', DATE '2021-08-01']"
Unique index or primary key violation: "PRIMARY KEY ON PUBLIC.TOUR(TOUR_ID) [101, 'BREST-MOSCOW', DATE '2021-08-01']"; SQL statement:
INSERT INTO TOUR (TOUR_ID, DIRECTION, DATE_TOUR) VALUES (101, 'BREST-MOSCOW', '2021-08-01'), (102, 'MINSK-ROME', '2021-08-01'), (103, 'MOSCOW-BARCELONA', '2021-06-15'), (104, 'MINSK-RIGA', '2021-07-02'), (105, 'MINSK-DUBAI', '2021-05-25') [23505-200]
Caused by: org.springframework.beans.factory.BeanCreationException: 
Error creating bean with name 'dataSource': Post-processing of FactoryBean's singleton object failed; nested exception is org.springframework.beans.factory.BeanCreationException: Error creating bean with name 'org.springframework.boot.autoconfigure.jdbc.DataSourceInitializerInvoker': Invocation of init method failed; nested exception is org.springframework.jdbc.datasource.init.ScriptStatementFailedException: Failed to execute SQL script statement #1 of URL [jar:file:/home/artem/IdeaProjects/aderenchuk-travel.agency/test-db/target/test-db-1.0-SNAPSHOT.jar!/data.sql]: INSERT INTO TOUR (TOUR_ID, DIRECTION, DATE_TOUR) VALUES (101, 'BREST-MOSCOW', '2021-08-01'), (102, 'MINSK-ROME', '2021-08-01'), (103, 'MOSCOW-BARCELONA', '2021-06-15'), (104, 'MINSK-RIGA', '2021-07-02'), (105, 'MINSK-DUBAI', '2021-05-25'); nested exception is org.h2.jdbc.JdbcSQLIntegrityConstraintViolationException: Нарушение уникального индекса или первичного ключа: "PRIMARY KEY ON PUBLIC.TOUR(TOUR_ID) [101, 'BREST-MOSCOW', DATE '2021-08-01']"
Unique index or primary key violation: "PRIMARY KEY ON PUBLIC.TOUR(TOUR_ID) [101, 'BREST-MOSCOW', DATE '2021-08-01']"; SQL statement:
INSERT INTO TOUR (TOUR_ID, DIRECTION, DATE_TOUR) VALUES (101, 'BREST-MOSCOW', '2021-08-01'), (102, 'MINSK-ROME', '2021-08-01'), (103, 'MOSCOW-BARCELONA', '2021-06-15'), (104, 'MINSK-RIGA', '2021-07-02'), (105, 'MINSK-DUBAI', '2021-05-25') [23505-200]
Caused by: org.springframework.beans.factory.BeanCreationException: 
Error creating bean with name 'org.springframework.boot.autoconfigure.jdbc.DataSourceInitializerInvoker': Invocation of init method failed; nested exception is org.springframework.jdbc.datasource.init.ScriptStatementFailedException: Failed to execute SQL script statement #1 of URL [jar:file:/home/artem/IdeaProjects/aderenchuk-travel.agency/test-db/target/test-db-1.0-SNAPSHOT.jar!/data.sql]: INSERT INTO TOUR (TOUR_ID, DIRECTION, DATE_TOUR) VALUES (101, 'BREST-MOSCOW', '2021-08-01'), (102, 'MINSK-ROME', '2021-08-01'), (103, 'MOSCOW-BARCELONA', '2021-06-15'), (104, 'MINSK-RIGA', '2021-07-02'), (105, 'MINSK-DUBAI', '2021-05-25'); nested exception is org.h2.jdbc.JdbcSQLIntegrityConstraintViolationException: Нарушение уникального индекса или первичного ключа: "PRIMARY KEY ON PUBLIC.TOUR(TOUR_ID) [101, 'BREST-MOSCOW', DATE '2021-08-01']"
Unique index or primary key violation: "PRIMARY KEY ON PUBLIC.TOUR(TOUR_ID) [101, 'BREST-MOSCOW', DATE '2021-08-01']"; SQL statement:
INSERT INTO TOUR (TOUR_ID, DIRECTION, DATE_TOUR) VALUES (101, 'BREST-MOSCOW', '2021-08-01'), (102, 'MINSK-ROME', '2021-08-01'), (103, 'MOSCOW-BARCELONA', '2021-06-15'), (104, 'MINSK-RIGA', '2021-07-02'), (105, 'MINSK-DUBAI', '2021-05-25') [23505-200]
Caused by: org.springframework.jdbc.datasource.init.ScriptStatementFailedException: 
Failed to execute SQL script statement #1 of URL [jar:file:/home/artem/IdeaProjects/aderenchuk-travel.agency/test-db/target/test-db-1.0-SNAPSHOT.jar!/data.sql]: INSERT INTO TOUR (TOUR_ID, DIRECTION, DATE_TOUR) VALUES (101, 'BREST-MOSCOW', '2021-08-01'), (102, 'MINSK-ROME', '2021-08-01'), (103, 'MOSCOW-BARCELONA', '2021-06-15'), (104, 'MINSK-RIGA', '2021-07-02'), (105, 'MINSK-DUBAI', '2021-05-25'); nested exception is org.h2.jdbc.JdbcSQLIntegrityConstraintViolationException: Нарушение уникального индекса или первичного ключа: "PRIMARY KEY ON PUBLIC.TOUR(TOUR_ID) [101, 'BREST-MOSCOW', DATE '2021-08-01']"
Unique index or primary key violation: "PRIMARY KEY ON PUBLIC.TOUR(TOUR_ID) [101, 'BREST-MOSCOW', DATE '2021-08-01']"; SQL statement:
INSERT INTO TOUR (TOUR_ID, DIRECTION, DATE_TOUR) VALUES (101, 'BREST-MOSCOW', '2021-08-01'), (102, 'MINSK-ROME', '2021-08-01'), (103, 'MOSCOW-BARCELONA', '2021-06-15'), (104, 'MINSK-RIGA', '2021-07-02'), (105, 'MINSK-DUBAI', '2021-05-25') [23505-200]
Caused by: org.h2.jdbc.JdbcSQLIntegrityConstraintViolationException: 
Нарушение уникального индекса или первичного ключа: "PRIMARY KEY ON PUBLIC.TOUR(TOUR_ID) [101, 'BREST-MOSCOW', DATE '2021-08-01']"
Unique index or primary key violation: "PRIMARY KEY ON PUBLIC.TOUR(TOUR_ID) [101, 'BREST-MOSCOW', DATE '2021-08-01']"; SQL statement:
INSERT INTO TOUR (TOUR_ID, DIRECTION, DATE_TOUR) VALUES (101, 'BREST-MOSCOW', '2021-08-01'), (102, 'MINSK-ROME', '2021-08-01'), (103, 'MOSCOW-BARCELONA', '2021-06-15'), (104, 'MINSK-RIGA', '2021-07-02'), (105, 'MINSK-DUBAI', '2021-05-25') [23505-200]
]]></error>
    <system-out><![CDATA[
  .   ____          _            __ _ _
 /\\ / ___'_ __ _ _(_)_ __  __ _ \ \ \ \
( ( )\___ | '_ | '_| | '_ \/ _` | \ \ \ \
 \\/  ___)| |_)| | | | | || (_| |  ) ) ) )
  '  |____| .__|_| |_|_| |_\__, | / / / /
 =========|_|==============|___/=/_/_/_/
 :: Spring Boot ::                (v2.4.4)

22:11:42 [main] INFO  com.aderenchuk.brest.service.web_app.TourControllerIT - Starting TourControllerIT using Java 11.0.10 on artem-HP-Laptop-15-bs0xx with PID 35492 (started by artem in /home/artem/IdeaProjects/aderenchuk-travel.agency/web-app)
22:11:42 [main] INFO  com.aderenchuk.brest.service.web_app.TourControllerIT - Starting TourControllerIT using Java 11.0.10 on artem-HP-Laptop-15-bs0xx with PID 35492 (started by artem in /home/artem/IdeaProjects/aderenchuk-travel.agency/web-app)
22:11:42 [main] DEBUG com.aderenchuk.brest.service.web_app.TourControllerIT - Running with Spring Boot v2.4.4, Spring v5.3.5
22:11:42 [main] DEBUG com.aderenchuk.brest.service.web_app.TourControllerIT - Running with Spring Boot v2.4.4, Spring v5.3.5
22:11:42 [main] INFO  com.aderenchuk.brest.service.web_app.TourControllerIT - No active profile set, falling back to default profiles: default
22:11:42 [main] INFO  com.aderenchuk.brest.service.web_app.TourControllerIT - No active profile set, falling back to default profiles: default
22:11:42 [main] INFO  org.springframework.boot.test.autoconfigure.jdbc.TestDatabaseAutoConfiguration$EmbeddedDataSourceBeanFactoryPostProcessor - Replacing 'dataSource' DataSource bean with embedded version
22:11:42 [main] INFO  org.springframework.jdbc.datasource.embedded.EmbeddedDatabaseFactory - Starting embedded database: url='jdbc:h2:mem:44ff82d3-7d11-44a4-9f0e-a96517cdf810;DB_CLOSE_DELAY=-1;DB_CLOSE_ON_EXIT=false', username='sa'
22:11:42 [main] WARN  org.springframework.context.annotation.AnnotationConfigApplicationContext - Exception encountered during context initialization - cancelling refresh attempt: org.springframework.beans.factory.UnsatisfiedDependencyException: Error creating bean with name 'tourController' defined in file [/home/artem/IdeaProjects/aderenchuk-travel.agency/web-app/target/classes/com/aderenchuk/brest/service/web_app/TourController.class]: Unsatisfied dependency expressed through constructor parameter 0; nested exception is org.springframework.beans.factory.UnsatisfiedDependencyException: Error creating bean with name 'tourDtoServiceImpl' defined in URL [jar:file:/home/artem/IdeaProjects/aderenchuk-travel.agency/service/target/service-1.0-SNAPSHOT.jar!/com/aderenchuk/brest/service/impl/TourDtoServiceImpl.class]: Unsatisfied dependency expressed through constructor parameter 0; nested exception is org.springframework.beans.factory.UnsatisfiedDependencyException: Error creating bean with name 'tourDtoDaoJdbc' defined in URL [jar:file:/home/artem/IdeaProjects/aderenchuk-travel.agency/dao/target/dao-1.0-SNAPSHOT.jar!/com/aderenchuk/brest/dao/jdbc/TourDtoDaoJdbc.class]: Unsatisfied dependency expressed through constructor parameter 0; nested exception is org.springframework.beans.factory.BeanCreationException: Error creating bean with name 'dataSource': Post-processing of FactoryBean's singleton object failed; nested exception is org.springframework.beans.factory.BeanCreationException: Error creating bean with name 'org.springframework.boot.autoconfigure.jdbc.DataSourceInitializerInvoker': Invocation of init method failed; nested exception is org.springframework.jdbc.datasource.init.ScriptStatementFailedException: Failed to execute SQL script statement #1 of URL [jar:file:/home/artem/IdeaProjects/aderenchuk-travel.agency/test-db/target/test-db-1.0-SNAPSHOT.jar!/data.sql]: INSERT INTO TOUR (TOUR_ID, DIRECTION, DATE_TOUR) VALUES (101, 'BREST-MOSCOW', '2021-08-01'), (102, 'MINSK-ROME', '2021-08-01'), (103, 'MOSCOW-BARCELONA', '2021-06-15'), (104, 'MINSK-RIGA', '2021-07-02'), (105, 'MINSK-DUBAI', '2021-05-25'); nested exception is org.h2.jdbc.JdbcSQLIntegrityConstraintViolationException: Нарушение уникального индекса или первичного ключа: "PRIMARY KEY ON PUBLIC.TOUR(TOUR_ID) [101, 'BREST-MOSCOW', DATE '2021-08-01']"
Unique index or primary key violation: "PRIMARY KEY ON PUBLIC.TOUR(TOUR_ID) [101, 'BREST-MOSCOW', DATE '2021-08-01']"; SQL statement:
INSERT INTO TOUR (TOUR_ID, DIRECTION, DATE_TOUR) VALUES (101, 'BREST-MOSCOW', '2021-08-01'), (102, 'MINSK-ROME', '2021-08-01'), (103, 'MOSCOW-BARCELONA', '2021-06-15'), (104, 'MINSK-RIGA', '2021-07-02'), (105, 'MINSK-DUBAI', '2021-05-25') [23505-200]
22:11:42 [main] INFO  org.springframework.boot.autoconfigure.logging.ConditionEvaluationReportLoggingListener - 

Error starting ApplicationContext. To display the conditions report re-run your application with 'debug' enabled.
22:11:42 [main] ERROR org.springframework.boot.SpringApplication - Application run failed
org.springframework.beans.factory.UnsatisfiedDependencyException: Error creating bean with name 'tourController' defined in file [/home/artem/IdeaProjects/aderenchuk-travel.agency/web-app/target/classes/com/aderenchuk/brest/service/web_app/TourController.class]: Unsatisfied dependency expressed through constructor parameter 0; nested exception is org.springframework.beans.factory.UnsatisfiedDependencyException: Error creating bean with name 'tourDtoServiceImpl' defined in URL [jar:file:/home/artem/IdeaProjects/aderenchuk-travel.agency/service/target/service-1.0-SNAPSHOT.jar!/com/aderenchuk/brest/service/impl/TourDtoServiceImpl.class]: Unsatisfied dependency expressed through constructor parameter 0; nested exception is org.springframework.beans.factory.UnsatisfiedDependencyException: Error creating bean with name 'tourDtoDaoJdbc' defined in URL [jar:file:/home/artem/IdeaProjects/aderenchuk-travel.agency/dao/target/dao-1.0-SNAPSHOT.jar!/com/aderenchuk/brest/dao/jdbc/TourDtoDaoJdbc.class]: Unsatisfied dependency expressed through constructor parameter 0; nested exception is org.springframework.beans.factory.BeanCreationException: Error creating bean with name 'dataSource': Post-processing of FactoryBean's singleton object failed; nested exception is org.springframework.beans.factory.BeanCreationException: Error creating bean with name 'org.springframework.boot.autoconfigure.jdbc.DataSourceInitializerInvoker': Invocation of init method failed; nested exception is org.springframework.jdbc.datasource.init.ScriptStatementFailedException: Failed to execute SQL script statement #1 of URL [jar:file:/home/artem/IdeaProjects/aderenchuk-travel.agency/test-db/target/test-db-1.0-SNAPSHOT.jar!/data.sql]: INSERT INTO TOUR (TOUR_ID, DIRECTION, DATE_TOUR) VALUES (101, 'BREST-MOSCOW', '2021-08-01'), (102, 'MINSK-ROME', '2021-08-01'), (103, 'MOSCOW-BARCELONA', '2021-06-15'), (104, 'MINSK-RIGA', '2021-07-02'), (105, 'MINSK-DUBAI', '2021-05-25'); nested exception is org.h2.jdbc.JdbcSQLIntegrityConstraintViolationException: Нарушение уникального индекса или первичного ключа: "PRIMARY KEY ON PUBLIC.TOUR(TOUR_ID) [101, 'BREST-MOSCOW', DATE '2021-08-01']"
Unique index or primary key violation: "PRIMARY KEY ON PUBLIC.TOUR(TOUR_ID) [101, 'BREST-MOSCOW', DATE '2021-08-01']"; SQL statement:
INSERT INTO TOUR (TOUR_ID, DIRECTION, DATE_TOUR) VALUES (101, 'BREST-MOSCOW', '2021-08-01'), (102, 'MINSK-ROME', '2021-08-01'), (103, 'MOSCOW-BARCELONA', '2021-06-15'), (104, 'MINSK-RIGA', '2021-07-02'), (105, 'MINSK-DUBAI', '2021-05-25') [23505-200]
	at org.springframework.beans.factory.support.ConstructorResolver.createArgumentArray(ConstructorResolver.java:800)
	at org.springframework.beans.factory.support.ConstructorResolver.autowireConstructor(ConstructorResolver.java:229)
	at org.springframework.beans.factory.support.AbstractAutowireCapableBeanFactory.autowireConstructor(AbstractAutowireCapableBeanFactory.java:1354)
	at org.springframework.beans.factory.support.AbstractAutowireCapableBeanFactory.createBeanInstance(AbstractAutowireCapableBeanFactory.java:1204)
	at org.springframework.beans.factory.support.AbstractAutowireCapableBeanFactory.doCreateBean(AbstractAutowireCapableBeanFactory.java:564)
	at org.springframework.beans.factory.support.AbstractAutowireCapableBeanFactory.createBean(AbstractAutowireCapableBeanFactory.java:524)
	at org.springframework.beans.factory.support.AbstractBeanFactory.lambda$doGetBean$0(AbstractBeanFactory.java:335)
	at org.springframework.beans.factory.support.DefaultSingletonBeanRegistry.getSingleton(DefaultSingletonBeanRegistry.java:234)
	at org.springframework.beans.factory.support.AbstractBeanFactory.doGetBean(AbstractBeanFactory.java:333)
	at org.springframework.beans.factory.support.AbstractBeanFactory.getBean(AbstractBeanFactory.java:208)
	at org.springframework.beans.factory.support.DefaultListableBeanFactory.preInstantiateSingletons(DefaultListableBeanFactory.java:944)
	at org.springframework.context.support.AbstractApplicationContext.finishBeanFactoryInitialization(AbstractApplicationContext.java:918)
	at org.springframework.context.support.AbstractApplicationContext.refresh(AbstractApplicationContext.java:583)
	at org.springframework.boot.SpringApplication.refresh(SpringApplication.java:769)
	at org.springframework.boot.SpringApplication.refresh(SpringApplication.java:761)
	at org.springframework.boot.SpringApplication.refreshContext(SpringApplication.java:426)
	at org.springframework.boot.SpringApplication.run(SpringApplication.java:326)
	at org.springframework.boot.test.context.SpringBootContextLoader.loadContext(SpringBootContextLoader.java:123)
	at org.springframework.test.context.cache.DefaultCacheAwareContextLoaderDelegate.loadContextInternal(DefaultCacheAwareContextLoaderDelegate.java:99)
	at org.springframework.test.context.cache.DefaultCacheAwareContextLoaderDelegate.loadContext(DefaultCacheAwareContextLoaderDelegate.java:124)
	at org.springframework.test.context.support.DefaultTestContext.getApplicationContext(DefaultTestContext.java:124)
	at org.springframework.test.context.support.DependencyInjectionTestExecutionListener.injectDependencies(DependencyInjectionTestExecutionListener.java:118)
	at org.springframework.test.context.support.DependencyInjectionTestExecutionListener.prepareTestInstance(DependencyInjectionTestExecutionListener.java:83)
	at org.springframework.boot.test.autoconfigure.SpringBootDependencyInjectionTestExecutionListener.prepareTestInstance(SpringBootDependencyInjectionTestExecutionListener.java:43)
	at org.springframework.test.context.TestContextManager.prepareTestInstance(TestContextManager.java:244)
	at org.springframework.test.context.junit.jupiter.SpringExtension.postProcessTestInstance(SpringExtension.java:138)
	at org.junit.jupiter.engine.descriptor.ClassBasedTestDescriptor.lambda$invokeTestInstancePostProcessors$6(ClassBasedTestDescriptor.java:350)
	at org.junit.jupiter.engine.descriptor.ClassBasedTestDescriptor.executeAndMaskThrowable(ClassBasedTestDescriptor.java:355)
	at org.junit.jupiter.engine.descriptor.ClassBasedTestDescriptor.lambda$invokeTestInstancePostProcessors$7(ClassBasedTestDescriptor.java:350)
	at java.base/java.util.stream.ReferencePipeline$3$1.accept(ReferencePipeline.java:195)
	at java.base/java.util.stream.ReferencePipeline$2$1.accept(ReferencePipeline.java:177)
	at java.base/java.util.ArrayList$ArrayListSpliterator.forEachRemaining(ArrayList.java:1655)
	at java.base/java.util.stream.AbstractPipeline.copyInto(AbstractPipeline.java:484)
	at java.base/java.util.stream.AbstractPipeline.wrapAndCopyInto(AbstractPipeline.java:474)
	at java.base/java.util.stream.StreamSpliterators$WrappingSpliterator.forEachRemaining(StreamSpliterators.java:312)
	at java.base/java.util.stream.Streams$ConcatSpliterator.forEachRemaining(Streams.java:735)
	at java.base/java.util.stream.Streams$ConcatSpliterator.forEachRemaining(Streams.java:734)
	at java.base/java.util.stream.ReferencePipeline$Head.forEach(ReferencePipeline.java:658)
	at org.junit.jupiter.engine.descriptor.ClassBasedTestDescriptor.invokeTestInstancePostProcessors(ClassBasedTestDescriptor.java:349)
	at org.junit.jupiter.engine.descriptor.ClassBasedTestDescriptor.lambda$instantiateAndPostProcessTestInstance$4(ClassBasedTestDescriptor.java:270)
	at org.junit.platform.engine.support.hierarchical.ThrowableCollector.execute(ThrowableCollector.java:73)
	at org.junit.jupiter.engine.descriptor.ClassBasedTestDescriptor.instantiateAndPostProcessTestInstance(ClassBasedTestDescriptor.java:269)
	at org.junit.jupiter.engine.descriptor.ClassBasedTestDescriptor.lambda$testInstancesProvider$2(ClassBasedTestDescriptor.java:259)
	at java.base/java.util.Optional.orElseGet(Optional.java:369)
	at org.junit.jupiter.engine.descriptor.ClassBasedTestDescriptor.lambda$testInstancesProvider$3(ClassBasedTestDescriptor.java:258)
	at org.junit.jupiter.engine.execution.TestInstancesProvider.getTestInstances(TestInstancesProvider.java:31)
	at org.junit.jupiter.engine.descriptor.TestMethodTestDescriptor.lambda$prepare$0(TestMethodTestDescriptor.java:101)
	at org.junit.platform.engine.support.hierarchical.ThrowableCollector.execute(ThrowableCollector.java:73)
	at org.junit.jupiter.engine.descriptor.TestMethodTestDescriptor.prepare(TestMethodTestDescriptor.java:100)
	at org.junit.jupiter.engine.descriptor.TestMethodTestDescriptor.prepare(TestMethodTestDescriptor.java:65)
	at org.junit.platform.engine.support.hierarchical.NodeTestTask.lambda$prepare$1(NodeTestTask.java:111)
	at org.junit.platform.engine.support.hierarchical.ThrowableCollector.execute(ThrowableCollector.java:73)
	at org.junit.platform.engine.support.hierarchical.NodeTestTask.prepare(NodeTestTask.java:111)
	at org.junit.platform.engine.support.hierarchical.NodeTestTask.execute(NodeTestTask.java:79)
	at java.base/java.util.ArrayList.forEach(ArrayList.java:1541)
	at org.junit.platform.engine.support.hierarchical.SameThreadHierarchicalTestExecutorService.invokeAll(SameThreadHierarchicalTestExecutorService.java:38)
	at org.junit.platform.engine.support.hierarchical.NodeTestTask.lambda$executeRecursively$5(NodeTestTask.java:143)
	at org.junit.platform.engine.support.hierarchical.ThrowableCollector.execute(ThrowableCollector.java:73)
	at org.junit.platform.engine.support.hierarchical.NodeTestTask.lambda$executeRecursively$7(NodeTestTask.java:129)
	at org.junit.platform.engine.support.hierarchical.Node.around(Node.java:137)
	at org.junit.platform.engine.support.hierarchical.NodeTestTask.lambda$executeRecursively$8(NodeTestTask.java:127)
	at org.junit.platform.engine.support.hierarchical.ThrowableCollector.execute(ThrowableCollector.java:73)
	at org.junit.platform.engine.support.hierarchical.NodeTestTask.executeRecursively(NodeTestTask.java:126)
	at org.junit.platform.engine.support.hierarchical.NodeTestTask.execute(NodeTestTask.java:84)
	at java.base/java.util.ArrayList.forEach(ArrayList.java:1541)
	at org.junit.platform.engine.support.hierarchical.SameThreadHierarchicalTestExecutorService.invokeAll(SameThreadHierarchicalTestExecutorService.java:38)
	at org.junit.platform.engine.support.hierarchical.NodeTestTask.lambda$executeRecursively$5(NodeTestTask.java:143)
	at org.junit.platform.engine.support.hierarchical.ThrowableCollector.execute(ThrowableCollector.java:73)
	at org.junit.platform.engine.support.hierarchical.NodeTestTask.lambda$executeRecursively$7(NodeTestTask.java:129)
	at org.junit.platform.engine.support.hierarchical.Node.around(Node.java:137)
	at org.junit.platform.engine.support.hierarchical.NodeTestTask.lambda$executeRecursively$8(NodeTestTask.java:127)
	at org.junit.platform.engine.support.hierarchical.ThrowableCollector.execute(ThrowableCollector.java:73)
	at org.junit.platform.engine.support.hierarchical.NodeTestTask.executeRecursively(NodeTestTask.java:126)
	at org.junit.platform.engine.support.hierarchical.NodeTestTask.execute(NodeTestTask.java:84)
	at org.junit.platform.engine.support.hierarchical.SameThreadHierarchicalTestExecutorService.submit(SameThreadHierarchicalTestExecutorService.java:32)
	at org.junit.platform.engine.support.hierarchical.HierarchicalTestExecutor.execute(HierarchicalTestExecutor.java:57)
	at org.junit.platform.engine.support.hierarchical.HierarchicalTestEngine.execute(HierarchicalTestEngine.java:51)
	at org.junit.platform.launcher.core.EngineExecutionOrchestrator.execute(EngineExecutionOrchestrator.java:108)
	at org.junit.platform.launcher.core.EngineExecutionOrchestrator.execute(EngineExecutionOrchestrator.java:88)
	at org.junit.platform.launcher.core.EngineExecutionOrchestrator.lambda$execute$0(EngineExecutionOrchestrator.java:54)
	at org.junit.platform.launcher.core.EngineExecutionOrchestrator.withInterceptedStreams(EngineExecutionOrchestrator.java:67)
	at org.junit.platform.launcher.core.EngineExecutionOrchestrator.execute(EngineExecutionOrchestrator.java:52)
	at org.junit.platform.launcher.core.DefaultLauncher.execute(DefaultLauncher.java:96)
	at org.junit.platform.launcher.core.DefaultLauncher.execute(DefaultLauncher.java:75)
	at org.apache.maven.surefire.junitplatform.JUnitPlatformProvider.invokeAllTests(JUnitPlatformProvider.java:154)
	at org.apache.maven.surefire.junitplatform.JUnitPlatformProvider.invoke(JUnitPlatformProvider.java:127)
	at org.apache.maven.surefire.booter.ForkedBooter.runSuitesInProcess(ForkedBooter.java:377)
	at org.apache.maven.surefire.booter.ForkedBooter.execute(ForkedBooter.java:138)
	at org.apache.maven.surefire.booter.ForkedBooter.run(ForkedBooter.java:465)
	at org.apache.maven.surefire.booter.ForkedBooter.main(ForkedBooter.java:451)
Caused by: org.springframework.beans.factory.UnsatisfiedDependencyException: Error creating bean with name 'tourDtoServiceImpl' defined in URL [jar:file:/home/artem/IdeaProjects/aderenchuk-travel.agency/service/target/service-1.0-SNAPSHOT.jar!/com/aderenchuk/brest/service/impl/TourDtoServiceImpl.class]: Unsatisfied dependency expressed through constructor parameter 0; nested exception is org.springframework.beans.factory.UnsatisfiedDependencyException: Error creating bean with name 'tourDtoDaoJdbc' defined in URL [jar:file:/home/artem/IdeaProjects/aderenchuk-travel.agency/dao/target/dao-1.0-SNAPSHOT.jar!/com/aderenchuk/brest/dao/jdbc/TourDtoDaoJdbc.class]: Unsatisfied dependency expressed through constructor parameter 0; nested exception is org.springframework.beans.factory.BeanCreationException: Error creating bean with name 'dataSource': Post-processing of FactoryBean's singleton object failed; nested exception is org.springframework.beans.factory.BeanCreationException: Error creating bean with name 'org.springframework.boot.autoconfigure.jdbc.DataSourceInitializerInvoker': Invocation of init method failed; nested exception is org.springframework.jdbc.datasource.init.ScriptStatementFailedException: Failed to execute SQL script statement #1 of URL [jar:file:/home/artem/IdeaProjects/aderenchuk-travel.agency/test-db/target/test-db-1.0-SNAPSHOT.jar!/data.sql]: INSERT INTO TOUR (TOUR_ID, DIRECTION, DATE_TOUR) VALUES (101, 'BREST-MOSCOW', '2021-08-01'), (102, 'MINSK-ROME', '2021-08-01'), (103, 'MOSCOW-BARCELONA', '2021-06-15'), (104, 'MINSK-RIGA', '2021-07-02'), (105, 'MINSK-DUBAI', '2021-05-25'); nested exception is org.h2.jdbc.JdbcSQLIntegrityConstraintViolationException: Нарушение уникального индекса или первичного ключа: "PRIMARY KEY ON PUBLIC.TOUR(TOUR_ID) [101, 'BREST-MOSCOW', DATE '2021-08-01']"
Unique index or primary key violation: "PRIMARY KEY ON PUBLIC.TOUR(TOUR_ID) [101, 'BREST-MOSCOW', DATE '2021-08-01']"; SQL statement:
INSERT INTO TOUR (TOUR_ID, DIRECTION, DATE_TOUR) VALUES (101, 'BREST-MOSCOW', '2021-08-01'), (102, 'MINSK-ROME', '2021-08-01'), (103, 'MOSCOW-BARCELONA', '2021-06-15'), (104, 'MINSK-RIGA', '2021-07-02'), (105, 'MINSK-DUBAI', '2021-05-25') [23505-200]
	at org.springframework.beans.factory.support.ConstructorResolver.createArgumentArray(ConstructorResolver.java:800)
	at org.springframework.beans.factory.support.ConstructorResolver.autowireConstructor(ConstructorResolver.java:229)
	at org.springframework.beans.factory.support.AbstractAutowireCapableBeanFactory.autowireConstructor(AbstractAutowireCapableBeanFactory.java:1354)
	at org.springframework.beans.factory.support.AbstractAutowireCapableBeanFactory.createBeanInstance(AbstractAutowireCapableBeanFactory.java:1204)
	at org.springframework.beans.factory.support.AbstractAutowireCapableBeanFactory.doCreateBean(AbstractAutowireCapableBeanFactory.java:564)
	at org.springframework.beans.factory.support.AbstractAutowireCapableBeanFactory.createBean(AbstractAutowireCapableBeanFactory.java:524)
	at org.springframework.beans.factory.support.AbstractBeanFactory.lambda$doGetBean$0(AbstractBeanFactory.java:335)
	at org.springframework.beans.factory.support.DefaultSingletonBeanRegistry.getSingleton(DefaultSingletonBeanRegistry.java:234)
	at org.springframework.beans.factory.support.AbstractBeanFactory.doGetBean(AbstractBeanFactory.java:333)
	at org.springframework.beans.factory.support.AbstractBeanFactory.getBean(AbstractBeanFactory.java:208)
	at org.springframework.beans.factory.config.DependencyDescriptor.resolveCandidate(DependencyDescriptor.java:276)
	at org.springframework.beans.factory.support.DefaultListableBeanFactory.doResolveDependency(DefaultListableBeanFactory.java:1380)
	at org.springframework.beans.factory.support.DefaultListableBeanFactory.resolveDependency(DefaultListableBeanFactory.java:1300)
	at org.springframework.beans.factory.support.ConstructorResolver.resolveAutowiredArgument(ConstructorResolver.java:887)
	at org.springframework.beans.factory.support.ConstructorResolver.createArgumentArray(ConstructorResolver.java:791)
	... 89 common frames omitted
Caused by: org.springframework.beans.factory.UnsatisfiedDependencyException: Error creating bean with name 'tourDtoDaoJdbc' defined in URL [jar:file:/home/artem/IdeaProjects/aderenchuk-travel.agency/dao/target/dao-1.0-SNAPSHOT.jar!/com/aderenchuk/brest/dao/jdbc/TourDtoDaoJdbc.class]: Unsatisfied dependency expressed through constructor parameter 0; nested exception is org.springframework.beans.factory.BeanCreationException: Error creating bean with name 'dataSource': Post-processing of FactoryBean's singleton object failed; nested exception is org.springframework.beans.factory.BeanCreationException: Error creating bean with name 'org.springframework.boot.autoconfigure.jdbc.DataSourceInitializerInvoker': Invocation of init method failed; nested exception is org.springframework.jdbc.datasource.init.ScriptStatementFailedException: Failed to execute SQL script statement #1 of URL [jar:file:/home/artem/IdeaProjects/aderenchuk-travel.agency/test-db/target/test-db-1.0-SNAPSHOT.jar!/data.sql]: INSERT INTO TOUR (TOUR_ID, DIRECTION, DATE_TOUR) VALUES (101, 'BREST-MOSCOW', '2021-08-01'), (102, 'MINSK-ROME', '2021-08-01'), (103, 'MOSCOW-BARCELONA', '2021-06-15'), (104, 'MINSK-RIGA', '2021-07-02'), (105, 'MINSK-DUBAI', '2021-05-25'); nested exception is org.h2.jdbc.JdbcSQLIntegrityConstraintViolationException: Нарушение уникального индекса или первичного ключа: "PRIMARY KEY ON PUBLIC.TOUR(TOUR_ID) [101, 'BREST-MOSCOW', DATE '2021-08-01']"
Unique index or primary key violation: "PRIMARY KEY ON PUBLIC.TOUR(TOUR_ID) [101, 'BREST-MOSCOW', DATE '2021-08-01']"; SQL statement:
INSERT INTO TOUR (TOUR_ID, DIRECTION, DATE_TOUR) VALUES (101, 'BREST-MOSCOW', '2021-08-01'), (102, 'MINSK-ROME', '2021-08-01'), (103, 'MOSCOW-BARCELONA', '2021-06-15'), (104, 'MINSK-RIGA', '2021-07-02'), (105, 'MINSK-DUBAI', '2021-05-25') [23505-200]
	at org.springframework.beans.factory.support.ConstructorResolver.createArgumentArray(ConstructorResolver.java:800)
	at org.springframework.beans.factory.support.ConstructorResolver.autowireConstructor(ConstructorResolver.java:229)
	at org.springframework.beans.factory.support.AbstractAutowireCapableBeanFactory.autowireConstructor(AbstractAutowireCapableBeanFactory.java:1354)
	at org.springframework.beans.factory.support.AbstractAutowireCapableBeanFactory.createBeanInstance(AbstractAutowireCapableBeanFactory.java:1204)
	at org.springframework.beans.factory.support.AbstractAutowireCapableBeanFactory.doCreateBean(AbstractAutowireCapableBeanFactory.java:564)
	at org.springframework.beans.factory.support.AbstractAutowireCapableBeanFactory.createBean(AbstractAutowireCapableBeanFactory.java:524)
	at org.springframework.beans.factory.support.AbstractBeanFactory.lambda$doGetBean$0(AbstractBeanFactory.java:335)
	at org.springframework.beans.factory.support.DefaultSingletonBeanRegistry.getSingleton(DefaultSingletonBeanRegistry.java:234)
	at org.springframework.beans.factory.support.AbstractBeanFactory.doGetBean(AbstractBeanFactory.java:333)
	at org.springframework.beans.factory.support.AbstractBeanFactory.getBean(AbstractBeanFactory.java:208)
	at org.springframework.beans.factory.config.DependencyDescriptor.resolveCandidate(DependencyDescriptor.java:276)
	at org.springframework.beans.factory.support.DefaultListableBeanFactory.doResolveDependency(DefaultListableBeanFactory.java:1380)
	at org.springframework.beans.factory.support.DefaultListableBeanFactory.resolveDependency(DefaultListableBeanFactory.java:1300)
	at org.springframework.beans.factory.support.ConstructorResolver.resolveAutowiredArgument(ConstructorResolver.java:887)
	at org.springframework.beans.factory.support.ConstructorResolver.createArgumentArray(ConstructorResolver.java:791)
	... 103 common frames omitted
Caused by: org.springframework.beans.factory.BeanCreationException: Error creating bean with name 'dataSource': Post-processing of FactoryBean's singleton object failed; nested exception is org.springframework.beans.factory.BeanCreationException: Error creating bean with name 'org.springframework.boot.autoconfigure.jdbc.DataSourceInitializerInvoker': Invocation of init method failed; nested exception is org.springframework.jdbc.datasource.init.ScriptStatementFailedException: Failed to execute SQL script statement #1 of URL [jar:file:/home/artem/IdeaProjects/aderenchuk-travel.agency/test-db/target/test-db-1.0-SNAPSHOT.jar!/data.sql]: INSERT INTO TOUR (TOUR_ID, DIRECTION, DATE_TOUR) VALUES (101, 'BREST-MOSCOW', '2021-08-01'), (102, 'MINSK-ROME', '2021-08-01'), (103, 'MOSCOW-BARCELONA', '2021-06-15'), (104, 'MINSK-RIGA', '2021-07-02'), (105, 'MINSK-DUBAI', '2021-05-25'); nested exception is org.h2.jdbc.JdbcSQLIntegrityConstraintViolationException: Нарушение уникального индекса или первичного ключа: "PRIMARY KEY ON PUBLIC.TOUR(TOUR_ID) [101, 'BREST-MOSCOW', DATE '2021-08-01']"
Unique index or primary key violation: "PRIMARY KEY ON PUBLIC.TOUR(TOUR_ID) [101, 'BREST-MOSCOW', DATE '2021-08-01']"; SQL statement:
INSERT INTO TOUR (TOUR_ID, DIRECTION, DATE_TOUR) VALUES (101, 'BREST-MOSCOW', '2021-08-01'), (102, 'MINSK-ROME', '2021-08-01'), (103, 'MOSCOW-BARCELONA', '2021-06-15'), (104, 'MINSK-RIGA', '2021-07-02'), (105, 'MINSK-DUBAI', '2021-05-25') [23505-200]
	at org.springframework.beans.factory.support.FactoryBeanRegistrySupport.getObjectFromFactoryBean(FactoryBeanRegistrySupport.java:119)
	at org.springframework.beans.factory.support.AbstractBeanFactory.getObjectForBeanInstance(AbstractBeanFactory.java:1884)
	at org.springframework.beans.factory.support.AbstractAutowireCapableBeanFactory.getObjectForBeanInstance(AbstractAutowireCapableBeanFactory.java:1266)
	at org.springframework.beans.factory.support.AbstractBeanFactory.doGetBean(AbstractBeanFactory.java:345)
	at org.springframework.beans.factory.support.AbstractBeanFactory.getBean(AbstractBeanFactory.java:208)
	at org.springframework.beans.factory.config.DependencyDescriptor.resolveCandidate(DependencyDescriptor.java:276)
	at org.springframework.beans.factory.support.DefaultListableBeanFactory.doResolveDependency(DefaultListableBeanFactory.java:1380)
	at org.springframework.beans.factory.support.DefaultListableBeanFactory.resolveDependency(DefaultListableBeanFactory.java:1300)
	at org.springframework.beans.factory.support.ConstructorResolver.resolveAutowiredArgument(ConstructorResolver.java:887)
	at org.springframework.beans.factory.support.ConstructorResolver.createArgumentArray(ConstructorResolver.java:791)
	... 117 common frames omitted
Caused by: org.springframework.beans.factory.BeanCreationException: Error creating bean with name 'org.springframework.boot.autoconfigure.jdbc.DataSourceInitializerInvoker': Invocation of init method failed; nested exception is org.springframework.jdbc.datasource.init.ScriptStatementFailedException: Failed to execute SQL script statement #1 of URL [jar:file:/home/artem/IdeaProjects/aderenchuk-travel.agency/test-db/target/test-db-1.0-SNAPSHOT.jar!/data.sql]: INSERT INTO TOUR (TOUR_ID, DIRECTION, DATE_TOUR) VALUES (101, 'BREST-MOSCOW', '2021-08-01'), (102, 'MINSK-ROME', '2021-08-01'), (103, 'MOSCOW-BARCELONA', '2021-06-15'), (104, 'MINSK-RIGA', '2021-07-02'), (105, 'MINSK-DUBAI', '2021-05-25'); nested exception is org.h2.jdbc.JdbcSQLIntegrityConstraintViolationException: Нарушение уникального индекса или первичного ключа: "PRIMARY KEY ON PUBLIC.TOUR(TOUR_ID) [101, 'BREST-MOSCOW', DATE '2021-08-01']"
Unique index or primary key violation: "PRIMARY KEY ON PUBLIC.TOUR(TOUR_ID) [101, 'BREST-MOSCOW', DATE '2021-08-01']"; SQL statement:
INSERT INTO TOUR (TOUR_ID, DIRECTION, DATE_TOUR) VALUES (101, 'BREST-MOSCOW', '2021-08-01'), (102, 'MINSK-ROME', '2021-08-01'), (103, 'MOSCOW-BARCELONA', '2021-06-15'), (104, 'MINSK-RIGA', '2021-07-02'), (105, 'MINSK-DUBAI', '2021-05-25') [23505-200]
	at org.springframework.beans.factory.support.AbstractAutowireCapableBeanFactory.initializeBean(AbstractAutowireCapableBeanFactory.java:1786)
	at org.springframework.beans.factory.support.AbstractAutowireCapableBeanFactory.doCreateBean(AbstractAutowireCapableBeanFactory.java:602)
	at org.springframework.beans.factory.support.AbstractAutowireCapableBeanFactory.createBean(AbstractAutowireCapableBeanFactory.java:524)
	at org.springframework.beans.factory.support.AbstractBeanFactory.lambda$doGetBean$0(AbstractBeanFactory.java:335)
	at org.springframework.beans.factory.support.DefaultSingletonBeanRegistry.getSingleton(DefaultSingletonBeanRegistry.java:234)
	at org.springframework.beans.factory.support.AbstractBeanFactory.doGetBean(AbstractBeanFactory.java:333)
	at org.springframework.beans.factory.support.AbstractBeanFactory.getBean(AbstractBeanFactory.java:233)
	at org.springframework.beans.factory.support.DefaultListableBeanFactory.resolveNamedBean(DefaultListableBeanFactory.java:1273)
	at org.springframework.beans.factory.support.DefaultListableBeanFactory.resolveNamedBean(DefaultListableBeanFactory.java:1234)
	at org.springframework.beans.factory.support.DefaultListableBeanFactory.resolveBean(DefaultListableBeanFactory.java:494)
	at org.springframework.beans.factory.support.DefaultListableBeanFactory.getBean(DefaultListableBeanFactory.java:349)
	at org.springframework.beans.factory.support.DefaultListableBeanFactory.getBean(DefaultListableBeanFactory.java:342)
	at org.springframework.boot.autoconfigure.jdbc.DataSourceInitializerPostProcessor.postProcessAfterInitialization(DataSourceInitializerPostProcessor.java:51)
	at org.springframework.beans.factory.support.AbstractAutowireCapableBeanFactory.applyBeanPostProcessorsAfterInitialization(AbstractAutowireCapableBeanFactory.java:437)
	at org.springframework.beans.factory.support.AbstractAutowireCapableBeanFactory.postProcessObjectFromFactoryBean(AbstractAutowireCapableBeanFactory.java:1929)
	at org.springframework.beans.factory.support.FactoryBeanRegistrySupport.getObjectFromFactoryBean(FactoryBeanRegistrySupport.java:116)
	... 126 common frames omitted
Caused by: org.springframework.jdbc.datasource.init.ScriptStatementFailedException: Failed to execute SQL script statement #1 of URL [jar:file:/home/artem/IdeaProjects/aderenchuk-travel.agency/test-db/target/test-db-1.0-SNAPSHOT.jar!/data.sql]: INSERT INTO TOUR (TOUR_ID, DIRECTION, DATE_TOUR) VALUES (101, 'BREST-MOSCOW', '2021-08-01'), (102, 'MINSK-ROME', '2021-08-01'), (103, 'MOSCOW-BARCELONA', '2021-06-15'), (104, 'MINSK-RIGA', '2021-07-02'), (105, 'MINSK-DUBAI', '2021-05-25'); nested exception is org.h2.jdbc.JdbcSQLIntegrityConstraintViolationException: Нарушение уникального индекса или первичного ключа: "PRIMARY KEY ON PUBLIC.TOUR(TOUR_ID) [101, 'BREST-MOSCOW', DATE '2021-08-01']"
Unique index or primary key violation: "PRIMARY KEY ON PUBLIC.TOUR(TOUR_ID) [101, 'BREST-MOSCOW', DATE '2021-08-01']"; SQL statement:
INSERT INTO TOUR (TOUR_ID, DIRECTION, DATE_TOUR) VALUES (101, 'BREST-MOSCOW', '2021-08-01'), (102, 'MINSK-ROME', '2021-08-01'), (103, 'MOSCOW-BARCELONA', '2021-06-15'), (104, 'MINSK-RIGA', '2021-07-02'), (105, 'MINSK-DUBAI', '2021-05-25') [23505-200]
	at org.springframework.jdbc.datasource.init.ScriptUtils.executeSqlScript(ScriptUtils.java:622)
	at org.springframework.jdbc.datasource.init.ResourceDatabasePopulator.populate(ResourceDatabasePopulator.java:254)
	at org.springframework.jdbc.datasource.init.DatabasePopulatorUtils.execute(DatabasePopulatorUtils.java:49)
	at org.springframework.boot.autoconfigure.jdbc.DataSourceInitializer.runScripts(DataSourceInitializer.java:202)
	at org.springframework.boot.autoconfigure.jdbc.DataSourceInitializer.initSchema(DataSourceInitializer.java:119)
	at org.springframework.boot.autoconfigure.jdbc.DataSourceInitializerInvoker.onApplicationEvent(DataSourceInitializerInvoker.java:91)
	at org.springframework.boot.autoconfigure.jdbc.DataSourceInitializerInvoker.onApplicationEvent(DataSourceInitializerInvoker.java:38)
	at org.springframework.context.event.SimpleApplicationEventMulticaster.doInvokeListener(SimpleApplicationEventMulticaster.java:176)
	at org.springframework.context.event.SimpleApplicationEventMulticaster.invokeListener(SimpleApplicationEventMulticaster.java:169)
	at org.springframework.context.event.SimpleApplicationEventMulticaster.multicastEvent(SimpleApplicationEventMulticaster.java:143)
	at org.springframework.context.support.AbstractApplicationContext.publishEvent(AbstractApplicationContext.java:421)
	at org.springframework.context.support.AbstractApplicationContext.publishEvent(AbstractApplicationContext.java:378)
	at org.springframework.boot.autoconfigure.jdbc.DataSourceInitializerInvoker.initialize(DataSourceInitializerInvoker.java:72)
	at org.springframework.boot.autoconfigure.jdbc.DataSourceInitializerInvoker.afterPropertiesSet(DataSourceInitializerInvoker.java:65)
	at org.springframework.beans.factory.support.AbstractAutowireCapableBeanFactory.invokeInitMethods(AbstractAutowireCapableBeanFactory.java:1845)
	at org.springframework.beans.factory.support.AbstractAutowireCapableBeanFactory.initializeBean(AbstractAutowireCapableBeanFactory.java:1782)
	... 141 common frames omitted
Caused by: org.h2.jdbc.JdbcSQLIntegrityConstraintViolationException: Нарушение уникального индекса или первичного ключа: "PRIMARY KEY ON PUBLIC.TOUR(TOUR_ID) [101, 'BREST-MOSCOW', DATE '2021-08-01']"
Unique index or primary key violation: "PRIMARY KEY ON PUBLIC.TOUR(TOUR_ID) [101, 'BREST-MOSCOW', DATE '2021-08-01']"; SQL statement:
INSERT INTO TOUR (TOUR_ID, DIRECTION, DATE_TOUR) VALUES (101, 'BREST-MOSCOW', '2021-08-01'), (102, 'MINSK-ROME', '2021-08-01'), (103, 'MOSCOW-BARCELONA', '2021-06-15'), (104, 'MINSK-RIGA', '2021-07-02'), (105, 'MINSK-DUBAI', '2021-05-25') [23505-200]
	at org.h2.message.DbException.getJdbcSQLException(DbException.java:459)
	at org.h2.message.DbException.getJdbcSQLException(DbException.java:429)
	at org.h2.message.DbException.get(DbException.java:205)
	at org.h2.message.DbException.get(DbException.java:181)
	at org.h2.mvstore.db.MVPrimaryIndex.add(MVPrimaryIndex.java:127)
	at org.h2.mvstore.db.MVTable.addRow(MVTable.java:531)
	at org.h2.command.dml.Insert.insertRows(Insert.java:195)
	at org.h2.command.dml.Insert.update(Insert.java:151)
	at org.h2.command.CommandContainer.update(CommandContainer.java:198)
	at org.h2.command.Command.executeUpdate(Command.java:251)
	at org.h2.jdbc.JdbcStatement.executeInternal(JdbcStatement.java:228)
	at org.h2.jdbc.JdbcStatement.execute(JdbcStatement.java:201)
	at org.springframework.jdbc.datasource.init.ScriptUtils.executeSqlScript(ScriptUtils.java:601)
	... 156 common frames omitted

  .   ____          _            __ _ _
 /\\ / ___'_ __ _ _(_)_ __  __ _ \ \ \ \
( ( )\___ | '_ | '_| | '_ \/ _` | \ \ \ \
 \\/  ___)| |_)| | | | | || (_| |  ) ) ) )
  '  |____| .__|_| |_|_| |_\__, | / / / /
 =========|_|==============|___/=/_/_/_/
 :: Spring Boot ::                (v2.4.4)

22:11:42 [main] INFO  com.aderenchuk.brest.service.web_app.TourControllerIT - Starting TourControllerIT using Java 11.0.10 on artem-HP-Laptop-15-bs0xx with PID 35492 (started by artem in /home/artem/IdeaProjects/aderenchuk-travel.agency/web-app)
22:11:42 [main] INFO  com.aderenchuk.brest.service.web_app.TourControllerIT - Starting TourControllerIT using Java 11.0.10 on artem-HP-Laptop-15-bs0xx with PID 35492 (started by artem in /home/artem/IdeaProjects/aderenchuk-travel.agency/web-app)
22:11:42 [main] DEBUG com.aderenchuk.brest.service.web_app.TourControllerIT - Running with Spring Boot v2.4.4, Spring v5.3.5
22:11:42 [main] DEBUG com.aderenchuk.brest.service.web_app.TourControllerIT - Running with Spring Boot v2.4.4, Spring v5.3.5
22:11:42 [main] INFO  com.aderenchuk.brest.service.web_app.TourControllerIT - No active profile set, falling back to default profiles: default
22:11:42 [main] INFO  com.aderenchuk.brest.service.web_app.TourControllerIT - No active profile set, falling back to default profiles: default
22:11:42 [main] INFO  org.springframework.boot.test.autoconfigure.jdbc.TestDatabaseAutoConfiguration$EmbeddedDataSourceBeanFactoryPostProcessor - Replacing 'dataSource' DataSource bean with embedded version
22:11:42 [main] INFO  org.springframework.jdbc.datasource.embedded.EmbeddedDatabaseFactory - Starting embedded database: url='jdbc:h2:mem:6a542c05-8422-43f0-8ac5-dc38569531c2;DB_CLOSE_DELAY=-1;DB_CLOSE_ON_EXIT=false', username='sa'
22:11:43 [main] WARN  org.springframework.context.annotation.AnnotationConfigApplicationContext - Exception encountered during context initialization - cancelling refresh attempt: org.springframework.beans.factory.UnsatisfiedDependencyException: Error creating bean with name 'tourController' defined in file [/home/artem/IdeaProjects/aderenchuk-travel.agency/web-app/target/classes/com/aderenchuk/brest/service/web_app/TourController.class]: Unsatisfied dependency expressed through constructor parameter 0; nested exception is org.springframework.beans.factory.UnsatisfiedDependencyException: Error creating bean with name 'tourDtoServiceImpl' defined in URL [jar:file:/home/artem/IdeaProjects/aderenchuk-travel.agency/service/target/service-1.0-SNAPSHOT.jar!/com/aderenchuk/brest/service/impl/TourDtoServiceImpl.class]: Unsatisfied dependency expressed through constructor parameter 0; nested exception is org.springframework.beans.factory.UnsatisfiedDependencyException: Error creating bean with name 'tourDtoDaoJdbc' defined in URL [jar:file:/home/artem/IdeaProjects/aderenchuk-travel.agency/dao/target/dao-1.0-SNAPSHOT.jar!/com/aderenchuk/brest/dao/jdbc/TourDtoDaoJdbc.class]: Unsatisfied dependency expressed through constructor parameter 0; nested exception is org.springframework.beans.factory.BeanCreationException: Error creating bean with name 'dataSource': Post-processing of FactoryBean's singleton object failed; nested exception is org.springframework.beans.factory.BeanCreationException: Error creating bean with name 'org.springframework.boot.autoconfigure.jdbc.DataSourceInitializerInvoker': Invocation of init method failed; nested exception is org.springframework.jdbc.datasource.init.ScriptStatementFailedException: Failed to execute SQL script statement #1 of URL [jar:file:/home/artem/IdeaProjects/aderenchuk-travel.agency/test-db/target/test-db-1.0-SNAPSHOT.jar!/data.sql]: INSERT INTO TOUR (TOUR_ID, DIRECTION, DATE_TOUR) VALUES (101, 'BREST-MOSCOW', '2021-08-01'), (102, 'MINSK-ROME', '2021-08-01'), (103, 'MOSCOW-BARCELONA', '2021-06-15'), (104, 'MINSK-RIGA', '2021-07-02'), (105, 'MINSK-DUBAI', '2021-05-25'); nested exception is org.h2.jdbc.JdbcSQLIntegrityConstraintViolationException: Нарушение уникального индекса или первичного ключа: "PRIMARY KEY ON PUBLIC.TOUR(TOUR_ID) [101, 'BREST-MOSCOW', DATE '2021-08-01']"
Unique index or primary key violation: "PRIMARY KEY ON PUBLIC.TOUR(TOUR_ID) [101, 'BREST-MOSCOW', DATE '2021-08-01']"; SQL statement:
INSERT INTO TOUR (TOUR_ID, DIRECTION, DATE_TOUR) VALUES (101, 'BREST-MOSCOW', '2021-08-01'), (102, 'MINSK-ROME', '2021-08-01'), (103, 'MOSCOW-BARCELONA', '2021-06-15'), (104, 'MINSK-RIGA', '2021-07-02'), (105, 'MINSK-DUBAI', '2021-05-25') [23505-200]
22:11:43 [main] INFO  org.springframework.boot.autoconfigure.logging.ConditionEvaluationReportLoggingListener - 

Error starting ApplicationContext. To display the conditions report re-run your application with 'debug' enabled.
22:11:43 [main] ERROR org.springframework.boot.SpringApplication - Application run failed
org.springframework.beans.factory.UnsatisfiedDependencyException: Error creating bean with name 'tourController' defined in file [/home/artem/IdeaProjects/aderenchuk-travel.agency/web-app/target/classes/com/aderenchuk/brest/service/web_app/TourController.class]: Unsatisfied dependency expressed through constructor parameter 0; nested exception is org.springframework.beans.factory.UnsatisfiedDependencyException: Error creating bean with name 'tourDtoServiceImpl' defined in URL [jar:file:/home/artem/IdeaProjects/aderenchuk-travel.agency/service/target/service-1.0-SNAPSHOT.jar!/com/aderenchuk/brest/service/impl/TourDtoServiceImpl.class]: Unsatisfied dependency expressed through constructor parameter 0; nested exception is org.springframework.beans.factory.UnsatisfiedDependencyException: Error creating bean with name 'tourDtoDaoJdbc' defined in URL [jar:file:/home/artem/IdeaProjects/aderenchuk-travel.agency/dao/target/dao-1.0-SNAPSHOT.jar!/com/aderenchuk/brest/dao/jdbc/TourDtoDaoJdbc.class]: Unsatisfied dependency expressed through constructor parameter 0; nested exception is org.springframework.beans.factory.BeanCreationException: Error creating bean with name 'dataSource': Post-processing of FactoryBean's singleton object failed; nested exception is org.springframework.beans.factory.BeanCreationException: Error creating bean with name 'org.springframework.boot.autoconfigure.jdbc.DataSourceInitializerInvoker': Invocation of init method failed; nested exception is org.springframework.jdbc.datasource.init.ScriptStatementFailedException: Failed to execute SQL script statement #1 of URL [jar:file:/home/artem/IdeaProjects/aderenchuk-travel.agency/test-db/target/test-db-1.0-SNAPSHOT.jar!/data.sql]: INSERT INTO TOUR (TOUR_ID, DIRECTION, DATE_TOUR) VALUES (101, 'BREST-MOSCOW', '2021-08-01'), (102, 'MINSK-ROME', '2021-08-01'), (103, 'MOSCOW-BARCELONA', '2021-06-15'), (104, 'MINSK-RIGA', '2021-07-02'), (105, 'MINSK-DUBAI', '2021-05-25'); nested exception is org.h2.jdbc.JdbcSQLIntegrityConstraintViolationException: Нарушение уникального индекса или первичного ключа: "PRIMARY KEY ON PUBLIC.TOUR(TOUR_ID) [101, 'BREST-MOSCOW', DATE '2021-08-01']"
Unique index or primary key violation: "PRIMARY KEY ON PUBLIC.TOUR(TOUR_ID) [101, 'BREST-MOSCOW', DATE '2021-08-01']"; SQL statement:
INSERT INTO TOUR (TOUR_ID, DIRECTION, DATE_TOUR) VALUES (101, 'BREST-MOSCOW', '2021-08-01'), (102, 'MINSK-ROME', '2021-08-01'), (103, 'MOSCOW-BARCELONA', '2021-06-15'), (104, 'MINSK-RIGA', '2021-07-02'), (105, 'MINSK-DUBAI', '2021-05-25') [23505-200]
	at org.springframework.beans.factory.support.ConstructorResolver.createArgumentArray(ConstructorResolver.java:800)
	at org.springframework.beans.factory.support.ConstructorResolver.autowireConstructor(ConstructorResolver.java:229)
	at org.springframework.beans.factory.support.AbstractAutowireCapableBeanFactory.autowireConstructor(AbstractAutowireCapableBeanFactory.java:1354)
	at org.springframework.beans.factory.support.AbstractAutowireCapableBeanFactory.createBeanInstance(AbstractAutowireCapableBeanFactory.java:1204)
	at org.springframework.beans.factory.support.AbstractAutowireCapableBeanFactory.doCreateBean(AbstractAutowireCapableBeanFactory.java:564)
	at org.springframework.beans.factory.support.AbstractAutowireCapableBeanFactory.createBean(AbstractAutowireCapableBeanFactory.java:524)
	at org.springframework.beans.factory.support.AbstractBeanFactory.lambda$doGetBean$0(AbstractBeanFactory.java:335)
	at org.springframework.beans.factory.support.DefaultSingletonBeanRegistry.getSingleton(DefaultSingletonBeanRegistry.java:234)
	at org.springframework.beans.factory.support.AbstractBeanFactory.doGetBean(AbstractBeanFactory.java:333)
	at org.springframework.beans.factory.support.AbstractBeanFactory.getBean(AbstractBeanFactory.java:208)
	at org.springframework.beans.factory.support.DefaultListableBeanFactory.preInstantiateSingletons(DefaultListableBeanFactory.java:944)
	at org.springframework.context.support.AbstractApplicationContext.finishBeanFactoryInitialization(AbstractApplicationContext.java:918)
	at org.springframework.context.support.AbstractApplicationContext.refresh(AbstractApplicationContext.java:583)
	at org.springframework.boot.SpringApplication.refresh(SpringApplication.java:769)
	at org.springframework.boot.SpringApplication.refresh(SpringApplication.java:761)
	at org.springframework.boot.SpringApplication.refreshContext(SpringApplication.java:426)
	at org.springframework.boot.SpringApplication.run(SpringApplication.java:326)
	at org.springframework.boot.test.context.SpringBootContextLoader.loadContext(SpringBootContextLoader.java:123)
	at org.springframework.test.context.cache.DefaultCacheAwareContextLoaderDelegate.loadContextInternal(DefaultCacheAwareContextLoaderDelegate.java:99)
	at org.springframework.test.context.cache.DefaultCacheAwareContextLoaderDelegate.loadContext(DefaultCacheAwareContextLoaderDelegate.java:124)
	at org.springframework.test.context.support.DefaultTestContext.getApplicationContext(DefaultTestContext.java:124)
	at org.springframework.boot.test.autoconfigure.SpringBootDependencyInjectionTestExecutionListener.outputConditionEvaluationReport(SpringBootDependencyInjectionTestExecutionListener.java:53)
	at org.springframework.boot.test.autoconfigure.SpringBootDependencyInjectionTestExecutionListener.prepareTestInstance(SpringBootDependencyInjectionTestExecutionListener.java:46)
	at org.springframework.test.context.TestContextManager.prepareTestInstance(TestContextManager.java:244)
	at org.springframework.test.context.junit.jupiter.SpringExtension.postProcessTestInstance(SpringExtension.java:138)
	at org.junit.jupiter.engine.descriptor.ClassBasedTestDescriptor.lambda$invokeTestInstancePostProcessors$6(ClassBasedTestDescriptor.java:350)
	at org.junit.jupiter.engine.descriptor.ClassBasedTestDescriptor.executeAndMaskThrowable(ClassBasedTestDescriptor.java:355)
	at org.junit.jupiter.engine.descriptor.ClassBasedTestDescriptor.lambda$invokeTestInstancePostProcessors$7(ClassBasedTestDescriptor.java:350)
	at java.base/java.util.stream.ReferencePipeline$3$1.accept(ReferencePipeline.java:195)
	at java.base/java.util.stream.ReferencePipeline$2$1.accept(ReferencePipeline.java:177)
	at java.base/java.util.ArrayList$ArrayListSpliterator.forEachRemaining(ArrayList.java:1655)
	at java.base/java.util.stream.AbstractPipeline.copyInto(AbstractPipeline.java:484)
	at java.base/java.util.stream.AbstractPipeline.wrapAndCopyInto(AbstractPipeline.java:474)
	at java.base/java.util.stream.StreamSpliterators$WrappingSpliterator.forEachRemaining(StreamSpliterators.java:312)
	at java.base/java.util.stream.Streams$ConcatSpliterator.forEachRemaining(Streams.java:735)
	at java.base/java.util.stream.Streams$ConcatSpliterator.forEachRemaining(Streams.java:734)
	at java.base/java.util.stream.ReferencePipeline$Head.forEach(ReferencePipeline.java:658)
	at org.junit.jupiter.engine.descriptor.ClassBasedTestDescriptor.invokeTestInstancePostProcessors(ClassBasedTestDescriptor.java:349)
	at org.junit.jupiter.engine.descriptor.ClassBasedTestDescriptor.lambda$instantiateAndPostProcessTestInstance$4(ClassBasedTestDescriptor.java:270)
	at org.junit.platform.engine.support.hierarchical.ThrowableCollector.execute(ThrowableCollector.java:73)
	at org.junit.jupiter.engine.descriptor.ClassBasedTestDescriptor.instantiateAndPostProcessTestInstance(ClassBasedTestDescriptor.java:269)
	at org.junit.jupiter.engine.descriptor.ClassBasedTestDescriptor.lambda$testInstancesProvider$2(ClassBasedTestDescriptor.java:259)
	at java.base/java.util.Optional.orElseGet(Optional.java:369)
	at org.junit.jupiter.engine.descriptor.ClassBasedTestDescriptor.lambda$testInstancesProvider$3(ClassBasedTestDescriptor.java:258)
	at org.junit.jupiter.engine.execution.TestInstancesProvider.getTestInstances(TestInstancesProvider.java:31)
	at org.junit.jupiter.engine.descriptor.TestMethodTestDescriptor.lambda$prepare$0(TestMethodTestDescriptor.java:101)
	at org.junit.platform.engine.support.hierarchical.ThrowableCollector.execute(ThrowableCollector.java:73)
	at org.junit.jupiter.engine.descriptor.TestMethodTestDescriptor.prepare(TestMethodTestDescriptor.java:100)
	at org.junit.jupiter.engine.descriptor.TestMethodTestDescriptor.prepare(TestMethodTestDescriptor.java:65)
	at org.junit.platform.engine.support.hierarchical.NodeTestTask.lambda$prepare$1(NodeTestTask.java:111)
	at org.junit.platform.engine.support.hierarchical.ThrowableCollector.execute(ThrowableCollector.java:73)
	at org.junit.platform.engine.support.hierarchical.NodeTestTask.prepare(NodeTestTask.java:111)
	at org.junit.platform.engine.support.hierarchical.NodeTestTask.execute(NodeTestTask.java:79)
	at java.base/java.util.ArrayList.forEach(ArrayList.java:1541)
	at org.junit.platform.engine.support.hierarchical.SameThreadHierarchicalTestExecutorService.invokeAll(SameThreadHierarchicalTestExecutorService.java:38)
	at org.junit.platform.engine.support.hierarchical.NodeTestTask.lambda$executeRecursively$5(NodeTestTask.java:143)
	at org.junit.platform.engine.support.hierarchical.ThrowableCollector.execute(ThrowableCollector.java:73)
	at org.junit.platform.engine.support.hierarchical.NodeTestTask.lambda$executeRecursively$7(NodeTestTask.java:129)
	at org.junit.platform.engine.support.hierarchical.Node.around(Node.java:137)
	at org.junit.platform.engine.support.hierarchical.NodeTestTask.lambda$executeRecursively$8(NodeTestTask.java:127)
	at org.junit.platform.engine.support.hierarchical.ThrowableCollector.execute(ThrowableCollector.java:73)
	at org.junit.platform.engine.support.hierarchical.NodeTestTask.executeRecursively(NodeTestTask.java:126)
	at org.junit.platform.engine.support.hierarchical.NodeTestTask.execute(NodeTestTask.java:84)
	at java.base/java.util.ArrayList.forEach(ArrayList.java:1541)
	at org.junit.platform.engine.support.hierarchical.SameThreadHierarchicalTestExecutorService.invokeAll(SameThreadHierarchicalTestExecutorService.java:38)
	at org.junit.platform.engine.support.hierarchical.NodeTestTask.lambda$executeRecursively$5(NodeTestTask.java:143)
	at org.junit.platform.engine.support.hierarchical.ThrowableCollector.execute(ThrowableCollector.java:73)
	at org.junit.platform.engine.support.hierarchical.NodeTestTask.lambda$executeRecursively$7(NodeTestTask.java:129)
	at org.junit.platform.engine.support.hierarchical.Node.around(Node.java:137)
	at org.junit.platform.engine.support.hierarchical.NodeTestTask.lambda$executeRecursively$8(NodeTestTask.java:127)
	at org.junit.platform.engine.support.hierarchical.ThrowableCollector.execute(ThrowableCollector.java:73)
	at org.junit.platform.engine.support.hierarchical.NodeTestTask.executeRecursively(NodeTestTask.java:126)
	at org.junit.platform.engine.support.hierarchical.NodeTestTask.execute(NodeTestTask.java:84)
	at org.junit.platform.engine.support.hierarchical.SameThreadHierarchicalTestExecutorService.submit(SameThreadHierarchicalTestExecutorService.java:32)
	at org.junit.platform.engine.support.hierarchical.HierarchicalTestExecutor.execute(HierarchicalTestExecutor.java:57)
	at org.junit.platform.engine.support.hierarchical.HierarchicalTestEngine.execute(HierarchicalTestEngine.java:51)
	at org.junit.platform.launcher.core.EngineExecutionOrchestrator.execute(EngineExecutionOrchestrator.java:108)
	at org.junit.platform.launcher.core.EngineExecutionOrchestrator.execute(EngineExecutionOrchestrator.java:88)
	at org.junit.platform.launcher.core.EngineExecutionOrchestrator.lambda$execute$0(EngineExecutionOrchestrator.java:54)
	at org.junit.platform.launcher.core.EngineExecutionOrchestrator.withInterceptedStreams(EngineExecutionOrchestrator.java:67)
	at org.junit.platform.launcher.core.EngineExecutionOrchestrator.execute(EngineExecutionOrchestrator.java:52)
	at org.junit.platform.launcher.core.DefaultLauncher.execute(DefaultLauncher.java:96)
	at org.junit.platform.launcher.core.DefaultLauncher.execute(DefaultLauncher.java:75)
	at org.apache.maven.surefire.junitplatform.JUnitPlatformProvider.invokeAllTests(JUnitPlatformProvider.java:154)
	at org.apache.maven.surefire.junitplatform.JUnitPlatformProvider.invoke(JUnitPlatformProvider.java:127)
	at org.apache.maven.surefire.booter.ForkedBooter.runSuitesInProcess(ForkedBooter.java:377)
	at org.apache.maven.surefire.booter.ForkedBooter.execute(ForkedBooter.java:138)
	at org.apache.maven.surefire.booter.ForkedBooter.run(ForkedBooter.java:465)
	at org.apache.maven.surefire.booter.ForkedBooter.main(ForkedBooter.java:451)
Caused by: org.springframework.beans.factory.UnsatisfiedDependencyException: Error creating bean with name 'tourDtoServiceImpl' defined in URL [jar:file:/home/artem/IdeaProjects/aderenchuk-travel.agency/service/target/service-1.0-SNAPSHOT.jar!/com/aderenchuk/brest/service/impl/TourDtoServiceImpl.class]: Unsatisfied dependency expressed through constructor parameter 0; nested exception is org.springframework.beans.factory.UnsatisfiedDependencyException: Error creating bean with name 'tourDtoDaoJdbc' defined in URL [jar:file:/home/artem/IdeaProjects/aderenchuk-travel.agency/dao/target/dao-1.0-SNAPSHOT.jar!/com/aderenchuk/brest/dao/jdbc/TourDtoDaoJdbc.class]: Unsatisfied dependency expressed through constructor parameter 0; nested exception is org.springframework.beans.factory.BeanCreationException: Error creating bean with name 'dataSource': Post-processing of FactoryBean's singleton object failed; nested exception is org.springframework.beans.factory.BeanCreationException: Error creating bean with name 'org.springframework.boot.autoconfigure.jdbc.DataSourceInitializerInvoker': Invocation of init method failed; nested exception is org.springframework.jdbc.datasource.init.ScriptStatementFailedException: Failed to execute SQL script statement #1 of URL [jar:file:/home/artem/IdeaProjects/aderenchuk-travel.agency/test-db/target/test-db-1.0-SNAPSHOT.jar!/data.sql]: INSERT INTO TOUR (TOUR_ID, DIRECTION, DATE_TOUR) VALUES (101, 'BREST-MOSCOW', '2021-08-01'), (102, 'MINSK-ROME', '2021-08-01'), (103, 'MOSCOW-BARCELONA', '2021-06-15'), (104, 'MINSK-RIGA', '2021-07-02'), (105, 'MINSK-DUBAI', '2021-05-25'); nested exception is org.h2.jdbc.JdbcSQLIntegrityConstraintViolationException: Нарушение уникального индекса или первичного ключа: "PRIMARY KEY ON PUBLIC.TOUR(TOUR_ID) [101, 'BREST-MOSCOW', DATE '2021-08-01']"
Unique index or primary key violation: "PRIMARY KEY ON PUBLIC.TOUR(TOUR_ID) [101, 'BREST-MOSCOW', DATE '2021-08-01']"; SQL statement:
INSERT INTO TOUR (TOUR_ID, DIRECTION, DATE_TOUR) VALUES (101, 'BREST-MOSCOW', '2021-08-01'), (102, 'MINSK-ROME', '2021-08-01'), (103, 'MOSCOW-BARCELONA', '2021-06-15'), (104, 'MINSK-RIGA', '2021-07-02'), (105, 'MINSK-DUBAI', '2021-05-25') [23505-200]
	at org.springframework.beans.factory.support.ConstructorResolver.createArgumentArray(ConstructorResolver.java:800)
	at org.springframework.beans.factory.support.ConstructorResolver.autowireConstructor(ConstructorResolver.java:229)
	at org.springframework.beans.factory.support.AbstractAutowireCapableBeanFactory.autowireConstructor(AbstractAutowireCapableBeanFactory.java:1354)
	at org.springframework.beans.factory.support.AbstractAutowireCapableBeanFactory.createBeanInstance(AbstractAutowireCapableBeanFactory.java:1204)
	at org.springframework.beans.factory.support.AbstractAutowireCapableBeanFactory.doCreateBean(AbstractAutowireCapableBeanFactory.java:564)
	at org.springframework.beans.factory.support.AbstractAutowireCapableBeanFactory.createBean(AbstractAutowireCapableBeanFactory.java:524)
	at org.springframework.beans.factory.support.AbstractBeanFactory.lambda$doGetBean$0(AbstractBeanFactory.java:335)
	at org.springframework.beans.factory.support.DefaultSingletonBeanRegistry.getSingleton(DefaultSingletonBeanRegistry.java:234)
	at org.springframework.beans.factory.support.AbstractBeanFactory.doGetBean(AbstractBeanFactory.java:333)
	at org.springframework.beans.factory.support.AbstractBeanFactory.getBean(AbstractBeanFactory.java:208)
	at org.springframework.beans.factory.config.DependencyDescriptor.resolveCandidate(DependencyDescriptor.java:276)
	at org.springframework.beans.factory.support.DefaultListableBeanFactory.doResolveDependency(DefaultListableBeanFactory.java:1380)
	at org.springframework.beans.factory.support.DefaultListableBeanFactory.resolveDependency(DefaultListableBeanFactory.java:1300)
	at org.springframework.beans.factory.support.ConstructorResolver.resolveAutowiredArgument(ConstructorResolver.java:887)
	at org.springframework.beans.factory.support.ConstructorResolver.createArgumentArray(ConstructorResolver.java:791)
	... 88 common frames omitted
Caused by: org.springframework.beans.factory.UnsatisfiedDependencyException: Error creating bean with name 'tourDtoDaoJdbc' defined in URL [jar:file:/home/artem/IdeaProjects/aderenchuk-travel.agency/dao/target/dao-1.0-SNAPSHOT.jar!/com/aderenchuk/brest/dao/jdbc/TourDtoDaoJdbc.class]: Unsatisfied dependency expressed through constructor parameter 0; nested exception is org.springframework.beans.factory.BeanCreationException: Error creating bean with name 'dataSource': Post-processing of FactoryBean's singleton object failed; nested exception is org.springframework.beans.factory.BeanCreationException: Error creating bean with name 'org.springframework.boot.autoconfigure.jdbc.DataSourceInitializerInvoker': Invocation of init method failed; nested exception is org.springframework.jdbc.datasource.init.ScriptStatementFailedException: Failed to execute SQL script statement #1 of URL [jar:file:/home/artem/IdeaProjects/aderenchuk-travel.agency/test-db/target/test-db-1.0-SNAPSHOT.jar!/data.sql]: INSERT INTO TOUR (TOUR_ID, DIRECTION, DATE_TOUR) VALUES (101, 'BREST-MOSCOW', '2021-08-01'), (102, 'MINSK-ROME', '2021-08-01'), (103, 'MOSCOW-BARCELONA', '2021-06-15'), (104, 'MINSK-RIGA', '2021-07-02'), (105, 'MINSK-DUBAI', '2021-05-25'); nested exception is org.h2.jdbc.JdbcSQLIntegrityConstraintViolationException: Нарушение уникального индекса или первичного ключа: "PRIMARY KEY ON PUBLIC.TOUR(TOUR_ID) [101, 'BREST-MOSCOW', DATE '2021-08-01']"
Unique index or primary key violation: "PRIMARY KEY ON PUBLIC.TOUR(TOUR_ID) [101, 'BREST-MOSCOW', DATE '2021-08-01']"; SQL statement:
INSERT INTO TOUR (TOUR_ID, DIRECTION, DATE_TOUR) VALUES (101, 'BREST-MOSCOW', '2021-08-01'), (102, 'MINSK-ROME', '2021-08-01'), (103, 'MOSCOW-BARCELONA', '2021-06-15'), (104, 'MINSK-RIGA', '2021-07-02'), (105, 'MINSK-DUBAI', '2021-05-25') [23505-200]
	at org.springframework.beans.factory.support.ConstructorResolver.createArgumentArray(ConstructorResolver.java:800)
	at org.springframework.beans.factory.support.ConstructorResolver.autowireConstructor(ConstructorResolver.java:229)
	at org.springframework.beans.factory.support.AbstractAutowireCapableBeanFactory.autowireConstructor(AbstractAutowireCapableBeanFactory.java:1354)
	at org.springframework.beans.factory.support.AbstractAutowireCapableBeanFactory.createBeanInstance(AbstractAutowireCapableBeanFactory.java:1204)
	at org.springframework.beans.factory.support.AbstractAutowireCapableBeanFactory.doCreateBean(AbstractAutowireCapableBeanFactory.java:564)
	at org.springframework.beans.factory.support.AbstractAutowireCapableBeanFactory.createBean(AbstractAutowireCapableBeanFactory.java:524)
	at org.springframework.beans.factory.support.AbstractBeanFactory.lambda$doGetBean$0(AbstractBeanFactory.java:335)
	at org.springframework.beans.factory.support.DefaultSingletonBeanRegistry.getSingleton(DefaultSingletonBeanRegistry.java:234)
	at org.springframework.beans.factory.support.AbstractBeanFactory.doGetBean(AbstractBeanFactory.java:333)
	at org.springframework.beans.factory.support.AbstractBeanFactory.getBean(AbstractBeanFactory.java:208)
	at org.springframework.beans.factory.config.DependencyDescriptor.resolveCandidate(DependencyDescriptor.java:276)
	at org.springframework.beans.factory.support.DefaultListableBeanFactory.doResolveDependency(DefaultListableBeanFactory.java:1380)
	at org.springframework.beans.factory.support.DefaultListableBeanFactory.resolveDependency(DefaultListableBeanFactory.java:1300)
	at org.springframework.beans.factory.support.ConstructorResolver.resolveAutowiredArgument(ConstructorResolver.java:887)
	at org.springframework.beans.factory.support.ConstructorResolver.createArgumentArray(ConstructorResolver.java:791)
	... 102 common frames omitted
Caused by: org.springframework.beans.factory.BeanCreationException: Error creating bean with name 'dataSource': Post-processing of FactoryBean's singleton object failed; nested exception is org.springframework.beans.factory.BeanCreationException: Error creating bean with name 'org.springframework.boot.autoconfigure.jdbc.DataSourceInitializerInvoker': Invocation of init method failed; nested exception is org.springframework.jdbc.datasource.init.ScriptStatementFailedException: Failed to execute SQL script statement #1 of URL [jar:file:/home/artem/IdeaProjects/aderenchuk-travel.agency/test-db/target/test-db-1.0-SNAPSHOT.jar!/data.sql]: INSERT INTO TOUR (TOUR_ID, DIRECTION, DATE_TOUR) VALUES (101, 'BREST-MOSCOW', '2021-08-01'), (102, 'MINSK-ROME', '2021-08-01'), (103, 'MOSCOW-BARCELONA', '2021-06-15'), (104, 'MINSK-RIGA', '2021-07-02'), (105, 'MINSK-DUBAI', '2021-05-25'); nested exception is org.h2.jdbc.JdbcSQLIntegrityConstraintViolationException: Нарушение уникального индекса или первичного ключа: "PRIMARY KEY ON PUBLIC.TOUR(TOUR_ID) [101, 'BREST-MOSCOW', DATE '2021-08-01']"
Unique index or primary key violation: "PRIMARY KEY ON PUBLIC.TOUR(TOUR_ID) [101, 'BREST-MOSCOW', DATE '2021-08-01']"; SQL statement:
INSERT INTO TOUR (TOUR_ID, DIRECTION, DATE_TOUR) VALUES (101, 'BREST-MOSCOW', '2021-08-01'), (102, 'MINSK-ROME', '2021-08-01'), (103, 'MOSCOW-BARCELONA', '2021-06-15'), (104, 'MINSK-RIGA', '2021-07-02'), (105, 'MINSK-DUBAI', '2021-05-25') [23505-200]
	at org.springframework.beans.factory.support.FactoryBeanRegistrySupport.getObjectFromFactoryBean(FactoryBeanRegistrySupport.java:119)
	at org.springframework.beans.factory.support.AbstractBeanFactory.getObjectForBeanInstance(AbstractBeanFactory.java:1884)
	at org.springframework.beans.factory.support.AbstractAutowireCapableBeanFactory.getObjectForBeanInstance(AbstractAutowireCapableBeanFactory.java:1266)
	at org.springframework.beans.factory.support.AbstractBeanFactory.doGetBean(AbstractBeanFactory.java:345)
	at org.springframework.beans.factory.support.AbstractBeanFactory.getBean(AbstractBeanFactory.java:208)
	at org.springframework.beans.factory.config.DependencyDescriptor.resolveCandidate(DependencyDescriptor.java:276)
	at org.springframework.beans.factory.support.DefaultListableBeanFactory.doResolveDependency(DefaultListableBeanFactory.java:1380)
	at org.springframework.beans.factory.support.DefaultListableBeanFactory.resolveDependency(DefaultListableBeanFactory.java:1300)
	at org.springframework.beans.factory.support.ConstructorResolver.resolveAutowiredArgument(ConstructorResolver.java:887)
	at org.springframework.beans.factory.support.ConstructorResolver.createArgumentArray(ConstructorResolver.java:791)
	... 116 common frames omitted
Caused by: org.springframework.beans.factory.BeanCreationException: Error creating bean with name 'org.springframework.boot.autoconfigure.jdbc.DataSourceInitializerInvoker': Invocation of init method failed; nested exception is org.springframework.jdbc.datasource.init.ScriptStatementFailedException: Failed to execute SQL script statement #1 of URL [jar:file:/home/artem/IdeaProjects/aderenchuk-travel.agency/test-db/target/test-db-1.0-SNAPSHOT.jar!/data.sql]: INSERT INTO TOUR (TOUR_ID, DIRECTION, DATE_TOUR) VALUES (101, 'BREST-MOSCOW', '2021-08-01'), (102, 'MINSK-ROME', '2021-08-01'), (103, 'MOSCOW-BARCELONA', '2021-06-15'), (104, 'MINSK-RIGA', '2021-07-02'), (105, 'MINSK-DUBAI', '2021-05-25'); nested exception is org.h2.jdbc.JdbcSQLIntegrityConstraintViolationException: Нарушение уникального индекса или первичного ключа: "PRIMARY KEY ON PUBLIC.TOUR(TOUR_ID) [101, 'BREST-MOSCOW', DATE '2021-08-01']"
Unique index or primary key violation: "PRIMARY KEY ON PUBLIC.TOUR(TOUR_ID) [101, 'BREST-MOSCOW', DATE '2021-08-01']"; SQL statement:
INSERT INTO TOUR (TOUR_ID, DIRECTION, DATE_TOUR) VALUES (101, 'BREST-MOSCOW', '2021-08-01'), (102, 'MINSK-ROME', '2021-08-01'), (103, 'MOSCOW-BARCELONA', '2021-06-15'), (104, 'MINSK-RIGA', '2021-07-02'), (105, 'MINSK-DUBAI', '2021-05-25') [23505-200]
	at org.springframework.beans.factory.support.AbstractAutowireCapableBeanFactory.initializeBean(AbstractAutowireCapableBeanFactory.java:1786)
	at org.springframework.beans.factory.support.AbstractAutowireCapableBeanFactory.doCreateBean(AbstractAutowireCapableBeanFactory.java:602)
	at org.springframework.beans.factory.support.AbstractAutowireCapableBeanFactory.createBean(AbstractAutowireCapableBeanFactory.java:524)
	at org.springframework.beans.factory.support.AbstractBeanFactory.lambda$doGetBean$0(AbstractBeanFactory.java:335)
	at org.springframework.beans.factory.support.DefaultSingletonBeanRegistry.getSingleton(DefaultSingletonBeanRegistry.java:234)
	at org.springframework.beans.factory.support.AbstractBeanFactory.doGetBean(AbstractBeanFactory.java:333)
	at org.springframework.beans.factory.support.AbstractBeanFactory.getBean(AbstractBeanFactory.java:233)
	at org.springframework.beans.factory.support.DefaultListableBeanFactory.resolveNamedBean(DefaultListableBeanFactory.java:1273)
	at org.springframework.beans.factory.support.DefaultListableBeanFactory.resolveNamedBean(DefaultListableBeanFactory.java:1234)
	at org.springframework.beans.factory.support.DefaultListableBeanFactory.resolveBean(DefaultListableBeanFactory.java:494)
	at org.springframework.beans.factory.support.DefaultListableBeanFactory.getBean(DefaultListableBeanFactory.java:349)
	at org.springframework.beans.factory.support.DefaultListableBeanFactory.getBean(DefaultListableBeanFactory.java:342)
	at org.springframework.boot.autoconfigure.jdbc.DataSourceInitializerPostProcessor.postProcessAfterInitialization(DataSourceInitializerPostProcessor.java:51)
	at org.springframework.beans.factory.support.AbstractAutowireCapableBeanFactory.applyBeanPostProcessorsAfterInitialization(AbstractAutowireCapableBeanFactory.java:437)
	at org.springframework.beans.factory.support.AbstractAutowireCapableBeanFactory.postProcessObjectFromFactoryBean(AbstractAutowireCapableBeanFactory.java:1929)
	at org.springframework.beans.factory.support.FactoryBeanRegistrySupport.getObjectFromFactoryBean(FactoryBeanRegistrySupport.java:116)
	... 125 common frames omitted
Caused by: org.springframework.jdbc.datasource.init.ScriptStatementFailedException: Failed to execute SQL script statement #1 of URL [jar:file:/home/artem/IdeaProjects/aderenchuk-travel.agency/test-db/target/test-db-1.0-SNAPSHOT.jar!/data.sql]: INSERT INTO TOUR (TOUR_ID, DIRECTION, DATE_TOUR) VALUES (101, 'BREST-MOSCOW', '2021-08-01'), (102, 'MINSK-ROME', '2021-08-01'), (103, 'MOSCOW-BARCELONA', '2021-06-15'), (104, 'MINSK-RIGA', '2021-07-02'), (105, 'MINSK-DUBAI', '2021-05-25'); nested exception is org.h2.jdbc.JdbcSQLIntegrityConstraintViolationException: Нарушение уникального индекса или первичного ключа: "PRIMARY KEY ON PUBLIC.TOUR(TOUR_ID) [101, 'BREST-MOSCOW', DATE '2021-08-01']"
Unique index or primary key violation: "PRIMARY KEY ON PUBLIC.TOUR(TOUR_ID) [101, 'BREST-MOSCOW', DATE '2021-08-01']"; SQL statement:
INSERT INTO TOUR (TOUR_ID, DIRECTION, DATE_TOUR) VALUES (101, 'BREST-MOSCOW', '2021-08-01'), (102, 'MINSK-ROME', '2021-08-01'), (103, 'MOSCOW-BARCELONA', '2021-06-15'), (104, 'MINSK-RIGA', '2021-07-02'), (105, 'MINSK-DUBAI', '2021-05-25') [23505-200]
	at org.springframework.jdbc.datasource.init.ScriptUtils.executeSqlScript(ScriptUtils.java:622)
	at org.springframework.jdbc.datasource.init.ResourceDatabasePopulator.populate(ResourceDatabasePopulator.java:254)
	at org.springframework.jdbc.datasource.init.DatabasePopulatorUtils.execute(DatabasePopulatorUtils.java:49)
	at org.springframework.boot.autoconfigure.jdbc.DataSourceInitializer.runScripts(DataSourceInitializer.java:202)
	at org.springframework.boot.autoconfigure.jdbc.DataSourceInitializer.initSchema(DataSourceInitializer.java:119)
	at org.springframework.boot.autoconfigure.jdbc.DataSourceInitializerInvoker.onApplicationEvent(DataSourceInitializerInvoker.java:91)
	at org.springframework.boot.autoconfigure.jdbc.DataSourceInitializerInvoker.onApplicationEvent(DataSourceInitializerInvoker.java:38)
	at org.springframework.context.event.SimpleApplicationEventMulticaster.doInvokeListener(SimpleApplicationEventMulticaster.java:176)
	at org.springframework.context.event.SimpleApplicationEventMulticaster.invokeListener(SimpleApplicationEventMulticaster.java:169)
	at org.springframework.context.event.SimpleApplicationEventMulticaster.multicastEvent(SimpleApplicationEventMulticaster.java:143)
	at org.springframework.context.support.AbstractApplicationContext.publishEvent(AbstractApplicationContext.java:421)
	at org.springframework.context.support.AbstractApplicationContext.publishEvent(AbstractApplicationContext.java:378)
	at org.springframework.boot.autoconfigure.jdbc.DataSourceInitializerInvoker.initialize(DataSourceInitializerInvoker.java:72)
	at org.springframework.boot.autoconfigure.jdbc.DataSourceInitializerInvoker.afterPropertiesSet(DataSourceInitializerInvoker.java:65)
	at org.springframework.beans.factory.support.AbstractAutowireCapableBeanFactory.invokeInitMethods(AbstractAutowireCapableBeanFactory.java:1845)
	at org.springframework.beans.factory.support.AbstractAutowireCapableBeanFactory.initializeBean(AbstractAutowireCapableBeanFactory.java:1782)
	... 140 common frames omitted
Caused by: org.h2.jdbc.JdbcSQLIntegrityConstraintViolationException: Нарушение уникального индекса или первичного ключа: "PRIMARY KEY ON PUBLIC.TOUR(TOUR_ID) [101, 'BREST-MOSCOW', DATE '2021-08-01']"
Unique index or primary key violation: "PRIMARY KEY ON PUBLIC.TOUR(TOUR_ID) [101, 'BREST-MOSCOW', DATE '2021-08-01']"; SQL statement:
INSERT INTO TOUR (TOUR_ID, DIRECTION, DATE_TOUR) VALUES (101, 'BREST-MOSCOW', '2021-08-01'), (102, 'MINSK-ROME', '2021-08-01'), (103, 'MOSCOW-BARCELONA', '2021-06-15'), (104, 'MINSK-RIGA', '2021-07-02'), (105, 'MINSK-DUBAI', '2021-05-25') [23505-200]
	at org.h2.message.DbException.getJdbcSQLException(DbException.java:459)
	at org.h2.message.DbException.getJdbcSQLException(DbException.java:429)
	at org.h2.message.DbException.get(DbException.java:205)
	at org.h2.message.DbException.get(DbException.java:181)
	at org.h2.mvstore.db.MVPrimaryIndex.add(MVPrimaryIndex.java:127)
	at org.h2.mvstore.db.MVTable.addRow(MVTable.java:531)
	at org.h2.command.dml.Insert.insertRows(Insert.java:195)
	at org.h2.command.dml.Insert.update(Insert.java:151)
	at org.h2.command.CommandContainer.update(CommandContainer.java:198)
	at org.h2.command.Command.executeUpdate(Command.java:251)
	at org.h2.jdbc.JdbcStatement.executeInternal(JdbcStatement.java:228)
	at org.h2.jdbc.JdbcStatement.execute(JdbcStatement.java:201)
	at org.springframework.jdbc.datasource.init.ScriptUtils.executeSqlScript(ScriptUtils.java:601)
	... 155 common frames omitted
22:11:43 [main] ERROR org.springframework.test.context.TestContextManager - Caught exception while allowing TestExecutionListener [org.springframework.boot.test.autoconfigure.SpringBootDependencyInjectionTestExecutionListener@172b013] to prepare test instance [com.aderenchuk.brest.service.web_app.TourControllerIT@535b1ae6]
java.lang.IllegalStateException: Failed to load ApplicationContext
	at org.springframework.test.context.cache.DefaultCacheAwareContextLoaderDelegate.loadContext(DefaultCacheAwareContextLoaderDelegate.java:132)
	at org.springframework.test.context.support.DefaultTestContext.getApplicationContext(DefaultTestContext.java:124)
	at org.springframework.test.context.support.DependencyInjectionTestExecutionListener.injectDependencies(DependencyInjectionTestExecutionListener.java:118)
	at org.springframework.test.context.support.DependencyInjectionTestExecutionListener.prepareTestInstance(DependencyInjectionTestExecutionListener.java:83)
	at org.springframework.boot.test.autoconfigure.SpringBootDependencyInjectionTestExecutionListener.prepareTestInstance(SpringBootDependencyInjectionTestExecutionListener.java:43)
	at org.springframework.test.context.TestContextManager.prepareTestInstance(TestContextManager.java:244)
	at org.springframework.test.context.junit.jupiter.SpringExtension.postProcessTestInstance(SpringExtension.java:138)
	at org.junit.jupiter.engine.descriptor.ClassBasedTestDescriptor.lambda$invokeTestInstancePostProcessors$6(ClassBasedTestDescriptor.java:350)
	at org.junit.jupiter.engine.descriptor.ClassBasedTestDescriptor.executeAndMaskThrowable(ClassBasedTestDescriptor.java:355)
	at org.junit.jupiter.engine.descriptor.ClassBasedTestDescriptor.lambda$invokeTestInstancePostProcessors$7(ClassBasedTestDescriptor.java:350)
	at java.base/java.util.stream.ReferencePipeline$3$1.accept(ReferencePipeline.java:195)
	at java.base/java.util.stream.ReferencePipeline$2$1.accept(ReferencePipeline.java:177)
	at java.base/java.util.ArrayList$ArrayListSpliterator.forEachRemaining(ArrayList.java:1655)
	at java.base/java.util.stream.AbstractPipeline.copyInto(AbstractPipeline.java:484)
	at java.base/java.util.stream.AbstractPipeline.wrapAndCopyInto(AbstractPipeline.java:474)
	at java.base/java.util.stream.StreamSpliterators$WrappingSpliterator.forEachRemaining(StreamSpliterators.java:312)
	at java.base/java.util.stream.Streams$ConcatSpliterator.forEachRemaining(Streams.java:735)
	at java.base/java.util.stream.Streams$ConcatSpliterator.forEachRemaining(Streams.java:734)
	at java.base/java.util.stream.ReferencePipeline$Head.forEach(ReferencePipeline.java:658)
	at org.junit.jupiter.engine.descriptor.ClassBasedTestDescriptor.invokeTestInstancePostProcessors(ClassBasedTestDescriptor.java:349)
	at org.junit.jupiter.engine.descriptor.ClassBasedTestDescriptor.lambda$instantiateAndPostProcessTestInstance$4(ClassBasedTestDescriptor.java:270)
	at org.junit.platform.engine.support.hierarchical.ThrowableCollector.execute(ThrowableCollector.java:73)
	at org.junit.jupiter.engine.descriptor.ClassBasedTestDescriptor.instantiateAndPostProcessTestInstance(ClassBasedTestDescriptor.java:269)
	at org.junit.jupiter.engine.descriptor.ClassBasedTestDescriptor.lambda$testInstancesProvider$2(ClassBasedTestDescriptor.java:259)
	at java.base/java.util.Optional.orElseGet(Optional.java:369)
	at org.junit.jupiter.engine.descriptor.ClassBasedTestDescriptor.lambda$testInstancesProvider$3(ClassBasedTestDescriptor.java:258)
	at org.junit.jupiter.engine.execution.TestInstancesProvider.getTestInstances(TestInstancesProvider.java:31)
	at org.junit.jupiter.engine.descriptor.TestMethodTestDescriptor.lambda$prepare$0(TestMethodTestDescriptor.java:101)
	at org.junit.platform.engine.support.hierarchical.ThrowableCollector.execute(ThrowableCollector.java:73)
	at org.junit.jupiter.engine.descriptor.TestMethodTestDescriptor.prepare(TestMethodTestDescriptor.java:100)
	at org.junit.jupiter.engine.descriptor.TestMethodTestDescriptor.prepare(TestMethodTestDescriptor.java:65)
	at org.junit.platform.engine.support.hierarchical.NodeTestTask.lambda$prepare$1(NodeTestTask.java:111)
	at org.junit.platform.engine.support.hierarchical.ThrowableCollector.execute(ThrowableCollector.java:73)
	at org.junit.platform.engine.support.hierarchical.NodeTestTask.prepare(NodeTestTask.java:111)
	at org.junit.platform.engine.support.hierarchical.NodeTestTask.execute(NodeTestTask.java:79)
	at java.base/java.util.ArrayList.forEach(ArrayList.java:1541)
	at org.junit.platform.engine.support.hierarchical.SameThreadHierarchicalTestExecutorService.invokeAll(SameThreadHierarchicalTestExecutorService.java:38)
	at org.junit.platform.engine.support.hierarchical.NodeTestTask.lambda$executeRecursively$5(NodeTestTask.java:143)
	at org.junit.platform.engine.support.hierarchical.ThrowableCollector.execute(ThrowableCollector.java:73)
	at org.junit.platform.engine.support.hierarchical.NodeTestTask.lambda$executeRecursively$7(NodeTestTask.java:129)
	at org.junit.platform.engine.support.hierarchical.Node.around(Node.java:137)
	at org.junit.platform.engine.support.hierarchical.NodeTestTask.lambda$executeRecursively$8(NodeTestTask.java:127)
	at org.junit.platform.engine.support.hierarchical.ThrowableCollector.execute(ThrowableCollector.java:73)
	at org.junit.platform.engine.support.hierarchical.NodeTestTask.executeRecursively(NodeTestTask.java:126)
	at org.junit.platform.engine.support.hierarchical.NodeTestTask.execute(NodeTestTask.java:84)
	at java.base/java.util.ArrayList.forEach(ArrayList.java:1541)
	at org.junit.platform.engine.support.hierarchical.SameThreadHierarchicalTestExecutorService.invokeAll(SameThreadHierarchicalTestExecutorService.java:38)
	at org.junit.platform.engine.support.hierarchical.NodeTestTask.lambda$executeRecursively$5(NodeTestTask.java:143)
	at org.junit.platform.engine.support.hierarchical.ThrowableCollector.execute(ThrowableCollector.java:73)
	at org.junit.platform.engine.support.hierarchical.NodeTestTask.lambda$executeRecursively$7(NodeTestTask.java:129)
	at org.junit.platform.engine.support.hierarchical.Node.around(Node.java:137)
	at org.junit.platform.engine.support.hierarchical.NodeTestTask.lambda$executeRecursively$8(NodeTestTask.java:127)
	at org.junit.platform.engine.support.hierarchical.ThrowableCollector.execute(ThrowableCollector.java:73)
	at org.junit.platform.engine.support.hierarchical.NodeTestTask.executeRecursively(NodeTestTask.java:126)
	at org.junit.platform.engine.support.hierarchical.NodeTestTask.execute(NodeTestTask.java:84)
	at org.junit.platform.engine.support.hierarchical.SameThreadHierarchicalTestExecutorService.submit(SameThreadHierarchicalTestExecutorService.java:32)
	at org.junit.platform.engine.support.hierarchical.HierarchicalTestExecutor.execute(HierarchicalTestExecutor.java:57)
	at org.junit.platform.engine.support.hierarchical.HierarchicalTestEngine.execute(HierarchicalTestEngine.java:51)
	at org.junit.platform.launcher.core.EngineExecutionOrchestrator.execute(EngineExecutionOrchestrator.java:108)
	at org.junit.platform.launcher.core.EngineExecutionOrchestrator.execute(EngineExecutionOrchestrator.java:88)
	at org.junit.platform.launcher.core.EngineExecutionOrchestrator.lambda$execute$0(EngineExecutionOrchestrator.java:54)
	at org.junit.platform.launcher.core.EngineExecutionOrchestrator.withInterceptedStreams(EngineExecutionOrchestrator.java:67)
	at org.junit.platform.launcher.core.EngineExecutionOrchestrator.execute(EngineExecutionOrchestrator.java:52)
	at org.junit.platform.launcher.core.DefaultLauncher.execute(DefaultLauncher.java:96)
	at org.junit.platform.launcher.core.DefaultLauncher.execute(DefaultLauncher.java:75)
	at org.apache.maven.surefire.junitplatform.JUnitPlatformProvider.invokeAllTests(JUnitPlatformProvider.java:154)
	at org.apache.maven.surefire.junitplatform.JUnitPlatformProvider.invoke(JUnitPlatformProvider.java:127)
	at org.apache.maven.surefire.booter.ForkedBooter.runSuitesInProcess(ForkedBooter.java:377)
	at org.apache.maven.surefire.booter.ForkedBooter.execute(ForkedBooter.java:138)
	at org.apache.maven.surefire.booter.ForkedBooter.run(ForkedBooter.java:465)
	at org.apache.maven.surefire.booter.ForkedBooter.main(ForkedBooter.java:451)
Caused by: org.springframework.beans.factory.UnsatisfiedDependencyException: Error creating bean with name 'tourController' defined in file [/home/artem/IdeaProjects/aderenchuk-travel.agency/web-app/target/classes/com/aderenchuk/brest/service/web_app/TourController.class]: Unsatisfied dependency expressed through constructor parameter 0; nested exception is org.springframework.beans.factory.UnsatisfiedDependencyException: Error creating bean with name 'tourDtoServiceImpl' defined in URL [jar:file:/home/artem/IdeaProjects/aderenchuk-travel.agency/service/target/service-1.0-SNAPSHOT.jar!/com/aderenchuk/brest/service/impl/TourDtoServiceImpl.class]: Unsatisfied dependency expressed through constructor parameter 0; nested exception is org.springframework.beans.factory.UnsatisfiedDependencyException: Error creating bean with name 'tourDtoDaoJdbc' defined in URL [jar:file:/home/artem/IdeaProjects/aderenchuk-travel.agency/dao/target/dao-1.0-SNAPSHOT.jar!/com/aderenchuk/brest/dao/jdbc/TourDtoDaoJdbc.class]: Unsatisfied dependency expressed through constructor parameter 0; nested exception is org.springframework.beans.factory.BeanCreationException: Error creating bean with name 'dataSource': Post-processing of FactoryBean's singleton object failed; nested exception is org.springframework.beans.factory.BeanCreationException: Error creating bean with name 'org.springframework.boot.autoconfigure.jdbc.DataSourceInitializerInvoker': Invocation of init method failed; nested exception is org.springframework.jdbc.datasource.init.ScriptStatementFailedException: Failed to execute SQL script statement #1 of URL [jar:file:/home/artem/IdeaProjects/aderenchuk-travel.agency/test-db/target/test-db-1.0-SNAPSHOT.jar!/data.sql]: INSERT INTO TOUR (TOUR_ID, DIRECTION, DATE_TOUR) VALUES (101, 'BREST-MOSCOW', '2021-08-01'), (102, 'MINSK-ROME', '2021-08-01'), (103, 'MOSCOW-BARCELONA', '2021-06-15'), (104, 'MINSK-RIGA', '2021-07-02'), (105, 'MINSK-DUBAI', '2021-05-25'); nested exception is org.h2.jdbc.JdbcSQLIntegrityConstraintViolationException: Нарушение уникального индекса или первичного ключа: "PRIMARY KEY ON PUBLIC.TOUR(TOUR_ID) [101, 'BREST-MOSCOW', DATE '2021-08-01']"
Unique index or primary key violation: "PRIMARY KEY ON PUBLIC.TOUR(TOUR_ID) [101, 'BREST-MOSCOW', DATE '2021-08-01']"; SQL statement:
INSERT INTO TOUR (TOUR_ID, DIRECTION, DATE_TOUR) VALUES (101, 'BREST-MOSCOW', '2021-08-01'), (102, 'MINSK-ROME', '2021-08-01'), (103, 'MOSCOW-BARCELONA', '2021-06-15'), (104, 'MINSK-RIGA', '2021-07-02'), (105, 'MINSK-DUBAI', '2021-05-25') [23505-200]
	at org.springframework.beans.factory.support.ConstructorResolver.createArgumentArray(ConstructorResolver.java:800)
	at org.springframework.beans.factory.support.ConstructorResolver.autowireConstructor(ConstructorResolver.java:229)
	at org.springframework.beans.factory.support.AbstractAutowireCapableBeanFactory.autowireConstructor(AbstractAutowireCapableBeanFactory.java:1354)
	at org.springframework.beans.factory.support.AbstractAutowireCapableBeanFactory.createBeanInstance(AbstractAutowireCapableBeanFactory.java:1204)
	at org.springframework.beans.factory.support.AbstractAutowireCapableBeanFactory.doCreateBean(AbstractAutowireCapableBeanFactory.java:564)
	at org.springframework.beans.factory.support.AbstractAutowireCapableBeanFactory.createBean(AbstractAutowireCapableBeanFactory.java:524)
	at org.springframework.beans.factory.support.AbstractBeanFactory.lambda$doGetBean$0(AbstractBeanFactory.java:335)
	at org.springframework.beans.factory.support.DefaultSingletonBeanRegistry.getSingleton(DefaultSingletonBeanRegistry.java:234)
	at org.springframework.beans.factory.support.AbstractBeanFactory.doGetBean(AbstractBeanFactory.java:333)
	at org.springframework.beans.factory.support.AbstractBeanFactory.getBean(AbstractBeanFactory.java:208)
	at org.springframework.beans.factory.support.DefaultListableBeanFactory.preInstantiateSingletons(DefaultListableBeanFactory.java:944)
	at org.springframework.context.support.AbstractApplicationContext.finishBeanFactoryInitialization(AbstractApplicationContext.java:918)
	at org.springframework.context.support.AbstractApplicationContext.refresh(AbstractApplicationContext.java:583)
	at org.springframework.boot.SpringApplication.refresh(SpringApplication.java:769)
	at org.springframework.boot.SpringApplication.refresh(SpringApplication.java:761)
	at org.springframework.boot.SpringApplication.refreshContext(SpringApplication.java:426)
	at org.springframework.boot.SpringApplication.run(SpringApplication.java:326)
	at org.springframework.boot.test.context.SpringBootContextLoader.loadContext(SpringBootContextLoader.java:123)
	at org.springframework.test.context.cache.DefaultCacheAwareContextLoaderDelegate.loadContextInternal(DefaultCacheAwareContextLoaderDelegate.java:99)
	at org.springframework.test.context.cache.DefaultCacheAwareContextLoaderDelegate.loadContext(DefaultCacheAwareContextLoaderDelegate.java:124)
	... 70 common frames omitted
Caused by: org.springframework.beans.factory.UnsatisfiedDependencyException: Error creating bean with name 'tourDtoServiceImpl' defined in URL [jar:file:/home/artem/IdeaProjects/aderenchuk-travel.agency/service/target/service-1.0-SNAPSHOT.jar!/com/aderenchuk/brest/service/impl/TourDtoServiceImpl.class]: Unsatisfied dependency expressed through constructor parameter 0; nested exception is org.springframework.beans.factory.UnsatisfiedDependencyException: Error creating bean with name 'tourDtoDaoJdbc' defined in URL [jar:file:/home/artem/IdeaProjects/aderenchuk-travel.agency/dao/target/dao-1.0-SNAPSHOT.jar!/com/aderenchuk/brest/dao/jdbc/TourDtoDaoJdbc.class]: Unsatisfied dependency expressed through constructor parameter 0; nested exception is org.springframework.beans.factory.BeanCreationException: Error creating bean with name 'dataSource': Post-processing of FactoryBean's singleton object failed; nested exception is org.springframework.beans.factory.BeanCreationException: Error creating bean with name 'org.springframework.boot.autoconfigure.jdbc.DataSourceInitializerInvoker': Invocation of init method failed; nested exception is org.springframework.jdbc.datasource.init.ScriptStatementFailedException: Failed to execute SQL script statement #1 of URL [jar:file:/home/artem/IdeaProjects/aderenchuk-travel.agency/test-db/target/test-db-1.0-SNAPSHOT.jar!/data.sql]: INSERT INTO TOUR (TOUR_ID, DIRECTION, DATE_TOUR) VALUES (101, 'BREST-MOSCOW', '2021-08-01'), (102, 'MINSK-ROME', '2021-08-01'), (103, 'MOSCOW-BARCELONA', '2021-06-15'), (104, 'MINSK-RIGA', '2021-07-02'), (105, 'MINSK-DUBAI', '2021-05-25'); nested exception is org.h2.jdbc.JdbcSQLIntegrityConstraintViolationException: Нарушение уникального индекса или первичного ключа: "PRIMARY KEY ON PUBLIC.TOUR(TOUR_ID) [101, 'BREST-MOSCOW', DATE '2021-08-01']"
Unique index or primary key violation: "PRIMARY KEY ON PUBLIC.TOUR(TOUR_ID) [101, 'BREST-MOSCOW', DATE '2021-08-01']"; SQL statement:
INSERT INTO TOUR (TOUR_ID, DIRECTION, DATE_TOUR) VALUES (101, 'BREST-MOSCOW', '2021-08-01'), (102, 'MINSK-ROME', '2021-08-01'), (103, 'MOSCOW-BARCELONA', '2021-06-15'), (104, 'MINSK-RIGA', '2021-07-02'), (105, 'MINSK-DUBAI', '2021-05-25') [23505-200]
	at org.springframework.beans.factory.support.ConstructorResolver.createArgumentArray(ConstructorResolver.java:800)
	at org.springframework.beans.factory.support.ConstructorResolver.autowireConstructor(ConstructorResolver.java:229)
	at org.springframework.beans.factory.support.AbstractAutowireCapableBeanFactory.autowireConstructor(AbstractAutowireCapableBeanFactory.java:1354)
	at org.springframework.beans.factory.support.AbstractAutowireCapableBeanFactory.createBeanInstance(AbstractAutowireCapableBeanFactory.java:1204)
	at org.springframework.beans.factory.support.AbstractAutowireCapableBeanFactory.doCreateBean(AbstractAutowireCapableBeanFactory.java:564)
	at org.springframework.beans.factory.support.AbstractAutowireCapableBeanFactory.createBean(AbstractAutowireCapableBeanFactory.java:524)
	at org.springframework.beans.factory.support.AbstractBeanFactory.lambda$doGetBean$0(AbstractBeanFactory.java:335)
	at org.springframework.beans.factory.support.DefaultSingletonBeanRegistry.getSingleton(DefaultSingletonBeanRegistry.java:234)
	at org.springframework.beans.factory.support.AbstractBeanFactory.doGetBean(AbstractBeanFactory.java:333)
	at org.springframework.beans.factory.support.AbstractBeanFactory.getBean(AbstractBeanFactory.java:208)
	at org.springframework.beans.factory.config.DependencyDescriptor.resolveCandidate(DependencyDescriptor.java:276)
	at org.springframework.beans.factory.support.DefaultListableBeanFactory.doResolveDependency(DefaultListableBeanFactory.java:1380)
	at org.springframework.beans.factory.support.DefaultListableBeanFactory.resolveDependency(DefaultListableBeanFactory.java:1300)
	at org.springframework.beans.factory.support.ConstructorResolver.resolveAutowiredArgument(ConstructorResolver.java:887)
	at org.springframework.beans.factory.support.ConstructorResolver.createArgumentArray(ConstructorResolver.java:791)
	... 89 common frames omitted
Caused by: org.springframework.beans.factory.UnsatisfiedDependencyException: Error creating bean with name 'tourDtoDaoJdbc' defined in URL [jar:file:/home/artem/IdeaProjects/aderenchuk-travel.agency/dao/target/dao-1.0-SNAPSHOT.jar!/com/aderenchuk/brest/dao/jdbc/TourDtoDaoJdbc.class]: Unsatisfied dependency expressed through constructor parameter 0; nested exception is org.springframework.beans.factory.BeanCreationException: Error creating bean with name 'dataSource': Post-processing of FactoryBean's singleton object failed; nested exception is org.springframework.beans.factory.BeanCreationException: Error creating bean with name 'org.springframework.boot.autoconfigure.jdbc.DataSourceInitializerInvoker': Invocation of init method failed; nested exception is org.springframework.jdbc.datasource.init.ScriptStatementFailedException: Failed to execute SQL script statement #1 of URL [jar:file:/home/artem/IdeaProjects/aderenchuk-travel.agency/test-db/target/test-db-1.0-SNAPSHOT.jar!/data.sql]: INSERT INTO TOUR (TOUR_ID, DIRECTION, DATE_TOUR) VALUES (101, 'BREST-MOSCOW', '2021-08-01'), (102, 'MINSK-ROME', '2021-08-01'), (103, 'MOSCOW-BARCELONA', '2021-06-15'), (104, 'MINSK-RIGA', '2021-07-02'), (105, 'MINSK-DUBAI', '2021-05-25'); nested exception is org.h2.jdbc.JdbcSQLIntegrityConstraintViolationException: Нарушение уникального индекса или первичного ключа: "PRIMARY KEY ON PUBLIC.TOUR(TOUR_ID) [101, 'BREST-MOSCOW', DATE '2021-08-01']"
Unique index or primary key violation: "PRIMARY KEY ON PUBLIC.TOUR(TOUR_ID) [101, 'BREST-MOSCOW', DATE '2021-08-01']"; SQL statement:
INSERT INTO TOUR (TOUR_ID, DIRECTION, DATE_TOUR) VALUES (101, 'BREST-MOSCOW', '2021-08-01'), (102, 'MINSK-ROME', '2021-08-01'), (103, 'MOSCOW-BARCELONA', '2021-06-15'), (104, 'MINSK-RIGA', '2021-07-02'), (105, 'MINSK-DUBAI', '2021-05-25') [23505-200]
	at org.springframework.beans.factory.support.ConstructorResolver.createArgumentArray(ConstructorResolver.java:800)
	at org.springframework.beans.factory.support.ConstructorResolver.autowireConstructor(ConstructorResolver.java:229)
	at org.springframework.beans.factory.support.AbstractAutowireCapableBeanFactory.autowireConstructor(AbstractAutowireCapableBeanFactory.java:1354)
	at org.springframework.beans.factory.support.AbstractAutowireCapableBeanFactory.createBeanInstance(AbstractAutowireCapableBeanFactory.java:1204)
	at org.springframework.beans.factory.support.AbstractAutowireCapableBeanFactory.doCreateBean(AbstractAutowireCapableBeanFactory.java:564)
	at org.springframework.beans.factory.support.AbstractAutowireCapableBeanFactory.createBean(AbstractAutowireCapableBeanFactory.java:524)
	at org.springframework.beans.factory.support.AbstractBeanFactory.lambda$doGetBean$0(AbstractBeanFactory.java:335)
	at org.springframework.beans.factory.support.DefaultSingletonBeanRegistry.getSingleton(DefaultSingletonBeanRegistry.java:234)
	at org.springframework.beans.factory.support.AbstractBeanFactory.doGetBean(AbstractBeanFactory.java:333)
	at org.springframework.beans.factory.support.AbstractBeanFactory.getBean(AbstractBeanFactory.java:208)
	at org.springframework.beans.factory.config.DependencyDescriptor.resolveCandidate(DependencyDescriptor.java:276)
	at org.springframework.beans.factory.support.DefaultListableBeanFactory.doResolveDependency(DefaultListableBeanFactory.java:1380)
	at org.springframework.beans.factory.support.DefaultListableBeanFactory.resolveDependency(DefaultListableBeanFactory.java:1300)
	at org.springframework.beans.factory.support.ConstructorResolver.resolveAutowiredArgument(ConstructorResolver.java:887)
	at org.springframework.beans.factory.support.ConstructorResolver.createArgumentArray(ConstructorResolver.java:791)
	... 103 common frames omitted
Caused by: org.springframework.beans.factory.BeanCreationException: Error creating bean with name 'dataSource': Post-processing of FactoryBean's singleton object failed; nested exception is org.springframework.beans.factory.BeanCreationException: Error creating bean with name 'org.springframework.boot.autoconfigure.jdbc.DataSourceInitializerInvoker': Invocation of init method failed; nested exception is org.springframework.jdbc.datasource.init.ScriptStatementFailedException: Failed to execute SQL script statement #1 of URL [jar:file:/home/artem/IdeaProjects/aderenchuk-travel.agency/test-db/target/test-db-1.0-SNAPSHOT.jar!/data.sql]: INSERT INTO TOUR (TOUR_ID, DIRECTION, DATE_TOUR) VALUES (101, 'BREST-MOSCOW', '2021-08-01'), (102, 'MINSK-ROME', '2021-08-01'), (103, 'MOSCOW-BARCELONA', '2021-06-15'), (104, 'MINSK-RIGA', '2021-07-02'), (105, 'MINSK-DUBAI', '2021-05-25'); nested exception is org.h2.jdbc.JdbcSQLIntegrityConstraintViolationException: Нарушение уникального индекса или первичного ключа: "PRIMARY KEY ON PUBLIC.TOUR(TOUR_ID) [101, 'BREST-MOSCOW', DATE '2021-08-01']"
Unique index or primary key violation: "PRIMARY KEY ON PUBLIC.TOUR(TOUR_ID) [101, 'BREST-MOSCOW', DATE '2021-08-01']"; SQL statement:
INSERT INTO TOUR (TOUR_ID, DIRECTION, DATE_TOUR) VALUES (101, 'BREST-MOSCOW', '2021-08-01'), (102, 'MINSK-ROME', '2021-08-01'), (103, 'MOSCOW-BARCELONA', '2021-06-15'), (104, 'MINSK-RIGA', '2021-07-02'), (105, 'MINSK-DUBAI', '2021-05-25') [23505-200]
	at org.springframework.beans.factory.support.FactoryBeanRegistrySupport.getObjectFromFactoryBean(FactoryBeanRegistrySupport.java:119)
	at org.springframework.beans.factory.support.AbstractBeanFactory.getObjectForBeanInstance(AbstractBeanFactory.java:1884)
	at org.springframework.beans.factory.support.AbstractAutowireCapableBeanFactory.getObjectForBeanInstance(AbstractAutowireCapableBeanFactory.java:1266)
	at org.springframework.beans.factory.support.AbstractBeanFactory.doGetBean(AbstractBeanFactory.java:345)
	at org.springframework.beans.factory.support.AbstractBeanFactory.getBean(AbstractBeanFactory.java:208)
	at org.springframework.beans.factory.config.DependencyDescriptor.resolveCandidate(DependencyDescriptor.java:276)
	at org.springframework.beans.factory.support.DefaultListableBeanFactory.doResolveDependency(DefaultListableBeanFactory.java:1380)
	at org.springframework.beans.factory.support.DefaultListableBeanFactory.resolveDependency(DefaultListableBeanFactory.java:1300)
	at org.springframework.beans.factory.support.ConstructorResolver.resolveAutowiredArgument(ConstructorResolver.java:887)
	at org.springframework.beans.factory.support.ConstructorResolver.createArgumentArray(ConstructorResolver.java:791)
	... 117 common frames omitted
Caused by: org.springframework.beans.factory.BeanCreationException: Error creating bean with name 'org.springframework.boot.autoconfigure.jdbc.DataSourceInitializerInvoker': Invocation of init method failed; nested exception is org.springframework.jdbc.datasource.init.ScriptStatementFailedException: Failed to execute SQL script statement #1 of URL [jar:file:/home/artem/IdeaProjects/aderenchuk-travel.agency/test-db/target/test-db-1.0-SNAPSHOT.jar!/data.sql]: INSERT INTO TOUR (TOUR_ID, DIRECTION, DATE_TOUR) VALUES (101, 'BREST-MOSCOW', '2021-08-01'), (102, 'MINSK-ROME', '2021-08-01'), (103, 'MOSCOW-BARCELONA', '2021-06-15'), (104, 'MINSK-RIGA', '2021-07-02'), (105, 'MINSK-DUBAI', '2021-05-25'); nested exception is org.h2.jdbc.JdbcSQLIntegrityConstraintViolationException: Нарушение уникального индекса или первичного ключа: "PRIMARY KEY ON PUBLIC.TOUR(TOUR_ID) [101, 'BREST-MOSCOW', DATE '2021-08-01']"
Unique index or primary key violation: "PRIMARY KEY ON PUBLIC.TOUR(TOUR_ID) [101, 'BREST-MOSCOW', DATE '2021-08-01']"; SQL statement:
INSERT INTO TOUR (TOUR_ID, DIRECTION, DATE_TOUR) VALUES (101, 'BREST-MOSCOW', '2021-08-01'), (102, 'MINSK-ROME', '2021-08-01'), (103, 'MOSCOW-BARCELONA', '2021-06-15'), (104, 'MINSK-RIGA', '2021-07-02'), (105, 'MINSK-DUBAI', '2021-05-25') [23505-200]
	at org.springframework.beans.factory.support.AbstractAutowireCapableBeanFactory.initializeBean(AbstractAutowireCapableBeanFactory.java:1786)
	at org.springframework.beans.factory.support.AbstractAutowireCapableBeanFactory.doCreateBean(AbstractAutowireCapableBeanFactory.java:602)
	at org.springframework.beans.factory.support.AbstractAutowireCapableBeanFactory.createBean(AbstractAutowireCapableBeanFactory.java:524)
	at org.springframework.beans.factory.support.AbstractBeanFactory.lambda$doGetBean$0(AbstractBeanFactory.java:335)
	at org.springframework.beans.factory.support.DefaultSingletonBeanRegistry.getSingleton(DefaultSingletonBeanRegistry.java:234)
	at org.springframework.beans.factory.support.AbstractBeanFactory.doGetBean(AbstractBeanFactory.java:333)
	at org.springframework.beans.factory.support.AbstractBeanFactory.getBean(AbstractBeanFactory.java:233)
	at org.springframework.beans.factory.support.DefaultListableBeanFactory.resolveNamedBean(DefaultListableBeanFactory.java:1273)
	at org.springframework.beans.factory.support.DefaultListableBeanFactory.resolveNamedBean(DefaultListableBeanFactory.java:1234)
	at org.springframework.beans.factory.support.DefaultListableBeanFactory.resolveBean(DefaultListableBeanFactory.java:494)
	at org.springframework.beans.factory.support.DefaultListableBeanFactory.getBean(DefaultListableBeanFactory.java:349)
	at org.springframework.beans.factory.support.DefaultListableBeanFactory.getBean(DefaultListableBeanFactory.java:342)
	at org.springframework.boot.autoconfigure.jdbc.DataSourceInitializerPostProcessor.postProcessAfterInitialization(DataSourceInitializerPostProcessor.java:51)
	at org.springframework.beans.factory.support.AbstractAutowireCapableBeanFactory.applyBeanPostProcessorsAfterInitialization(AbstractAutowireCapableBeanFactory.java:437)
	at org.springframework.beans.factory.support.AbstractAutowireCapableBeanFactory.postProcessObjectFromFactoryBean(AbstractAutowireCapableBeanFactory.java:1929)
	at org.springframework.beans.factory.support.FactoryBeanRegistrySupport.getObjectFromFactoryBean(FactoryBeanRegistrySupport.java:116)
	... 126 common frames omitted
Caused by: org.springframework.jdbc.datasource.init.ScriptStatementFailedException: Failed to execute SQL script statement #1 of URL [jar:file:/home/artem/IdeaProjects/aderenchuk-travel.agency/test-db/target/test-db-1.0-SNAPSHOT.jar!/data.sql]: INSERT INTO TOUR (TOUR_ID, DIRECTION, DATE_TOUR) VALUES (101, 'BREST-MOSCOW', '2021-08-01'), (102, 'MINSK-ROME', '2021-08-01'), (103, 'MOSCOW-BARCELONA', '2021-06-15'), (104, 'MINSK-RIGA', '2021-07-02'), (105, 'MINSK-DUBAI', '2021-05-25'); nested exception is org.h2.jdbc.JdbcSQLIntegrityConstraintViolationException: Нарушение уникального индекса или первичного ключа: "PRIMARY KEY ON PUBLIC.TOUR(TOUR_ID) [101, 'BREST-MOSCOW', DATE '2021-08-01']"
Unique index or primary key violation: "PRIMARY KEY ON PUBLIC.TOUR(TOUR_ID) [101, 'BREST-MOSCOW', DATE '2021-08-01']"; SQL statement:
INSERT INTO TOUR (TOUR_ID, DIRECTION, DATE_TOUR) VALUES (101, 'BREST-MOSCOW', '2021-08-01'), (102, 'MINSK-ROME', '2021-08-01'), (103, 'MOSCOW-BARCELONA', '2021-06-15'), (104, 'MINSK-RIGA', '2021-07-02'), (105, 'MINSK-DUBAI', '2021-05-25') [23505-200]
	at org.springframework.jdbc.datasource.init.ScriptUtils.executeSqlScript(ScriptUtils.java:622)
	at org.springframework.jdbc.datasource.init.ResourceDatabasePopulator.populate(ResourceDatabasePopulator.java:254)
	at org.springframework.jdbc.datasource.init.DatabasePopulatorUtils.execute(DatabasePopulatorUtils.java:49)
	at org.springframework.boot.autoconfigure.jdbc.DataSourceInitializer.runScripts(DataSourceInitializer.java:202)
	at org.springframework.boot.autoconfigure.jdbc.DataSourceInitializer.initSchema(DataSourceInitializer.java:119)
	at org.springframework.boot.autoconfigure.jdbc.DataSourceInitializerInvoker.onApplicationEvent(DataSourceInitializerInvoker.java:91)
	at org.springframework.boot.autoconfigure.jdbc.DataSourceInitializerInvoker.onApplicationEvent(DataSourceInitializerInvoker.java:38)
	at org.springframework.context.event.SimpleApplicationEventMulticaster.doInvokeListener(SimpleApplicationEventMulticaster.java:176)
	at org.springframework.context.event.SimpleApplicationEventMulticaster.invokeListener(SimpleApplicationEventMulticaster.java:169)
	at org.springframework.context.event.SimpleApplicationEventMulticaster.multicastEvent(SimpleApplicationEventMulticaster.java:143)
	at org.springframework.context.support.AbstractApplicationContext.publishEvent(AbstractApplicationContext.java:421)
	at org.springframework.context.support.AbstractApplicationContext.publishEvent(AbstractApplicationContext.java:378)
	at org.springframework.boot.autoconfigure.jdbc.DataSourceInitializerInvoker.initialize(DataSourceInitializerInvoker.java:72)
	at org.springframework.boot.autoconfigure.jdbc.DataSourceInitializerInvoker.afterPropertiesSet(DataSourceInitializerInvoker.java:65)
	at org.springframework.beans.factory.support.AbstractAutowireCapableBeanFactory.invokeInitMethods(AbstractAutowireCapableBeanFactory.java:1845)
	at org.springframework.beans.factory.support.AbstractAutowireCapableBeanFactory.initializeBean(AbstractAutowireCapableBeanFactory.java:1782)
	... 141 common frames omitted
Caused by: org.h2.jdbc.JdbcSQLIntegrityConstraintViolationException: Нарушение уникального индекса или первичного ключа: "PRIMARY KEY ON PUBLIC.TOUR(TOUR_ID) [101, 'BREST-MOSCOW', DATE '2021-08-01']"
Unique index or primary key violation: "PRIMARY KEY ON PUBLIC.TOUR(TOUR_ID) [101, 'BREST-MOSCOW', DATE '2021-08-01']"; SQL statement:
INSERT INTO TOUR (TOUR_ID, DIRECTION, DATE_TOUR) VALUES (101, 'BREST-MOSCOW', '2021-08-01'), (102, 'MINSK-ROME', '2021-08-01'), (103, 'MOSCOW-BARCELONA', '2021-06-15'), (104, 'MINSK-RIGA', '2021-07-02'), (105, 'MINSK-DUBAI', '2021-05-25') [23505-200]
	at org.h2.message.DbException.getJdbcSQLException(DbException.java:459)
	at org.h2.message.DbException.getJdbcSQLException(DbException.java:429)
	at org.h2.message.DbException.get(DbException.java:205)
	at org.h2.message.DbException.get(DbException.java:181)
	at org.h2.mvstore.db.MVPrimaryIndex.add(MVPrimaryIndex.java:127)
	at org.h2.mvstore.db.MVTable.addRow(MVTable.java:531)
	at org.h2.command.dml.Insert.insertRows(Insert.java:195)
	at org.h2.command.dml.Insert.update(Insert.java:151)
	at org.h2.command.CommandContainer.update(CommandContainer.java:198)
	at org.h2.command.Command.executeUpdate(Command.java:251)
	at org.h2.jdbc.JdbcStatement.executeInternal(JdbcStatement.java:228)
	at org.h2.jdbc.JdbcStatement.execute(JdbcStatement.java:201)
	at org.springframework.jdbc.datasource.init.ScriptUtils.executeSqlScript(ScriptUtils.java:601)
	... 156 common frames omitted
]]></system-out>
  </testcase>
  <testcase name="shouldReturnDepartmentsPage" classname="com.aderenchuk.brest.service.web_app.TourControllerIT" time="0">
    <error type="java.lang.IllegalStateException"><![CDATA[java.lang.IllegalStateException: Failed to load ApplicationContext
Caused by: org.springframework.beans.factory.UnsatisfiedDependencyException: 
Error creating bean with name 'tourController' defined in file [/home/artem/IdeaProjects/aderenchuk-travel.agency/web-app/target/classes/com/aderenchuk/brest/service/web_app/TourController.class]: Unsatisfied dependency expressed through constructor parameter 0; nested exception is org.springframework.beans.factory.UnsatisfiedDependencyException: Error creating bean with name 'tourDtoServiceImpl' defined in URL [jar:file:/home/artem/IdeaProjects/aderenchuk-travel.agency/service/target/service-1.0-SNAPSHOT.jar!/com/aderenchuk/brest/service/impl/TourDtoServiceImpl.class]: Unsatisfied dependency expressed through constructor parameter 0; nested exception is org.springframework.beans.factory.UnsatisfiedDependencyException: Error creating bean with name 'tourDtoDaoJdbc' defined in URL [jar:file:/home/artem/IdeaProjects/aderenchuk-travel.agency/dao/target/dao-1.0-SNAPSHOT.jar!/com/aderenchuk/brest/dao/jdbc/TourDtoDaoJdbc.class]: Unsatisfied dependency expressed through constructor parameter 0; nested exception is org.springframework.beans.factory.BeanCreationException: Error creating bean with name 'dataSource': Post-processing of FactoryBean's singleton object failed; nested exception is org.springframework.beans.factory.BeanCreationException: Error creating bean with name 'org.springframework.boot.autoconfigure.jdbc.DataSourceInitializerInvoker': Invocation of init method failed; nested exception is org.springframework.jdbc.datasource.init.ScriptStatementFailedException: Failed to execute SQL script statement #1 of URL [jar:file:/home/artem/IdeaProjects/aderenchuk-travel.agency/test-db/target/test-db-1.0-SNAPSHOT.jar!/data.sql]: INSERT INTO TOUR (TOUR_ID, DIRECTION, DATE_TOUR) VALUES (101, 'BREST-MOSCOW', '2021-08-01'), (102, 'MINSK-ROME', '2021-08-01'), (103, 'MOSCOW-BARCELONA', '2021-06-15'), (104, 'MINSK-RIGA', '2021-07-02'), (105, 'MINSK-DUBAI', '2021-05-25'); nested exception is org.h2.jdbc.JdbcSQLIntegrityConstraintViolationException: Нарушение уникального индекса или первичного ключа: "PRIMARY KEY ON PUBLIC.TOUR(TOUR_ID) [101, 'BREST-MOSCOW', DATE '2021-08-01']"
Unique index or primary key violation: "PRIMARY KEY ON PUBLIC.TOUR(TOUR_ID) [101, 'BREST-MOSCOW', DATE '2021-08-01']"; SQL statement:
INSERT INTO TOUR (TOUR_ID, DIRECTION, DATE_TOUR) VALUES (101, 'BREST-MOSCOW', '2021-08-01'), (102, 'MINSK-ROME', '2021-08-01'), (103, 'MOSCOW-BARCELONA', '2021-06-15'), (104, 'MINSK-RIGA', '2021-07-02'), (105, 'MINSK-DUBAI', '2021-05-25') [23505-200]
Caused by: org.springframework.beans.factory.UnsatisfiedDependencyException: 
Error creating bean with name 'tourDtoServiceImpl' defined in URL [jar:file:/home/artem/IdeaProjects/aderenchuk-travel.agency/service/target/service-1.0-SNAPSHOT.jar!/com/aderenchuk/brest/service/impl/TourDtoServiceImpl.class]: Unsatisfied dependency expressed through constructor parameter 0; nested exception is org.springframework.beans.factory.UnsatisfiedDependencyException: Error creating bean with name 'tourDtoDaoJdbc' defined in URL [jar:file:/home/artem/IdeaProjects/aderenchuk-travel.agency/dao/target/dao-1.0-SNAPSHOT.jar!/com/aderenchuk/brest/dao/jdbc/TourDtoDaoJdbc.class]: Unsatisfied dependency expressed through constructor parameter 0; nested exception is org.springframework.beans.factory.BeanCreationException: Error creating bean with name 'dataSource': Post-processing of FactoryBean's singleton object failed; nested exception is org.springframework.beans.factory.BeanCreationException: Error creating bean with name 'org.springframework.boot.autoconfigure.jdbc.DataSourceInitializerInvoker': Invocation of init method failed; nested exception is org.springframework.jdbc.datasource.init.ScriptStatementFailedException: Failed to execute SQL script statement #1 of URL [jar:file:/home/artem/IdeaProjects/aderenchuk-travel.agency/test-db/target/test-db-1.0-SNAPSHOT.jar!/data.sql]: INSERT INTO TOUR (TOUR_ID, DIRECTION, DATE_TOUR) VALUES (101, 'BREST-MOSCOW', '2021-08-01'), (102, 'MINSK-ROME', '2021-08-01'), (103, 'MOSCOW-BARCELONA', '2021-06-15'), (104, 'MINSK-RIGA', '2021-07-02'), (105, 'MINSK-DUBAI', '2021-05-25'); nested exception is org.h2.jdbc.JdbcSQLIntegrityConstraintViolationException: Нарушение уникального индекса или первичного ключа: "PRIMARY KEY ON PUBLIC.TOUR(TOUR_ID) [101, 'BREST-MOSCOW', DATE '2021-08-01']"
Unique index or primary key violation: "PRIMARY KEY ON PUBLIC.TOUR(TOUR_ID) [101, 'BREST-MOSCOW', DATE '2021-08-01']"; SQL statement:
INSERT INTO TOUR (TOUR_ID, DIRECTION, DATE_TOUR) VALUES (101, 'BREST-MOSCOW', '2021-08-01'), (102, 'MINSK-ROME', '2021-08-01'), (103, 'MOSCOW-BARCELONA', '2021-06-15'), (104, 'MINSK-RIGA', '2021-07-02'), (105, 'MINSK-DUBAI', '2021-05-25') [23505-200]
Caused by: org.springframework.beans.factory.UnsatisfiedDependencyException: 
Error creating bean with name 'tourDtoDaoJdbc' defined in URL [jar:file:/home/artem/IdeaProjects/aderenchuk-travel.agency/dao/target/dao-1.0-SNAPSHOT.jar!/com/aderenchuk/brest/dao/jdbc/TourDtoDaoJdbc.class]: Unsatisfied dependency expressed through constructor parameter 0; nested exception is org.springframework.beans.factory.BeanCreationException: Error creating bean with name 'dataSource': Post-processing of FactoryBean's singleton object failed; nested exception is org.springframework.beans.factory.BeanCreationException: Error creating bean with name 'org.springframework.boot.autoconfigure.jdbc.DataSourceInitializerInvoker': Invocation of init method failed; nested exception is org.springframework.jdbc.datasource.init.ScriptStatementFailedException: Failed to execute SQL script statement #1 of URL [jar:file:/home/artem/IdeaProjects/aderenchuk-travel.agency/test-db/target/test-db-1.0-SNAPSHOT.jar!/data.sql]: INSERT INTO TOUR (TOUR_ID, DIRECTION, DATE_TOUR) VALUES (101, 'BREST-MOSCOW', '2021-08-01'), (102, 'MINSK-ROME', '2021-08-01'), (103, 'MOSCOW-BARCELONA', '2021-06-15'), (104, 'MINSK-RIGA', '2021-07-02'), (105, 'MINSK-DUBAI', '2021-05-25'); nested exception is org.h2.jdbc.JdbcSQLIntegrityConstraintViolationException: Нарушение уникального индекса или первичного ключа: "PRIMARY KEY ON PUBLIC.TOUR(TOUR_ID) [101, 'BREST-MOSCOW', DATE '2021-08-01']"
Unique index or primary key violation: "PRIMARY KEY ON PUBLIC.TOUR(TOUR_ID) [101, 'BREST-MOSCOW', DATE '2021-08-01']"; SQL statement:
INSERT INTO TOUR (TOUR_ID, DIRECTION, DATE_TOUR) VALUES (101, 'BREST-MOSCOW', '2021-08-01'), (102, 'MINSK-ROME', '2021-08-01'), (103, 'MOSCOW-BARCELONA', '2021-06-15'), (104, 'MINSK-RIGA', '2021-07-02'), (105, 'MINSK-DUBAI', '2021-05-25') [23505-200]
Caused by: org.springframework.beans.factory.BeanCreationException: 
Error creating bean with name 'dataSource': Post-processing of FactoryBean's singleton object failed; nested exception is org.springframework.beans.factory.BeanCreationException: Error creating bean with name 'org.springframework.boot.autoconfigure.jdbc.DataSourceInitializerInvoker': Invocation of init method failed; nested exception is org.springframework.jdbc.datasource.init.ScriptStatementFailedException: Failed to execute SQL script statement #1 of URL [jar:file:/home/artem/IdeaProjects/aderenchuk-travel.agency/test-db/target/test-db-1.0-SNAPSHOT.jar!/data.sql]: INSERT INTO TOUR (TOUR_ID, DIRECTION, DATE_TOUR) VALUES (101, 'BREST-MOSCOW', '2021-08-01'), (102, 'MINSK-ROME', '2021-08-01'), (103, 'MOSCOW-BARCELONA', '2021-06-15'), (104, 'MINSK-RIGA', '2021-07-02'), (105, 'MINSK-DUBAI', '2021-05-25'); nested exception is org.h2.jdbc.JdbcSQLIntegrityConstraintViolationException: Нарушение уникального индекса или первичного ключа: "PRIMARY KEY ON PUBLIC.TOUR(TOUR_ID) [101, 'BREST-MOSCOW', DATE '2021-08-01']"
Unique index or primary key violation: "PRIMARY KEY ON PUBLIC.TOUR(TOUR_ID) [101, 'BREST-MOSCOW', DATE '2021-08-01']"; SQL statement:
INSERT INTO TOUR (TOUR_ID, DIRECTION, DATE_TOUR) VALUES (101, 'BREST-MOSCOW', '2021-08-01'), (102, 'MINSK-ROME', '2021-08-01'), (103, 'MOSCOW-BARCELONA', '2021-06-15'), (104, 'MINSK-RIGA', '2021-07-02'), (105, 'MINSK-DUBAI', '2021-05-25') [23505-200]
Caused by: org.springframework.beans.factory.BeanCreationException: 
Error creating bean with name 'org.springframework.boot.autoconfigure.jdbc.DataSourceInitializerInvoker': Invocation of init method failed; nested exception is org.springframework.jdbc.datasource.init.ScriptStatementFailedException: Failed to execute SQL script statement #1 of URL [jar:file:/home/artem/IdeaProjects/aderenchuk-travel.agency/test-db/target/test-db-1.0-SNAPSHOT.jar!/data.sql]: INSERT INTO TOUR (TOUR_ID, DIRECTION, DATE_TOUR) VALUES (101, 'BREST-MOSCOW', '2021-08-01'), (102, 'MINSK-ROME', '2021-08-01'), (103, 'MOSCOW-BARCELONA', '2021-06-15'), (104, 'MINSK-RIGA', '2021-07-02'), (105, 'MINSK-DUBAI', '2021-05-25'); nested exception is org.h2.jdbc.JdbcSQLIntegrityConstraintViolationException: Нарушение уникального индекса или первичного ключа: "PRIMARY KEY ON PUBLIC.TOUR(TOUR_ID) [101, 'BREST-MOSCOW', DATE '2021-08-01']"
Unique index or primary key violation: "PRIMARY KEY ON PUBLIC.TOUR(TOUR_ID) [101, 'BREST-MOSCOW', DATE '2021-08-01']"; SQL statement:
INSERT INTO TOUR (TOUR_ID, DIRECTION, DATE_TOUR) VALUES (101, 'BREST-MOSCOW', '2021-08-01'), (102, 'MINSK-ROME', '2021-08-01'), (103, 'MOSCOW-BARCELONA', '2021-06-15'), (104, 'MINSK-RIGA', '2021-07-02'), (105, 'MINSK-DUBAI', '2021-05-25') [23505-200]
Caused by: org.springframework.jdbc.datasource.init.ScriptStatementFailedException: 
Failed to execute SQL script statement #1 of URL [jar:file:/home/artem/IdeaProjects/aderenchuk-travel.agency/test-db/target/test-db-1.0-SNAPSHOT.jar!/data.sql]: INSERT INTO TOUR (TOUR_ID, DIRECTION, DATE_TOUR) VALUES (101, 'BREST-MOSCOW', '2021-08-01'), (102, 'MINSK-ROME', '2021-08-01'), (103, 'MOSCOW-BARCELONA', '2021-06-15'), (104, 'MINSK-RIGA', '2021-07-02'), (105, 'MINSK-DUBAI', '2021-05-25'); nested exception is org.h2.jdbc.JdbcSQLIntegrityConstraintViolationException: Нарушение уникального индекса или первичного ключа: "PRIMARY KEY ON PUBLIC.TOUR(TOUR_ID) [101, 'BREST-MOSCOW', DATE '2021-08-01']"
Unique index or primary key violation: "PRIMARY KEY ON PUBLIC.TOUR(TOUR_ID) [101, 'BREST-MOSCOW', DATE '2021-08-01']"; SQL statement:
INSERT INTO TOUR (TOUR_ID, DIRECTION, DATE_TOUR) VALUES (101, 'BREST-MOSCOW', '2021-08-01'), (102, 'MINSK-ROME', '2021-08-01'), (103, 'MOSCOW-BARCELONA', '2021-06-15'), (104, 'MINSK-RIGA', '2021-07-02'), (105, 'MINSK-DUBAI', '2021-05-25') [23505-200]
Caused by: org.h2.jdbc.JdbcSQLIntegrityConstraintViolationException: 
Нарушение уникального индекса или первичного ключа: "PRIMARY KEY ON PUBLIC.TOUR(TOUR_ID) [101, 'BREST-MOSCOW', DATE '2021-08-01']"
Unique index or primary key violation: "PRIMARY KEY ON PUBLIC.TOUR(TOUR_ID) [101, 'BREST-MOSCOW', DATE '2021-08-01']"; SQL statement:
INSERT INTO TOUR (TOUR_ID, DIRECTION, DATE_TOUR) VALUES (101, 'BREST-MOSCOW', '2021-08-01'), (102, 'MINSK-ROME', '2021-08-01'), (103, 'MOSCOW-BARCELONA', '2021-06-15'), (104, 'MINSK-RIGA', '2021-07-02'), (105, 'MINSK-DUBAI', '2021-05-25') [23505-200]
]]></error>
    <system-out><![CDATA[
  .   ____          _            __ _ _
 /\\ / ___'_ __ _ _(_)_ __  __ _ \ \ \ \
( ( )\___ | '_ | '_| | '_ \/ _` | \ \ \ \
 \\/  ___)| |_)| | | | | || (_| |  ) ) ) )
  '  |____| .__|_| |_|_| |_\__, | / / / /
 =========|_|==============|___/=/_/_/_/
 :: Spring Boot ::                (v2.4.4)

22:11:43 [main] INFO  com.aderenchuk.brest.service.web_app.TourControllerIT - Starting TourControllerIT using Java 11.0.10 on artem-HP-Laptop-15-bs0xx with PID 35492 (started by artem in /home/artem/IdeaProjects/aderenchuk-travel.agency/web-app)
22:11:43 [main] INFO  com.aderenchuk.brest.service.web_app.TourControllerIT - Starting TourControllerIT using Java 11.0.10 on artem-HP-Laptop-15-bs0xx with PID 35492 (started by artem in /home/artem/IdeaProjects/aderenchuk-travel.agency/web-app)
22:11:43 [main] DEBUG com.aderenchuk.brest.service.web_app.TourControllerIT - Running with Spring Boot v2.4.4, Spring v5.3.5
22:11:43 [main] DEBUG com.aderenchuk.brest.service.web_app.TourControllerIT - Running with Spring Boot v2.4.4, Spring v5.3.5
22:11:43 [main] INFO  com.aderenchuk.brest.service.web_app.TourControllerIT - No active profile set, falling back to default profiles: default
22:11:43 [main] INFO  com.aderenchuk.brest.service.web_app.TourControllerIT - No active profile set, falling back to default profiles: default
22:11:43 [main] INFO  org.springframework.boot.test.autoconfigure.jdbc.TestDatabaseAutoConfiguration$EmbeddedDataSourceBeanFactoryPostProcessor - Replacing 'dataSource' DataSource bean with embedded version
22:11:43 [main] INFO  org.springframework.jdbc.datasource.embedded.EmbeddedDatabaseFactory - Starting embedded database: url='jdbc:h2:mem:56da5691-0ba0-4083-b7b7-85936a951185;DB_CLOSE_DELAY=-1;DB_CLOSE_ON_EXIT=false', username='sa'
22:11:43 [main] WARN  org.springframework.context.annotation.AnnotationConfigApplicationContext - Exception encountered during context initialization - cancelling refresh attempt: org.springframework.beans.factory.UnsatisfiedDependencyException: Error creating bean with name 'tourController' defined in file [/home/artem/IdeaProjects/aderenchuk-travel.agency/web-app/target/classes/com/aderenchuk/brest/service/web_app/TourController.class]: Unsatisfied dependency expressed through constructor parameter 0; nested exception is org.springframework.beans.factory.UnsatisfiedDependencyException: Error creating bean with name 'tourDtoServiceImpl' defined in URL [jar:file:/home/artem/IdeaProjects/aderenchuk-travel.agency/service/target/service-1.0-SNAPSHOT.jar!/com/aderenchuk/brest/service/impl/TourDtoServiceImpl.class]: Unsatisfied dependency expressed through constructor parameter 0; nested exception is org.springframework.beans.factory.UnsatisfiedDependencyException: Error creating bean with name 'tourDtoDaoJdbc' defined in URL [jar:file:/home/artem/IdeaProjects/aderenchuk-travel.agency/dao/target/dao-1.0-SNAPSHOT.jar!/com/aderenchuk/brest/dao/jdbc/TourDtoDaoJdbc.class]: Unsatisfied dependency expressed through constructor parameter 0; nested exception is org.springframework.beans.factory.BeanCreationException: Error creating bean with name 'dataSource': Post-processing of FactoryBean's singleton object failed; nested exception is org.springframework.beans.factory.BeanCreationException: Error creating bean with name 'org.springframework.boot.autoconfigure.jdbc.DataSourceInitializerInvoker': Invocation of init method failed; nested exception is org.springframework.jdbc.datasource.init.ScriptStatementFailedException: Failed to execute SQL script statement #1 of URL [jar:file:/home/artem/IdeaProjects/aderenchuk-travel.agency/test-db/target/test-db-1.0-SNAPSHOT.jar!/data.sql]: INSERT INTO TOUR (TOUR_ID, DIRECTION, DATE_TOUR) VALUES (101, 'BREST-MOSCOW', '2021-08-01'), (102, 'MINSK-ROME', '2021-08-01'), (103, 'MOSCOW-BARCELONA', '2021-06-15'), (104, 'MINSK-RIGA', '2021-07-02'), (105, 'MINSK-DUBAI', '2021-05-25'); nested exception is org.h2.jdbc.JdbcSQLIntegrityConstraintViolationException: Нарушение уникального индекса или первичного ключа: "PRIMARY KEY ON PUBLIC.TOUR(TOUR_ID) [101, 'BREST-MOSCOW', DATE '2021-08-01']"
Unique index or primary key violation: "PRIMARY KEY ON PUBLIC.TOUR(TOUR_ID) [101, 'BREST-MOSCOW', DATE '2021-08-01']"; SQL statement:
INSERT INTO TOUR (TOUR_ID, DIRECTION, DATE_TOUR) VALUES (101, 'BREST-MOSCOW', '2021-08-01'), (102, 'MINSK-ROME', '2021-08-01'), (103, 'MOSCOW-BARCELONA', '2021-06-15'), (104, 'MINSK-RIGA', '2021-07-02'), (105, 'MINSK-DUBAI', '2021-05-25') [23505-200]
22:11:43 [main] INFO  org.springframework.boot.autoconfigure.logging.ConditionEvaluationReportLoggingListener - 

Error starting ApplicationContext. To display the conditions report re-run your application with 'debug' enabled.
22:11:43 [main] ERROR org.springframework.boot.SpringApplication - Application run failed
org.springframework.beans.factory.UnsatisfiedDependencyException: Error creating bean with name 'tourController' defined in file [/home/artem/IdeaProjects/aderenchuk-travel.agency/web-app/target/classes/com/aderenchuk/brest/service/web_app/TourController.class]: Unsatisfied dependency expressed through constructor parameter 0; nested exception is org.springframework.beans.factory.UnsatisfiedDependencyException: Error creating bean with name 'tourDtoServiceImpl' defined in URL [jar:file:/home/artem/IdeaProjects/aderenchuk-travel.agency/service/target/service-1.0-SNAPSHOT.jar!/com/aderenchuk/brest/service/impl/TourDtoServiceImpl.class]: Unsatisfied dependency expressed through constructor parameter 0; nested exception is org.springframework.beans.factory.UnsatisfiedDependencyException: Error creating bean with name 'tourDtoDaoJdbc' defined in URL [jar:file:/home/artem/IdeaProjects/aderenchuk-travel.agency/dao/target/dao-1.0-SNAPSHOT.jar!/com/aderenchuk/brest/dao/jdbc/TourDtoDaoJdbc.class]: Unsatisfied dependency expressed through constructor parameter 0; nested exception is org.springframework.beans.factory.BeanCreationException: Error creating bean with name 'dataSource': Post-processing of FactoryBean's singleton object failed; nested exception is org.springframework.beans.factory.BeanCreationException: Error creating bean with name 'org.springframework.boot.autoconfigure.jdbc.DataSourceInitializerInvoker': Invocation of init method failed; nested exception is org.springframework.jdbc.datasource.init.ScriptStatementFailedException: Failed to execute SQL script statement #1 of URL [jar:file:/home/artem/IdeaProjects/aderenchuk-travel.agency/test-db/target/test-db-1.0-SNAPSHOT.jar!/data.sql]: INSERT INTO TOUR (TOUR_ID, DIRECTION, DATE_TOUR) VALUES (101, 'BREST-MOSCOW', '2021-08-01'), (102, 'MINSK-ROME', '2021-08-01'), (103, 'MOSCOW-BARCELONA', '2021-06-15'), (104, 'MINSK-RIGA', '2021-07-02'), (105, 'MINSK-DUBAI', '2021-05-25'); nested exception is org.h2.jdbc.JdbcSQLIntegrityConstraintViolationException: Нарушение уникального индекса или первичного ключа: "PRIMARY KEY ON PUBLIC.TOUR(TOUR_ID) [101, 'BREST-MOSCOW', DATE '2021-08-01']"
Unique index or primary key violation: "PRIMARY KEY ON PUBLIC.TOUR(TOUR_ID) [101, 'BREST-MOSCOW', DATE '2021-08-01']"; SQL statement:
INSERT INTO TOUR (TOUR_ID, DIRECTION, DATE_TOUR) VALUES (101, 'BREST-MOSCOW', '2021-08-01'), (102, 'MINSK-ROME', '2021-08-01'), (103, 'MOSCOW-BARCELONA', '2021-06-15'), (104, 'MINSK-RIGA', '2021-07-02'), (105, 'MINSK-DUBAI', '2021-05-25') [23505-200]
	at org.springframework.beans.factory.support.ConstructorResolver.createArgumentArray(ConstructorResolver.java:800)
	at org.springframework.beans.factory.support.ConstructorResolver.autowireConstructor(ConstructorResolver.java:229)
	at org.springframework.beans.factory.support.AbstractAutowireCapableBeanFactory.autowireConstructor(AbstractAutowireCapableBeanFactory.java:1354)
	at org.springframework.beans.factory.support.AbstractAutowireCapableBeanFactory.createBeanInstance(AbstractAutowireCapableBeanFactory.java:1204)
	at org.springframework.beans.factory.support.AbstractAutowireCapableBeanFactory.doCreateBean(AbstractAutowireCapableBeanFactory.java:564)
	at org.springframework.beans.factory.support.AbstractAutowireCapableBeanFactory.createBean(AbstractAutowireCapableBeanFactory.java:524)
	at org.springframework.beans.factory.support.AbstractBeanFactory.lambda$doGetBean$0(AbstractBeanFactory.java:335)
	at org.springframework.beans.factory.support.DefaultSingletonBeanRegistry.getSingleton(DefaultSingletonBeanRegistry.java:234)
	at org.springframework.beans.factory.support.AbstractBeanFactory.doGetBean(AbstractBeanFactory.java:333)
	at org.springframework.beans.factory.support.AbstractBeanFactory.getBean(AbstractBeanFactory.java:208)
	at org.springframework.beans.factory.support.DefaultListableBeanFactory.preInstantiateSingletons(DefaultListableBeanFactory.java:944)
	at org.springframework.context.support.AbstractApplicationContext.finishBeanFactoryInitialization(AbstractApplicationContext.java:918)
	at org.springframework.context.support.AbstractApplicationContext.refresh(AbstractApplicationContext.java:583)
	at org.springframework.boot.SpringApplication.refresh(SpringApplication.java:769)
	at org.springframework.boot.SpringApplication.refresh(SpringApplication.java:761)
	at org.springframework.boot.SpringApplication.refreshContext(SpringApplication.java:426)
	at org.springframework.boot.SpringApplication.run(SpringApplication.java:326)
	at org.springframework.boot.test.context.SpringBootContextLoader.loadContext(SpringBootContextLoader.java:123)
	at org.springframework.test.context.cache.DefaultCacheAwareContextLoaderDelegate.loadContextInternal(DefaultCacheAwareContextLoaderDelegate.java:99)
	at org.springframework.test.context.cache.DefaultCacheAwareContextLoaderDelegate.loadContext(DefaultCacheAwareContextLoaderDelegate.java:124)
	at org.springframework.test.context.support.DefaultTestContext.getApplicationContext(DefaultTestContext.java:124)
	at org.springframework.test.context.support.DependencyInjectionTestExecutionListener.injectDependencies(DependencyInjectionTestExecutionListener.java:118)
	at org.springframework.test.context.support.DependencyInjectionTestExecutionListener.prepareTestInstance(DependencyInjectionTestExecutionListener.java:83)
	at org.springframework.boot.test.autoconfigure.SpringBootDependencyInjectionTestExecutionListener.prepareTestInstance(SpringBootDependencyInjectionTestExecutionListener.java:43)
	at org.springframework.test.context.TestContextManager.prepareTestInstance(TestContextManager.java:244)
	at org.springframework.test.context.junit.jupiter.SpringExtension.postProcessTestInstance(SpringExtension.java:138)
	at org.junit.jupiter.engine.descriptor.ClassBasedTestDescriptor.lambda$invokeTestInstancePostProcessors$6(ClassBasedTestDescriptor.java:350)
	at org.junit.jupiter.engine.descriptor.ClassBasedTestDescriptor.executeAndMaskThrowable(ClassBasedTestDescriptor.java:355)
	at org.junit.jupiter.engine.descriptor.ClassBasedTestDescriptor.lambda$invokeTestInstancePostProcessors$7(ClassBasedTestDescriptor.java:350)
	at java.base/java.util.stream.ReferencePipeline$3$1.accept(ReferencePipeline.java:195)
	at java.base/java.util.stream.ReferencePipeline$2$1.accept(ReferencePipeline.java:177)
	at java.base/java.util.ArrayList$ArrayListSpliterator.forEachRemaining(ArrayList.java:1655)
	at java.base/java.util.stream.AbstractPipeline.copyInto(AbstractPipeline.java:484)
	at java.base/java.util.stream.AbstractPipeline.wrapAndCopyInto(AbstractPipeline.java:474)
	at java.base/java.util.stream.StreamSpliterators$WrappingSpliterator.forEachRemaining(StreamSpliterators.java:312)
	at java.base/java.util.stream.Streams$ConcatSpliterator.forEachRemaining(Streams.java:735)
	at java.base/java.util.stream.Streams$ConcatSpliterator.forEachRemaining(Streams.java:734)
	at java.base/java.util.stream.ReferencePipeline$Head.forEach(ReferencePipeline.java:658)
	at org.junit.jupiter.engine.descriptor.ClassBasedTestDescriptor.invokeTestInstancePostProcessors(ClassBasedTestDescriptor.java:349)
	at org.junit.jupiter.engine.descriptor.ClassBasedTestDescriptor.lambda$instantiateAndPostProcessTestInstance$4(ClassBasedTestDescriptor.java:270)
	at org.junit.platform.engine.support.hierarchical.ThrowableCollector.execute(ThrowableCollector.java:73)
	at org.junit.jupiter.engine.descriptor.ClassBasedTestDescriptor.instantiateAndPostProcessTestInstance(ClassBasedTestDescriptor.java:269)
	at org.junit.jupiter.engine.descriptor.ClassBasedTestDescriptor.lambda$testInstancesProvider$2(ClassBasedTestDescriptor.java:259)
	at java.base/java.util.Optional.orElseGet(Optional.java:369)
	at org.junit.jupiter.engine.descriptor.ClassBasedTestDescriptor.lambda$testInstancesProvider$3(ClassBasedTestDescriptor.java:258)
	at org.junit.jupiter.engine.execution.TestInstancesProvider.getTestInstances(TestInstancesProvider.java:31)
	at org.junit.jupiter.engine.descriptor.TestMethodTestDescriptor.lambda$prepare$0(TestMethodTestDescriptor.java:101)
	at org.junit.platform.engine.support.hierarchical.ThrowableCollector.execute(ThrowableCollector.java:73)
	at org.junit.jupiter.engine.descriptor.TestMethodTestDescriptor.prepare(TestMethodTestDescriptor.java:100)
	at org.junit.jupiter.engine.descriptor.TestMethodTestDescriptor.prepare(TestMethodTestDescriptor.java:65)
	at org.junit.platform.engine.support.hierarchical.NodeTestTask.lambda$prepare$1(NodeTestTask.java:111)
	at org.junit.platform.engine.support.hierarchical.ThrowableCollector.execute(ThrowableCollector.java:73)
	at org.junit.platform.engine.support.hierarchical.NodeTestTask.prepare(NodeTestTask.java:111)
	at org.junit.platform.engine.support.hierarchical.NodeTestTask.execute(NodeTestTask.java:79)
	at java.base/java.util.ArrayList.forEach(ArrayList.java:1541)
	at org.junit.platform.engine.support.hierarchical.SameThreadHierarchicalTestExecutorService.invokeAll(SameThreadHierarchicalTestExecutorService.java:38)
	at org.junit.platform.engine.support.hierarchical.NodeTestTask.lambda$executeRecursively$5(NodeTestTask.java:143)
	at org.junit.platform.engine.support.hierarchical.ThrowableCollector.execute(ThrowableCollector.java:73)
	at org.junit.platform.engine.support.hierarchical.NodeTestTask.lambda$executeRecursively$7(NodeTestTask.java:129)
	at org.junit.platform.engine.support.hierarchical.Node.around(Node.java:137)
	at org.junit.platform.engine.support.hierarchical.NodeTestTask.lambda$executeRecursively$8(NodeTestTask.java:127)
	at org.junit.platform.engine.support.hierarchical.ThrowableCollector.execute(ThrowableCollector.java:73)
	at org.junit.platform.engine.support.hierarchical.NodeTestTask.executeRecursively(NodeTestTask.java:126)
	at org.junit.platform.engine.support.hierarchical.NodeTestTask.execute(NodeTestTask.java:84)
	at java.base/java.util.ArrayList.forEach(ArrayList.java:1541)
	at org.junit.platform.engine.support.hierarchical.SameThreadHierarchicalTestExecutorService.invokeAll(SameThreadHierarchicalTestExecutorService.java:38)
	at org.junit.platform.engine.support.hierarchical.NodeTestTask.lambda$executeRecursively$5(NodeTestTask.java:143)
	at org.junit.platform.engine.support.hierarchical.ThrowableCollector.execute(ThrowableCollector.java:73)
	at org.junit.platform.engine.support.hierarchical.NodeTestTask.lambda$executeRecursively$7(NodeTestTask.java:129)
	at org.junit.platform.engine.support.hierarchical.Node.around(Node.java:137)
	at org.junit.platform.engine.support.hierarchical.NodeTestTask.lambda$executeRecursively$8(NodeTestTask.java:127)
	at org.junit.platform.engine.support.hierarchical.ThrowableCollector.execute(ThrowableCollector.java:73)
	at org.junit.platform.engine.support.hierarchical.NodeTestTask.executeRecursively(NodeTestTask.java:126)
	at org.junit.platform.engine.support.hierarchical.NodeTestTask.execute(NodeTestTask.java:84)
	at org.junit.platform.engine.support.hierarchical.SameThreadHierarchicalTestExecutorService.submit(SameThreadHierarchicalTestExecutorService.java:32)
	at org.junit.platform.engine.support.hierarchical.HierarchicalTestExecutor.execute(HierarchicalTestExecutor.java:57)
	at org.junit.platform.engine.support.hierarchical.HierarchicalTestEngine.execute(HierarchicalTestEngine.java:51)
	at org.junit.platform.launcher.core.EngineExecutionOrchestrator.execute(EngineExecutionOrchestrator.java:108)
	at org.junit.platform.launcher.core.EngineExecutionOrchestrator.execute(EngineExecutionOrchestrator.java:88)
	at org.junit.platform.launcher.core.EngineExecutionOrchestrator.lambda$execute$0(EngineExecutionOrchestrator.java:54)
	at org.junit.platform.launcher.core.EngineExecutionOrchestrator.withInterceptedStreams(EngineExecutionOrchestrator.java:67)
	at org.junit.platform.launcher.core.EngineExecutionOrchestrator.execute(EngineExecutionOrchestrator.java:52)
	at org.junit.platform.launcher.core.DefaultLauncher.execute(DefaultLauncher.java:96)
	at org.junit.platform.launcher.core.DefaultLauncher.execute(DefaultLauncher.java:75)
	at org.apache.maven.surefire.junitplatform.JUnitPlatformProvider.invokeAllTests(JUnitPlatformProvider.java:154)
	at org.apache.maven.surefire.junitplatform.JUnitPlatformProvider.invoke(JUnitPlatformProvider.java:127)
	at org.apache.maven.surefire.booter.ForkedBooter.runSuitesInProcess(ForkedBooter.java:377)
	at org.apache.maven.surefire.booter.ForkedBooter.execute(ForkedBooter.java:138)
	at org.apache.maven.surefire.booter.ForkedBooter.run(ForkedBooter.java:465)
	at org.apache.maven.surefire.booter.ForkedBooter.main(ForkedBooter.java:451)
Caused by: org.springframework.beans.factory.UnsatisfiedDependencyException: Error creating bean with name 'tourDtoServiceImpl' defined in URL [jar:file:/home/artem/IdeaProjects/aderenchuk-travel.agency/service/target/service-1.0-SNAPSHOT.jar!/com/aderenchuk/brest/service/impl/TourDtoServiceImpl.class]: Unsatisfied dependency expressed through constructor parameter 0; nested exception is org.springframework.beans.factory.UnsatisfiedDependencyException: Error creating bean with name 'tourDtoDaoJdbc' defined in URL [jar:file:/home/artem/IdeaProjects/aderenchuk-travel.agency/dao/target/dao-1.0-SNAPSHOT.jar!/com/aderenchuk/brest/dao/jdbc/TourDtoDaoJdbc.class]: Unsatisfied dependency expressed through constructor parameter 0; nested exception is org.springframework.beans.factory.BeanCreationException: Error creating bean with name 'dataSource': Post-processing of FactoryBean's singleton object failed; nested exception is org.springframework.beans.factory.BeanCreationException: Error creating bean with name 'org.springframework.boot.autoconfigure.jdbc.DataSourceInitializerInvoker': Invocation of init method failed; nested exception is org.springframework.jdbc.datasource.init.ScriptStatementFailedException: Failed to execute SQL script statement #1 of URL [jar:file:/home/artem/IdeaProjects/aderenchuk-travel.agency/test-db/target/test-db-1.0-SNAPSHOT.jar!/data.sql]: INSERT INTO TOUR (TOUR_ID, DIRECTION, DATE_TOUR) VALUES (101, 'BREST-MOSCOW', '2021-08-01'), (102, 'MINSK-ROME', '2021-08-01'), (103, 'MOSCOW-BARCELONA', '2021-06-15'), (104, 'MINSK-RIGA', '2021-07-02'), (105, 'MINSK-DUBAI', '2021-05-25'); nested exception is org.h2.jdbc.JdbcSQLIntegrityConstraintViolationException: Нарушение уникального индекса или первичного ключа: "PRIMARY KEY ON PUBLIC.TOUR(TOUR_ID) [101, 'BREST-MOSCOW', DATE '2021-08-01']"
Unique index or primary key violation: "PRIMARY KEY ON PUBLIC.TOUR(TOUR_ID) [101, 'BREST-MOSCOW', DATE '2021-08-01']"; SQL statement:
INSERT INTO TOUR (TOUR_ID, DIRECTION, DATE_TOUR) VALUES (101, 'BREST-MOSCOW', '2021-08-01'), (102, 'MINSK-ROME', '2021-08-01'), (103, 'MOSCOW-BARCELONA', '2021-06-15'), (104, 'MINSK-RIGA', '2021-07-02'), (105, 'MINSK-DUBAI', '2021-05-25') [23505-200]
	at org.springframework.beans.factory.support.ConstructorResolver.createArgumentArray(ConstructorResolver.java:800)
	at org.springframework.beans.factory.support.ConstructorResolver.autowireConstructor(ConstructorResolver.java:229)
	at org.springframework.beans.factory.support.AbstractAutowireCapableBeanFactory.autowireConstructor(AbstractAutowireCapableBeanFactory.java:1354)
	at org.springframework.beans.factory.support.AbstractAutowireCapableBeanFactory.createBeanInstance(AbstractAutowireCapableBeanFactory.java:1204)
	at org.springframework.beans.factory.support.AbstractAutowireCapableBeanFactory.doCreateBean(AbstractAutowireCapableBeanFactory.java:564)
	at org.springframework.beans.factory.support.AbstractAutowireCapableBeanFactory.createBean(AbstractAutowireCapableBeanFactory.java:524)
	at org.springframework.beans.factory.support.AbstractBeanFactory.lambda$doGetBean$0(AbstractBeanFactory.java:335)
	at org.springframework.beans.factory.support.DefaultSingletonBeanRegistry.getSingleton(DefaultSingletonBeanRegistry.java:234)
	at org.springframework.beans.factory.support.AbstractBeanFactory.doGetBean(AbstractBeanFactory.java:333)
	at org.springframework.beans.factory.support.AbstractBeanFactory.getBean(AbstractBeanFactory.java:208)
	at org.springframework.beans.factory.config.DependencyDescriptor.resolveCandidate(DependencyDescriptor.java:276)
	at org.springframework.beans.factory.support.DefaultListableBeanFactory.doResolveDependency(DefaultListableBeanFactory.java:1380)
	at org.springframework.beans.factory.support.DefaultListableBeanFactory.resolveDependency(DefaultListableBeanFactory.java:1300)
	at org.springframework.beans.factory.support.ConstructorResolver.resolveAutowiredArgument(ConstructorResolver.java:887)
	at org.springframework.beans.factory.support.ConstructorResolver.createArgumentArray(ConstructorResolver.java:791)
	... 89 common frames omitted
Caused by: org.springframework.beans.factory.UnsatisfiedDependencyException: Error creating bean with name 'tourDtoDaoJdbc' defined in URL [jar:file:/home/artem/IdeaProjects/aderenchuk-travel.agency/dao/target/dao-1.0-SNAPSHOT.jar!/com/aderenchuk/brest/dao/jdbc/TourDtoDaoJdbc.class]: Unsatisfied dependency expressed through constructor parameter 0; nested exception is org.springframework.beans.factory.BeanCreationException: Error creating bean with name 'dataSource': Post-processing of FactoryBean's singleton object failed; nested exception is org.springframework.beans.factory.BeanCreationException: Error creating bean with name 'org.springframework.boot.autoconfigure.jdbc.DataSourceInitializerInvoker': Invocation of init method failed; nested exception is org.springframework.jdbc.datasource.init.ScriptStatementFailedException: Failed to execute SQL script statement #1 of URL [jar:file:/home/artem/IdeaProjects/aderenchuk-travel.agency/test-db/target/test-db-1.0-SNAPSHOT.jar!/data.sql]: INSERT INTO TOUR (TOUR_ID, DIRECTION, DATE_TOUR) VALUES (101, 'BREST-MOSCOW', '2021-08-01'), (102, 'MINSK-ROME', '2021-08-01'), (103, 'MOSCOW-BARCELONA', '2021-06-15'), (104, 'MINSK-RIGA', '2021-07-02'), (105, 'MINSK-DUBAI', '2021-05-25'); nested exception is org.h2.jdbc.JdbcSQLIntegrityConstraintViolationException: Нарушение уникального индекса или первичного ключа: "PRIMARY KEY ON PUBLIC.TOUR(TOUR_ID) [101, 'BREST-MOSCOW', DATE '2021-08-01']"
Unique index or primary key violation: "PRIMARY KEY ON PUBLIC.TOUR(TOUR_ID) [101, 'BREST-MOSCOW', DATE '2021-08-01']"; SQL statement:
INSERT INTO TOUR (TOUR_ID, DIRECTION, DATE_TOUR) VALUES (101, 'BREST-MOSCOW', '2021-08-01'), (102, 'MINSK-ROME', '2021-08-01'), (103, 'MOSCOW-BARCELONA', '2021-06-15'), (104, 'MINSK-RIGA', '2021-07-02'), (105, 'MINSK-DUBAI', '2021-05-25') [23505-200]
	at org.springframework.beans.factory.support.ConstructorResolver.createArgumentArray(ConstructorResolver.java:800)
	at org.springframework.beans.factory.support.ConstructorResolver.autowireConstructor(ConstructorResolver.java:229)
	at org.springframework.beans.factory.support.AbstractAutowireCapableBeanFactory.autowireConstructor(AbstractAutowireCapableBeanFactory.java:1354)
	at org.springframework.beans.factory.support.AbstractAutowireCapableBeanFactory.createBeanInstance(AbstractAutowireCapableBeanFactory.java:1204)
	at org.springframework.beans.factory.support.AbstractAutowireCapableBeanFactory.doCreateBean(AbstractAutowireCapableBeanFactory.java:564)
	at org.springframework.beans.factory.support.AbstractAutowireCapableBeanFactory.createBean(AbstractAutowireCapableBeanFactory.java:524)
	at org.springframework.beans.factory.support.AbstractBeanFactory.lambda$doGetBean$0(AbstractBeanFactory.java:335)
	at org.springframework.beans.factory.support.DefaultSingletonBeanRegistry.getSingleton(DefaultSingletonBeanRegistry.java:234)
	at org.springframework.beans.factory.support.AbstractBeanFactory.doGetBean(AbstractBeanFactory.java:333)
	at org.springframework.beans.factory.support.AbstractBeanFactory.getBean(AbstractBeanFactory.java:208)
	at org.springframework.beans.factory.config.DependencyDescriptor.resolveCandidate(DependencyDescriptor.java:276)
	at org.springframework.beans.factory.support.DefaultListableBeanFactory.doResolveDependency(DefaultListableBeanFactory.java:1380)
	at org.springframework.beans.factory.support.DefaultListableBeanFactory.resolveDependency(DefaultListableBeanFactory.java:1300)
	at org.springframework.beans.factory.support.ConstructorResolver.resolveAutowiredArgument(ConstructorResolver.java:887)
	at org.springframework.beans.factory.support.ConstructorResolver.createArgumentArray(ConstructorResolver.java:791)
	... 103 common frames omitted
Caused by: org.springframework.beans.factory.BeanCreationException: Error creating bean with name 'dataSource': Post-processing of FactoryBean's singleton object failed; nested exception is org.springframework.beans.factory.BeanCreationException: Error creating bean with name 'org.springframework.boot.autoconfigure.jdbc.DataSourceInitializerInvoker': Invocation of init method failed; nested exception is org.springframework.jdbc.datasource.init.ScriptStatementFailedException: Failed to execute SQL script statement #1 of URL [jar:file:/home/artem/IdeaProjects/aderenchuk-travel.agency/test-db/target/test-db-1.0-SNAPSHOT.jar!/data.sql]: INSERT INTO TOUR (TOUR_ID, DIRECTION, DATE_TOUR) VALUES (101, 'BREST-MOSCOW', '2021-08-01'), (102, 'MINSK-ROME', '2021-08-01'), (103, 'MOSCOW-BARCELONA', '2021-06-15'), (104, 'MINSK-RIGA', '2021-07-02'), (105, 'MINSK-DUBAI', '2021-05-25'); nested exception is org.h2.jdbc.JdbcSQLIntegrityConstraintViolationException: Нарушение уникального индекса или первичного ключа: "PRIMARY KEY ON PUBLIC.TOUR(TOUR_ID) [101, 'BREST-MOSCOW', DATE '2021-08-01']"
Unique index or primary key violation: "PRIMARY KEY ON PUBLIC.TOUR(TOUR_ID) [101, 'BREST-MOSCOW', DATE '2021-08-01']"; SQL statement:
INSERT INTO TOUR (TOUR_ID, DIRECTION, DATE_TOUR) VALUES (101, 'BREST-MOSCOW', '2021-08-01'), (102, 'MINSK-ROME', '2021-08-01'), (103, 'MOSCOW-BARCELONA', '2021-06-15'), (104, 'MINSK-RIGA', '2021-07-02'), (105, 'MINSK-DUBAI', '2021-05-25') [23505-200]
	at org.springframework.beans.factory.support.FactoryBeanRegistrySupport.getObjectFromFactoryBean(FactoryBeanRegistrySupport.java:119)
	at org.springframework.beans.factory.support.AbstractBeanFactory.getObjectForBeanInstance(AbstractBeanFactory.java:1884)
	at org.springframework.beans.factory.support.AbstractAutowireCapableBeanFactory.getObjectForBeanInstance(AbstractAutowireCapableBeanFactory.java:1266)
	at org.springframework.beans.factory.support.AbstractBeanFactory.doGetBean(AbstractBeanFactory.java:345)
	at org.springframework.beans.factory.support.AbstractBeanFactory.getBean(AbstractBeanFactory.java:208)
	at org.springframework.beans.factory.config.DependencyDescriptor.resolveCandidate(DependencyDescriptor.java:276)
	at org.springframework.beans.factory.support.DefaultListableBeanFactory.doResolveDependency(DefaultListableBeanFactory.java:1380)
	at org.springframework.beans.factory.support.DefaultListableBeanFactory.resolveDependency(DefaultListableBeanFactory.java:1300)
	at org.springframework.beans.factory.support.ConstructorResolver.resolveAutowiredArgument(ConstructorResolver.java:887)
	at org.springframework.beans.factory.support.ConstructorResolver.createArgumentArray(ConstructorResolver.java:791)
	... 117 common frames omitted
Caused by: org.springframework.beans.factory.BeanCreationException: Error creating bean with name 'org.springframework.boot.autoconfigure.jdbc.DataSourceInitializerInvoker': Invocation of init method failed; nested exception is org.springframework.jdbc.datasource.init.ScriptStatementFailedException: Failed to execute SQL script statement #1 of URL [jar:file:/home/artem/IdeaProjects/aderenchuk-travel.agency/test-db/target/test-db-1.0-SNAPSHOT.jar!/data.sql]: INSERT INTO TOUR (TOUR_ID, DIRECTION, DATE_TOUR) VALUES (101, 'BREST-MOSCOW', '2021-08-01'), (102, 'MINSK-ROME', '2021-08-01'), (103, 'MOSCOW-BARCELONA', '2021-06-15'), (104, 'MINSK-RIGA', '2021-07-02'), (105, 'MINSK-DUBAI', '2021-05-25'); nested exception is org.h2.jdbc.JdbcSQLIntegrityConstraintViolationException: Нарушение уникального индекса или первичного ключа: "PRIMARY KEY ON PUBLIC.TOUR(TOUR_ID) [101, 'BREST-MOSCOW', DATE '2021-08-01']"
Unique index or primary key violation: "PRIMARY KEY ON PUBLIC.TOUR(TOUR_ID) [101, 'BREST-MOSCOW', DATE '2021-08-01']"; SQL statement:
INSERT INTO TOUR (TOUR_ID, DIRECTION, DATE_TOUR) VALUES (101, 'BREST-MOSCOW', '2021-08-01'), (102, 'MINSK-ROME', '2021-08-01'), (103, 'MOSCOW-BARCELONA', '2021-06-15'), (104, 'MINSK-RIGA', '2021-07-02'), (105, 'MINSK-DUBAI', '2021-05-25') [23505-200]
	at org.springframework.beans.factory.support.AbstractAutowireCapableBeanFactory.initializeBean(AbstractAutowireCapableBeanFactory.java:1786)
	at org.springframework.beans.factory.support.AbstractAutowireCapableBeanFactory.doCreateBean(AbstractAutowireCapableBeanFactory.java:602)
	at org.springframework.beans.factory.support.AbstractAutowireCapableBeanFactory.createBean(AbstractAutowireCapableBeanFactory.java:524)
	at org.springframework.beans.factory.support.AbstractBeanFactory.lambda$doGetBean$0(AbstractBeanFactory.java:335)
	at org.springframework.beans.factory.support.DefaultSingletonBeanRegistry.getSingleton(DefaultSingletonBeanRegistry.java:234)
	at org.springframework.beans.factory.support.AbstractBeanFactory.doGetBean(AbstractBeanFactory.java:333)
	at org.springframework.beans.factory.support.AbstractBeanFactory.getBean(AbstractBeanFactory.java:233)
	at org.springframework.beans.factory.support.DefaultListableBeanFactory.resolveNamedBean(DefaultListableBeanFactory.java:1273)
	at org.springframework.beans.factory.support.DefaultListableBeanFactory.resolveNamedBean(DefaultListableBeanFactory.java:1234)
	at org.springframework.beans.factory.support.DefaultListableBeanFactory.resolveBean(DefaultListableBeanFactory.java:494)
	at org.springframework.beans.factory.support.DefaultListableBeanFactory.getBean(DefaultListableBeanFactory.java:349)
	at org.springframework.beans.factory.support.DefaultListableBeanFactory.getBean(DefaultListableBeanFactory.java:342)
	at org.springframework.boot.autoconfigure.jdbc.DataSourceInitializerPostProcessor.postProcessAfterInitialization(DataSourceInitializerPostProcessor.java:51)
	at org.springframework.beans.factory.support.AbstractAutowireCapableBeanFactory.applyBeanPostProcessorsAfterInitialization(AbstractAutowireCapableBeanFactory.java:437)
	at org.springframework.beans.factory.support.AbstractAutowireCapableBeanFactory.postProcessObjectFromFactoryBean(AbstractAutowireCapableBeanFactory.java:1929)
	at org.springframework.beans.factory.support.FactoryBeanRegistrySupport.getObjectFromFactoryBean(FactoryBeanRegistrySupport.java:116)
	... 126 common frames omitted
Caused by: org.springframework.jdbc.datasource.init.ScriptStatementFailedException: Failed to execute SQL script statement #1 of URL [jar:file:/home/artem/IdeaProjects/aderenchuk-travel.agency/test-db/target/test-db-1.0-SNAPSHOT.jar!/data.sql]: INSERT INTO TOUR (TOUR_ID, DIRECTION, DATE_TOUR) VALUES (101, 'BREST-MOSCOW', '2021-08-01'), (102, 'MINSK-ROME', '2021-08-01'), (103, 'MOSCOW-BARCELONA', '2021-06-15'), (104, 'MINSK-RIGA', '2021-07-02'), (105, 'MINSK-DUBAI', '2021-05-25'); nested exception is org.h2.jdbc.JdbcSQLIntegrityConstraintViolationException: Нарушение уникального индекса или первичного ключа: "PRIMARY KEY ON PUBLIC.TOUR(TOUR_ID) [101, 'BREST-MOSCOW', DATE '2021-08-01']"
Unique index or primary key violation: "PRIMARY KEY ON PUBLIC.TOUR(TOUR_ID) [101, 'BREST-MOSCOW', DATE '2021-08-01']"; SQL statement:
INSERT INTO TOUR (TOUR_ID, DIRECTION, DATE_TOUR) VALUES (101, 'BREST-MOSCOW', '2021-08-01'), (102, 'MINSK-ROME', '2021-08-01'), (103, 'MOSCOW-BARCELONA', '2021-06-15'), (104, 'MINSK-RIGA', '2021-07-02'), (105, 'MINSK-DUBAI', '2021-05-25') [23505-200]
	at org.springframework.jdbc.datasource.init.ScriptUtils.executeSqlScript(ScriptUtils.java:622)
	at org.springframework.jdbc.datasource.init.ResourceDatabasePopulator.populate(ResourceDatabasePopulator.java:254)
	at org.springframework.jdbc.datasource.init.DatabasePopulatorUtils.execute(DatabasePopulatorUtils.java:49)
	at org.springframework.boot.autoconfigure.jdbc.DataSourceInitializer.runScripts(DataSourceInitializer.java:202)
	at org.springframework.boot.autoconfigure.jdbc.DataSourceInitializer.initSchema(DataSourceInitializer.java:119)
	at org.springframework.boot.autoconfigure.jdbc.DataSourceInitializerInvoker.onApplicationEvent(DataSourceInitializerInvoker.java:91)
	at org.springframework.boot.autoconfigure.jdbc.DataSourceInitializerInvoker.onApplicationEvent(DataSourceInitializerInvoker.java:38)
	at org.springframework.context.event.SimpleApplicationEventMulticaster.doInvokeListener(SimpleApplicationEventMulticaster.java:176)
	at org.springframework.context.event.SimpleApplicationEventMulticaster.invokeListener(SimpleApplicationEventMulticaster.java:169)
	at org.springframework.context.event.SimpleApplicationEventMulticaster.multicastEvent(SimpleApplicationEventMulticaster.java:143)
	at org.springframework.context.support.AbstractApplicationContext.publishEvent(AbstractApplicationContext.java:421)
	at org.springframework.context.support.AbstractApplicationContext.publishEvent(AbstractApplicationContext.java:378)
	at org.springframework.boot.autoconfigure.jdbc.DataSourceInitializerInvoker.initialize(DataSourceInitializerInvoker.java:72)
	at org.springframework.boot.autoconfigure.jdbc.DataSourceInitializerInvoker.afterPropertiesSet(DataSourceInitializerInvoker.java:65)
	at org.springframework.beans.factory.support.AbstractAutowireCapableBeanFactory.invokeInitMethods(AbstractAutowireCapableBeanFactory.java:1845)
	at org.springframework.beans.factory.support.AbstractAutowireCapableBeanFactory.initializeBean(AbstractAutowireCapableBeanFactory.java:1782)
	... 141 common frames omitted
Caused by: org.h2.jdbc.JdbcSQLIntegrityConstraintViolationException: Нарушение уникального индекса или первичного ключа: "PRIMARY KEY ON PUBLIC.TOUR(TOUR_ID) [101, 'BREST-MOSCOW', DATE '2021-08-01']"
Unique index or primary key violation: "PRIMARY KEY ON PUBLIC.TOUR(TOUR_ID) [101, 'BREST-MOSCOW', DATE '2021-08-01']"; SQL statement:
INSERT INTO TOUR (TOUR_ID, DIRECTION, DATE_TOUR) VALUES (101, 'BREST-MOSCOW', '2021-08-01'), (102, 'MINSK-ROME', '2021-08-01'), (103, 'MOSCOW-BARCELONA', '2021-06-15'), (104, 'MINSK-RIGA', '2021-07-02'), (105, 'MINSK-DUBAI', '2021-05-25') [23505-200]
	at org.h2.message.DbException.getJdbcSQLException(DbException.java:459)
	at org.h2.message.DbException.getJdbcSQLException(DbException.java:429)
	at org.h2.message.DbException.get(DbException.java:205)
	at org.h2.message.DbException.get(DbException.java:181)
	at org.h2.mvstore.db.MVPrimaryIndex.add(MVPrimaryIndex.java:127)
	at org.h2.mvstore.db.MVTable.addRow(MVTable.java:531)
	at org.h2.command.dml.Insert.insertRows(Insert.java:195)
	at org.h2.command.dml.Insert.update(Insert.java:151)
	at org.h2.command.CommandContainer.update(CommandContainer.java:198)
	at org.h2.command.Command.executeUpdate(Command.java:251)
	at org.h2.jdbc.JdbcStatement.executeInternal(JdbcStatement.java:228)
	at org.h2.jdbc.JdbcStatement.execute(JdbcStatement.java:201)
	at org.springframework.jdbc.datasource.init.ScriptUtils.executeSqlScript(ScriptUtils.java:601)
	... 156 common frames omitted

  .   ____          _            __ _ _
 /\\ / ___'_ __ _ _(_)_ __  __ _ \ \ \ \
( ( )\___ | '_ | '_| | '_ \/ _` | \ \ \ \
 \\/  ___)| |_)| | | | | || (_| |  ) ) ) )
  '  |____| .__|_| |_|_| |_\__, | / / / /
 =========|_|==============|___/=/_/_/_/
 :: Spring Boot ::                (v2.4.4)

22:11:43 [main] INFO  com.aderenchuk.brest.service.web_app.TourControllerIT - Starting TourControllerIT using Java 11.0.10 on artem-HP-Laptop-15-bs0xx with PID 35492 (started by artem in /home/artem/IdeaProjects/aderenchuk-travel.agency/web-app)
22:11:43 [main] INFO  com.aderenchuk.brest.service.web_app.TourControllerIT - Starting TourControllerIT using Java 11.0.10 on artem-HP-Laptop-15-bs0xx with PID 35492 (started by artem in /home/artem/IdeaProjects/aderenchuk-travel.agency/web-app)
22:11:43 [main] DEBUG com.aderenchuk.brest.service.web_app.TourControllerIT - Running with Spring Boot v2.4.4, Spring v5.3.5
22:11:43 [main] DEBUG com.aderenchuk.brest.service.web_app.TourControllerIT - Running with Spring Boot v2.4.4, Spring v5.3.5
22:11:43 [main] INFO  com.aderenchuk.brest.service.web_app.TourControllerIT - No active profile set, falling back to default profiles: default
22:11:43 [main] INFO  com.aderenchuk.brest.service.web_app.TourControllerIT - No active profile set, falling back to default profiles: default
22:11:43 [main] INFO  org.springframework.boot.test.autoconfigure.jdbc.TestDatabaseAutoConfiguration$EmbeddedDataSourceBeanFactoryPostProcessor - Replacing 'dataSource' DataSource bean with embedded version
22:11:43 [main] INFO  org.springframework.jdbc.datasource.embedded.EmbeddedDatabaseFactory - Starting embedded database: url='jdbc:h2:mem:180bd680-a01b-4bf0-855e-030df90f9dd3;DB_CLOSE_DELAY=-1;DB_CLOSE_ON_EXIT=false', username='sa'
22:11:43 [main] WARN  org.springframework.context.annotation.AnnotationConfigApplicationContext - Exception encountered during context initialization - cancelling refresh attempt: org.springframework.beans.factory.UnsatisfiedDependencyException: Error creating bean with name 'tourController' defined in file [/home/artem/IdeaProjects/aderenchuk-travel.agency/web-app/target/classes/com/aderenchuk/brest/service/web_app/TourController.class]: Unsatisfied dependency expressed through constructor parameter 0; nested exception is org.springframework.beans.factory.UnsatisfiedDependencyException: Error creating bean with name 'tourDtoServiceImpl' defined in URL [jar:file:/home/artem/IdeaProjects/aderenchuk-travel.agency/service/target/service-1.0-SNAPSHOT.jar!/com/aderenchuk/brest/service/impl/TourDtoServiceImpl.class]: Unsatisfied dependency expressed through constructor parameter 0; nested exception is org.springframework.beans.factory.UnsatisfiedDependencyException: Error creating bean with name 'tourDtoDaoJdbc' defined in URL [jar:file:/home/artem/IdeaProjects/aderenchuk-travel.agency/dao/target/dao-1.0-SNAPSHOT.jar!/com/aderenchuk/brest/dao/jdbc/TourDtoDaoJdbc.class]: Unsatisfied dependency expressed through constructor parameter 0; nested exception is org.springframework.beans.factory.BeanCreationException: Error creating bean with name 'dataSource': Post-processing of FactoryBean's singleton object failed; nested exception is org.springframework.beans.factory.BeanCreationException: Error creating bean with name 'org.springframework.boot.autoconfigure.jdbc.DataSourceInitializerInvoker': Invocation of init method failed; nested exception is org.springframework.jdbc.datasource.init.ScriptStatementFailedException: Failed to execute SQL script statement #1 of URL [jar:file:/home/artem/IdeaProjects/aderenchuk-travel.agency/test-db/target/test-db-1.0-SNAPSHOT.jar!/data.sql]: INSERT INTO TOUR (TOUR_ID, DIRECTION, DATE_TOUR) VALUES (101, 'BREST-MOSCOW', '2021-08-01'), (102, 'MINSK-ROME', '2021-08-01'), (103, 'MOSCOW-BARCELONA', '2021-06-15'), (104, 'MINSK-RIGA', '2021-07-02'), (105, 'MINSK-DUBAI', '2021-05-25'); nested exception is org.h2.jdbc.JdbcSQLIntegrityConstraintViolationException: Нарушение уникального индекса или первичного ключа: "PRIMARY KEY ON PUBLIC.TOUR(TOUR_ID) [101, 'BREST-MOSCOW', DATE '2021-08-01']"
Unique index or primary key violation: "PRIMARY KEY ON PUBLIC.TOUR(TOUR_ID) [101, 'BREST-MOSCOW', DATE '2021-08-01']"; SQL statement:
INSERT INTO TOUR (TOUR_ID, DIRECTION, DATE_TOUR) VALUES (101, 'BREST-MOSCOW', '2021-08-01'), (102, 'MINSK-ROME', '2021-08-01'), (103, 'MOSCOW-BARCELONA', '2021-06-15'), (104, 'MINSK-RIGA', '2021-07-02'), (105, 'MINSK-DUBAI', '2021-05-25') [23505-200]
22:11:43 [main] INFO  org.springframework.boot.autoconfigure.logging.ConditionEvaluationReportLoggingListener - 

Error starting ApplicationContext. To display the conditions report re-run your application with 'debug' enabled.
22:11:43 [main] ERROR org.springframework.boot.SpringApplication - Application run failed
org.springframework.beans.factory.UnsatisfiedDependencyException: Error creating bean with name 'tourController' defined in file [/home/artem/IdeaProjects/aderenchuk-travel.agency/web-app/target/classes/com/aderenchuk/brest/service/web_app/TourController.class]: Unsatisfied dependency expressed through constructor parameter 0; nested exception is org.springframework.beans.factory.UnsatisfiedDependencyException: Error creating bean with name 'tourDtoServiceImpl' defined in URL [jar:file:/home/artem/IdeaProjects/aderenchuk-travel.agency/service/target/service-1.0-SNAPSHOT.jar!/com/aderenchuk/brest/service/impl/TourDtoServiceImpl.class]: Unsatisfied dependency expressed through constructor parameter 0; nested exception is org.springframework.beans.factory.UnsatisfiedDependencyException: Error creating bean with name 'tourDtoDaoJdbc' defined in URL [jar:file:/home/artem/IdeaProjects/aderenchuk-travel.agency/dao/target/dao-1.0-SNAPSHOT.jar!/com/aderenchuk/brest/dao/jdbc/TourDtoDaoJdbc.class]: Unsatisfied dependency expressed through constructor parameter 0; nested exception is org.springframework.beans.factory.BeanCreationException: Error creating bean with name 'dataSource': Post-processing of FactoryBean's singleton object failed; nested exception is org.springframework.beans.factory.BeanCreationException: Error creating bean with name 'org.springframework.boot.autoconfigure.jdbc.DataSourceInitializerInvoker': Invocation of init method failed; nested exception is org.springframework.jdbc.datasource.init.ScriptStatementFailedException: Failed to execute SQL script statement #1 of URL [jar:file:/home/artem/IdeaProjects/aderenchuk-travel.agency/test-db/target/test-db-1.0-SNAPSHOT.jar!/data.sql]: INSERT INTO TOUR (TOUR_ID, DIRECTION, DATE_TOUR) VALUES (101, 'BREST-MOSCOW', '2021-08-01'), (102, 'MINSK-ROME', '2021-08-01'), (103, 'MOSCOW-BARCELONA', '2021-06-15'), (104, 'MINSK-RIGA', '2021-07-02'), (105, 'MINSK-DUBAI', '2021-05-25'); nested exception is org.h2.jdbc.JdbcSQLIntegrityConstraintViolationException: Нарушение уникального индекса или первичного ключа: "PRIMARY KEY ON PUBLIC.TOUR(TOUR_ID) [101, 'BREST-MOSCOW', DATE '2021-08-01']"
Unique index or primary key violation: "PRIMARY KEY ON PUBLIC.TOUR(TOUR_ID) [101, 'BREST-MOSCOW', DATE '2021-08-01']"; SQL statement:
INSERT INTO TOUR (TOUR_ID, DIRECTION, DATE_TOUR) VALUES (101, 'BREST-MOSCOW', '2021-08-01'), (102, 'MINSK-ROME', '2021-08-01'), (103, 'MOSCOW-BARCELONA', '2021-06-15'), (104, 'MINSK-RIGA', '2021-07-02'), (105, 'MINSK-DUBAI', '2021-05-25') [23505-200]
	at org.springframework.beans.factory.support.ConstructorResolver.createArgumentArray(ConstructorResolver.java:800)
	at org.springframework.beans.factory.support.ConstructorResolver.autowireConstructor(ConstructorResolver.java:229)
	at org.springframework.beans.factory.support.AbstractAutowireCapableBeanFactory.autowireConstructor(AbstractAutowireCapableBeanFactory.java:1354)
	at org.springframework.beans.factory.support.AbstractAutowireCapableBeanFactory.createBeanInstance(AbstractAutowireCapableBeanFactory.java:1204)
	at org.springframework.beans.factory.support.AbstractAutowireCapableBeanFactory.doCreateBean(AbstractAutowireCapableBeanFactory.java:564)
	at org.springframework.beans.factory.support.AbstractAutowireCapableBeanFactory.createBean(AbstractAutowireCapableBeanFactory.java:524)
	at org.springframework.beans.factory.support.AbstractBeanFactory.lambda$doGetBean$0(AbstractBeanFactory.java:335)
	at org.springframework.beans.factory.support.DefaultSingletonBeanRegistry.getSingleton(DefaultSingletonBeanRegistry.java:234)
	at org.springframework.beans.factory.support.AbstractBeanFactory.doGetBean(AbstractBeanFactory.java:333)
	at org.springframework.beans.factory.support.AbstractBeanFactory.getBean(AbstractBeanFactory.java:208)
	at org.springframework.beans.factory.support.DefaultListableBeanFactory.preInstantiateSingletons(DefaultListableBeanFactory.java:944)
	at org.springframework.context.support.AbstractApplicationContext.finishBeanFactoryInitialization(AbstractApplicationContext.java:918)
	at org.springframework.context.support.AbstractApplicationContext.refresh(AbstractApplicationContext.java:583)
	at org.springframework.boot.SpringApplication.refresh(SpringApplication.java:769)
	at org.springframework.boot.SpringApplication.refresh(SpringApplication.java:761)
	at org.springframework.boot.SpringApplication.refreshContext(SpringApplication.java:426)
	at org.springframework.boot.SpringApplication.run(SpringApplication.java:326)
	at org.springframework.boot.test.context.SpringBootContextLoader.loadContext(SpringBootContextLoader.java:123)
	at org.springframework.test.context.cache.DefaultCacheAwareContextLoaderDelegate.loadContextInternal(DefaultCacheAwareContextLoaderDelegate.java:99)
	at org.springframework.test.context.cache.DefaultCacheAwareContextLoaderDelegate.loadContext(DefaultCacheAwareContextLoaderDelegate.java:124)
	at org.springframework.test.context.support.DefaultTestContext.getApplicationContext(DefaultTestContext.java:124)
	at org.springframework.boot.test.autoconfigure.SpringBootDependencyInjectionTestExecutionListener.outputConditionEvaluationReport(SpringBootDependencyInjectionTestExecutionListener.java:53)
	at org.springframework.boot.test.autoconfigure.SpringBootDependencyInjectionTestExecutionListener.prepareTestInstance(SpringBootDependencyInjectionTestExecutionListener.java:46)
	at org.springframework.test.context.TestContextManager.prepareTestInstance(TestContextManager.java:244)
	at org.springframework.test.context.junit.jupiter.SpringExtension.postProcessTestInstance(SpringExtension.java:138)
	at org.junit.jupiter.engine.descriptor.ClassBasedTestDescriptor.lambda$invokeTestInstancePostProcessors$6(ClassBasedTestDescriptor.java:350)
	at org.junit.jupiter.engine.descriptor.ClassBasedTestDescriptor.executeAndMaskThrowable(ClassBasedTestDescriptor.java:355)
	at org.junit.jupiter.engine.descriptor.ClassBasedTestDescriptor.lambda$invokeTestInstancePostProcessors$7(ClassBasedTestDescriptor.java:350)
	at java.base/java.util.stream.ReferencePipeline$3$1.accept(ReferencePipeline.java:195)
	at java.base/java.util.stream.ReferencePipeline$2$1.accept(ReferencePipeline.java:177)
	at java.base/java.util.ArrayList$ArrayListSpliterator.forEachRemaining(ArrayList.java:1655)
	at java.base/java.util.stream.AbstractPipeline.copyInto(AbstractPipeline.java:484)
	at java.base/java.util.stream.AbstractPipeline.wrapAndCopyInto(AbstractPipeline.java:474)
	at java.base/java.util.stream.StreamSpliterators$WrappingSpliterator.forEachRemaining(StreamSpliterators.java:312)
	at java.base/java.util.stream.Streams$ConcatSpliterator.forEachRemaining(Streams.java:735)
	at java.base/java.util.stream.Streams$ConcatSpliterator.forEachRemaining(Streams.java:734)
	at java.base/java.util.stream.ReferencePipeline$Head.forEach(ReferencePipeline.java:658)
	at org.junit.jupiter.engine.descriptor.ClassBasedTestDescriptor.invokeTestInstancePostProcessors(ClassBasedTestDescriptor.java:349)
	at org.junit.jupiter.engine.descriptor.ClassBasedTestDescriptor.lambda$instantiateAndPostProcessTestInstance$4(ClassBasedTestDescriptor.java:270)
	at org.junit.platform.engine.support.hierarchical.ThrowableCollector.execute(ThrowableCollector.java:73)
	at org.junit.jupiter.engine.descriptor.ClassBasedTestDescriptor.instantiateAndPostProcessTestInstance(ClassBasedTestDescriptor.java:269)
	at org.junit.jupiter.engine.descriptor.ClassBasedTestDescriptor.lambda$testInstancesProvider$2(ClassBasedTestDescriptor.java:259)
	at java.base/java.util.Optional.orElseGet(Optional.java:369)
	at org.junit.jupiter.engine.descriptor.ClassBasedTestDescriptor.lambda$testInstancesProvider$3(ClassBasedTestDescriptor.java:258)
	at org.junit.jupiter.engine.execution.TestInstancesProvider.getTestInstances(TestInstancesProvider.java:31)
	at org.junit.jupiter.engine.descriptor.TestMethodTestDescriptor.lambda$prepare$0(TestMethodTestDescriptor.java:101)
	at org.junit.platform.engine.support.hierarchical.ThrowableCollector.execute(ThrowableCollector.java:73)
	at org.junit.jupiter.engine.descriptor.TestMethodTestDescriptor.prepare(TestMethodTestDescriptor.java:100)
	at org.junit.jupiter.engine.descriptor.TestMethodTestDescriptor.prepare(TestMethodTestDescriptor.java:65)
	at org.junit.platform.engine.support.hierarchical.NodeTestTask.lambda$prepare$1(NodeTestTask.java:111)
	at org.junit.platform.engine.support.hierarchical.ThrowableCollector.execute(ThrowableCollector.java:73)
	at org.junit.platform.engine.support.hierarchical.NodeTestTask.prepare(NodeTestTask.java:111)
	at org.junit.platform.engine.support.hierarchical.NodeTestTask.execute(NodeTestTask.java:79)
	at java.base/java.util.ArrayList.forEach(ArrayList.java:1541)
	at org.junit.platform.engine.support.hierarchical.SameThreadHierarchicalTestExecutorService.invokeAll(SameThreadHierarchicalTestExecutorService.java:38)
	at org.junit.platform.engine.support.hierarchical.NodeTestTask.lambda$executeRecursively$5(NodeTestTask.java:143)
	at org.junit.platform.engine.support.hierarchical.ThrowableCollector.execute(ThrowableCollector.java:73)
	at org.junit.platform.engine.support.hierarchical.NodeTestTask.lambda$executeRecursively$7(NodeTestTask.java:129)
	at org.junit.platform.engine.support.hierarchical.Node.around(Node.java:137)
	at org.junit.platform.engine.support.hierarchical.NodeTestTask.lambda$executeRecursively$8(NodeTestTask.java:127)
	at org.junit.platform.engine.support.hierarchical.ThrowableCollector.execute(ThrowableCollector.java:73)
	at org.junit.platform.engine.support.hierarchical.NodeTestTask.executeRecursively(NodeTestTask.java:126)
	at org.junit.platform.engine.support.hierarchical.NodeTestTask.execute(NodeTestTask.java:84)
	at java.base/java.util.ArrayList.forEach(ArrayList.java:1541)
	at org.junit.platform.engine.support.hierarchical.SameThreadHierarchicalTestExecutorService.invokeAll(SameThreadHierarchicalTestExecutorService.java:38)
	at org.junit.platform.engine.support.hierarchical.NodeTestTask.lambda$executeRecursively$5(NodeTestTask.java:143)
	at org.junit.platform.engine.support.hierarchical.ThrowableCollector.execute(ThrowableCollector.java:73)
	at org.junit.platform.engine.support.hierarchical.NodeTestTask.lambda$executeRecursively$7(NodeTestTask.java:129)
	at org.junit.platform.engine.support.hierarchical.Node.around(Node.java:137)
	at org.junit.platform.engine.support.hierarchical.NodeTestTask.lambda$executeRecursively$8(NodeTestTask.java:127)
	at org.junit.platform.engine.support.hierarchical.ThrowableCollector.execute(ThrowableCollector.java:73)
	at org.junit.platform.engine.support.hierarchical.NodeTestTask.executeRecursively(NodeTestTask.java:126)
	at org.junit.platform.engine.support.hierarchical.NodeTestTask.execute(NodeTestTask.java:84)
	at org.junit.platform.engine.support.hierarchical.SameThreadHierarchicalTestExecutorService.submit(SameThreadHierarchicalTestExecutorService.java:32)
	at org.junit.platform.engine.support.hierarchical.HierarchicalTestExecutor.execute(HierarchicalTestExecutor.java:57)
	at org.junit.platform.engine.support.hierarchical.HierarchicalTestEngine.execute(HierarchicalTestEngine.java:51)
	at org.junit.platform.launcher.core.EngineExecutionOrchestrator.execute(EngineExecutionOrchestrator.java:108)
	at org.junit.platform.launcher.core.EngineExecutionOrchestrator.execute(EngineExecutionOrchestrator.java:88)
	at org.junit.platform.launcher.core.EngineExecutionOrchestrator.lambda$execute$0(EngineExecutionOrchestrator.java:54)
	at org.junit.platform.launcher.core.EngineExecutionOrchestrator.withInterceptedStreams(EngineExecutionOrchestrator.java:67)
	at org.junit.platform.launcher.core.EngineExecutionOrchestrator.execute(EngineExecutionOrchestrator.java:52)
	at org.junit.platform.launcher.core.DefaultLauncher.execute(DefaultLauncher.java:96)
	at org.junit.platform.launcher.core.DefaultLauncher.execute(DefaultLauncher.java:75)
	at org.apache.maven.surefire.junitplatform.JUnitPlatformProvider.invokeAllTests(JUnitPlatformProvider.java:154)
	at org.apache.maven.surefire.junitplatform.JUnitPlatformProvider.invoke(JUnitPlatformProvider.java:127)
	at org.apache.maven.surefire.booter.ForkedBooter.runSuitesInProcess(ForkedBooter.java:377)
	at org.apache.maven.surefire.booter.ForkedBooter.execute(ForkedBooter.java:138)
	at org.apache.maven.surefire.booter.ForkedBooter.run(ForkedBooter.java:465)
	at org.apache.maven.surefire.booter.ForkedBooter.main(ForkedBooter.java:451)
Caused by: org.springframework.beans.factory.UnsatisfiedDependencyException: Error creating bean with name 'tourDtoServiceImpl' defined in URL [jar:file:/home/artem/IdeaProjects/aderenchuk-travel.agency/service/target/service-1.0-SNAPSHOT.jar!/com/aderenchuk/brest/service/impl/TourDtoServiceImpl.class]: Unsatisfied dependency expressed through constructor parameter 0; nested exception is org.springframework.beans.factory.UnsatisfiedDependencyException: Error creating bean with name 'tourDtoDaoJdbc' defined in URL [jar:file:/home/artem/IdeaProjects/aderenchuk-travel.agency/dao/target/dao-1.0-SNAPSHOT.jar!/com/aderenchuk/brest/dao/jdbc/TourDtoDaoJdbc.class]: Unsatisfied dependency expressed through constructor parameter 0; nested exception is org.springframework.beans.factory.BeanCreationException: Error creating bean with name 'dataSource': Post-processing of FactoryBean's singleton object failed; nested exception is org.springframework.beans.factory.BeanCreationException: Error creating bean with name 'org.springframework.boot.autoconfigure.jdbc.DataSourceInitializerInvoker': Invocation of init method failed; nested exception is org.springframework.jdbc.datasource.init.ScriptStatementFailedException: Failed to execute SQL script statement #1 of URL [jar:file:/home/artem/IdeaProjects/aderenchuk-travel.agency/test-db/target/test-db-1.0-SNAPSHOT.jar!/data.sql]: INSERT INTO TOUR (TOUR_ID, DIRECTION, DATE_TOUR) VALUES (101, 'BREST-MOSCOW', '2021-08-01'), (102, 'MINSK-ROME', '2021-08-01'), (103, 'MOSCOW-BARCELONA', '2021-06-15'), (104, 'MINSK-RIGA', '2021-07-02'), (105, 'MINSK-DUBAI', '2021-05-25'); nested exception is org.h2.jdbc.JdbcSQLIntegrityConstraintViolationException: Нарушение уникального индекса или первичного ключа: "PRIMARY KEY ON PUBLIC.TOUR(TOUR_ID) [101, 'BREST-MOSCOW', DATE '2021-08-01']"
Unique index or primary key violation: "PRIMARY KEY ON PUBLIC.TOUR(TOUR_ID) [101, 'BREST-MOSCOW', DATE '2021-08-01']"; SQL statement:
INSERT INTO TOUR (TOUR_ID, DIRECTION, DATE_TOUR) VALUES (101, 'BREST-MOSCOW', '2021-08-01'), (102, 'MINSK-ROME', '2021-08-01'), (103, 'MOSCOW-BARCELONA', '2021-06-15'), (104, 'MINSK-RIGA', '2021-07-02'), (105, 'MINSK-DUBAI', '2021-05-25') [23505-200]
	at org.springframework.beans.factory.support.ConstructorResolver.createArgumentArray(ConstructorResolver.java:800)
	at org.springframework.beans.factory.support.ConstructorResolver.autowireConstructor(ConstructorResolver.java:229)
	at org.springframework.beans.factory.support.AbstractAutowireCapableBeanFactory.autowireConstructor(AbstractAutowireCapableBeanFactory.java:1354)
	at org.springframework.beans.factory.support.AbstractAutowireCapableBeanFactory.createBeanInstance(AbstractAutowireCapableBeanFactory.java:1204)
	at org.springframework.beans.factory.support.AbstractAutowireCapableBeanFactory.doCreateBean(AbstractAutowireCapableBeanFactory.java:564)
	at org.springframework.beans.factory.support.AbstractAutowireCapableBeanFactory.createBean(AbstractAutowireCapableBeanFactory.java:524)
	at org.springframework.beans.factory.support.AbstractBeanFactory.lambda$doGetBean$0(AbstractBeanFactory.java:335)
	at org.springframework.beans.factory.support.DefaultSingletonBeanRegistry.getSingleton(DefaultSingletonBeanRegistry.java:234)
	at org.springframework.beans.factory.support.AbstractBeanFactory.doGetBean(AbstractBeanFactory.java:333)
	at org.springframework.beans.factory.support.AbstractBeanFactory.getBean(AbstractBeanFactory.java:208)
	at org.springframework.beans.factory.config.DependencyDescriptor.resolveCandidate(DependencyDescriptor.java:276)
	at org.springframework.beans.factory.support.DefaultListableBeanFactory.doResolveDependency(DefaultListableBeanFactory.java:1380)
	at org.springframework.beans.factory.support.DefaultListableBeanFactory.resolveDependency(DefaultListableBeanFactory.java:1300)
	at org.springframework.beans.factory.support.ConstructorResolver.resolveAutowiredArgument(ConstructorResolver.java:887)
	at org.springframework.beans.factory.support.ConstructorResolver.createArgumentArray(ConstructorResolver.java:791)
	... 88 common frames omitted
Caused by: org.springframework.beans.factory.UnsatisfiedDependencyException: Error creating bean with name 'tourDtoDaoJdbc' defined in URL [jar:file:/home/artem/IdeaProjects/aderenchuk-travel.agency/dao/target/dao-1.0-SNAPSHOT.jar!/com/aderenchuk/brest/dao/jdbc/TourDtoDaoJdbc.class]: Unsatisfied dependency expressed through constructor parameter 0; nested exception is org.springframework.beans.factory.BeanCreationException: Error creating bean with name 'dataSource': Post-processing of FactoryBean's singleton object failed; nested exception is org.springframework.beans.factory.BeanCreationException: Error creating bean with name 'org.springframework.boot.autoconfigure.jdbc.DataSourceInitializerInvoker': Invocation of init method failed; nested exception is org.springframework.jdbc.datasource.init.ScriptStatementFailedException: Failed to execute SQL script statement #1 of URL [jar:file:/home/artem/IdeaProjects/aderenchuk-travel.agency/test-db/target/test-db-1.0-SNAPSHOT.jar!/data.sql]: INSERT INTO TOUR (TOUR_ID, DIRECTION, DATE_TOUR) VALUES (101, 'BREST-MOSCOW', '2021-08-01'), (102, 'MINSK-ROME', '2021-08-01'), (103, 'MOSCOW-BARCELONA', '2021-06-15'), (104, 'MINSK-RIGA', '2021-07-02'), (105, 'MINSK-DUBAI', '2021-05-25'); nested exception is org.h2.jdbc.JdbcSQLIntegrityConstraintViolationException: Нарушение уникального индекса или первичного ключа: "PRIMARY KEY ON PUBLIC.TOUR(TOUR_ID) [101, 'BREST-MOSCOW', DATE '2021-08-01']"
Unique index or primary key violation: "PRIMARY KEY ON PUBLIC.TOUR(TOUR_ID) [101, 'BREST-MOSCOW', DATE '2021-08-01']"; SQL statement:
INSERT INTO TOUR (TOUR_ID, DIRECTION, DATE_TOUR) VALUES (101, 'BREST-MOSCOW', '2021-08-01'), (102, 'MINSK-ROME', '2021-08-01'), (103, 'MOSCOW-BARCELONA', '2021-06-15'), (104, 'MINSK-RIGA', '2021-07-02'), (105, 'MINSK-DUBAI', '2021-05-25') [23505-200]
	at org.springframework.beans.factory.support.ConstructorResolver.createArgumentArray(ConstructorResolver.java:800)
	at org.springframework.beans.factory.support.ConstructorResolver.autowireConstructor(ConstructorResolver.java:229)
	at org.springframework.beans.factory.support.AbstractAutowireCapableBeanFactory.autowireConstructor(AbstractAutowireCapableBeanFactory.java:1354)
	at org.springframework.beans.factory.support.AbstractAutowireCapableBeanFactory.createBeanInstance(AbstractAutowireCapableBeanFactory.java:1204)
	at org.springframework.beans.factory.support.AbstractAutowireCapableBeanFactory.doCreateBean(AbstractAutowireCapableBeanFactory.java:564)
	at org.springframework.beans.factory.support.AbstractAutowireCapableBeanFactory.createBean(AbstractAutowireCapableBeanFactory.java:524)
	at org.springframework.beans.factory.support.AbstractBeanFactory.lambda$doGetBean$0(AbstractBeanFactory.java:335)
	at org.springframework.beans.factory.support.DefaultSingletonBeanRegistry.getSingleton(DefaultSingletonBeanRegistry.java:234)
	at org.springframework.beans.factory.support.AbstractBeanFactory.doGetBean(AbstractBeanFactory.java:333)
	at org.springframework.beans.factory.support.AbstractBeanFactory.getBean(AbstractBeanFactory.java:208)
	at org.springframework.beans.factory.config.DependencyDescriptor.resolveCandidate(DependencyDescriptor.java:276)
	at org.springframework.beans.factory.support.DefaultListableBeanFactory.doResolveDependency(DefaultListableBeanFactory.java:1380)
	at org.springframework.beans.factory.support.DefaultListableBeanFactory.resolveDependency(DefaultListableBeanFactory.java:1300)
	at org.springframework.beans.factory.support.ConstructorResolver.resolveAutowiredArgument(ConstructorResolver.java:887)
	at org.springframework.beans.factory.support.ConstructorResolver.createArgumentArray(ConstructorResolver.java:791)
	... 102 common frames omitted
Caused by: org.springframework.beans.factory.BeanCreationException: Error creating bean with name 'dataSource': Post-processing of FactoryBean's singleton object failed; nested exception is org.springframework.beans.factory.BeanCreationException: Error creating bean with name 'org.springframework.boot.autoconfigure.jdbc.DataSourceInitializerInvoker': Invocation of init method failed; nested exception is org.springframework.jdbc.datasource.init.ScriptStatementFailedException: Failed to execute SQL script statement #1 of URL [jar:file:/home/artem/IdeaProjects/aderenchuk-travel.agency/test-db/target/test-db-1.0-SNAPSHOT.jar!/data.sql]: INSERT INTO TOUR (TOUR_ID, DIRECTION, DATE_TOUR) VALUES (101, 'BREST-MOSCOW', '2021-08-01'), (102, 'MINSK-ROME', '2021-08-01'), (103, 'MOSCOW-BARCELONA', '2021-06-15'), (104, 'MINSK-RIGA', '2021-07-02'), (105, 'MINSK-DUBAI', '2021-05-25'); nested exception is org.h2.jdbc.JdbcSQLIntegrityConstraintViolationException: Нарушение уникального индекса или первичного ключа: "PRIMARY KEY ON PUBLIC.TOUR(TOUR_ID) [101, 'BREST-MOSCOW', DATE '2021-08-01']"
Unique index or primary key violation: "PRIMARY KEY ON PUBLIC.TOUR(TOUR_ID) [101, 'BREST-MOSCOW', DATE '2021-08-01']"; SQL statement:
INSERT INTO TOUR (TOUR_ID, DIRECTION, DATE_TOUR) VALUES (101, 'BREST-MOSCOW', '2021-08-01'), (102, 'MINSK-ROME', '2021-08-01'), (103, 'MOSCOW-BARCELONA', '2021-06-15'), (104, 'MINSK-RIGA', '2021-07-02'), (105, 'MINSK-DUBAI', '2021-05-25') [23505-200]
	at org.springframework.beans.factory.support.FactoryBeanRegistrySupport.getObjectFromFactoryBean(FactoryBeanRegistrySupport.java:119)
	at org.springframework.beans.factory.support.AbstractBeanFactory.getObjectForBeanInstance(AbstractBeanFactory.java:1884)
	at org.springframework.beans.factory.support.AbstractAutowireCapableBeanFactory.getObjectForBeanInstance(AbstractAutowireCapableBeanFactory.java:1266)
	at org.springframework.beans.factory.support.AbstractBeanFactory.doGetBean(AbstractBeanFactory.java:345)
	at org.springframework.beans.factory.support.AbstractBeanFactory.getBean(AbstractBeanFactory.java:208)
	at org.springframework.beans.factory.config.DependencyDescriptor.resolveCandidate(DependencyDescriptor.java:276)
	at org.springframework.beans.factory.support.DefaultListableBeanFactory.doResolveDependency(DefaultListableBeanFactory.java:1380)
	at org.springframework.beans.factory.support.DefaultListableBeanFactory.resolveDependency(DefaultListableBeanFactory.java:1300)
	at org.springframework.beans.factory.support.ConstructorResolver.resolveAutowiredArgument(ConstructorResolver.java:887)
	at org.springframework.beans.factory.support.ConstructorResolver.createArgumentArray(ConstructorResolver.java:791)
	... 116 common frames omitted
Caused by: org.springframework.beans.factory.BeanCreationException: Error creating bean with name 'org.springframework.boot.autoconfigure.jdbc.DataSourceInitializerInvoker': Invocation of init method failed; nested exception is org.springframework.jdbc.datasource.init.ScriptStatementFailedException: Failed to execute SQL script statement #1 of URL [jar:file:/home/artem/IdeaProjects/aderenchuk-travel.agency/test-db/target/test-db-1.0-SNAPSHOT.jar!/data.sql]: INSERT INTO TOUR (TOUR_ID, DIRECTION, DATE_TOUR) VALUES (101, 'BREST-MOSCOW', '2021-08-01'), (102, 'MINSK-ROME', '2021-08-01'), (103, 'MOSCOW-BARCELONA', '2021-06-15'), (104, 'MINSK-RIGA', '2021-07-02'), (105, 'MINSK-DUBAI', '2021-05-25'); nested exception is org.h2.jdbc.JdbcSQLIntegrityConstraintViolationException: Нарушение уникального индекса или первичного ключа: "PRIMARY KEY ON PUBLIC.TOUR(TOUR_ID) [101, 'BREST-MOSCOW', DATE '2021-08-01']"
Unique index or primary key violation: "PRIMARY KEY ON PUBLIC.TOUR(TOUR_ID) [101, 'BREST-MOSCOW', DATE '2021-08-01']"; SQL statement:
INSERT INTO TOUR (TOUR_ID, DIRECTION, DATE_TOUR) VALUES (101, 'BREST-MOSCOW', '2021-08-01'), (102, 'MINSK-ROME', '2021-08-01'), (103, 'MOSCOW-BARCELONA', '2021-06-15'), (104, 'MINSK-RIGA', '2021-07-02'), (105, 'MINSK-DUBAI', '2021-05-25') [23505-200]
	at org.springframework.beans.factory.support.AbstractAutowireCapableBeanFactory.initializeBean(AbstractAutowireCapableBeanFactory.java:1786)
	at org.springframework.beans.factory.support.AbstractAutowireCapableBeanFactory.doCreateBean(AbstractAutowireCapableBeanFactory.java:602)
	at org.springframework.beans.factory.support.AbstractAutowireCapableBeanFactory.createBean(AbstractAutowireCapableBeanFactory.java:524)
	at org.springframework.beans.factory.support.AbstractBeanFactory.lambda$doGetBean$0(AbstractBeanFactory.java:335)
	at org.springframework.beans.factory.support.DefaultSingletonBeanRegistry.getSingleton(DefaultSingletonBeanRegistry.java:234)
	at org.springframework.beans.factory.support.AbstractBeanFactory.doGetBean(AbstractBeanFactory.java:333)
	at org.springframework.beans.factory.support.AbstractBeanFactory.getBean(AbstractBeanFactory.java:233)
	at org.springframework.beans.factory.support.DefaultListableBeanFactory.resolveNamedBean(DefaultListableBeanFactory.java:1273)
	at org.springframework.beans.factory.support.DefaultListableBeanFactory.resolveNamedBean(DefaultListableBeanFactory.java:1234)
	at org.springframework.beans.factory.support.DefaultListableBeanFactory.resolveBean(DefaultListableBeanFactory.java:494)
	at org.springframework.beans.factory.support.DefaultListableBeanFactory.getBean(DefaultListableBeanFactory.java:349)
	at org.springframework.beans.factory.support.DefaultListableBeanFactory.getBean(DefaultListableBeanFactory.java:342)
	at org.springframework.boot.autoconfigure.jdbc.DataSourceInitializerPostProcessor.postProcessAfterInitialization(DataSourceInitializerPostProcessor.java:51)
	at org.springframework.beans.factory.support.AbstractAutowireCapableBeanFactory.applyBeanPostProcessorsAfterInitialization(AbstractAutowireCapableBeanFactory.java:437)
	at org.springframework.beans.factory.support.AbstractAutowireCapableBeanFactory.postProcessObjectFromFactoryBean(AbstractAutowireCapableBeanFactory.java:1929)
	at org.springframework.beans.factory.support.FactoryBeanRegistrySupport.getObjectFromFactoryBean(FactoryBeanRegistrySupport.java:116)
	... 125 common frames omitted
Caused by: org.springframework.jdbc.datasource.init.ScriptStatementFailedException: Failed to execute SQL script statement #1 of URL [jar:file:/home/artem/IdeaProjects/aderenchuk-travel.agency/test-db/target/test-db-1.0-SNAPSHOT.jar!/data.sql]: INSERT INTO TOUR (TOUR_ID, DIRECTION, DATE_TOUR) VALUES (101, 'BREST-MOSCOW', '2021-08-01'), (102, 'MINSK-ROME', '2021-08-01'), (103, 'MOSCOW-BARCELONA', '2021-06-15'), (104, 'MINSK-RIGA', '2021-07-02'), (105, 'MINSK-DUBAI', '2021-05-25'); nested exception is org.h2.jdbc.JdbcSQLIntegrityConstraintViolationException: Нарушение уникального индекса или первичного ключа: "PRIMARY KEY ON PUBLIC.TOUR(TOUR_ID) [101, 'BREST-MOSCOW', DATE '2021-08-01']"
Unique index or primary key violation: "PRIMARY KEY ON PUBLIC.TOUR(TOUR_ID) [101, 'BREST-MOSCOW', DATE '2021-08-01']"; SQL statement:
INSERT INTO TOUR (TOUR_ID, DIRECTION, DATE_TOUR) VALUES (101, 'BREST-MOSCOW', '2021-08-01'), (102, 'MINSK-ROME', '2021-08-01'), (103, 'MOSCOW-BARCELONA', '2021-06-15'), (104, 'MINSK-RIGA', '2021-07-02'), (105, 'MINSK-DUBAI', '2021-05-25') [23505-200]
	at org.springframework.jdbc.datasource.init.ScriptUtils.executeSqlScript(ScriptUtils.java:622)
	at org.springframework.jdbc.datasource.init.ResourceDatabasePopulator.populate(ResourceDatabasePopulator.java:254)
	at org.springframework.jdbc.datasource.init.DatabasePopulatorUtils.execute(DatabasePopulatorUtils.java:49)
	at org.springframework.boot.autoconfigure.jdbc.DataSourceInitializer.runScripts(DataSourceInitializer.java:202)
	at org.springframework.boot.autoconfigure.jdbc.DataSourceInitializer.initSchema(DataSourceInitializer.java:119)
	at org.springframework.boot.autoconfigure.jdbc.DataSourceInitializerInvoker.onApplicationEvent(DataSourceInitializerInvoker.java:91)
	at org.springframework.boot.autoconfigure.jdbc.DataSourceInitializerInvoker.onApplicationEvent(DataSourceInitializerInvoker.java:38)
	at org.springframework.context.event.SimpleApplicationEventMulticaster.doInvokeListener(SimpleApplicationEventMulticaster.java:176)
	at org.springframework.context.event.SimpleApplicationEventMulticaster.invokeListener(SimpleApplicationEventMulticaster.java:169)
	at org.springframework.context.event.SimpleApplicationEventMulticaster.multicastEvent(SimpleApplicationEventMulticaster.java:143)
	at org.springframework.context.support.AbstractApplicationContext.publishEvent(AbstractApplicationContext.java:421)
	at org.springframework.context.support.AbstractApplicationContext.publishEvent(AbstractApplicationContext.java:378)
	at org.springframework.boot.autoconfigure.jdbc.DataSourceInitializerInvoker.initialize(DataSourceInitializerInvoker.java:72)
	at org.springframework.boot.autoconfigure.jdbc.DataSourceInitializerInvoker.afterPropertiesSet(DataSourceInitializerInvoker.java:65)
	at org.springframework.beans.factory.support.AbstractAutowireCapableBeanFactory.invokeInitMethods(AbstractAutowireCapableBeanFactory.java:1845)
	at org.springframework.beans.factory.support.AbstractAutowireCapableBeanFactory.initializeBean(AbstractAutowireCapableBeanFactory.java:1782)
	... 140 common frames omitted
Caused by: org.h2.jdbc.JdbcSQLIntegrityConstraintViolationException: Нарушение уникального индекса или первичного ключа: "PRIMARY KEY ON PUBLIC.TOUR(TOUR_ID) [101, 'BREST-MOSCOW', DATE '2021-08-01']"
Unique index or primary key violation: "PRIMARY KEY ON PUBLIC.TOUR(TOUR_ID) [101, 'BREST-MOSCOW', DATE '2021-08-01']"; SQL statement:
INSERT INTO TOUR (TOUR_ID, DIRECTION, DATE_TOUR) VALUES (101, 'BREST-MOSCOW', '2021-08-01'), (102, 'MINSK-ROME', '2021-08-01'), (103, 'MOSCOW-BARCELONA', '2021-06-15'), (104, 'MINSK-RIGA', '2021-07-02'), (105, 'MINSK-DUBAI', '2021-05-25') [23505-200]
	at org.h2.message.DbException.getJdbcSQLException(DbException.java:459)
	at org.h2.message.DbException.getJdbcSQLException(DbException.java:429)
	at org.h2.message.DbException.get(DbException.java:205)
	at org.h2.message.DbException.get(DbException.java:181)
	at org.h2.mvstore.db.MVPrimaryIndex.add(MVPrimaryIndex.java:127)
	at org.h2.mvstore.db.MVTable.addRow(MVTable.java:531)
	at org.h2.command.dml.Insert.insertRows(Insert.java:195)
	at org.h2.command.dml.Insert.update(Insert.java:151)
	at org.h2.command.CommandContainer.update(CommandContainer.java:198)
	at org.h2.command.Command.executeUpdate(Command.java:251)
	at org.h2.jdbc.JdbcStatement.executeInternal(JdbcStatement.java:228)
	at org.h2.jdbc.JdbcStatement.execute(JdbcStatement.java:201)
	at org.springframework.jdbc.datasource.init.ScriptUtils.executeSqlScript(ScriptUtils.java:601)
	... 155 common frames omitted
22:11:43 [main] ERROR org.springframework.test.context.TestContextManager - Caught exception while allowing TestExecutionListener [org.springframework.boot.test.autoconfigure.SpringBootDependencyInjectionTestExecutionListener@172b013] to prepare test instance [com.aderenchuk.brest.service.web_app.TourControllerIT@1b4872bc]
java.lang.IllegalStateException: Failed to load ApplicationContext
	at org.springframework.test.context.cache.DefaultCacheAwareContextLoaderDelegate.loadContext(DefaultCacheAwareContextLoaderDelegate.java:132)
	at org.springframework.test.context.support.DefaultTestContext.getApplicationContext(DefaultTestContext.java:124)
	at org.springframework.test.context.support.DependencyInjectionTestExecutionListener.injectDependencies(DependencyInjectionTestExecutionListener.java:118)
	at org.springframework.test.context.support.DependencyInjectionTestExecutionListener.prepareTestInstance(DependencyInjectionTestExecutionListener.java:83)
	at org.springframework.boot.test.autoconfigure.SpringBootDependencyInjectionTestExecutionListener.prepareTestInstance(SpringBootDependencyInjectionTestExecutionListener.java:43)
	at org.springframework.test.context.TestContextManager.prepareTestInstance(TestContextManager.java:244)
	at org.springframework.test.context.junit.jupiter.SpringExtension.postProcessTestInstance(SpringExtension.java:138)
	at org.junit.jupiter.engine.descriptor.ClassBasedTestDescriptor.lambda$invokeTestInstancePostProcessors$6(ClassBasedTestDescriptor.java:350)
	at org.junit.jupiter.engine.descriptor.ClassBasedTestDescriptor.executeAndMaskThrowable(ClassBasedTestDescriptor.java:355)
	at org.junit.jupiter.engine.descriptor.ClassBasedTestDescriptor.lambda$invokeTestInstancePostProcessors$7(ClassBasedTestDescriptor.java:350)
	at java.base/java.util.stream.ReferencePipeline$3$1.accept(ReferencePipeline.java:195)
	at java.base/java.util.stream.ReferencePipeline$2$1.accept(ReferencePipeline.java:177)
	at java.base/java.util.ArrayList$ArrayListSpliterator.forEachRemaining(ArrayList.java:1655)
	at java.base/java.util.stream.AbstractPipeline.copyInto(AbstractPipeline.java:484)
	at java.base/java.util.stream.AbstractPipeline.wrapAndCopyInto(AbstractPipeline.java:474)
	at java.base/java.util.stream.StreamSpliterators$WrappingSpliterator.forEachRemaining(StreamSpliterators.java:312)
	at java.base/java.util.stream.Streams$ConcatSpliterator.forEachRemaining(Streams.java:735)
	at java.base/java.util.stream.Streams$ConcatSpliterator.forEachRemaining(Streams.java:734)
	at java.base/java.util.stream.ReferencePipeline$Head.forEach(ReferencePipeline.java:658)
	at org.junit.jupiter.engine.descriptor.ClassBasedTestDescriptor.invokeTestInstancePostProcessors(ClassBasedTestDescriptor.java:349)
	at org.junit.jupiter.engine.descriptor.ClassBasedTestDescriptor.lambda$instantiateAndPostProcessTestInstance$4(ClassBasedTestDescriptor.java:270)
	at org.junit.platform.engine.support.hierarchical.ThrowableCollector.execute(ThrowableCollector.java:73)
	at org.junit.jupiter.engine.descriptor.ClassBasedTestDescriptor.instantiateAndPostProcessTestInstance(ClassBasedTestDescriptor.java:269)
	at org.junit.jupiter.engine.descriptor.ClassBasedTestDescriptor.lambda$testInstancesProvider$2(ClassBasedTestDescriptor.java:259)
	at java.base/java.util.Optional.orElseGet(Optional.java:369)
	at org.junit.jupiter.engine.descriptor.ClassBasedTestDescriptor.lambda$testInstancesProvider$3(ClassBasedTestDescriptor.java:258)
	at org.junit.jupiter.engine.execution.TestInstancesProvider.getTestInstances(TestInstancesProvider.java:31)
	at org.junit.jupiter.engine.descriptor.TestMethodTestDescriptor.lambda$prepare$0(TestMethodTestDescriptor.java:101)
	at org.junit.platform.engine.support.hierarchical.ThrowableCollector.execute(ThrowableCollector.java:73)
	at org.junit.jupiter.engine.descriptor.TestMethodTestDescriptor.prepare(TestMethodTestDescriptor.java:100)
	at org.junit.jupiter.engine.descriptor.TestMethodTestDescriptor.prepare(TestMethodTestDescriptor.java:65)
	at org.junit.platform.engine.support.hierarchical.NodeTestTask.lambda$prepare$1(NodeTestTask.java:111)
	at org.junit.platform.engine.support.hierarchical.ThrowableCollector.execute(ThrowableCollector.java:73)
	at org.junit.platform.engine.support.hierarchical.NodeTestTask.prepare(NodeTestTask.java:111)
	at org.junit.platform.engine.support.hierarchical.NodeTestTask.execute(NodeTestTask.java:79)
	at java.base/java.util.ArrayList.forEach(ArrayList.java:1541)
	at org.junit.platform.engine.support.hierarchical.SameThreadHierarchicalTestExecutorService.invokeAll(SameThreadHierarchicalTestExecutorService.java:38)
	at org.junit.platform.engine.support.hierarchical.NodeTestTask.lambda$executeRecursively$5(NodeTestTask.java:143)
	at org.junit.platform.engine.support.hierarchical.ThrowableCollector.execute(ThrowableCollector.java:73)
	at org.junit.platform.engine.support.hierarchical.NodeTestTask.lambda$executeRecursively$7(NodeTestTask.java:129)
	at org.junit.platform.engine.support.hierarchical.Node.around(Node.java:137)
	at org.junit.platform.engine.support.hierarchical.NodeTestTask.lambda$executeRecursively$8(NodeTestTask.java:127)
	at org.junit.platform.engine.support.hierarchical.ThrowableCollector.execute(ThrowableCollector.java:73)
	at org.junit.platform.engine.support.hierarchical.NodeTestTask.executeRecursively(NodeTestTask.java:126)
	at org.junit.platform.engine.support.hierarchical.NodeTestTask.execute(NodeTestTask.java:84)
	at java.base/java.util.ArrayList.forEach(ArrayList.java:1541)
	at org.junit.platform.engine.support.hierarchical.SameThreadHierarchicalTestExecutorService.invokeAll(SameThreadHierarchicalTestExecutorService.java:38)
	at org.junit.platform.engine.support.hierarchical.NodeTestTask.lambda$executeRecursively$5(NodeTestTask.java:143)
	at org.junit.platform.engine.support.hierarchical.ThrowableCollector.execute(ThrowableCollector.java:73)
	at org.junit.platform.engine.support.hierarchical.NodeTestTask.lambda$executeRecursively$7(NodeTestTask.java:129)
	at org.junit.platform.engine.support.hierarchical.Node.around(Node.java:137)
	at org.junit.platform.engine.support.hierarchical.NodeTestTask.lambda$executeRecursively$8(NodeTestTask.java:127)
	at org.junit.platform.engine.support.hierarchical.ThrowableCollector.execute(ThrowableCollector.java:73)
	at org.junit.platform.engine.support.hierarchical.NodeTestTask.executeRecursively(NodeTestTask.java:126)
	at org.junit.platform.engine.support.hierarchical.NodeTestTask.execute(NodeTestTask.java:84)
	at org.junit.platform.engine.support.hierarchical.SameThreadHierarchicalTestExecutorService.submit(SameThreadHierarchicalTestExecutorService.java:32)
	at org.junit.platform.engine.support.hierarchical.HierarchicalTestExecutor.execute(HierarchicalTestExecutor.java:57)
	at org.junit.platform.engine.support.hierarchical.HierarchicalTestEngine.execute(HierarchicalTestEngine.java:51)
	at org.junit.platform.launcher.core.EngineExecutionOrchestrator.execute(EngineExecutionOrchestrator.java:108)
	at org.junit.platform.launcher.core.EngineExecutionOrchestrator.execute(EngineExecutionOrchestrator.java:88)
	at org.junit.platform.launcher.core.EngineExecutionOrchestrator.lambda$execute$0(EngineExecutionOrchestrator.java:54)
	at org.junit.platform.launcher.core.EngineExecutionOrchestrator.withInterceptedStreams(EngineExecutionOrchestrator.java:67)
	at org.junit.platform.launcher.core.EngineExecutionOrchestrator.execute(EngineExecutionOrchestrator.java:52)
	at org.junit.platform.launcher.core.DefaultLauncher.execute(DefaultLauncher.java:96)
	at org.junit.platform.launcher.core.DefaultLauncher.execute(DefaultLauncher.java:75)
	at org.apache.maven.surefire.junitplatform.JUnitPlatformProvider.invokeAllTests(JUnitPlatformProvider.java:154)
	at org.apache.maven.surefire.junitplatform.JUnitPlatformProvider.invoke(JUnitPlatformProvider.java:127)
	at org.apache.maven.surefire.booter.ForkedBooter.runSuitesInProcess(ForkedBooter.java:377)
	at org.apache.maven.surefire.booter.ForkedBooter.execute(ForkedBooter.java:138)
	at org.apache.maven.surefire.booter.ForkedBooter.run(ForkedBooter.java:465)
	at org.apache.maven.surefire.booter.ForkedBooter.main(ForkedBooter.java:451)
Caused by: org.springframework.beans.factory.UnsatisfiedDependencyException: Error creating bean with name 'tourController' defined in file [/home/artem/IdeaProjects/aderenchuk-travel.agency/web-app/target/classes/com/aderenchuk/brest/service/web_app/TourController.class]: Unsatisfied dependency expressed through constructor parameter 0; nested exception is org.springframework.beans.factory.UnsatisfiedDependencyException: Error creating bean with name 'tourDtoServiceImpl' defined in URL [jar:file:/home/artem/IdeaProjects/aderenchuk-travel.agency/service/target/service-1.0-SNAPSHOT.jar!/com/aderenchuk/brest/service/impl/TourDtoServiceImpl.class]: Unsatisfied dependency expressed through constructor parameter 0; nested exception is org.springframework.beans.factory.UnsatisfiedDependencyException: Error creating bean with name 'tourDtoDaoJdbc' defined in URL [jar:file:/home/artem/IdeaProjects/aderenchuk-travel.agency/dao/target/dao-1.0-SNAPSHOT.jar!/com/aderenchuk/brest/dao/jdbc/TourDtoDaoJdbc.class]: Unsatisfied dependency expressed through constructor parameter 0; nested exception is org.springframework.beans.factory.BeanCreationException: Error creating bean with name 'dataSource': Post-processing of FactoryBean's singleton object failed; nested exception is org.springframework.beans.factory.BeanCreationException: Error creating bean with name 'org.springframework.boot.autoconfigure.jdbc.DataSourceInitializerInvoker': Invocation of init method failed; nested exception is org.springframework.jdbc.datasource.init.ScriptStatementFailedException: Failed to execute SQL script statement #1 of URL [jar:file:/home/artem/IdeaProjects/aderenchuk-travel.agency/test-db/target/test-db-1.0-SNAPSHOT.jar!/data.sql]: INSERT INTO TOUR (TOUR_ID, DIRECTION, DATE_TOUR) VALUES (101, 'BREST-MOSCOW', '2021-08-01'), (102, 'MINSK-ROME', '2021-08-01'), (103, 'MOSCOW-BARCELONA', '2021-06-15'), (104, 'MINSK-RIGA', '2021-07-02'), (105, 'MINSK-DUBAI', '2021-05-25'); nested exception is org.h2.jdbc.JdbcSQLIntegrityConstraintViolationException: Нарушение уникального индекса или первичного ключа: "PRIMARY KEY ON PUBLIC.TOUR(TOUR_ID) [101, 'BREST-MOSCOW', DATE '2021-08-01']"
Unique index or primary key violation: "PRIMARY KEY ON PUBLIC.TOUR(TOUR_ID) [101, 'BREST-MOSCOW', DATE '2021-08-01']"; SQL statement:
INSERT INTO TOUR (TOUR_ID, DIRECTION, DATE_TOUR) VALUES (101, 'BREST-MOSCOW', '2021-08-01'), (102, 'MINSK-ROME', '2021-08-01'), (103, 'MOSCOW-BARCELONA', '2021-06-15'), (104, 'MINSK-RIGA', '2021-07-02'), (105, 'MINSK-DUBAI', '2021-05-25') [23505-200]
	at org.springframework.beans.factory.support.ConstructorResolver.createArgumentArray(ConstructorResolver.java:800)
	at org.springframework.beans.factory.support.ConstructorResolver.autowireConstructor(ConstructorResolver.java:229)
	at org.springframework.beans.factory.support.AbstractAutowireCapableBeanFactory.autowireConstructor(AbstractAutowireCapableBeanFactory.java:1354)
	at org.springframework.beans.factory.support.AbstractAutowireCapableBeanFactory.createBeanInstance(AbstractAutowireCapableBeanFactory.java:1204)
	at org.springframework.beans.factory.support.AbstractAutowireCapableBeanFactory.doCreateBean(AbstractAutowireCapableBeanFactory.java:564)
	at org.springframework.beans.factory.support.AbstractAutowireCapableBeanFactory.createBean(AbstractAutowireCapableBeanFactory.java:524)
	at org.springframework.beans.factory.support.AbstractBeanFactory.lambda$doGetBean$0(AbstractBeanFactory.java:335)
	at org.springframework.beans.factory.support.DefaultSingletonBeanRegistry.getSingleton(DefaultSingletonBeanRegistry.java:234)
	at org.springframework.beans.factory.support.AbstractBeanFactory.doGetBean(AbstractBeanFactory.java:333)
	at org.springframework.beans.factory.support.AbstractBeanFactory.getBean(AbstractBeanFactory.java:208)
	at org.springframework.beans.factory.support.DefaultListableBeanFactory.preInstantiateSingletons(DefaultListableBeanFactory.java:944)
	at org.springframework.context.support.AbstractApplicationContext.finishBeanFactoryInitialization(AbstractApplicationContext.java:918)
	at org.springframework.context.support.AbstractApplicationContext.refresh(AbstractApplicationContext.java:583)
	at org.springframework.boot.SpringApplication.refresh(SpringApplication.java:769)
	at org.springframework.boot.SpringApplication.refresh(SpringApplication.java:761)
	at org.springframework.boot.SpringApplication.refreshContext(SpringApplication.java:426)
	at org.springframework.boot.SpringApplication.run(SpringApplication.java:326)
	at org.springframework.boot.test.context.SpringBootContextLoader.loadContext(SpringBootContextLoader.java:123)
	at org.springframework.test.context.cache.DefaultCacheAwareContextLoaderDelegate.loadContextInternal(DefaultCacheAwareContextLoaderDelegate.java:99)
	at org.springframework.test.context.cache.DefaultCacheAwareContextLoaderDelegate.loadContext(DefaultCacheAwareContextLoaderDelegate.java:124)
	... 70 common frames omitted
Caused by: org.springframework.beans.factory.UnsatisfiedDependencyException: Error creating bean with name 'tourDtoServiceImpl' defined in URL [jar:file:/home/artem/IdeaProjects/aderenchuk-travel.agency/service/target/service-1.0-SNAPSHOT.jar!/com/aderenchuk/brest/service/impl/TourDtoServiceImpl.class]: Unsatisfied dependency expressed through constructor parameter 0; nested exception is org.springframework.beans.factory.UnsatisfiedDependencyException: Error creating bean with name 'tourDtoDaoJdbc' defined in URL [jar:file:/home/artem/IdeaProjects/aderenchuk-travel.agency/dao/target/dao-1.0-SNAPSHOT.jar!/com/aderenchuk/brest/dao/jdbc/TourDtoDaoJdbc.class]: Unsatisfied dependency expressed through constructor parameter 0; nested exception is org.springframework.beans.factory.BeanCreationException: Error creating bean with name 'dataSource': Post-processing of FactoryBean's singleton object failed; nested exception is org.springframework.beans.factory.BeanCreationException: Error creating bean with name 'org.springframework.boot.autoconfigure.jdbc.DataSourceInitializerInvoker': Invocation of init method failed; nested exception is org.springframework.jdbc.datasource.init.ScriptStatementFailedException: Failed to execute SQL script statement #1 of URL [jar:file:/home/artem/IdeaProjects/aderenchuk-travel.agency/test-db/target/test-db-1.0-SNAPSHOT.jar!/data.sql]: INSERT INTO TOUR (TOUR_ID, DIRECTION, DATE_TOUR) VALUES (101, 'BREST-MOSCOW', '2021-08-01'), (102, 'MINSK-ROME', '2021-08-01'), (103, 'MOSCOW-BARCELONA', '2021-06-15'), (104, 'MINSK-RIGA', '2021-07-02'), (105, 'MINSK-DUBAI', '2021-05-25'); nested exception is org.h2.jdbc.JdbcSQLIntegrityConstraintViolationException: Нарушение уникального индекса или первичного ключа: "PRIMARY KEY ON PUBLIC.TOUR(TOUR_ID) [101, 'BREST-MOSCOW', DATE '2021-08-01']"
Unique index or primary key violation: "PRIMARY KEY ON PUBLIC.TOUR(TOUR_ID) [101, 'BREST-MOSCOW', DATE '2021-08-01']"; SQL statement:
INSERT INTO TOUR (TOUR_ID, DIRECTION, DATE_TOUR) VALUES (101, 'BREST-MOSCOW', '2021-08-01'), (102, 'MINSK-ROME', '2021-08-01'), (103, 'MOSCOW-BARCELONA', '2021-06-15'), (104, 'MINSK-RIGA', '2021-07-02'), (105, 'MINSK-DUBAI', '2021-05-25') [23505-200]
	at org.springframework.beans.factory.support.ConstructorResolver.createArgumentArray(ConstructorResolver.java:800)
	at org.springframework.beans.factory.support.ConstructorResolver.autowireConstructor(ConstructorResolver.java:229)
	at org.springframework.beans.factory.support.AbstractAutowireCapableBeanFactory.autowireConstructor(AbstractAutowireCapableBeanFactory.java:1354)
	at org.springframework.beans.factory.support.AbstractAutowireCapableBeanFactory.createBeanInstance(AbstractAutowireCapableBeanFactory.java:1204)
	at org.springframework.beans.factory.support.AbstractAutowireCapableBeanFactory.doCreateBean(AbstractAutowireCapableBeanFactory.java:564)
	at org.springframework.beans.factory.support.AbstractAutowireCapableBeanFactory.createBean(AbstractAutowireCapableBeanFactory.java:524)
	at org.springframework.beans.factory.support.AbstractBeanFactory.lambda$doGetBean$0(AbstractBeanFactory.java:335)
	at org.springframework.beans.factory.support.DefaultSingletonBeanRegistry.getSingleton(DefaultSingletonBeanRegistry.java:234)
	at org.springframework.beans.factory.support.AbstractBeanFactory.doGetBean(AbstractBeanFactory.java:333)
	at org.springframework.beans.factory.support.AbstractBeanFactory.getBean(AbstractBeanFactory.java:208)
	at org.springframework.beans.factory.config.DependencyDescriptor.resolveCandidate(DependencyDescriptor.java:276)
	at org.springframework.beans.factory.support.DefaultListableBeanFactory.doResolveDependency(DefaultListableBeanFactory.java:1380)
	at org.springframework.beans.factory.support.DefaultListableBeanFactory.resolveDependency(DefaultListableBeanFactory.java:1300)
	at org.springframework.beans.factory.support.ConstructorResolver.resolveAutowiredArgument(ConstructorResolver.java:887)
	at org.springframework.beans.factory.support.ConstructorResolver.createArgumentArray(ConstructorResolver.java:791)
	... 89 common frames omitted
Caused by: org.springframework.beans.factory.UnsatisfiedDependencyException: Error creating bean with name 'tourDtoDaoJdbc' defined in URL [jar:file:/home/artem/IdeaProjects/aderenchuk-travel.agency/dao/target/dao-1.0-SNAPSHOT.jar!/com/aderenchuk/brest/dao/jdbc/TourDtoDaoJdbc.class]: Unsatisfied dependency expressed through constructor parameter 0; nested exception is org.springframework.beans.factory.BeanCreationException: Error creating bean with name 'dataSource': Post-processing of FactoryBean's singleton object failed; nested exception is org.springframework.beans.factory.BeanCreationException: Error creating bean with name 'org.springframework.boot.autoconfigure.jdbc.DataSourceInitializerInvoker': Invocation of init method failed; nested exception is org.springframework.jdbc.datasource.init.ScriptStatementFailedException: Failed to execute SQL script statement #1 of URL [jar:file:/home/artem/IdeaProjects/aderenchuk-travel.agency/test-db/target/test-db-1.0-SNAPSHOT.jar!/data.sql]: INSERT INTO TOUR (TOUR_ID, DIRECTION, DATE_TOUR) VALUES (101, 'BREST-MOSCOW', '2021-08-01'), (102, 'MINSK-ROME', '2021-08-01'), (103, 'MOSCOW-BARCELONA', '2021-06-15'), (104, 'MINSK-RIGA', '2021-07-02'), (105, 'MINSK-DUBAI', '2021-05-25'); nested exception is org.h2.jdbc.JdbcSQLIntegrityConstraintViolationException: Нарушение уникального индекса или первичного ключа: "PRIMARY KEY ON PUBLIC.TOUR(TOUR_ID) [101, 'BREST-MOSCOW', DATE '2021-08-01']"
Unique index or primary key violation: "PRIMARY KEY ON PUBLIC.TOUR(TOUR_ID) [101, 'BREST-MOSCOW', DATE '2021-08-01']"; SQL statement:
INSERT INTO TOUR (TOUR_ID, DIRECTION, DATE_TOUR) VALUES (101, 'BREST-MOSCOW', '2021-08-01'), (102, 'MINSK-ROME', '2021-08-01'), (103, 'MOSCOW-BARCELONA', '2021-06-15'), (104, 'MINSK-RIGA', '2021-07-02'), (105, 'MINSK-DUBAI', '2021-05-25') [23505-200]
	at org.springframework.beans.factory.support.ConstructorResolver.createArgumentArray(ConstructorResolver.java:800)
	at org.springframework.beans.factory.support.ConstructorResolver.autowireConstructor(ConstructorResolver.java:229)
	at org.springframework.beans.factory.support.AbstractAutowireCapableBeanFactory.autowireConstructor(AbstractAutowireCapableBeanFactory.java:1354)
	at org.springframework.beans.factory.support.AbstractAutowireCapableBeanFactory.createBeanInstance(AbstractAutowireCapableBeanFactory.java:1204)
	at org.springframework.beans.factory.support.AbstractAutowireCapableBeanFactory.doCreateBean(AbstractAutowireCapableBeanFactory.java:564)
	at org.springframework.beans.factory.support.AbstractAutowireCapableBeanFactory.createBean(AbstractAutowireCapableBeanFactory.java:524)
	at org.springframework.beans.factory.support.AbstractBeanFactory.lambda$doGetBean$0(AbstractBeanFactory.java:335)
	at org.springframework.beans.factory.support.DefaultSingletonBeanRegistry.getSingleton(DefaultSingletonBeanRegistry.java:234)
	at org.springframework.beans.factory.support.AbstractBeanFactory.doGetBean(AbstractBeanFactory.java:333)
	at org.springframework.beans.factory.support.AbstractBeanFactory.getBean(AbstractBeanFactory.java:208)
	at org.springframework.beans.factory.config.DependencyDescriptor.resolveCandidate(DependencyDescriptor.java:276)
	at org.springframework.beans.factory.support.DefaultListableBeanFactory.doResolveDependency(DefaultListableBeanFactory.java:1380)
	at org.springframework.beans.factory.support.DefaultListableBeanFactory.resolveDependency(DefaultListableBeanFactory.java:1300)
	at org.springframework.beans.factory.support.ConstructorResolver.resolveAutowiredArgument(ConstructorResolver.java:887)
	at org.springframework.beans.factory.support.ConstructorResolver.createArgumentArray(ConstructorResolver.java:791)
	... 103 common frames omitted
Caused by: org.springframework.beans.factory.BeanCreationException: Error creating bean with name 'dataSource': Post-processing of FactoryBean's singleton object failed; nested exception is org.springframework.beans.factory.BeanCreationException: Error creating bean with name 'org.springframework.boot.autoconfigure.jdbc.DataSourceInitializerInvoker': Invocation of init method failed; nested exception is org.springframework.jdbc.datasource.init.ScriptStatementFailedException: Failed to execute SQL script statement #1 of URL [jar:file:/home/artem/IdeaProjects/aderenchuk-travel.agency/test-db/target/test-db-1.0-SNAPSHOT.jar!/data.sql]: INSERT INTO TOUR (TOUR_ID, DIRECTION, DATE_TOUR) VALUES (101, 'BREST-MOSCOW', '2021-08-01'), (102, 'MINSK-ROME', '2021-08-01'), (103, 'MOSCOW-BARCELONA', '2021-06-15'), (104, 'MINSK-RIGA', '2021-07-02'), (105, 'MINSK-DUBAI', '2021-05-25'); nested exception is org.h2.jdbc.JdbcSQLIntegrityConstraintViolationException: Нарушение уникального индекса или первичного ключа: "PRIMARY KEY ON PUBLIC.TOUR(TOUR_ID) [101, 'BREST-MOSCOW', DATE '2021-08-01']"
Unique index or primary key violation: "PRIMARY KEY ON PUBLIC.TOUR(TOUR_ID) [101, 'BREST-MOSCOW', DATE '2021-08-01']"; SQL statement:
INSERT INTO TOUR (TOUR_ID, DIRECTION, DATE_TOUR) VALUES (101, 'BREST-MOSCOW', '2021-08-01'), (102, 'MINSK-ROME', '2021-08-01'), (103, 'MOSCOW-BARCELONA', '2021-06-15'), (104, 'MINSK-RIGA', '2021-07-02'), (105, 'MINSK-DUBAI', '2021-05-25') [23505-200]
	at org.springframework.beans.factory.support.FactoryBeanRegistrySupport.getObjectFromFactoryBean(FactoryBeanRegistrySupport.java:119)
	at org.springframework.beans.factory.support.AbstractBeanFactory.getObjectForBeanInstance(AbstractBeanFactory.java:1884)
	at org.springframework.beans.factory.support.AbstractAutowireCapableBeanFactory.getObjectForBeanInstance(AbstractAutowireCapableBeanFactory.java:1266)
	at org.springframework.beans.factory.support.AbstractBeanFactory.doGetBean(AbstractBeanFactory.java:345)
	at org.springframework.beans.factory.support.AbstractBeanFactory.getBean(AbstractBeanFactory.java:208)
	at org.springframework.beans.factory.config.DependencyDescriptor.resolveCandidate(DependencyDescriptor.java:276)
	at org.springframework.beans.factory.support.DefaultListableBeanFactory.doResolveDependency(DefaultListableBeanFactory.java:1380)
	at org.springframework.beans.factory.support.DefaultListableBeanFactory.resolveDependency(DefaultListableBeanFactory.java:1300)
	at org.springframework.beans.factory.support.ConstructorResolver.resolveAutowiredArgument(ConstructorResolver.java:887)
	at org.springframework.beans.factory.support.ConstructorResolver.createArgumentArray(ConstructorResolver.java:791)
	... 117 common frames omitted
Caused by: org.springframework.beans.factory.BeanCreationException: Error creating bean with name 'org.springframework.boot.autoconfigure.jdbc.DataSourceInitializerInvoker': Invocation of init method failed; nested exception is org.springframework.jdbc.datasource.init.ScriptStatementFailedException: Failed to execute SQL script statement #1 of URL [jar:file:/home/artem/IdeaProjects/aderenchuk-travel.agency/test-db/target/test-db-1.0-SNAPSHOT.jar!/data.sql]: INSERT INTO TOUR (TOUR_ID, DIRECTION, DATE_TOUR) VALUES (101, 'BREST-MOSCOW', '2021-08-01'), (102, 'MINSK-ROME', '2021-08-01'), (103, 'MOSCOW-BARCELONA', '2021-06-15'), (104, 'MINSK-RIGA', '2021-07-02'), (105, 'MINSK-DUBAI', '2021-05-25'); nested exception is org.h2.jdbc.JdbcSQLIntegrityConstraintViolationException: Нарушение уникального индекса или первичного ключа: "PRIMARY KEY ON PUBLIC.TOUR(TOUR_ID) [101, 'BREST-MOSCOW', DATE '2021-08-01']"
Unique index or primary key violation: "PRIMARY KEY ON PUBLIC.TOUR(TOUR_ID) [101, 'BREST-MOSCOW', DATE '2021-08-01']"; SQL statement:
INSERT INTO TOUR (TOUR_ID, DIRECTION, DATE_TOUR) VALUES (101, 'BREST-MOSCOW', '2021-08-01'), (102, 'MINSK-ROME', '2021-08-01'), (103, 'MOSCOW-BARCELONA', '2021-06-15'), (104, 'MINSK-RIGA', '2021-07-02'), (105, 'MINSK-DUBAI', '2021-05-25') [23505-200]
	at org.springframework.beans.factory.support.AbstractAutowireCapableBeanFactory.initializeBean(AbstractAutowireCapableBeanFactory.java:1786)
	at org.springframework.beans.factory.support.AbstractAutowireCapableBeanFactory.doCreateBean(AbstractAutowireCapableBeanFactory.java:602)
	at org.springframework.beans.factory.support.AbstractAutowireCapableBeanFactory.createBean(AbstractAutowireCapableBeanFactory.java:524)
	at org.springframework.beans.factory.support.AbstractBeanFactory.lambda$doGetBean$0(AbstractBeanFactory.java:335)
	at org.springframework.beans.factory.support.DefaultSingletonBeanRegistry.getSingleton(DefaultSingletonBeanRegistry.java:234)
	at org.springframework.beans.factory.support.AbstractBeanFactory.doGetBean(AbstractBeanFactory.java:333)
	at org.springframework.beans.factory.support.AbstractBeanFactory.getBean(AbstractBeanFactory.java:233)
	at org.springframework.beans.factory.support.DefaultListableBeanFactory.resolveNamedBean(DefaultListableBeanFactory.java:1273)
	at org.springframework.beans.factory.support.DefaultListableBeanFactory.resolveNamedBean(DefaultListableBeanFactory.java:1234)
	at org.springframework.beans.factory.support.DefaultListableBeanFactory.resolveBean(DefaultListableBeanFactory.java:494)
	at org.springframework.beans.factory.support.DefaultListableBeanFactory.getBean(DefaultListableBeanFactory.java:349)
	at org.springframework.beans.factory.support.DefaultListableBeanFactory.getBean(DefaultListableBeanFactory.java:342)
	at org.springframework.boot.autoconfigure.jdbc.DataSourceInitializerPostProcessor.postProcessAfterInitialization(DataSourceInitializerPostProcessor.java:51)
	at org.springframework.beans.factory.support.AbstractAutowireCapableBeanFactory.applyBeanPostProcessorsAfterInitialization(AbstractAutowireCapableBeanFactory.java:437)
	at org.springframework.beans.factory.support.AbstractAutowireCapableBeanFactory.postProcessObjectFromFactoryBean(AbstractAutowireCapableBeanFactory.java:1929)
	at org.springframework.beans.factory.support.FactoryBeanRegistrySupport.getObjectFromFactoryBean(FactoryBeanRegistrySupport.java:116)
	... 126 common frames omitted
Caused by: org.springframework.jdbc.datasource.init.ScriptStatementFailedException: Failed to execute SQL script statement #1 of URL [jar:file:/home/artem/IdeaProjects/aderenchuk-travel.agency/test-db/target/test-db-1.0-SNAPSHOT.jar!/data.sql]: INSERT INTO TOUR (TOUR_ID, DIRECTION, DATE_TOUR) VALUES (101, 'BREST-MOSCOW', '2021-08-01'), (102, 'MINSK-ROME', '2021-08-01'), (103, 'MOSCOW-BARCELONA', '2021-06-15'), (104, 'MINSK-RIGA', '2021-07-02'), (105, 'MINSK-DUBAI', '2021-05-25'); nested exception is org.h2.jdbc.JdbcSQLIntegrityConstraintViolationException: Нарушение уникального индекса или первичного ключа: "PRIMARY KEY ON PUBLIC.TOUR(TOUR_ID) [101, 'BREST-MOSCOW', DATE '2021-08-01']"
Unique index or primary key violation: "PRIMARY KEY ON PUBLIC.TOUR(TOUR_ID) [101, 'BREST-MOSCOW', DATE '2021-08-01']"; SQL statement:
INSERT INTO TOUR (TOUR_ID, DIRECTION, DATE_TOUR) VALUES (101, 'BREST-MOSCOW', '2021-08-01'), (102, 'MINSK-ROME', '2021-08-01'), (103, 'MOSCOW-BARCELONA', '2021-06-15'), (104, 'MINSK-RIGA', '2021-07-02'), (105, 'MINSK-DUBAI', '2021-05-25') [23505-200]
	at org.springframework.jdbc.datasource.init.ScriptUtils.executeSqlScript(ScriptUtils.java:622)
	at org.springframework.jdbc.datasource.init.ResourceDatabasePopulator.populate(ResourceDatabasePopulator.java:254)
	at org.springframework.jdbc.datasource.init.DatabasePopulatorUtils.execute(DatabasePopulatorUtils.java:49)
	at org.springframework.boot.autoconfigure.jdbc.DataSourceInitializer.runScripts(DataSourceInitializer.java:202)
	at org.springframework.boot.autoconfigure.jdbc.DataSourceInitializer.initSchema(DataSourceInitializer.java:119)
	at org.springframework.boot.autoconfigure.jdbc.DataSourceInitializerInvoker.onApplicationEvent(DataSourceInitializerInvoker.java:91)
	at org.springframework.boot.autoconfigure.jdbc.DataSourceInitializerInvoker.onApplicationEvent(DataSourceInitializerInvoker.java:38)
	at org.springframework.context.event.SimpleApplicationEventMulticaster.doInvokeListener(SimpleApplicationEventMulticaster.java:176)
	at org.springframework.context.event.SimpleApplicationEventMulticaster.invokeListener(SimpleApplicationEventMulticaster.java:169)
	at org.springframework.context.event.SimpleApplicationEventMulticaster.multicastEvent(SimpleApplicationEventMulticaster.java:143)
	at org.springframework.context.support.AbstractApplicationContext.publishEvent(AbstractApplicationContext.java:421)
	at org.springframework.context.support.AbstractApplicationContext.publishEvent(AbstractApplicationContext.java:378)
	at org.springframework.boot.autoconfigure.jdbc.DataSourceInitializerInvoker.initialize(DataSourceInitializerInvoker.java:72)
	at org.springframework.boot.autoconfigure.jdbc.DataSourceInitializerInvoker.afterPropertiesSet(DataSourceInitializerInvoker.java:65)
	at org.springframework.beans.factory.support.AbstractAutowireCapableBeanFactory.invokeInitMethods(AbstractAutowireCapableBeanFactory.java:1845)
	at org.springframework.beans.factory.support.AbstractAutowireCapableBeanFactory.initializeBean(AbstractAutowireCapableBeanFactory.java:1782)
	... 141 common frames omitted
Caused by: org.h2.jdbc.JdbcSQLIntegrityConstraintViolationException: Нарушение уникального индекса или первичного ключа: "PRIMARY KEY ON PUBLIC.TOUR(TOUR_ID) [101, 'BREST-MOSCOW', DATE '2021-08-01']"
Unique index or primary key violation: "PRIMARY KEY ON PUBLIC.TOUR(TOUR_ID) [101, 'BREST-MOSCOW', DATE '2021-08-01']"; SQL statement:
INSERT INTO TOUR (TOUR_ID, DIRECTION, DATE_TOUR) VALUES (101, 'BREST-MOSCOW', '2021-08-01'), (102, 'MINSK-ROME', '2021-08-01'), (103, 'MOSCOW-BARCELONA', '2021-06-15'), (104, 'MINSK-RIGA', '2021-07-02'), (105, 'MINSK-DUBAI', '2021-05-25') [23505-200]
	at org.h2.message.DbException.getJdbcSQLException(DbException.java:459)
	at org.h2.message.DbException.getJdbcSQLException(DbException.java:429)
	at org.h2.message.DbException.get(DbException.java:205)
	at org.h2.message.DbException.get(DbException.java:181)
	at org.h2.mvstore.db.MVPrimaryIndex.add(MVPrimaryIndex.java:127)
	at org.h2.mvstore.db.MVTable.addRow(MVTable.java:531)
	at org.h2.command.dml.Insert.insertRows(Insert.java:195)
	at org.h2.command.dml.Insert.update(Insert.java:151)
	at org.h2.command.CommandContainer.update(CommandContainer.java:198)
	at org.h2.command.Command.executeUpdate(Command.java:251)
	at org.h2.jdbc.JdbcStatement.executeInternal(JdbcStatement.java:228)
	at org.h2.jdbc.JdbcStatement.execute(JdbcStatement.java:201)
	at org.springframework.jdbc.datasource.init.ScriptUtils.executeSqlScript(ScriptUtils.java:601)
	... 156 common frames omitted
]]></system-out>
  </testcase>
  <testcase name="shouldDeleteTour" classname="com.aderenchuk.brest.service.web_app.TourControllerIT" time="0.001">
    <error type="java.lang.IllegalStateException"><![CDATA[java.lang.IllegalStateException: Failed to load ApplicationContext
Caused by: org.springframework.beans.factory.UnsatisfiedDependencyException: 
Error creating bean with name 'tourController' defined in file [/home/artem/IdeaProjects/aderenchuk-travel.agency/web-app/target/classes/com/aderenchuk/brest/service/web_app/TourController.class]: Unsatisfied dependency expressed through constructor parameter 0; nested exception is org.springframework.beans.factory.UnsatisfiedDependencyException: Error creating bean with name 'tourDtoServiceImpl' defined in URL [jar:file:/home/artem/IdeaProjects/aderenchuk-travel.agency/service/target/service-1.0-SNAPSHOT.jar!/com/aderenchuk/brest/service/impl/TourDtoServiceImpl.class]: Unsatisfied dependency expressed through constructor parameter 0; nested exception is org.springframework.beans.factory.UnsatisfiedDependencyException: Error creating bean with name 'tourDtoDaoJdbc' defined in URL [jar:file:/home/artem/IdeaProjects/aderenchuk-travel.agency/dao/target/dao-1.0-SNAPSHOT.jar!/com/aderenchuk/brest/dao/jdbc/TourDtoDaoJdbc.class]: Unsatisfied dependency expressed through constructor parameter 0; nested exception is org.springframework.beans.factory.BeanCreationException: Error creating bean with name 'dataSource': Post-processing of FactoryBean's singleton object failed; nested exception is org.springframework.beans.factory.BeanCreationException: Error creating bean with name 'org.springframework.boot.autoconfigure.jdbc.DataSourceInitializerInvoker': Invocation of init method failed; nested exception is org.springframework.jdbc.datasource.init.ScriptStatementFailedException: Failed to execute SQL script statement #1 of URL [jar:file:/home/artem/IdeaProjects/aderenchuk-travel.agency/test-db/target/test-db-1.0-SNAPSHOT.jar!/data.sql]: INSERT INTO TOUR (TOUR_ID, DIRECTION, DATE_TOUR) VALUES (101, 'BREST-MOSCOW', '2021-08-01'), (102, 'MINSK-ROME', '2021-08-01'), (103, 'MOSCOW-BARCELONA', '2021-06-15'), (104, 'MINSK-RIGA', '2021-07-02'), (105, 'MINSK-DUBAI', '2021-05-25'); nested exception is org.h2.jdbc.JdbcSQLIntegrityConstraintViolationException: Нарушение уникального индекса или первичного ключа: "PRIMARY KEY ON PUBLIC.TOUR(TOUR_ID) [101, 'BREST-MOSCOW', DATE '2021-08-01']"
Unique index or primary key violation: "PRIMARY KEY ON PUBLIC.TOUR(TOUR_ID) [101, 'BREST-MOSCOW', DATE '2021-08-01']"; SQL statement:
INSERT INTO TOUR (TOUR_ID, DIRECTION, DATE_TOUR) VALUES (101, 'BREST-MOSCOW', '2021-08-01'), (102, 'MINSK-ROME', '2021-08-01'), (103, 'MOSCOW-BARCELONA', '2021-06-15'), (104, 'MINSK-RIGA', '2021-07-02'), (105, 'MINSK-DUBAI', '2021-05-25') [23505-200]
Caused by: org.springframework.beans.factory.UnsatisfiedDependencyException: 
Error creating bean with name 'tourDtoServiceImpl' defined in URL [jar:file:/home/artem/IdeaProjects/aderenchuk-travel.agency/service/target/service-1.0-SNAPSHOT.jar!/com/aderenchuk/brest/service/impl/TourDtoServiceImpl.class]: Unsatisfied dependency expressed through constructor parameter 0; nested exception is org.springframework.beans.factory.UnsatisfiedDependencyException: Error creating bean with name 'tourDtoDaoJdbc' defined in URL [jar:file:/home/artem/IdeaProjects/aderenchuk-travel.agency/dao/target/dao-1.0-SNAPSHOT.jar!/com/aderenchuk/brest/dao/jdbc/TourDtoDaoJdbc.class]: Unsatisfied dependency expressed through constructor parameter 0; nested exception is org.springframework.beans.factory.BeanCreationException: Error creating bean with name 'dataSource': Post-processing of FactoryBean's singleton object failed; nested exception is org.springframework.beans.factory.BeanCreationException: Error creating bean with name 'org.springframework.boot.autoconfigure.jdbc.DataSourceInitializerInvoker': Invocation of init method failed; nested exception is org.springframework.jdbc.datasource.init.ScriptStatementFailedException: Failed to execute SQL script statement #1 of URL [jar:file:/home/artem/IdeaProjects/aderenchuk-travel.agency/test-db/target/test-db-1.0-SNAPSHOT.jar!/data.sql]: INSERT INTO TOUR (TOUR_ID, DIRECTION, DATE_TOUR) VALUES (101, 'BREST-MOSCOW', '2021-08-01'), (102, 'MINSK-ROME', '2021-08-01'), (103, 'MOSCOW-BARCELONA', '2021-06-15'), (104, 'MINSK-RIGA', '2021-07-02'), (105, 'MINSK-DUBAI', '2021-05-25'); nested exception is org.h2.jdbc.JdbcSQLIntegrityConstraintViolationException: Нарушение уникального индекса или первичного ключа: "PRIMARY KEY ON PUBLIC.TOUR(TOUR_ID) [101, 'BREST-MOSCOW', DATE '2021-08-01']"
Unique index or primary key violation: "PRIMARY KEY ON PUBLIC.TOUR(TOUR_ID) [101, 'BREST-MOSCOW', DATE '2021-08-01']"; SQL statement:
INSERT INTO TOUR (TOUR_ID, DIRECTION, DATE_TOUR) VALUES (101, 'BREST-MOSCOW', '2021-08-01'), (102, 'MINSK-ROME', '2021-08-01'), (103, 'MOSCOW-BARCELONA', '2021-06-15'), (104, 'MINSK-RIGA', '2021-07-02'), (105, 'MINSK-DUBAI', '2021-05-25') [23505-200]
Caused by: org.springframework.beans.factory.UnsatisfiedDependencyException: 
Error creating bean with name 'tourDtoDaoJdbc' defined in URL [jar:file:/home/artem/IdeaProjects/aderenchuk-travel.agency/dao/target/dao-1.0-SNAPSHOT.jar!/com/aderenchuk/brest/dao/jdbc/TourDtoDaoJdbc.class]: Unsatisfied dependency expressed through constructor parameter 0; nested exception is org.springframework.beans.factory.BeanCreationException: Error creating bean with name 'dataSource': Post-processing of FactoryBean's singleton object failed; nested exception is org.springframework.beans.factory.BeanCreationException: Error creating bean with name 'org.springframework.boot.autoconfigure.jdbc.DataSourceInitializerInvoker': Invocation of init method failed; nested exception is org.springframework.jdbc.datasource.init.ScriptStatementFailedException: Failed to execute SQL script statement #1 of URL [jar:file:/home/artem/IdeaProjects/aderenchuk-travel.agency/test-db/target/test-db-1.0-SNAPSHOT.jar!/data.sql]: INSERT INTO TOUR (TOUR_ID, DIRECTION, DATE_TOUR) VALUES (101, 'BREST-MOSCOW', '2021-08-01'), (102, 'MINSK-ROME', '2021-08-01'), (103, 'MOSCOW-BARCELONA', '2021-06-15'), (104, 'MINSK-RIGA', '2021-07-02'), (105, 'MINSK-DUBAI', '2021-05-25'); nested exception is org.h2.jdbc.JdbcSQLIntegrityConstraintViolationException: Нарушение уникального индекса или первичного ключа: "PRIMARY KEY ON PUBLIC.TOUR(TOUR_ID) [101, 'BREST-MOSCOW', DATE '2021-08-01']"
Unique index or primary key violation: "PRIMARY KEY ON PUBLIC.TOUR(TOUR_ID) [101, 'BREST-MOSCOW', DATE '2021-08-01']"; SQL statement:
INSERT INTO TOUR (TOUR_ID, DIRECTION, DATE_TOUR) VALUES (101, 'BREST-MOSCOW', '2021-08-01'), (102, 'MINSK-ROME', '2021-08-01'), (103, 'MOSCOW-BARCELONA', '2021-06-15'), (104, 'MINSK-RIGA', '2021-07-02'), (105, 'MINSK-DUBAI', '2021-05-25') [23505-200]
Caused by: org.springframework.beans.factory.BeanCreationException: 
Error creating bean with name 'dataSource': Post-processing of FactoryBean's singleton object failed; nested exception is org.springframework.beans.factory.BeanCreationException: Error creating bean with name 'org.springframework.boot.autoconfigure.jdbc.DataSourceInitializerInvoker': Invocation of init method failed; nested exception is org.springframework.jdbc.datasource.init.ScriptStatementFailedException: Failed to execute SQL script statement #1 of URL [jar:file:/home/artem/IdeaProjects/aderenchuk-travel.agency/test-db/target/test-db-1.0-SNAPSHOT.jar!/data.sql]: INSERT INTO TOUR (TOUR_ID, DIRECTION, DATE_TOUR) VALUES (101, 'BREST-MOSCOW', '2021-08-01'), (102, 'MINSK-ROME', '2021-08-01'), (103, 'MOSCOW-BARCELONA', '2021-06-15'), (104, 'MINSK-RIGA', '2021-07-02'), (105, 'MINSK-DUBAI', '2021-05-25'); nested exception is org.h2.jdbc.JdbcSQLIntegrityConstraintViolationException: Нарушение уникального индекса или первичного ключа: "PRIMARY KEY ON PUBLIC.TOUR(TOUR_ID) [101, 'BREST-MOSCOW', DATE '2021-08-01']"
Unique index or primary key violation: "PRIMARY KEY ON PUBLIC.TOUR(TOUR_ID) [101, 'BREST-MOSCOW', DATE '2021-08-01']"; SQL statement:
INSERT INTO TOUR (TOUR_ID, DIRECTION, DATE_TOUR) VALUES (101, 'BREST-MOSCOW', '2021-08-01'), (102, 'MINSK-ROME', '2021-08-01'), (103, 'MOSCOW-BARCELONA', '2021-06-15'), (104, 'MINSK-RIGA', '2021-07-02'), (105, 'MINSK-DUBAI', '2021-05-25') [23505-200]
Caused by: org.springframework.beans.factory.BeanCreationException: 
Error creating bean with name 'org.springframework.boot.autoconfigure.jdbc.DataSourceInitializerInvoker': Invocation of init method failed; nested exception is org.springframework.jdbc.datasource.init.ScriptStatementFailedException: Failed to execute SQL script statement #1 of URL [jar:file:/home/artem/IdeaProjects/aderenchuk-travel.agency/test-db/target/test-db-1.0-SNAPSHOT.jar!/data.sql]: INSERT INTO TOUR (TOUR_ID, DIRECTION, DATE_TOUR) VALUES (101, 'BREST-MOSCOW', '2021-08-01'), (102, 'MINSK-ROME', '2021-08-01'), (103, 'MOSCOW-BARCELONA', '2021-06-15'), (104, 'MINSK-RIGA', '2021-07-02'), (105, 'MINSK-DUBAI', '2021-05-25'); nested exception is org.h2.jdbc.JdbcSQLIntegrityConstraintViolationException: Нарушение уникального индекса или первичного ключа: "PRIMARY KEY ON PUBLIC.TOUR(TOUR_ID) [101, 'BREST-MOSCOW', DATE '2021-08-01']"
Unique index or primary key violation: "PRIMARY KEY ON PUBLIC.TOUR(TOUR_ID) [101, 'BREST-MOSCOW', DATE '2021-08-01']"; SQL statement:
INSERT INTO TOUR (TOUR_ID, DIRECTION, DATE_TOUR) VALUES (101, 'BREST-MOSCOW', '2021-08-01'), (102, 'MINSK-ROME', '2021-08-01'), (103, 'MOSCOW-BARCELONA', '2021-06-15'), (104, 'MINSK-RIGA', '2021-07-02'), (105, 'MINSK-DUBAI', '2021-05-25') [23505-200]
Caused by: org.springframework.jdbc.datasource.init.ScriptStatementFailedException: 
Failed to execute SQL script statement #1 of URL [jar:file:/home/artem/IdeaProjects/aderenchuk-travel.agency/test-db/target/test-db-1.0-SNAPSHOT.jar!/data.sql]: INSERT INTO TOUR (TOUR_ID, DIRECTION, DATE_TOUR) VALUES (101, 'BREST-MOSCOW', '2021-08-01'), (102, 'MINSK-ROME', '2021-08-01'), (103, 'MOSCOW-BARCELONA', '2021-06-15'), (104, 'MINSK-RIGA', '2021-07-02'), (105, 'MINSK-DUBAI', '2021-05-25'); nested exception is org.h2.jdbc.JdbcSQLIntegrityConstraintViolationException: Нарушение уникального индекса или первичного ключа: "PRIMARY KEY ON PUBLIC.TOUR(TOUR_ID) [101, 'BREST-MOSCOW', DATE '2021-08-01']"
Unique index or primary key violation: "PRIMARY KEY ON PUBLIC.TOUR(TOUR_ID) [101, 'BREST-MOSCOW', DATE '2021-08-01']"; SQL statement:
INSERT INTO TOUR (TOUR_ID, DIRECTION, DATE_TOUR) VALUES (101, 'BREST-MOSCOW', '2021-08-01'), (102, 'MINSK-ROME', '2021-08-01'), (103, 'MOSCOW-BARCELONA', '2021-06-15'), (104, 'MINSK-RIGA', '2021-07-02'), (105, 'MINSK-DUBAI', '2021-05-25') [23505-200]
Caused by: org.h2.jdbc.JdbcSQLIntegrityConstraintViolationException: 
Нарушение уникального индекса или первичного ключа: "PRIMARY KEY ON PUBLIC.TOUR(TOUR_ID) [101, 'BREST-MOSCOW', DATE '2021-08-01']"
Unique index or primary key violation: "PRIMARY KEY ON PUBLIC.TOUR(TOUR_ID) [101, 'BREST-MOSCOW', DATE '2021-08-01']"; SQL statement:
INSERT INTO TOUR (TOUR_ID, DIRECTION, DATE_TOUR) VALUES (101, 'BREST-MOSCOW', '2021-08-01'), (102, 'MINSK-ROME', '2021-08-01'), (103, 'MOSCOW-BARCELONA', '2021-06-15'), (104, 'MINSK-RIGA', '2021-07-02'), (105, 'MINSK-DUBAI', '2021-05-25') [23505-200]
]]></error>
    <system-out><![CDATA[
  .   ____          _            __ _ _
 /\\ / ___'_ __ _ _(_)_ __  __ _ \ \ \ \
( ( )\___ | '_ | '_| | '_ \/ _` | \ \ \ \
 \\/  ___)| |_)| | | | | || (_| |  ) ) ) )
  '  |____| .__|_| |_|_| |_\__, | / / / /
 =========|_|==============|___/=/_/_/_/
 :: Spring Boot ::                (v2.4.4)

22:11:43 [main] INFO  com.aderenchuk.brest.service.web_app.TourControllerIT - Starting TourControllerIT using Java 11.0.10 on artem-HP-Laptop-15-bs0xx with PID 35492 (started by artem in /home/artem/IdeaProjects/aderenchuk-travel.agency/web-app)
22:11:43 [main] INFO  com.aderenchuk.brest.service.web_app.TourControllerIT - Starting TourControllerIT using Java 11.0.10 on artem-HP-Laptop-15-bs0xx with PID 35492 (started by artem in /home/artem/IdeaProjects/aderenchuk-travel.agency/web-app)
22:11:43 [main] DEBUG com.aderenchuk.brest.service.web_app.TourControllerIT - Running with Spring Boot v2.4.4, Spring v5.3.5
22:11:43 [main] DEBUG com.aderenchuk.brest.service.web_app.TourControllerIT - Running with Spring Boot v2.4.4, Spring v5.3.5
22:11:43 [main] INFO  com.aderenchuk.brest.service.web_app.TourControllerIT - No active profile set, falling back to default profiles: default
22:11:43 [main] INFO  com.aderenchuk.brest.service.web_app.TourControllerIT - No active profile set, falling back to default profiles: default
22:11:43 [main] INFO  org.springframework.boot.test.autoconfigure.jdbc.TestDatabaseAutoConfiguration$EmbeddedDataSourceBeanFactoryPostProcessor - Replacing 'dataSource' DataSource bean with embedded version
22:11:43 [main] INFO  org.springframework.jdbc.datasource.embedded.EmbeddedDatabaseFactory - Starting embedded database: url='jdbc:h2:mem:3c447475-1776-4956-9bec-add1469ff197;DB_CLOSE_DELAY=-1;DB_CLOSE_ON_EXIT=false', username='sa'
22:11:44 [main] WARN  org.springframework.context.annotation.AnnotationConfigApplicationContext - Exception encountered during context initialization - cancelling refresh attempt: org.springframework.beans.factory.UnsatisfiedDependencyException: Error creating bean with name 'tourController' defined in file [/home/artem/IdeaProjects/aderenchuk-travel.agency/web-app/target/classes/com/aderenchuk/brest/service/web_app/TourController.class]: Unsatisfied dependency expressed through constructor parameter 0; nested exception is org.springframework.beans.factory.UnsatisfiedDependencyException: Error creating bean with name 'tourDtoServiceImpl' defined in URL [jar:file:/home/artem/IdeaProjects/aderenchuk-travel.agency/service/target/service-1.0-SNAPSHOT.jar!/com/aderenchuk/brest/service/impl/TourDtoServiceImpl.class]: Unsatisfied dependency expressed through constructor parameter 0; nested exception is org.springframework.beans.factory.UnsatisfiedDependencyException: Error creating bean with name 'tourDtoDaoJdbc' defined in URL [jar:file:/home/artem/IdeaProjects/aderenchuk-travel.agency/dao/target/dao-1.0-SNAPSHOT.jar!/com/aderenchuk/brest/dao/jdbc/TourDtoDaoJdbc.class]: Unsatisfied dependency expressed through constructor parameter 0; nested exception is org.springframework.beans.factory.BeanCreationException: Error creating bean with name 'dataSource': Post-processing of FactoryBean's singleton object failed; nested exception is org.springframework.beans.factory.BeanCreationException: Error creating bean with name 'org.springframework.boot.autoconfigure.jdbc.DataSourceInitializerInvoker': Invocation of init method failed; nested exception is org.springframework.jdbc.datasource.init.ScriptStatementFailedException: Failed to execute SQL script statement #1 of URL [jar:file:/home/artem/IdeaProjects/aderenchuk-travel.agency/test-db/target/test-db-1.0-SNAPSHOT.jar!/data.sql]: INSERT INTO TOUR (TOUR_ID, DIRECTION, DATE_TOUR) VALUES (101, 'BREST-MOSCOW', '2021-08-01'), (102, 'MINSK-ROME', '2021-08-01'), (103, 'MOSCOW-BARCELONA', '2021-06-15'), (104, 'MINSK-RIGA', '2021-07-02'), (105, 'MINSK-DUBAI', '2021-05-25'); nested exception is org.h2.jdbc.JdbcSQLIntegrityConstraintViolationException: Нарушение уникального индекса или первичного ключа: "PRIMARY KEY ON PUBLIC.TOUR(TOUR_ID) [101, 'BREST-MOSCOW', DATE '2021-08-01']"
Unique index or primary key violation: "PRIMARY KEY ON PUBLIC.TOUR(TOUR_ID) [101, 'BREST-MOSCOW', DATE '2021-08-01']"; SQL statement:
INSERT INTO TOUR (TOUR_ID, DIRECTION, DATE_TOUR) VALUES (101, 'BREST-MOSCOW', '2021-08-01'), (102, 'MINSK-ROME', '2021-08-01'), (103, 'MOSCOW-BARCELONA', '2021-06-15'), (104, 'MINSK-RIGA', '2021-07-02'), (105, 'MINSK-DUBAI', '2021-05-25') [23505-200]
22:11:44 [main] INFO  org.springframework.boot.autoconfigure.logging.ConditionEvaluationReportLoggingListener - 

Error starting ApplicationContext. To display the conditions report re-run your application with 'debug' enabled.
22:11:44 [main] ERROR org.springframework.boot.SpringApplication - Application run failed
org.springframework.beans.factory.UnsatisfiedDependencyException: Error creating bean with name 'tourController' defined in file [/home/artem/IdeaProjects/aderenchuk-travel.agency/web-app/target/classes/com/aderenchuk/brest/service/web_app/TourController.class]: Unsatisfied dependency expressed through constructor parameter 0; nested exception is org.springframework.beans.factory.UnsatisfiedDependencyException: Error creating bean with name 'tourDtoServiceImpl' defined in URL [jar:file:/home/artem/IdeaProjects/aderenchuk-travel.agency/service/target/service-1.0-SNAPSHOT.jar!/com/aderenchuk/brest/service/impl/TourDtoServiceImpl.class]: Unsatisfied dependency expressed through constructor parameter 0; nested exception is org.springframework.beans.factory.UnsatisfiedDependencyException: Error creating bean with name 'tourDtoDaoJdbc' defined in URL [jar:file:/home/artem/IdeaProjects/aderenchuk-travel.agency/dao/target/dao-1.0-SNAPSHOT.jar!/com/aderenchuk/brest/dao/jdbc/TourDtoDaoJdbc.class]: Unsatisfied dependency expressed through constructor parameter 0; nested exception is org.springframework.beans.factory.BeanCreationException: Error creating bean with name 'dataSource': Post-processing of FactoryBean's singleton object failed; nested exception is org.springframework.beans.factory.BeanCreationException: Error creating bean with name 'org.springframework.boot.autoconfigure.jdbc.DataSourceInitializerInvoker': Invocation of init method failed; nested exception is org.springframework.jdbc.datasource.init.ScriptStatementFailedException: Failed to execute SQL script statement #1 of URL [jar:file:/home/artem/IdeaProjects/aderenchuk-travel.agency/test-db/target/test-db-1.0-SNAPSHOT.jar!/data.sql]: INSERT INTO TOUR (TOUR_ID, DIRECTION, DATE_TOUR) VALUES (101, 'BREST-MOSCOW', '2021-08-01'), (102, 'MINSK-ROME', '2021-08-01'), (103, 'MOSCOW-BARCELONA', '2021-06-15'), (104, 'MINSK-RIGA', '2021-07-02'), (105, 'MINSK-DUBAI', '2021-05-25'); nested exception is org.h2.jdbc.JdbcSQLIntegrityConstraintViolationException: Нарушение уникального индекса или первичного ключа: "PRIMARY KEY ON PUBLIC.TOUR(TOUR_ID) [101, 'BREST-MOSCOW', DATE '2021-08-01']"
Unique index or primary key violation: "PRIMARY KEY ON PUBLIC.TOUR(TOUR_ID) [101, 'BREST-MOSCOW', DATE '2021-08-01']"; SQL statement:
INSERT INTO TOUR (TOUR_ID, DIRECTION, DATE_TOUR) VALUES (101, 'BREST-MOSCOW', '2021-08-01'), (102, 'MINSK-ROME', '2021-08-01'), (103, 'MOSCOW-BARCELONA', '2021-06-15'), (104, 'MINSK-RIGA', '2021-07-02'), (105, 'MINSK-DUBAI', '2021-05-25') [23505-200]
	at org.springframework.beans.factory.support.ConstructorResolver.createArgumentArray(ConstructorResolver.java:800)
	at org.springframework.beans.factory.support.ConstructorResolver.autowireConstructor(ConstructorResolver.java:229)
	at org.springframework.beans.factory.support.AbstractAutowireCapableBeanFactory.autowireConstructor(AbstractAutowireCapableBeanFactory.java:1354)
	at org.springframework.beans.factory.support.AbstractAutowireCapableBeanFactory.createBeanInstance(AbstractAutowireCapableBeanFactory.java:1204)
	at org.springframework.beans.factory.support.AbstractAutowireCapableBeanFactory.doCreateBean(AbstractAutowireCapableBeanFactory.java:564)
	at org.springframework.beans.factory.support.AbstractAutowireCapableBeanFactory.createBean(AbstractAutowireCapableBeanFactory.java:524)
	at org.springframework.beans.factory.support.AbstractBeanFactory.lambda$doGetBean$0(AbstractBeanFactory.java:335)
	at org.springframework.beans.factory.support.DefaultSingletonBeanRegistry.getSingleton(DefaultSingletonBeanRegistry.java:234)
	at org.springframework.beans.factory.support.AbstractBeanFactory.doGetBean(AbstractBeanFactory.java:333)
	at org.springframework.beans.factory.support.AbstractBeanFactory.getBean(AbstractBeanFactory.java:208)
	at org.springframework.beans.factory.support.DefaultListableBeanFactory.preInstantiateSingletons(DefaultListableBeanFactory.java:944)
	at org.springframework.context.support.AbstractApplicationContext.finishBeanFactoryInitialization(AbstractApplicationContext.java:918)
	at org.springframework.context.support.AbstractApplicationContext.refresh(AbstractApplicationContext.java:583)
	at org.springframework.boot.SpringApplication.refresh(SpringApplication.java:769)
	at org.springframework.boot.SpringApplication.refresh(SpringApplication.java:761)
	at org.springframework.boot.SpringApplication.refreshContext(SpringApplication.java:426)
	at org.springframework.boot.SpringApplication.run(SpringApplication.java:326)
	at org.springframework.boot.test.context.SpringBootContextLoader.loadContext(SpringBootContextLoader.java:123)
	at org.springframework.test.context.cache.DefaultCacheAwareContextLoaderDelegate.loadContextInternal(DefaultCacheAwareContextLoaderDelegate.java:99)
	at org.springframework.test.context.cache.DefaultCacheAwareContextLoaderDelegate.loadContext(DefaultCacheAwareContextLoaderDelegate.java:124)
	at org.springframework.test.context.support.DefaultTestContext.getApplicationContext(DefaultTestContext.java:124)
	at org.springframework.test.context.support.DependencyInjectionTestExecutionListener.injectDependencies(DependencyInjectionTestExecutionListener.java:118)
	at org.springframework.test.context.support.DependencyInjectionTestExecutionListener.prepareTestInstance(DependencyInjectionTestExecutionListener.java:83)
	at org.springframework.boot.test.autoconfigure.SpringBootDependencyInjectionTestExecutionListener.prepareTestInstance(SpringBootDependencyInjectionTestExecutionListener.java:43)
	at org.springframework.test.context.TestContextManager.prepareTestInstance(TestContextManager.java:244)
	at org.springframework.test.context.junit.jupiter.SpringExtension.postProcessTestInstance(SpringExtension.java:138)
	at org.junit.jupiter.engine.descriptor.ClassBasedTestDescriptor.lambda$invokeTestInstancePostProcessors$6(ClassBasedTestDescriptor.java:350)
	at org.junit.jupiter.engine.descriptor.ClassBasedTestDescriptor.executeAndMaskThrowable(ClassBasedTestDescriptor.java:355)
	at org.junit.jupiter.engine.descriptor.ClassBasedTestDescriptor.lambda$invokeTestInstancePostProcessors$7(ClassBasedTestDescriptor.java:350)
	at java.base/java.util.stream.ReferencePipeline$3$1.accept(ReferencePipeline.java:195)
	at java.base/java.util.stream.ReferencePipeline$2$1.accept(ReferencePipeline.java:177)
	at java.base/java.util.ArrayList$ArrayListSpliterator.forEachRemaining(ArrayList.java:1655)
	at java.base/java.util.stream.AbstractPipeline.copyInto(AbstractPipeline.java:484)
	at java.base/java.util.stream.AbstractPipeline.wrapAndCopyInto(AbstractPipeline.java:474)
	at java.base/java.util.stream.StreamSpliterators$WrappingSpliterator.forEachRemaining(StreamSpliterators.java:312)
	at java.base/java.util.stream.Streams$ConcatSpliterator.forEachRemaining(Streams.java:735)
	at java.base/java.util.stream.Streams$ConcatSpliterator.forEachRemaining(Streams.java:734)
	at java.base/java.util.stream.ReferencePipeline$Head.forEach(ReferencePipeline.java:658)
	at org.junit.jupiter.engine.descriptor.ClassBasedTestDescriptor.invokeTestInstancePostProcessors(ClassBasedTestDescriptor.java:349)
	at org.junit.jupiter.engine.descriptor.ClassBasedTestDescriptor.lambda$instantiateAndPostProcessTestInstance$4(ClassBasedTestDescriptor.java:270)
	at org.junit.platform.engine.support.hierarchical.ThrowableCollector.execute(ThrowableCollector.java:73)
	at org.junit.jupiter.engine.descriptor.ClassBasedTestDescriptor.instantiateAndPostProcessTestInstance(ClassBasedTestDescriptor.java:269)
	at org.junit.jupiter.engine.descriptor.ClassBasedTestDescriptor.lambda$testInstancesProvider$2(ClassBasedTestDescriptor.java:259)
	at java.base/java.util.Optional.orElseGet(Optional.java:369)
	at org.junit.jupiter.engine.descriptor.ClassBasedTestDescriptor.lambda$testInstancesProvider$3(ClassBasedTestDescriptor.java:258)
	at org.junit.jupiter.engine.execution.TestInstancesProvider.getTestInstances(TestInstancesProvider.java:31)
	at org.junit.jupiter.engine.descriptor.TestMethodTestDescriptor.lambda$prepare$0(TestMethodTestDescriptor.java:101)
	at org.junit.platform.engine.support.hierarchical.ThrowableCollector.execute(ThrowableCollector.java:73)
	at org.junit.jupiter.engine.descriptor.TestMethodTestDescriptor.prepare(TestMethodTestDescriptor.java:100)
	at org.junit.jupiter.engine.descriptor.TestMethodTestDescriptor.prepare(TestMethodTestDescriptor.java:65)
	at org.junit.platform.engine.support.hierarchical.NodeTestTask.lambda$prepare$1(NodeTestTask.java:111)
	at org.junit.platform.engine.support.hierarchical.ThrowableCollector.execute(ThrowableCollector.java:73)
	at org.junit.platform.engine.support.hierarchical.NodeTestTask.prepare(NodeTestTask.java:111)
	at org.junit.platform.engine.support.hierarchical.NodeTestTask.execute(NodeTestTask.java:79)
	at java.base/java.util.ArrayList.forEach(ArrayList.java:1541)
	at org.junit.platform.engine.support.hierarchical.SameThreadHierarchicalTestExecutorService.invokeAll(SameThreadHierarchicalTestExecutorService.java:38)
	at org.junit.platform.engine.support.hierarchical.NodeTestTask.lambda$executeRecursively$5(NodeTestTask.java:143)
	at org.junit.platform.engine.support.hierarchical.ThrowableCollector.execute(ThrowableCollector.java:73)
	at org.junit.platform.engine.support.hierarchical.NodeTestTask.lambda$executeRecursively$7(NodeTestTask.java:129)
	at org.junit.platform.engine.support.hierarchical.Node.around(Node.java:137)
	at org.junit.platform.engine.support.hierarchical.NodeTestTask.lambda$executeRecursively$8(NodeTestTask.java:127)
	at org.junit.platform.engine.support.hierarchical.ThrowableCollector.execute(ThrowableCollector.java:73)
	at org.junit.platform.engine.support.hierarchical.NodeTestTask.executeRecursively(NodeTestTask.java:126)
	at org.junit.platform.engine.support.hierarchical.NodeTestTask.execute(NodeTestTask.java:84)
	at java.base/java.util.ArrayList.forEach(ArrayList.java:1541)
	at org.junit.platform.engine.support.hierarchical.SameThreadHierarchicalTestExecutorService.invokeAll(SameThreadHierarchicalTestExecutorService.java:38)
	at org.junit.platform.engine.support.hierarchical.NodeTestTask.lambda$executeRecursively$5(NodeTestTask.java:143)
	at org.junit.platform.engine.support.hierarchical.ThrowableCollector.execute(ThrowableCollector.java:73)
	at org.junit.platform.engine.support.hierarchical.NodeTestTask.lambda$executeRecursively$7(NodeTestTask.java:129)
	at org.junit.platform.engine.support.hierarchical.Node.around(Node.java:137)
	at org.junit.platform.engine.support.hierarchical.NodeTestTask.lambda$executeRecursively$8(NodeTestTask.java:127)
	at org.junit.platform.engine.support.hierarchical.ThrowableCollector.execute(ThrowableCollector.java:73)
	at org.junit.platform.engine.support.hierarchical.NodeTestTask.executeRecursively(NodeTestTask.java:126)
	at org.junit.platform.engine.support.hierarchical.NodeTestTask.execute(NodeTestTask.java:84)
	at org.junit.platform.engine.support.hierarchical.SameThreadHierarchicalTestExecutorService.submit(SameThreadHierarchicalTestExecutorService.java:32)
	at org.junit.platform.engine.support.hierarchical.HierarchicalTestExecutor.execute(HierarchicalTestExecutor.java:57)
	at org.junit.platform.engine.support.hierarchical.HierarchicalTestEngine.execute(HierarchicalTestEngine.java:51)
	at org.junit.platform.launcher.core.EngineExecutionOrchestrator.execute(EngineExecutionOrchestrator.java:108)
	at org.junit.platform.launcher.core.EngineExecutionOrchestrator.execute(EngineExecutionOrchestrator.java:88)
	at org.junit.platform.launcher.core.EngineExecutionOrchestrator.lambda$execute$0(EngineExecutionOrchestrator.java:54)
	at org.junit.platform.launcher.core.EngineExecutionOrchestrator.withInterceptedStreams(EngineExecutionOrchestrator.java:67)
	at org.junit.platform.launcher.core.EngineExecutionOrchestrator.execute(EngineExecutionOrchestrator.java:52)
	at org.junit.platform.launcher.core.DefaultLauncher.execute(DefaultLauncher.java:96)
	at org.junit.platform.launcher.core.DefaultLauncher.execute(DefaultLauncher.java:75)
	at org.apache.maven.surefire.junitplatform.JUnitPlatformProvider.invokeAllTests(JUnitPlatformProvider.java:154)
	at org.apache.maven.surefire.junitplatform.JUnitPlatformProvider.invoke(JUnitPlatformProvider.java:127)
	at org.apache.maven.surefire.booter.ForkedBooter.runSuitesInProcess(ForkedBooter.java:377)
	at org.apache.maven.surefire.booter.ForkedBooter.execute(ForkedBooter.java:138)
	at org.apache.maven.surefire.booter.ForkedBooter.run(ForkedBooter.java:465)
	at org.apache.maven.surefire.booter.ForkedBooter.main(ForkedBooter.java:451)
Caused by: org.springframework.beans.factory.UnsatisfiedDependencyException: Error creating bean with name 'tourDtoServiceImpl' defined in URL [jar:file:/home/artem/IdeaProjects/aderenchuk-travel.agency/service/target/service-1.0-SNAPSHOT.jar!/com/aderenchuk/brest/service/impl/TourDtoServiceImpl.class]: Unsatisfied dependency expressed through constructor parameter 0; nested exception is org.springframework.beans.factory.UnsatisfiedDependencyException: Error creating bean with name 'tourDtoDaoJdbc' defined in URL [jar:file:/home/artem/IdeaProjects/aderenchuk-travel.agency/dao/target/dao-1.0-SNAPSHOT.jar!/com/aderenchuk/brest/dao/jdbc/TourDtoDaoJdbc.class]: Unsatisfied dependency expressed through constructor parameter 0; nested exception is org.springframework.beans.factory.BeanCreationException: Error creating bean with name 'dataSource': Post-processing of FactoryBean's singleton object failed; nested exception is org.springframework.beans.factory.BeanCreationException: Error creating bean with name 'org.springframework.boot.autoconfigure.jdbc.DataSourceInitializerInvoker': Invocation of init method failed; nested exception is org.springframework.jdbc.datasource.init.ScriptStatementFailedException: Failed to execute SQL script statement #1 of URL [jar:file:/home/artem/IdeaProjects/aderenchuk-travel.agency/test-db/target/test-db-1.0-SNAPSHOT.jar!/data.sql]: INSERT INTO TOUR (TOUR_ID, DIRECTION, DATE_TOUR) VALUES (101, 'BREST-MOSCOW', '2021-08-01'), (102, 'MINSK-ROME', '2021-08-01'), (103, 'MOSCOW-BARCELONA', '2021-06-15'), (104, 'MINSK-RIGA', '2021-07-02'), (105, 'MINSK-DUBAI', '2021-05-25'); nested exception is org.h2.jdbc.JdbcSQLIntegrityConstraintViolationException: Нарушение уникального индекса или первичного ключа: "PRIMARY KEY ON PUBLIC.TOUR(TOUR_ID) [101, 'BREST-MOSCOW', DATE '2021-08-01']"
Unique index or primary key violation: "PRIMARY KEY ON PUBLIC.TOUR(TOUR_ID) [101, 'BREST-MOSCOW', DATE '2021-08-01']"; SQL statement:
INSERT INTO TOUR (TOUR_ID, DIRECTION, DATE_TOUR) VALUES (101, 'BREST-MOSCOW', '2021-08-01'), (102, 'MINSK-ROME', '2021-08-01'), (103, 'MOSCOW-BARCELONA', '2021-06-15'), (104, 'MINSK-RIGA', '2021-07-02'), (105, 'MINSK-DUBAI', '2021-05-25') [23505-200]
	at org.springframework.beans.factory.support.ConstructorResolver.createArgumentArray(ConstructorResolver.java:800)
	at org.springframework.beans.factory.support.ConstructorResolver.autowireConstructor(ConstructorResolver.java:229)
	at org.springframework.beans.factory.support.AbstractAutowireCapableBeanFactory.autowireConstructor(AbstractAutowireCapableBeanFactory.java:1354)
	at org.springframework.beans.factory.support.AbstractAutowireCapableBeanFactory.createBeanInstance(AbstractAutowireCapableBeanFactory.java:1204)
	at org.springframework.beans.factory.support.AbstractAutowireCapableBeanFactory.doCreateBean(AbstractAutowireCapableBeanFactory.java:564)
	at org.springframework.beans.factory.support.AbstractAutowireCapableBeanFactory.createBean(AbstractAutowireCapableBeanFactory.java:524)
	at org.springframework.beans.factory.support.AbstractBeanFactory.lambda$doGetBean$0(AbstractBeanFactory.java:335)
	at org.springframework.beans.factory.support.DefaultSingletonBeanRegistry.getSingleton(DefaultSingletonBeanRegistry.java:234)
	at org.springframework.beans.factory.support.AbstractBeanFactory.doGetBean(AbstractBeanFactory.java:333)
	at org.springframework.beans.factory.support.AbstractBeanFactory.getBean(AbstractBeanFactory.java:208)
	at org.springframework.beans.factory.config.DependencyDescriptor.resolveCandidate(DependencyDescriptor.java:276)
	at org.springframework.beans.factory.support.DefaultListableBeanFactory.doResolveDependency(DefaultListableBeanFactory.java:1380)
	at org.springframework.beans.factory.support.DefaultListableBeanFactory.resolveDependency(DefaultListableBeanFactory.java:1300)
	at org.springframework.beans.factory.support.ConstructorResolver.resolveAutowiredArgument(ConstructorResolver.java:887)
	at org.springframework.beans.factory.support.ConstructorResolver.createArgumentArray(ConstructorResolver.java:791)
	... 89 common frames omitted
Caused by: org.springframework.beans.factory.UnsatisfiedDependencyException: Error creating bean with name 'tourDtoDaoJdbc' defined in URL [jar:file:/home/artem/IdeaProjects/aderenchuk-travel.agency/dao/target/dao-1.0-SNAPSHOT.jar!/com/aderenchuk/brest/dao/jdbc/TourDtoDaoJdbc.class]: Unsatisfied dependency expressed through constructor parameter 0; nested exception is org.springframework.beans.factory.BeanCreationException: Error creating bean with name 'dataSource': Post-processing of FactoryBean's singleton object failed; nested exception is org.springframework.beans.factory.BeanCreationException: Error creating bean with name 'org.springframework.boot.autoconfigure.jdbc.DataSourceInitializerInvoker': Invocation of init method failed; nested exception is org.springframework.jdbc.datasource.init.ScriptStatementFailedException: Failed to execute SQL script statement #1 of URL [jar:file:/home/artem/IdeaProjects/aderenchuk-travel.agency/test-db/target/test-db-1.0-SNAPSHOT.jar!/data.sql]: INSERT INTO TOUR (TOUR_ID, DIRECTION, DATE_TOUR) VALUES (101, 'BREST-MOSCOW', '2021-08-01'), (102, 'MINSK-ROME', '2021-08-01'), (103, 'MOSCOW-BARCELONA', '2021-06-15'), (104, 'MINSK-RIGA', '2021-07-02'), (105, 'MINSK-DUBAI', '2021-05-25'); nested exception is org.h2.jdbc.JdbcSQLIntegrityConstraintViolationException: Нарушение уникального индекса или первичного ключа: "PRIMARY KEY ON PUBLIC.TOUR(TOUR_ID) [101, 'BREST-MOSCOW', DATE '2021-08-01']"
Unique index or primary key violation: "PRIMARY KEY ON PUBLIC.TOUR(TOUR_ID) [101, 'BREST-MOSCOW', DATE '2021-08-01']"; SQL statement:
INSERT INTO TOUR (TOUR_ID, DIRECTION, DATE_TOUR) VALUES (101, 'BREST-MOSCOW', '2021-08-01'), (102, 'MINSK-ROME', '2021-08-01'), (103, 'MOSCOW-BARCELONA', '2021-06-15'), (104, 'MINSK-RIGA', '2021-07-02'), (105, 'MINSK-DUBAI', '2021-05-25') [23505-200]
	at org.springframework.beans.factory.support.ConstructorResolver.createArgumentArray(ConstructorResolver.java:800)
	at org.springframework.beans.factory.support.ConstructorResolver.autowireConstructor(ConstructorResolver.java:229)
	at org.springframework.beans.factory.support.AbstractAutowireCapableBeanFactory.autowireConstructor(AbstractAutowireCapableBeanFactory.java:1354)
	at org.springframework.beans.factory.support.AbstractAutowireCapableBeanFactory.createBeanInstance(AbstractAutowireCapableBeanFactory.java:1204)
	at org.springframework.beans.factory.support.AbstractAutowireCapableBeanFactory.doCreateBean(AbstractAutowireCapableBeanFactory.java:564)
	at org.springframework.beans.factory.support.AbstractAutowireCapableBeanFactory.createBean(AbstractAutowireCapableBeanFactory.java:524)
	at org.springframework.beans.factory.support.AbstractBeanFactory.lambda$doGetBean$0(AbstractBeanFactory.java:335)
	at org.springframework.beans.factory.support.DefaultSingletonBeanRegistry.getSingleton(DefaultSingletonBeanRegistry.java:234)
	at org.springframework.beans.factory.support.AbstractBeanFactory.doGetBean(AbstractBeanFactory.java:333)
	at org.springframework.beans.factory.support.AbstractBeanFactory.getBean(AbstractBeanFactory.java:208)
	at org.springframework.beans.factory.config.DependencyDescriptor.resolveCandidate(DependencyDescriptor.java:276)
	at org.springframework.beans.factory.support.DefaultListableBeanFactory.doResolveDependency(DefaultListableBeanFactory.java:1380)
	at org.springframework.beans.factory.support.DefaultListableBeanFactory.resolveDependency(DefaultListableBeanFactory.java:1300)
	at org.springframework.beans.factory.support.ConstructorResolver.resolveAutowiredArgument(ConstructorResolver.java:887)
	at org.springframework.beans.factory.support.ConstructorResolver.createArgumentArray(ConstructorResolver.java:791)
	... 103 common frames omitted
Caused by: org.springframework.beans.factory.BeanCreationException: Error creating bean with name 'dataSource': Post-processing of FactoryBean's singleton object failed; nested exception is org.springframework.beans.factory.BeanCreationException: Error creating bean with name 'org.springframework.boot.autoconfigure.jdbc.DataSourceInitializerInvoker': Invocation of init method failed; nested exception is org.springframework.jdbc.datasource.init.ScriptStatementFailedException: Failed to execute SQL script statement #1 of URL [jar:file:/home/artem/IdeaProjects/aderenchuk-travel.agency/test-db/target/test-db-1.0-SNAPSHOT.jar!/data.sql]: INSERT INTO TOUR (TOUR_ID, DIRECTION, DATE_TOUR) VALUES (101, 'BREST-MOSCOW', '2021-08-01'), (102, 'MINSK-ROME', '2021-08-01'), (103, 'MOSCOW-BARCELONA', '2021-06-15'), (104, 'MINSK-RIGA', '2021-07-02'), (105, 'MINSK-DUBAI', '2021-05-25'); nested exception is org.h2.jdbc.JdbcSQLIntegrityConstraintViolationException: Нарушение уникального индекса или первичного ключа: "PRIMARY KEY ON PUBLIC.TOUR(TOUR_ID) [101, 'BREST-MOSCOW', DATE '2021-08-01']"
Unique index or primary key violation: "PRIMARY KEY ON PUBLIC.TOUR(TOUR_ID) [101, 'BREST-MOSCOW', DATE '2021-08-01']"; SQL statement:
INSERT INTO TOUR (TOUR_ID, DIRECTION, DATE_TOUR) VALUES (101, 'BREST-MOSCOW', '2021-08-01'), (102, 'MINSK-ROME', '2021-08-01'), (103, 'MOSCOW-BARCELONA', '2021-06-15'), (104, 'MINSK-RIGA', '2021-07-02'), (105, 'MINSK-DUBAI', '2021-05-25') [23505-200]
	at org.springframework.beans.factory.support.FactoryBeanRegistrySupport.getObjectFromFactoryBean(FactoryBeanRegistrySupport.java:119)
	at org.springframework.beans.factory.support.AbstractBeanFactory.getObjectForBeanInstance(AbstractBeanFactory.java:1884)
	at org.springframework.beans.factory.support.AbstractAutowireCapableBeanFactory.getObjectForBeanInstance(AbstractAutowireCapableBeanFactory.java:1266)
	at org.springframework.beans.factory.support.AbstractBeanFactory.doGetBean(AbstractBeanFactory.java:345)
	at org.springframework.beans.factory.support.AbstractBeanFactory.getBean(AbstractBeanFactory.java:208)
	at org.springframework.beans.factory.config.DependencyDescriptor.resolveCandidate(DependencyDescriptor.java:276)
	at org.springframework.beans.factory.support.DefaultListableBeanFactory.doResolveDependency(DefaultListableBeanFactory.java:1380)
	at org.springframework.beans.factory.support.DefaultListableBeanFactory.resolveDependency(DefaultListableBeanFactory.java:1300)
	at org.springframework.beans.factory.support.ConstructorResolver.resolveAutowiredArgument(ConstructorResolver.java:887)
	at org.springframework.beans.factory.support.ConstructorResolver.createArgumentArray(ConstructorResolver.java:791)
	... 117 common frames omitted
Caused by: org.springframework.beans.factory.BeanCreationException: Error creating bean with name 'org.springframework.boot.autoconfigure.jdbc.DataSourceInitializerInvoker': Invocation of init method failed; nested exception is org.springframework.jdbc.datasource.init.ScriptStatementFailedException: Failed to execute SQL script statement #1 of URL [jar:file:/home/artem/IdeaProjects/aderenchuk-travel.agency/test-db/target/test-db-1.0-SNAPSHOT.jar!/data.sql]: INSERT INTO TOUR (TOUR_ID, DIRECTION, DATE_TOUR) VALUES (101, 'BREST-MOSCOW', '2021-08-01'), (102, 'MINSK-ROME', '2021-08-01'), (103, 'MOSCOW-BARCELONA', '2021-06-15'), (104, 'MINSK-RIGA', '2021-07-02'), (105, 'MINSK-DUBAI', '2021-05-25'); nested exception is org.h2.jdbc.JdbcSQLIntegrityConstraintViolationException: Нарушение уникального индекса или первичного ключа: "PRIMARY KEY ON PUBLIC.TOUR(TOUR_ID) [101, 'BREST-MOSCOW', DATE '2021-08-01']"
Unique index or primary key violation: "PRIMARY KEY ON PUBLIC.TOUR(TOUR_ID) [101, 'BREST-MOSCOW', DATE '2021-08-01']"; SQL statement:
INSERT INTO TOUR (TOUR_ID, DIRECTION, DATE_TOUR) VALUES (101, 'BREST-MOSCOW', '2021-08-01'), (102, 'MINSK-ROME', '2021-08-01'), (103, 'MOSCOW-BARCELONA', '2021-06-15'), (104, 'MINSK-RIGA', '2021-07-02'), (105, 'MINSK-DUBAI', '2021-05-25') [23505-200]
	at org.springframework.beans.factory.support.AbstractAutowireCapableBeanFactory.initializeBean(AbstractAutowireCapableBeanFactory.java:1786)
	at org.springframework.beans.factory.support.AbstractAutowireCapableBeanFactory.doCreateBean(AbstractAutowireCapableBeanFactory.java:602)
	at org.springframework.beans.factory.support.AbstractAutowireCapableBeanFactory.createBean(AbstractAutowireCapableBeanFactory.java:524)
	at org.springframework.beans.factory.support.AbstractBeanFactory.lambda$doGetBean$0(AbstractBeanFactory.java:335)
	at org.springframework.beans.factory.support.DefaultSingletonBeanRegistry.getSingleton(DefaultSingletonBeanRegistry.java:234)
	at org.springframework.beans.factory.support.AbstractBeanFactory.doGetBean(AbstractBeanFactory.java:333)
	at org.springframework.beans.factory.support.AbstractBeanFactory.getBean(AbstractBeanFactory.java:233)
	at org.springframework.beans.factory.support.DefaultListableBeanFactory.resolveNamedBean(DefaultListableBeanFactory.java:1273)
	at org.springframework.beans.factory.support.DefaultListableBeanFactory.resolveNamedBean(DefaultListableBeanFactory.java:1234)
	at org.springframework.beans.factory.support.DefaultListableBeanFactory.resolveBean(DefaultListableBeanFactory.java:494)
	at org.springframework.beans.factory.support.DefaultListableBeanFactory.getBean(DefaultListableBeanFactory.java:349)
	at org.springframework.beans.factory.support.DefaultListableBeanFactory.getBean(DefaultListableBeanFactory.java:342)
	at org.springframework.boot.autoconfigure.jdbc.DataSourceInitializerPostProcessor.postProcessAfterInitialization(DataSourceInitializerPostProcessor.java:51)
	at org.springframework.beans.factory.support.AbstractAutowireCapableBeanFactory.applyBeanPostProcessorsAfterInitialization(AbstractAutowireCapableBeanFactory.java:437)
	at org.springframework.beans.factory.support.AbstractAutowireCapableBeanFactory.postProcessObjectFromFactoryBean(AbstractAutowireCapableBeanFactory.java:1929)
	at org.springframework.beans.factory.support.FactoryBeanRegistrySupport.getObjectFromFactoryBean(FactoryBeanRegistrySupport.java:116)
	... 126 common frames omitted
Caused by: org.springframework.jdbc.datasource.init.ScriptStatementFailedException: Failed to execute SQL script statement #1 of URL [jar:file:/home/artem/IdeaProjects/aderenchuk-travel.agency/test-db/target/test-db-1.0-SNAPSHOT.jar!/data.sql]: INSERT INTO TOUR (TOUR_ID, DIRECTION, DATE_TOUR) VALUES (101, 'BREST-MOSCOW', '2021-08-01'), (102, 'MINSK-ROME', '2021-08-01'), (103, 'MOSCOW-BARCELONA', '2021-06-15'), (104, 'MINSK-RIGA', '2021-07-02'), (105, 'MINSK-DUBAI', '2021-05-25'); nested exception is org.h2.jdbc.JdbcSQLIntegrityConstraintViolationException: Нарушение уникального индекса или первичного ключа: "PRIMARY KEY ON PUBLIC.TOUR(TOUR_ID) [101, 'BREST-MOSCOW', DATE '2021-08-01']"
Unique index or primary key violation: "PRIMARY KEY ON PUBLIC.TOUR(TOUR_ID) [101, 'BREST-MOSCOW', DATE '2021-08-01']"; SQL statement:
INSERT INTO TOUR (TOUR_ID, DIRECTION, DATE_TOUR) VALUES (101, 'BREST-MOSCOW', '2021-08-01'), (102, 'MINSK-ROME', '2021-08-01'), (103, 'MOSCOW-BARCELONA', '2021-06-15'), (104, 'MINSK-RIGA', '2021-07-02'), (105, 'MINSK-DUBAI', '2021-05-25') [23505-200]
	at org.springframework.jdbc.datasource.init.ScriptUtils.executeSqlScript(ScriptUtils.java:622)
	at org.springframework.jdbc.datasource.init.ResourceDatabasePopulator.populate(ResourceDatabasePopulator.java:254)
	at org.springframework.jdbc.datasource.init.DatabasePopulatorUtils.execute(DatabasePopulatorUtils.java:49)
	at org.springframework.boot.autoconfigure.jdbc.DataSourceInitializer.runScripts(DataSourceInitializer.java:202)
	at org.springframework.boot.autoconfigure.jdbc.DataSourceInitializer.initSchema(DataSourceInitializer.java:119)
	at org.springframework.boot.autoconfigure.jdbc.DataSourceInitializerInvoker.onApplicationEvent(DataSourceInitializerInvoker.java:91)
	at org.springframework.boot.autoconfigure.jdbc.DataSourceInitializerInvoker.onApplicationEvent(DataSourceInitializerInvoker.java:38)
	at org.springframework.context.event.SimpleApplicationEventMulticaster.doInvokeListener(SimpleApplicationEventMulticaster.java:176)
	at org.springframework.context.event.SimpleApplicationEventMulticaster.invokeListener(SimpleApplicationEventMulticaster.java:169)
	at org.springframework.context.event.SimpleApplicationEventMulticaster.multicastEvent(SimpleApplicationEventMulticaster.java:143)
	at org.springframework.context.support.AbstractApplicationContext.publishEvent(AbstractApplicationContext.java:421)
	at org.springframework.context.support.AbstractApplicationContext.publishEvent(AbstractApplicationContext.java:378)
	at org.springframework.boot.autoconfigure.jdbc.DataSourceInitializerInvoker.initialize(DataSourceInitializerInvoker.java:72)
	at org.springframework.boot.autoconfigure.jdbc.DataSourceInitializerInvoker.afterPropertiesSet(DataSourceInitializerInvoker.java:65)
	at org.springframework.beans.factory.support.AbstractAutowireCapableBeanFactory.invokeInitMethods(AbstractAutowireCapableBeanFactory.java:1845)
	at org.springframework.beans.factory.support.AbstractAutowireCapableBeanFactory.initializeBean(AbstractAutowireCapableBeanFactory.java:1782)
	... 141 common frames omitted
Caused by: org.h2.jdbc.JdbcSQLIntegrityConstraintViolationException: Нарушение уникального индекса или первичного ключа: "PRIMARY KEY ON PUBLIC.TOUR(TOUR_ID) [101, 'BREST-MOSCOW', DATE '2021-08-01']"
Unique index or primary key violation: "PRIMARY KEY ON PUBLIC.TOUR(TOUR_ID) [101, 'BREST-MOSCOW', DATE '2021-08-01']"; SQL statement:
INSERT INTO TOUR (TOUR_ID, DIRECTION, DATE_TOUR) VALUES (101, 'BREST-MOSCOW', '2021-08-01'), (102, 'MINSK-ROME', '2021-08-01'), (103, 'MOSCOW-BARCELONA', '2021-06-15'), (104, 'MINSK-RIGA', '2021-07-02'), (105, 'MINSK-DUBAI', '2021-05-25') [23505-200]
	at org.h2.message.DbException.getJdbcSQLException(DbException.java:459)
	at org.h2.message.DbException.getJdbcSQLException(DbException.java:429)
	at org.h2.message.DbException.get(DbException.java:205)
	at org.h2.message.DbException.get(DbException.java:181)
	at org.h2.mvstore.db.MVPrimaryIndex.add(MVPrimaryIndex.java:127)
	at org.h2.mvstore.db.MVTable.addRow(MVTable.java:531)
	at org.h2.command.dml.Insert.insertRows(Insert.java:195)
	at org.h2.command.dml.Insert.update(Insert.java:151)
	at org.h2.command.CommandContainer.update(CommandContainer.java:198)
	at org.h2.command.Command.executeUpdate(Command.java:251)
	at org.h2.jdbc.JdbcStatement.executeInternal(JdbcStatement.java:228)
	at org.h2.jdbc.JdbcStatement.execute(JdbcStatement.java:201)
	at org.springframework.jdbc.datasource.init.ScriptUtils.executeSqlScript(ScriptUtils.java:601)
	... 156 common frames omitted

  .   ____          _            __ _ _
 /\\ / ___'_ __ _ _(_)_ __  __ _ \ \ \ \
( ( )\___ | '_ | '_| | '_ \/ _` | \ \ \ \
 \\/  ___)| |_)| | | | | || (_| |  ) ) ) )
  '  |____| .__|_| |_|_| |_\__, | / / / /
 =========|_|==============|___/=/_/_/_/
 :: Spring Boot ::                (v2.4.4)

22:11:44 [main] INFO  com.aderenchuk.brest.service.web_app.TourControllerIT - Starting TourControllerIT using Java 11.0.10 on artem-HP-Laptop-15-bs0xx with PID 35492 (started by artem in /home/artem/IdeaProjects/aderenchuk-travel.agency/web-app)
22:11:44 [main] INFO  com.aderenchuk.brest.service.web_app.TourControllerIT - Starting TourControllerIT using Java 11.0.10 on artem-HP-Laptop-15-bs0xx with PID 35492 (started by artem in /home/artem/IdeaProjects/aderenchuk-travel.agency/web-app)
22:11:44 [main] DEBUG com.aderenchuk.brest.service.web_app.TourControllerIT - Running with Spring Boot v2.4.4, Spring v5.3.5
22:11:44 [main] DEBUG com.aderenchuk.brest.service.web_app.TourControllerIT - Running with Spring Boot v2.4.4, Spring v5.3.5
22:11:44 [main] INFO  com.aderenchuk.brest.service.web_app.TourControllerIT - No active profile set, falling back to default profiles: default
22:11:44 [main] INFO  com.aderenchuk.brest.service.web_app.TourControllerIT - No active profile set, falling back to default profiles: default
22:11:44 [main] INFO  org.springframework.boot.test.autoconfigure.jdbc.TestDatabaseAutoConfiguration$EmbeddedDataSourceBeanFactoryPostProcessor - Replacing 'dataSource' DataSource bean with embedded version
22:11:44 [main] INFO  org.springframework.jdbc.datasource.embedded.EmbeddedDatabaseFactory - Starting embedded database: url='jdbc:h2:mem:3ade1749-6659-4ef4-a795-b14f3a761009;DB_CLOSE_DELAY=-1;DB_CLOSE_ON_EXIT=false', username='sa'
22:11:44 [main] WARN  org.springframework.context.annotation.AnnotationConfigApplicationContext - Exception encountered during context initialization - cancelling refresh attempt: org.springframework.beans.factory.UnsatisfiedDependencyException: Error creating bean with name 'tourController' defined in file [/home/artem/IdeaProjects/aderenchuk-travel.agency/web-app/target/classes/com/aderenchuk/brest/service/web_app/TourController.class]: Unsatisfied dependency expressed through constructor parameter 0; nested exception is org.springframework.beans.factory.UnsatisfiedDependencyException: Error creating bean with name 'tourDtoServiceImpl' defined in URL [jar:file:/home/artem/IdeaProjects/aderenchuk-travel.agency/service/target/service-1.0-SNAPSHOT.jar!/com/aderenchuk/brest/service/impl/TourDtoServiceImpl.class]: Unsatisfied dependency expressed through constructor parameter 0; nested exception is org.springframework.beans.factory.UnsatisfiedDependencyException: Error creating bean with name 'tourDtoDaoJdbc' defined in URL [jar:file:/home/artem/IdeaProjects/aderenchuk-travel.agency/dao/target/dao-1.0-SNAPSHOT.jar!/com/aderenchuk/brest/dao/jdbc/TourDtoDaoJdbc.class]: Unsatisfied dependency expressed through constructor parameter 0; nested exception is org.springframework.beans.factory.BeanCreationException: Error creating bean with name 'dataSource': Post-processing of FactoryBean's singleton object failed; nested exception is org.springframework.beans.factory.BeanCreationException: Error creating bean with name 'org.springframework.boot.autoconfigure.jdbc.DataSourceInitializerInvoker': Invocation of init method failed; nested exception is org.springframework.jdbc.datasource.init.ScriptStatementFailedException: Failed to execute SQL script statement #1 of URL [jar:file:/home/artem/IdeaProjects/aderenchuk-travel.agency/test-db/target/test-db-1.0-SNAPSHOT.jar!/data.sql]: INSERT INTO TOUR (TOUR_ID, DIRECTION, DATE_TOUR) VALUES (101, 'BREST-MOSCOW', '2021-08-01'), (102, 'MINSK-ROME', '2021-08-01'), (103, 'MOSCOW-BARCELONA', '2021-06-15'), (104, 'MINSK-RIGA', '2021-07-02'), (105, 'MINSK-DUBAI', '2021-05-25'); nested exception is org.h2.jdbc.JdbcSQLIntegrityConstraintViolationException: Нарушение уникального индекса или первичного ключа: "PRIMARY KEY ON PUBLIC.TOUR(TOUR_ID) [101, 'BREST-MOSCOW', DATE '2021-08-01']"
Unique index or primary key violation: "PRIMARY KEY ON PUBLIC.TOUR(TOUR_ID) [101, 'BREST-MOSCOW', DATE '2021-08-01']"; SQL statement:
INSERT INTO TOUR (TOUR_ID, DIRECTION, DATE_TOUR) VALUES (101, 'BREST-MOSCOW', '2021-08-01'), (102, 'MINSK-ROME', '2021-08-01'), (103, 'MOSCOW-BARCELONA', '2021-06-15'), (104, 'MINSK-RIGA', '2021-07-02'), (105, 'MINSK-DUBAI', '2021-05-25') [23505-200]
22:11:44 [main] INFO  org.springframework.boot.autoconfigure.logging.ConditionEvaluationReportLoggingListener - 

Error starting ApplicationContext. To display the conditions report re-run your application with 'debug' enabled.
22:11:44 [main] ERROR org.springframework.boot.SpringApplication - Application run failed
org.springframework.beans.factory.UnsatisfiedDependencyException: Error creating bean with name 'tourController' defined in file [/home/artem/IdeaProjects/aderenchuk-travel.agency/web-app/target/classes/com/aderenchuk/brest/service/web_app/TourController.class]: Unsatisfied dependency expressed through constructor parameter 0; nested exception is org.springframework.beans.factory.UnsatisfiedDependencyException: Error creating bean with name 'tourDtoServiceImpl' defined in URL [jar:file:/home/artem/IdeaProjects/aderenchuk-travel.agency/service/target/service-1.0-SNAPSHOT.jar!/com/aderenchuk/brest/service/impl/TourDtoServiceImpl.class]: Unsatisfied dependency expressed through constructor parameter 0; nested exception is org.springframework.beans.factory.UnsatisfiedDependencyException: Error creating bean with name 'tourDtoDaoJdbc' defined in URL [jar:file:/home/artem/IdeaProjects/aderenchuk-travel.agency/dao/target/dao-1.0-SNAPSHOT.jar!/com/aderenchuk/brest/dao/jdbc/TourDtoDaoJdbc.class]: Unsatisfied dependency expressed through constructor parameter 0; nested exception is org.springframework.beans.factory.BeanCreationException: Error creating bean with name 'dataSource': Post-processing of FactoryBean's singleton object failed; nested exception is org.springframework.beans.factory.BeanCreationException: Error creating bean with name 'org.springframework.boot.autoconfigure.jdbc.DataSourceInitializerInvoker': Invocation of init method failed; nested exception is org.springframework.jdbc.datasource.init.ScriptStatementFailedException: Failed to execute SQL script statement #1 of URL [jar:file:/home/artem/IdeaProjects/aderenchuk-travel.agency/test-db/target/test-db-1.0-SNAPSHOT.jar!/data.sql]: INSERT INTO TOUR (TOUR_ID, DIRECTION, DATE_TOUR) VALUES (101, 'BREST-MOSCOW', '2021-08-01'), (102, 'MINSK-ROME', '2021-08-01'), (103, 'MOSCOW-BARCELONA', '2021-06-15'), (104, 'MINSK-RIGA', '2021-07-02'), (105, 'MINSK-DUBAI', '2021-05-25'); nested exception is org.h2.jdbc.JdbcSQLIntegrityConstraintViolationException: Нарушение уникального индекса или первичного ключа: "PRIMARY KEY ON PUBLIC.TOUR(TOUR_ID) [101, 'BREST-MOSCOW', DATE '2021-08-01']"
Unique index or primary key violation: "PRIMARY KEY ON PUBLIC.TOUR(TOUR_ID) [101, 'BREST-MOSCOW', DATE '2021-08-01']"; SQL statement:
INSERT INTO TOUR (TOUR_ID, DIRECTION, DATE_TOUR) VALUES (101, 'BREST-MOSCOW', '2021-08-01'), (102, 'MINSK-ROME', '2021-08-01'), (103, 'MOSCOW-BARCELONA', '2021-06-15'), (104, 'MINSK-RIGA', '2021-07-02'), (105, 'MINSK-DUBAI', '2021-05-25') [23505-200]
	at org.springframework.beans.factory.support.ConstructorResolver.createArgumentArray(ConstructorResolver.java:800)
	at org.springframework.beans.factory.support.ConstructorResolver.autowireConstructor(ConstructorResolver.java:229)
	at org.springframework.beans.factory.support.AbstractAutowireCapableBeanFactory.autowireConstructor(AbstractAutowireCapableBeanFactory.java:1354)
	at org.springframework.beans.factory.support.AbstractAutowireCapableBeanFactory.createBeanInstance(AbstractAutowireCapableBeanFactory.java:1204)
	at org.springframework.beans.factory.support.AbstractAutowireCapableBeanFactory.doCreateBean(AbstractAutowireCapableBeanFactory.java:564)
	at org.springframework.beans.factory.support.AbstractAutowireCapableBeanFactory.createBean(AbstractAutowireCapableBeanFactory.java:524)
	at org.springframework.beans.factory.support.AbstractBeanFactory.lambda$doGetBean$0(AbstractBeanFactory.java:335)
	at org.springframework.beans.factory.support.DefaultSingletonBeanRegistry.getSingleton(DefaultSingletonBeanRegistry.java:234)
	at org.springframework.beans.factory.support.AbstractBeanFactory.doGetBean(AbstractBeanFactory.java:333)
	at org.springframework.beans.factory.support.AbstractBeanFactory.getBean(AbstractBeanFactory.java:208)
	at org.springframework.beans.factory.support.DefaultListableBeanFactory.preInstantiateSingletons(DefaultListableBeanFactory.java:944)
	at org.springframework.context.support.AbstractApplicationContext.finishBeanFactoryInitialization(AbstractApplicationContext.java:918)
	at org.springframework.context.support.AbstractApplicationContext.refresh(AbstractApplicationContext.java:583)
	at org.springframework.boot.SpringApplication.refresh(SpringApplication.java:769)
	at org.springframework.boot.SpringApplication.refresh(SpringApplication.java:761)
	at org.springframework.boot.SpringApplication.refreshContext(SpringApplication.java:426)
	at org.springframework.boot.SpringApplication.run(SpringApplication.java:326)
	at org.springframework.boot.test.context.SpringBootContextLoader.loadContext(SpringBootContextLoader.java:123)
	at org.springframework.test.context.cache.DefaultCacheAwareContextLoaderDelegate.loadContextInternal(DefaultCacheAwareContextLoaderDelegate.java:99)
	at org.springframework.test.context.cache.DefaultCacheAwareContextLoaderDelegate.loadContext(DefaultCacheAwareContextLoaderDelegate.java:124)
	at org.springframework.test.context.support.DefaultTestContext.getApplicationContext(DefaultTestContext.java:124)
	at org.springframework.boot.test.autoconfigure.SpringBootDependencyInjectionTestExecutionListener.outputConditionEvaluationReport(SpringBootDependencyInjectionTestExecutionListener.java:53)
	at org.springframework.boot.test.autoconfigure.SpringBootDependencyInjectionTestExecutionListener.prepareTestInstance(SpringBootDependencyInjectionTestExecutionListener.java:46)
	at org.springframework.test.context.TestContextManager.prepareTestInstance(TestContextManager.java:244)
	at org.springframework.test.context.junit.jupiter.SpringExtension.postProcessTestInstance(SpringExtension.java:138)
	at org.junit.jupiter.engine.descriptor.ClassBasedTestDescriptor.lambda$invokeTestInstancePostProcessors$6(ClassBasedTestDescriptor.java:350)
	at org.junit.jupiter.engine.descriptor.ClassBasedTestDescriptor.executeAndMaskThrowable(ClassBasedTestDescriptor.java:355)
	at org.junit.jupiter.engine.descriptor.ClassBasedTestDescriptor.lambda$invokeTestInstancePostProcessors$7(ClassBasedTestDescriptor.java:350)
	at java.base/java.util.stream.ReferencePipeline$3$1.accept(ReferencePipeline.java:195)
	at java.base/java.util.stream.ReferencePipeline$2$1.accept(ReferencePipeline.java:177)
	at java.base/java.util.ArrayList$ArrayListSpliterator.forEachRemaining(ArrayList.java:1655)
	at java.base/java.util.stream.AbstractPipeline.copyInto(AbstractPipeline.java:484)
	at java.base/java.util.stream.AbstractPipeline.wrapAndCopyInto(AbstractPipeline.java:474)
	at java.base/java.util.stream.StreamSpliterators$WrappingSpliterator.forEachRemaining(StreamSpliterators.java:312)
	at java.base/java.util.stream.Streams$ConcatSpliterator.forEachRemaining(Streams.java:735)
	at java.base/java.util.stream.Streams$ConcatSpliterator.forEachRemaining(Streams.java:734)
	at java.base/java.util.stream.ReferencePipeline$Head.forEach(ReferencePipeline.java:658)
	at org.junit.jupiter.engine.descriptor.ClassBasedTestDescriptor.invokeTestInstancePostProcessors(ClassBasedTestDescriptor.java:349)
	at org.junit.jupiter.engine.descriptor.ClassBasedTestDescriptor.lambda$instantiateAndPostProcessTestInstance$4(ClassBasedTestDescriptor.java:270)
	at org.junit.platform.engine.support.hierarchical.ThrowableCollector.execute(ThrowableCollector.java:73)
	at org.junit.jupiter.engine.descriptor.ClassBasedTestDescriptor.instantiateAndPostProcessTestInstance(ClassBasedTestDescriptor.java:269)
	at org.junit.jupiter.engine.descriptor.ClassBasedTestDescriptor.lambda$testInstancesProvider$2(ClassBasedTestDescriptor.java:259)
	at java.base/java.util.Optional.orElseGet(Optional.java:369)
	at org.junit.jupiter.engine.descriptor.ClassBasedTestDescriptor.lambda$testInstancesProvider$3(ClassBasedTestDescriptor.java:258)
	at org.junit.jupiter.engine.execution.TestInstancesProvider.getTestInstances(TestInstancesProvider.java:31)
	at org.junit.jupiter.engine.descriptor.TestMethodTestDescriptor.lambda$prepare$0(TestMethodTestDescriptor.java:101)
	at org.junit.platform.engine.support.hierarchical.ThrowableCollector.execute(ThrowableCollector.java:73)
	at org.junit.jupiter.engine.descriptor.TestMethodTestDescriptor.prepare(TestMethodTestDescriptor.java:100)
	at org.junit.jupiter.engine.descriptor.TestMethodTestDescriptor.prepare(TestMethodTestDescriptor.java:65)
	at org.junit.platform.engine.support.hierarchical.NodeTestTask.lambda$prepare$1(NodeTestTask.java:111)
	at org.junit.platform.engine.support.hierarchical.ThrowableCollector.execute(ThrowableCollector.java:73)
	at org.junit.platform.engine.support.hierarchical.NodeTestTask.prepare(NodeTestTask.java:111)
	at org.junit.platform.engine.support.hierarchical.NodeTestTask.execute(NodeTestTask.java:79)
	at java.base/java.util.ArrayList.forEach(ArrayList.java:1541)
	at org.junit.platform.engine.support.hierarchical.SameThreadHierarchicalTestExecutorService.invokeAll(SameThreadHierarchicalTestExecutorService.java:38)
	at org.junit.platform.engine.support.hierarchical.NodeTestTask.lambda$executeRecursively$5(NodeTestTask.java:143)
	at org.junit.platform.engine.support.hierarchical.ThrowableCollector.execute(ThrowableCollector.java:73)
	at org.junit.platform.engine.support.hierarchical.NodeTestTask.lambda$executeRecursively$7(NodeTestTask.java:129)
	at org.junit.platform.engine.support.hierarchical.Node.around(Node.java:137)
	at org.junit.platform.engine.support.hierarchical.NodeTestTask.lambda$executeRecursively$8(NodeTestTask.java:127)
	at org.junit.platform.engine.support.hierarchical.ThrowableCollector.execute(ThrowableCollector.java:73)
	at org.junit.platform.engine.support.hierarchical.NodeTestTask.executeRecursively(NodeTestTask.java:126)
	at org.junit.platform.engine.support.hierarchical.NodeTestTask.execute(NodeTestTask.java:84)
	at java.base/java.util.ArrayList.forEach(ArrayList.java:1541)
	at org.junit.platform.engine.support.hierarchical.SameThreadHierarchicalTestExecutorService.invokeAll(SameThreadHierarchicalTestExecutorService.java:38)
	at org.junit.platform.engine.support.hierarchical.NodeTestTask.lambda$executeRecursively$5(NodeTestTask.java:143)
	at org.junit.platform.engine.support.hierarchical.ThrowableCollector.execute(ThrowableCollector.java:73)
	at org.junit.platform.engine.support.hierarchical.NodeTestTask.lambda$executeRecursively$7(NodeTestTask.java:129)
	at org.junit.platform.engine.support.hierarchical.Node.around(Node.java:137)
	at org.junit.platform.engine.support.hierarchical.NodeTestTask.lambda$executeRecursively$8(NodeTestTask.java:127)
	at org.junit.platform.engine.support.hierarchical.ThrowableCollector.execute(ThrowableCollector.java:73)
	at org.junit.platform.engine.support.hierarchical.NodeTestTask.executeRecursively(NodeTestTask.java:126)
	at org.junit.platform.engine.support.hierarchical.NodeTestTask.execute(NodeTestTask.java:84)
	at org.junit.platform.engine.support.hierarchical.SameThreadHierarchicalTestExecutorService.submit(SameThreadHierarchicalTestExecutorService.java:32)
	at org.junit.platform.engine.support.hierarchical.HierarchicalTestExecutor.execute(HierarchicalTestExecutor.java:57)
	at org.junit.platform.engine.support.hierarchical.HierarchicalTestEngine.execute(HierarchicalTestEngine.java:51)
	at org.junit.platform.launcher.core.EngineExecutionOrchestrator.execute(EngineExecutionOrchestrator.java:108)
	at org.junit.platform.launcher.core.EngineExecutionOrchestrator.execute(EngineExecutionOrchestrator.java:88)
	at org.junit.platform.launcher.core.EngineExecutionOrchestrator.lambda$execute$0(EngineExecutionOrchestrator.java:54)
	at org.junit.platform.launcher.core.EngineExecutionOrchestrator.withInterceptedStreams(EngineExecutionOrchestrator.java:67)
	at org.junit.platform.launcher.core.EngineExecutionOrchestrator.execute(EngineExecutionOrchestrator.java:52)
	at org.junit.platform.launcher.core.DefaultLauncher.execute(DefaultLauncher.java:96)
	at org.junit.platform.launcher.core.DefaultLauncher.execute(DefaultLauncher.java:75)
	at org.apache.maven.surefire.junitplatform.JUnitPlatformProvider.invokeAllTests(JUnitPlatformProvider.java:154)
	at org.apache.maven.surefire.junitplatform.JUnitPlatformProvider.invoke(JUnitPlatformProvider.java:127)
	at org.apache.maven.surefire.booter.ForkedBooter.runSuitesInProcess(ForkedBooter.java:377)
	at org.apache.maven.surefire.booter.ForkedBooter.execute(ForkedBooter.java:138)
	at org.apache.maven.surefire.booter.ForkedBooter.run(ForkedBooter.java:465)
	at org.apache.maven.surefire.booter.ForkedBooter.main(ForkedBooter.java:451)
Caused by: org.springframework.beans.factory.UnsatisfiedDependencyException: Error creating bean with name 'tourDtoServiceImpl' defined in URL [jar:file:/home/artem/IdeaProjects/aderenchuk-travel.agency/service/target/service-1.0-SNAPSHOT.jar!/com/aderenchuk/brest/service/impl/TourDtoServiceImpl.class]: Unsatisfied dependency expressed through constructor parameter 0; nested exception is org.springframework.beans.factory.UnsatisfiedDependencyException: Error creating bean with name 'tourDtoDaoJdbc' defined in URL [jar:file:/home/artem/IdeaProjects/aderenchuk-travel.agency/dao/target/dao-1.0-SNAPSHOT.jar!/com/aderenchuk/brest/dao/jdbc/TourDtoDaoJdbc.class]: Unsatisfied dependency expressed through constructor parameter 0; nested exception is org.springframework.beans.factory.BeanCreationException: Error creating bean with name 'dataSource': Post-processing of FactoryBean's singleton object failed; nested exception is org.springframework.beans.factory.BeanCreationException: Error creating bean with name 'org.springframework.boot.autoconfigure.jdbc.DataSourceInitializerInvoker': Invocation of init method failed; nested exception is org.springframework.jdbc.datasource.init.ScriptStatementFailedException: Failed to execute SQL script statement #1 of URL [jar:file:/home/artem/IdeaProjects/aderenchuk-travel.agency/test-db/target/test-db-1.0-SNAPSHOT.jar!/data.sql]: INSERT INTO TOUR (TOUR_ID, DIRECTION, DATE_TOUR) VALUES (101, 'BREST-MOSCOW', '2021-08-01'), (102, 'MINSK-ROME', '2021-08-01'), (103, 'MOSCOW-BARCELONA', '2021-06-15'), (104, 'MINSK-RIGA', '2021-07-02'), (105, 'MINSK-DUBAI', '2021-05-25'); nested exception is org.h2.jdbc.JdbcSQLIntegrityConstraintViolationException: Нарушение уникального индекса или первичного ключа: "PRIMARY KEY ON PUBLIC.TOUR(TOUR_ID) [101, 'BREST-MOSCOW', DATE '2021-08-01']"
Unique index or primary key violation: "PRIMARY KEY ON PUBLIC.TOUR(TOUR_ID) [101, 'BREST-MOSCOW', DATE '2021-08-01']"; SQL statement:
INSERT INTO TOUR (TOUR_ID, DIRECTION, DATE_TOUR) VALUES (101, 'BREST-MOSCOW', '2021-08-01'), (102, 'MINSK-ROME', '2021-08-01'), (103, 'MOSCOW-BARCELONA', '2021-06-15'), (104, 'MINSK-RIGA', '2021-07-02'), (105, 'MINSK-DUBAI', '2021-05-25') [23505-200]
	at org.springframework.beans.factory.support.ConstructorResolver.createArgumentArray(ConstructorResolver.java:800)
	at org.springframework.beans.factory.support.ConstructorResolver.autowireConstructor(ConstructorResolver.java:229)
	at org.springframework.beans.factory.support.AbstractAutowireCapableBeanFactory.autowireConstructor(AbstractAutowireCapableBeanFactory.java:1354)
	at org.springframework.beans.factory.support.AbstractAutowireCapableBeanFactory.createBeanInstance(AbstractAutowireCapableBeanFactory.java:1204)
	at org.springframework.beans.factory.support.AbstractAutowireCapableBeanFactory.doCreateBean(AbstractAutowireCapableBeanFactory.java:564)
	at org.springframework.beans.factory.support.AbstractAutowireCapableBeanFactory.createBean(AbstractAutowireCapableBeanFactory.java:524)
	at org.springframework.beans.factory.support.AbstractBeanFactory.lambda$doGetBean$0(AbstractBeanFactory.java:335)
	at org.springframework.beans.factory.support.DefaultSingletonBeanRegistry.getSingleton(DefaultSingletonBeanRegistry.java:234)
	at org.springframework.beans.factory.support.AbstractBeanFactory.doGetBean(AbstractBeanFactory.java:333)
	at org.springframework.beans.factory.support.AbstractBeanFactory.getBean(AbstractBeanFactory.java:208)
	at org.springframework.beans.factory.config.DependencyDescriptor.resolveCandidate(DependencyDescriptor.java:276)
	at org.springframework.beans.factory.support.DefaultListableBeanFactory.doResolveDependency(DefaultListableBeanFactory.java:1380)
	at org.springframework.beans.factory.support.DefaultListableBeanFactory.resolveDependency(DefaultListableBeanFactory.java:1300)
	at org.springframework.beans.factory.support.ConstructorResolver.resolveAutowiredArgument(ConstructorResolver.java:887)
	at org.springframework.beans.factory.support.ConstructorResolver.createArgumentArray(ConstructorResolver.java:791)
	... 88 common frames omitted
Caused by: org.springframework.beans.factory.UnsatisfiedDependencyException: Error creating bean with name 'tourDtoDaoJdbc' defined in URL [jar:file:/home/artem/IdeaProjects/aderenchuk-travel.agency/dao/target/dao-1.0-SNAPSHOT.jar!/com/aderenchuk/brest/dao/jdbc/TourDtoDaoJdbc.class]: Unsatisfied dependency expressed through constructor parameter 0; nested exception is org.springframework.beans.factory.BeanCreationException: Error creating bean with name 'dataSource': Post-processing of FactoryBean's singleton object failed; nested exception is org.springframework.beans.factory.BeanCreationException: Error creating bean with name 'org.springframework.boot.autoconfigure.jdbc.DataSourceInitializerInvoker': Invocation of init method failed; nested exception is org.springframework.jdbc.datasource.init.ScriptStatementFailedException: Failed to execute SQL script statement #1 of URL [jar:file:/home/artem/IdeaProjects/aderenchuk-travel.agency/test-db/target/test-db-1.0-SNAPSHOT.jar!/data.sql]: INSERT INTO TOUR (TOUR_ID, DIRECTION, DATE_TOUR) VALUES (101, 'BREST-MOSCOW', '2021-08-01'), (102, 'MINSK-ROME', '2021-08-01'), (103, 'MOSCOW-BARCELONA', '2021-06-15'), (104, 'MINSK-RIGA', '2021-07-02'), (105, 'MINSK-DUBAI', '2021-05-25'); nested exception is org.h2.jdbc.JdbcSQLIntegrityConstraintViolationException: Нарушение уникального индекса или первичного ключа: "PRIMARY KEY ON PUBLIC.TOUR(TOUR_ID) [101, 'BREST-MOSCOW', DATE '2021-08-01']"
Unique index or primary key violation: "PRIMARY KEY ON PUBLIC.TOUR(TOUR_ID) [101, 'BREST-MOSCOW', DATE '2021-08-01']"; SQL statement:
INSERT INTO TOUR (TOUR_ID, DIRECTION, DATE_TOUR) VALUES (101, 'BREST-MOSCOW', '2021-08-01'), (102, 'MINSK-ROME', '2021-08-01'), (103, 'MOSCOW-BARCELONA', '2021-06-15'), (104, 'MINSK-RIGA', '2021-07-02'), (105, 'MINSK-DUBAI', '2021-05-25') [23505-200]
	at org.springframework.beans.factory.support.ConstructorResolver.createArgumentArray(ConstructorResolver.java:800)
	at org.springframework.beans.factory.support.ConstructorResolver.autowireConstructor(ConstructorResolver.java:229)
	at org.springframework.beans.factory.support.AbstractAutowireCapableBeanFactory.autowireConstructor(AbstractAutowireCapableBeanFactory.java:1354)
	at org.springframework.beans.factory.support.AbstractAutowireCapableBeanFactory.createBeanInstance(AbstractAutowireCapableBeanFactory.java:1204)
	at org.springframework.beans.factory.support.AbstractAutowireCapableBeanFactory.doCreateBean(AbstractAutowireCapableBeanFactory.java:564)
	at org.springframework.beans.factory.support.AbstractAutowireCapableBeanFactory.createBean(AbstractAutowireCapableBeanFactory.java:524)
	at org.springframework.beans.factory.support.AbstractBeanFactory.lambda$doGetBean$0(AbstractBeanFactory.java:335)
	at org.springframework.beans.factory.support.DefaultSingletonBeanRegistry.getSingleton(DefaultSingletonBeanRegistry.java:234)
	at org.springframework.beans.factory.support.AbstractBeanFactory.doGetBean(AbstractBeanFactory.java:333)
	at org.springframework.beans.factory.support.AbstractBeanFactory.getBean(AbstractBeanFactory.java:208)
	at org.springframework.beans.factory.config.DependencyDescriptor.resolveCandidate(DependencyDescriptor.java:276)
	at org.springframework.beans.factory.support.DefaultListableBeanFactory.doResolveDependency(DefaultListableBeanFactory.java:1380)
	at org.springframework.beans.factory.support.DefaultListableBeanFactory.resolveDependency(DefaultListableBeanFactory.java:1300)
	at org.springframework.beans.factory.support.ConstructorResolver.resolveAutowiredArgument(ConstructorResolver.java:887)
	at org.springframework.beans.factory.support.ConstructorResolver.createArgumentArray(ConstructorResolver.java:791)
	... 102 common frames omitted
Caused by: org.springframework.beans.factory.BeanCreationException: Error creating bean with name 'dataSource': Post-processing of FactoryBean's singleton object failed; nested exception is org.springframework.beans.factory.BeanCreationException: Error creating bean with name 'org.springframework.boot.autoconfigure.jdbc.DataSourceInitializerInvoker': Invocation of init method failed; nested exception is org.springframework.jdbc.datasource.init.ScriptStatementFailedException: Failed to execute SQL script statement #1 of URL [jar:file:/home/artem/IdeaProjects/aderenchuk-travel.agency/test-db/target/test-db-1.0-SNAPSHOT.jar!/data.sql]: INSERT INTO TOUR (TOUR_ID, DIRECTION, DATE_TOUR) VALUES (101, 'BREST-MOSCOW', '2021-08-01'), (102, 'MINSK-ROME', '2021-08-01'), (103, 'MOSCOW-BARCELONA', '2021-06-15'), (104, 'MINSK-RIGA', '2021-07-02'), (105, 'MINSK-DUBAI', '2021-05-25'); nested exception is org.h2.jdbc.JdbcSQLIntegrityConstraintViolationException: Нарушение уникального индекса или первичного ключа: "PRIMARY KEY ON PUBLIC.TOUR(TOUR_ID) [101, 'BREST-MOSCOW', DATE '2021-08-01']"
Unique index or primary key violation: "PRIMARY KEY ON PUBLIC.TOUR(TOUR_ID) [101, 'BREST-MOSCOW', DATE '2021-08-01']"; SQL statement:
INSERT INTO TOUR (TOUR_ID, DIRECTION, DATE_TOUR) VALUES (101, 'BREST-MOSCOW', '2021-08-01'), (102, 'MINSK-ROME', '2021-08-01'), (103, 'MOSCOW-BARCELONA', '2021-06-15'), (104, 'MINSK-RIGA', '2021-07-02'), (105, 'MINSK-DUBAI', '2021-05-25') [23505-200]
	at org.springframework.beans.factory.support.FactoryBeanRegistrySupport.getObjectFromFactoryBean(FactoryBeanRegistrySupport.java:119)
	at org.springframework.beans.factory.support.AbstractBeanFactory.getObjectForBeanInstance(AbstractBeanFactory.java:1884)
	at org.springframework.beans.factory.support.AbstractAutowireCapableBeanFactory.getObjectForBeanInstance(AbstractAutowireCapableBeanFactory.java:1266)
	at org.springframework.beans.factory.support.AbstractBeanFactory.doGetBean(AbstractBeanFactory.java:345)
	at org.springframework.beans.factory.support.AbstractBeanFactory.getBean(AbstractBeanFactory.java:208)
	at org.springframework.beans.factory.config.DependencyDescriptor.resolveCandidate(DependencyDescriptor.java:276)
	at org.springframework.beans.factory.support.DefaultListableBeanFactory.doResolveDependency(DefaultListableBeanFactory.java:1380)
	at org.springframework.beans.factory.support.DefaultListableBeanFactory.resolveDependency(DefaultListableBeanFactory.java:1300)
	at org.springframework.beans.factory.support.ConstructorResolver.resolveAutowiredArgument(ConstructorResolver.java:887)
	at org.springframework.beans.factory.support.ConstructorResolver.createArgumentArray(ConstructorResolver.java:791)
	... 116 common frames omitted
Caused by: org.springframework.beans.factory.BeanCreationException: Error creating bean with name 'org.springframework.boot.autoconfigure.jdbc.DataSourceInitializerInvoker': Invocation of init method failed; nested exception is org.springframework.jdbc.datasource.init.ScriptStatementFailedException: Failed to execute SQL script statement #1 of URL [jar:file:/home/artem/IdeaProjects/aderenchuk-travel.agency/test-db/target/test-db-1.0-SNAPSHOT.jar!/data.sql]: INSERT INTO TOUR (TOUR_ID, DIRECTION, DATE_TOUR) VALUES (101, 'BREST-MOSCOW', '2021-08-01'), (102, 'MINSK-ROME', '2021-08-01'), (103, 'MOSCOW-BARCELONA', '2021-06-15'), (104, 'MINSK-RIGA', '2021-07-02'), (105, 'MINSK-DUBAI', '2021-05-25'); nested exception is org.h2.jdbc.JdbcSQLIntegrityConstraintViolationException: Нарушение уникального индекса или первичного ключа: "PRIMARY KEY ON PUBLIC.TOUR(TOUR_ID) [101, 'BREST-MOSCOW', DATE '2021-08-01']"
Unique index or primary key violation: "PRIMARY KEY ON PUBLIC.TOUR(TOUR_ID) [101, 'BREST-MOSCOW', DATE '2021-08-01']"; SQL statement:
INSERT INTO TOUR (TOUR_ID, DIRECTION, DATE_TOUR) VALUES (101, 'BREST-MOSCOW', '2021-08-01'), (102, 'MINSK-ROME', '2021-08-01'), (103, 'MOSCOW-BARCELONA', '2021-06-15'), (104, 'MINSK-RIGA', '2021-07-02'), (105, 'MINSK-DUBAI', '2021-05-25') [23505-200]
	at org.springframework.beans.factory.support.AbstractAutowireCapableBeanFactory.initializeBean(AbstractAutowireCapableBeanFactory.java:1786)
	at org.springframework.beans.factory.support.AbstractAutowireCapableBeanFactory.doCreateBean(AbstractAutowireCapableBeanFactory.java:602)
	at org.springframework.beans.factory.support.AbstractAutowireCapableBeanFactory.createBean(AbstractAutowireCapableBeanFactory.java:524)
	at org.springframework.beans.factory.support.AbstractBeanFactory.lambda$doGetBean$0(AbstractBeanFactory.java:335)
	at org.springframework.beans.factory.support.DefaultSingletonBeanRegistry.getSingleton(DefaultSingletonBeanRegistry.java:234)
	at org.springframework.beans.factory.support.AbstractBeanFactory.doGetBean(AbstractBeanFactory.java:333)
	at org.springframework.beans.factory.support.AbstractBeanFactory.getBean(AbstractBeanFactory.java:233)
	at org.springframework.beans.factory.support.DefaultListableBeanFactory.resolveNamedBean(DefaultListableBeanFactory.java:1273)
	at org.springframework.beans.factory.support.DefaultListableBeanFactory.resolveNamedBean(DefaultListableBeanFactory.java:1234)
	at org.springframework.beans.factory.support.DefaultListableBeanFactory.resolveBean(DefaultListableBeanFactory.java:494)
	at org.springframework.beans.factory.support.DefaultListableBeanFactory.getBean(DefaultListableBeanFactory.java:349)
	at org.springframework.beans.factory.support.DefaultListableBeanFactory.getBean(DefaultListableBeanFactory.java:342)
	at org.springframework.boot.autoconfigure.jdbc.DataSourceInitializerPostProcessor.postProcessAfterInitialization(DataSourceInitializerPostProcessor.java:51)
	at org.springframework.beans.factory.support.AbstractAutowireCapableBeanFactory.applyBeanPostProcessorsAfterInitialization(AbstractAutowireCapableBeanFactory.java:437)
	at org.springframework.beans.factory.support.AbstractAutowireCapableBeanFactory.postProcessObjectFromFactoryBean(AbstractAutowireCapableBeanFactory.java:1929)
	at org.springframework.beans.factory.support.FactoryBeanRegistrySupport.getObjectFromFactoryBean(FactoryBeanRegistrySupport.java:116)
	... 125 common frames omitted
Caused by: org.springframework.jdbc.datasource.init.ScriptStatementFailedException: Failed to execute SQL script statement #1 of URL [jar:file:/home/artem/IdeaProjects/aderenchuk-travel.agency/test-db/target/test-db-1.0-SNAPSHOT.jar!/data.sql]: INSERT INTO TOUR (TOUR_ID, DIRECTION, DATE_TOUR) VALUES (101, 'BREST-MOSCOW', '2021-08-01'), (102, 'MINSK-ROME', '2021-08-01'), (103, 'MOSCOW-BARCELONA', '2021-06-15'), (104, 'MINSK-RIGA', '2021-07-02'), (105, 'MINSK-DUBAI', '2021-05-25'); nested exception is org.h2.jdbc.JdbcSQLIntegrityConstraintViolationException: Нарушение уникального индекса или первичного ключа: "PRIMARY KEY ON PUBLIC.TOUR(TOUR_ID) [101, 'BREST-MOSCOW', DATE '2021-08-01']"
Unique index or primary key violation: "PRIMARY KEY ON PUBLIC.TOUR(TOUR_ID) [101, 'BREST-MOSCOW', DATE '2021-08-01']"; SQL statement:
INSERT INTO TOUR (TOUR_ID, DIRECTION, DATE_TOUR) VALUES (101, 'BREST-MOSCOW', '2021-08-01'), (102, 'MINSK-ROME', '2021-08-01'), (103, 'MOSCOW-BARCELONA', '2021-06-15'), (104, 'MINSK-RIGA', '2021-07-02'), (105, 'MINSK-DUBAI', '2021-05-25') [23505-200]
	at org.springframework.jdbc.datasource.init.ScriptUtils.executeSqlScript(ScriptUtils.java:622)
	at org.springframework.jdbc.datasource.init.ResourceDatabasePopulator.populate(ResourceDatabasePopulator.java:254)
	at org.springframework.jdbc.datasource.init.DatabasePopulatorUtils.execute(DatabasePopulatorUtils.java:49)
	at org.springframework.boot.autoconfigure.jdbc.DataSourceInitializer.runScripts(DataSourceInitializer.java:202)
	at org.springframework.boot.autoconfigure.jdbc.DataSourceInitializer.initSchema(DataSourceInitializer.java:119)
	at org.springframework.boot.autoconfigure.jdbc.DataSourceInitializerInvoker.onApplicationEvent(DataSourceInitializerInvoker.java:91)
	at org.springframework.boot.autoconfigure.jdbc.DataSourceInitializerInvoker.onApplicationEvent(DataSourceInitializerInvoker.java:38)
	at org.springframework.context.event.SimpleApplicationEventMulticaster.doInvokeListener(SimpleApplicationEventMulticaster.java:176)
	at org.springframework.context.event.SimpleApplicationEventMulticaster.invokeListener(SimpleApplicationEventMulticaster.java:169)
	at org.springframework.context.event.SimpleApplicationEventMulticaster.multicastEvent(SimpleApplicationEventMulticaster.java:143)
	at org.springframework.context.support.AbstractApplicationContext.publishEvent(AbstractApplicationContext.java:421)
	at org.springframework.context.support.AbstractApplicationContext.publishEvent(AbstractApplicationContext.java:378)
	at org.springframework.boot.autoconfigure.jdbc.DataSourceInitializerInvoker.initialize(DataSourceInitializerInvoker.java:72)
	at org.springframework.boot.autoconfigure.jdbc.DataSourceInitializerInvoker.afterPropertiesSet(DataSourceInitializerInvoker.java:65)
	at org.springframework.beans.factory.support.AbstractAutowireCapableBeanFactory.invokeInitMethods(AbstractAutowireCapableBeanFactory.java:1845)
	at org.springframework.beans.factory.support.AbstractAutowireCapableBeanFactory.initializeBean(AbstractAutowireCapableBeanFactory.java:1782)
	... 140 common frames omitted
Caused by: org.h2.jdbc.JdbcSQLIntegrityConstraintViolationException: Нарушение уникального индекса или первичного ключа: "PRIMARY KEY ON PUBLIC.TOUR(TOUR_ID) [101, 'BREST-MOSCOW', DATE '2021-08-01']"
Unique index or primary key violation: "PRIMARY KEY ON PUBLIC.TOUR(TOUR_ID) [101, 'BREST-MOSCOW', DATE '2021-08-01']"; SQL statement:
INSERT INTO TOUR (TOUR_ID, DIRECTION, DATE_TOUR) VALUES (101, 'BREST-MOSCOW', '2021-08-01'), (102, 'MINSK-ROME', '2021-08-01'), (103, 'MOSCOW-BARCELONA', '2021-06-15'), (104, 'MINSK-RIGA', '2021-07-02'), (105, 'MINSK-DUBAI', '2021-05-25') [23505-200]
	at org.h2.message.DbException.getJdbcSQLException(DbException.java:459)
	at org.h2.message.DbException.getJdbcSQLException(DbException.java:429)
	at org.h2.message.DbException.get(DbException.java:205)
	at org.h2.message.DbException.get(DbException.java:181)
	at org.h2.mvstore.db.MVPrimaryIndex.add(MVPrimaryIndex.java:127)
	at org.h2.mvstore.db.MVTable.addRow(MVTable.java:531)
	at org.h2.command.dml.Insert.insertRows(Insert.java:195)
	at org.h2.command.dml.Insert.update(Insert.java:151)
	at org.h2.command.CommandContainer.update(CommandContainer.java:198)
	at org.h2.command.Command.executeUpdate(Command.java:251)
	at org.h2.jdbc.JdbcStatement.executeInternal(JdbcStatement.java:228)
	at org.h2.jdbc.JdbcStatement.execute(JdbcStatement.java:201)
	at org.springframework.jdbc.datasource.init.ScriptUtils.executeSqlScript(ScriptUtils.java:601)
	... 155 common frames omitted
22:11:44 [main] ERROR org.springframework.test.context.TestContextManager - Caught exception while allowing TestExecutionListener [org.springframework.boot.test.autoconfigure.SpringBootDependencyInjectionTestExecutionListener@172b013] to prepare test instance [com.aderenchuk.brest.service.web_app.TourControllerIT@68e2d03e]
java.lang.IllegalStateException: Failed to load ApplicationContext
	at org.springframework.test.context.cache.DefaultCacheAwareContextLoaderDelegate.loadContext(DefaultCacheAwareContextLoaderDelegate.java:132)
	at org.springframework.test.context.support.DefaultTestContext.getApplicationContext(DefaultTestContext.java:124)
	at org.springframework.test.context.support.DependencyInjectionTestExecutionListener.injectDependencies(DependencyInjectionTestExecutionListener.java:118)
	at org.springframework.test.context.support.DependencyInjectionTestExecutionListener.prepareTestInstance(DependencyInjectionTestExecutionListener.java:83)
	at org.springframework.boot.test.autoconfigure.SpringBootDependencyInjectionTestExecutionListener.prepareTestInstance(SpringBootDependencyInjectionTestExecutionListener.java:43)
	at org.springframework.test.context.TestContextManager.prepareTestInstance(TestContextManager.java:244)
	at org.springframework.test.context.junit.jupiter.SpringExtension.postProcessTestInstance(SpringExtension.java:138)
	at org.junit.jupiter.engine.descriptor.ClassBasedTestDescriptor.lambda$invokeTestInstancePostProcessors$6(ClassBasedTestDescriptor.java:350)
	at org.junit.jupiter.engine.descriptor.ClassBasedTestDescriptor.executeAndMaskThrowable(ClassBasedTestDescriptor.java:355)
	at org.junit.jupiter.engine.descriptor.ClassBasedTestDescriptor.lambda$invokeTestInstancePostProcessors$7(ClassBasedTestDescriptor.java:350)
	at java.base/java.util.stream.ReferencePipeline$3$1.accept(ReferencePipeline.java:195)
	at java.base/java.util.stream.ReferencePipeline$2$1.accept(ReferencePipeline.java:177)
	at java.base/java.util.ArrayList$ArrayListSpliterator.forEachRemaining(ArrayList.java:1655)
	at java.base/java.util.stream.AbstractPipeline.copyInto(AbstractPipeline.java:484)
	at java.base/java.util.stream.AbstractPipeline.wrapAndCopyInto(AbstractPipeline.java:474)
	at java.base/java.util.stream.StreamSpliterators$WrappingSpliterator.forEachRemaining(StreamSpliterators.java:312)
	at java.base/java.util.stream.Streams$ConcatSpliterator.forEachRemaining(Streams.java:735)
	at java.base/java.util.stream.Streams$ConcatSpliterator.forEachRemaining(Streams.java:734)
	at java.base/java.util.stream.ReferencePipeline$Head.forEach(ReferencePipeline.java:658)
	at org.junit.jupiter.engine.descriptor.ClassBasedTestDescriptor.invokeTestInstancePostProcessors(ClassBasedTestDescriptor.java:349)
	at org.junit.jupiter.engine.descriptor.ClassBasedTestDescriptor.lambda$instantiateAndPostProcessTestInstance$4(ClassBasedTestDescriptor.java:270)
	at org.junit.platform.engine.support.hierarchical.ThrowableCollector.execute(ThrowableCollector.java:73)
	at org.junit.jupiter.engine.descriptor.ClassBasedTestDescriptor.instantiateAndPostProcessTestInstance(ClassBasedTestDescriptor.java:269)
	at org.junit.jupiter.engine.descriptor.ClassBasedTestDescriptor.lambda$testInstancesProvider$2(ClassBasedTestDescriptor.java:259)
	at java.base/java.util.Optional.orElseGet(Optional.java:369)
	at org.junit.jupiter.engine.descriptor.ClassBasedTestDescriptor.lambda$testInstancesProvider$3(ClassBasedTestDescriptor.java:258)
	at org.junit.jupiter.engine.execution.TestInstancesProvider.getTestInstances(TestInstancesProvider.java:31)
	at org.junit.jupiter.engine.descriptor.TestMethodTestDescriptor.lambda$prepare$0(TestMethodTestDescriptor.java:101)
	at org.junit.platform.engine.support.hierarchical.ThrowableCollector.execute(ThrowableCollector.java:73)
	at org.junit.jupiter.engine.descriptor.TestMethodTestDescriptor.prepare(TestMethodTestDescriptor.java:100)
	at org.junit.jupiter.engine.descriptor.TestMethodTestDescriptor.prepare(TestMethodTestDescriptor.java:65)
	at org.junit.platform.engine.support.hierarchical.NodeTestTask.lambda$prepare$1(NodeTestTask.java:111)
	at org.junit.platform.engine.support.hierarchical.ThrowableCollector.execute(ThrowableCollector.java:73)
	at org.junit.platform.engine.support.hierarchical.NodeTestTask.prepare(NodeTestTask.java:111)
	at org.junit.platform.engine.support.hierarchical.NodeTestTask.execute(NodeTestTask.java:79)
	at java.base/java.util.ArrayList.forEach(ArrayList.java:1541)
	at org.junit.platform.engine.support.hierarchical.SameThreadHierarchicalTestExecutorService.invokeAll(SameThreadHierarchicalTestExecutorService.java:38)
	at org.junit.platform.engine.support.hierarchical.NodeTestTask.lambda$executeRecursively$5(NodeTestTask.java:143)
	at org.junit.platform.engine.support.hierarchical.ThrowableCollector.execute(ThrowableCollector.java:73)
	at org.junit.platform.engine.support.hierarchical.NodeTestTask.lambda$executeRecursively$7(NodeTestTask.java:129)
	at org.junit.platform.engine.support.hierarchical.Node.around(Node.java:137)
	at org.junit.platform.engine.support.hierarchical.NodeTestTask.lambda$executeRecursively$8(NodeTestTask.java:127)
	at org.junit.platform.engine.support.hierarchical.ThrowableCollector.execute(ThrowableCollector.java:73)
	at org.junit.platform.engine.support.hierarchical.NodeTestTask.executeRecursively(NodeTestTask.java:126)
	at org.junit.platform.engine.support.hierarchical.NodeTestTask.execute(NodeTestTask.java:84)
	at java.base/java.util.ArrayList.forEach(ArrayList.java:1541)
	at org.junit.platform.engine.support.hierarchical.SameThreadHierarchicalTestExecutorService.invokeAll(SameThreadHierarchicalTestExecutorService.java:38)
	at org.junit.platform.engine.support.hierarchical.NodeTestTask.lambda$executeRecursively$5(NodeTestTask.java:143)
	at org.junit.platform.engine.support.hierarchical.ThrowableCollector.execute(ThrowableCollector.java:73)
	at org.junit.platform.engine.support.hierarchical.NodeTestTask.lambda$executeRecursively$7(NodeTestTask.java:129)
	at org.junit.platform.engine.support.hierarchical.Node.around(Node.java:137)
	at org.junit.platform.engine.support.hierarchical.NodeTestTask.lambda$executeRecursively$8(NodeTestTask.java:127)
	at org.junit.platform.engine.support.hierarchical.ThrowableCollector.execute(ThrowableCollector.java:73)
	at org.junit.platform.engine.support.hierarchical.NodeTestTask.executeRecursively(NodeTestTask.java:126)
	at org.junit.platform.engine.support.hierarchical.NodeTestTask.execute(NodeTestTask.java:84)
	at org.junit.platform.engine.support.hierarchical.SameThreadHierarchicalTestExecutorService.submit(SameThreadHierarchicalTestExecutorService.java:32)
	at org.junit.platform.engine.support.hierarchical.HierarchicalTestExecutor.execute(HierarchicalTestExecutor.java:57)
	at org.junit.platform.engine.support.hierarchical.HierarchicalTestEngine.execute(HierarchicalTestEngine.java:51)
	at org.junit.platform.launcher.core.EngineExecutionOrchestrator.execute(EngineExecutionOrchestrator.java:108)
	at org.junit.platform.launcher.core.EngineExecutionOrchestrator.execute(EngineExecutionOrchestrator.java:88)
	at org.junit.platform.launcher.core.EngineExecutionOrchestrator.lambda$execute$0(EngineExecutionOrchestrator.java:54)
	at org.junit.platform.launcher.core.EngineExecutionOrchestrator.withInterceptedStreams(EngineExecutionOrchestrator.java:67)
	at org.junit.platform.launcher.core.EngineExecutionOrchestrator.execute(EngineExecutionOrchestrator.java:52)
	at org.junit.platform.launcher.core.DefaultLauncher.execute(DefaultLauncher.java:96)
	at org.junit.platform.launcher.core.DefaultLauncher.execute(DefaultLauncher.java:75)
	at org.apache.maven.surefire.junitplatform.JUnitPlatformProvider.invokeAllTests(JUnitPlatformProvider.java:154)
	at org.apache.maven.surefire.junitplatform.JUnitPlatformProvider.invoke(JUnitPlatformProvider.java:127)
	at org.apache.maven.surefire.booter.ForkedBooter.runSuitesInProcess(ForkedBooter.java:377)
	at org.apache.maven.surefire.booter.ForkedBooter.execute(ForkedBooter.java:138)
	at org.apache.maven.surefire.booter.ForkedBooter.run(ForkedBooter.java:465)
	at org.apache.maven.surefire.booter.ForkedBooter.main(ForkedBooter.java:451)
Caused by: org.springframework.beans.factory.UnsatisfiedDependencyException: Error creating bean with name 'tourController' defined in file [/home/artem/IdeaProjects/aderenchuk-travel.agency/web-app/target/classes/com/aderenchuk/brest/service/web_app/TourController.class]: Unsatisfied dependency expressed through constructor parameter 0; nested exception is org.springframework.beans.factory.UnsatisfiedDependencyException: Error creating bean with name 'tourDtoServiceImpl' defined in URL [jar:file:/home/artem/IdeaProjects/aderenchuk-travel.agency/service/target/service-1.0-SNAPSHOT.jar!/com/aderenchuk/brest/service/impl/TourDtoServiceImpl.class]: Unsatisfied dependency expressed through constructor parameter 0; nested exception is org.springframework.beans.factory.UnsatisfiedDependencyException: Error creating bean with name 'tourDtoDaoJdbc' defined in URL [jar:file:/home/artem/IdeaProjects/aderenchuk-travel.agency/dao/target/dao-1.0-SNAPSHOT.jar!/com/aderenchuk/brest/dao/jdbc/TourDtoDaoJdbc.class]: Unsatisfied dependency expressed through constructor parameter 0; nested exception is org.springframework.beans.factory.BeanCreationException: Error creating bean with name 'dataSource': Post-processing of FactoryBean's singleton object failed; nested exception is org.springframework.beans.factory.BeanCreationException: Error creating bean with name 'org.springframework.boot.autoconfigure.jdbc.DataSourceInitializerInvoker': Invocation of init method failed; nested exception is org.springframework.jdbc.datasource.init.ScriptStatementFailedException: Failed to execute SQL script statement #1 of URL [jar:file:/home/artem/IdeaProjects/aderenchuk-travel.agency/test-db/target/test-db-1.0-SNAPSHOT.jar!/data.sql]: INSERT INTO TOUR (TOUR_ID, DIRECTION, DATE_TOUR) VALUES (101, 'BREST-MOSCOW', '2021-08-01'), (102, 'MINSK-ROME', '2021-08-01'), (103, 'MOSCOW-BARCELONA', '2021-06-15'), (104, 'MINSK-RIGA', '2021-07-02'), (105, 'MINSK-DUBAI', '2021-05-25'); nested exception is org.h2.jdbc.JdbcSQLIntegrityConstraintViolationException: Нарушение уникального индекса или первичного ключа: "PRIMARY KEY ON PUBLIC.TOUR(TOUR_ID) [101, 'BREST-MOSCOW', DATE '2021-08-01']"
Unique index or primary key violation: "PRIMARY KEY ON PUBLIC.TOUR(TOUR_ID) [101, 'BREST-MOSCOW', DATE '2021-08-01']"; SQL statement:
INSERT INTO TOUR (TOUR_ID, DIRECTION, DATE_TOUR) VALUES (101, 'BREST-MOSCOW', '2021-08-01'), (102, 'MINSK-ROME', '2021-08-01'), (103, 'MOSCOW-BARCELONA', '2021-06-15'), (104, 'MINSK-RIGA', '2021-07-02'), (105, 'MINSK-DUBAI', '2021-05-25') [23505-200]
	at org.springframework.beans.factory.support.ConstructorResolver.createArgumentArray(ConstructorResolver.java:800)
	at org.springframework.beans.factory.support.ConstructorResolver.autowireConstructor(ConstructorResolver.java:229)
	at org.springframework.beans.factory.support.AbstractAutowireCapableBeanFactory.autowireConstructor(AbstractAutowireCapableBeanFactory.java:1354)
	at org.springframework.beans.factory.support.AbstractAutowireCapableBeanFactory.createBeanInstance(AbstractAutowireCapableBeanFactory.java:1204)
	at org.springframework.beans.factory.support.AbstractAutowireCapableBeanFactory.doCreateBean(AbstractAutowireCapableBeanFactory.java:564)
	at org.springframework.beans.factory.support.AbstractAutowireCapableBeanFactory.createBean(AbstractAutowireCapableBeanFactory.java:524)
	at org.springframework.beans.factory.support.AbstractBeanFactory.lambda$doGetBean$0(AbstractBeanFactory.java:335)
	at org.springframework.beans.factory.support.DefaultSingletonBeanRegistry.getSingleton(DefaultSingletonBeanRegistry.java:234)
	at org.springframework.beans.factory.support.AbstractBeanFactory.doGetBean(AbstractBeanFactory.java:333)
	at org.springframework.beans.factory.support.AbstractBeanFactory.getBean(AbstractBeanFactory.java:208)
	at org.springframework.beans.factory.support.DefaultListableBeanFactory.preInstantiateSingletons(DefaultListableBeanFactory.java:944)
	at org.springframework.context.support.AbstractApplicationContext.finishBeanFactoryInitialization(AbstractApplicationContext.java:918)
	at org.springframework.context.support.AbstractApplicationContext.refresh(AbstractApplicationContext.java:583)
	at org.springframework.boot.SpringApplication.refresh(SpringApplication.java:769)
	at org.springframework.boot.SpringApplication.refresh(SpringApplication.java:761)
	at org.springframework.boot.SpringApplication.refreshContext(SpringApplication.java:426)
	at org.springframework.boot.SpringApplication.run(SpringApplication.java:326)
	at org.springframework.boot.test.context.SpringBootContextLoader.loadContext(SpringBootContextLoader.java:123)
	at org.springframework.test.context.cache.DefaultCacheAwareContextLoaderDelegate.loadContextInternal(DefaultCacheAwareContextLoaderDelegate.java:99)
	at org.springframework.test.context.cache.DefaultCacheAwareContextLoaderDelegate.loadContext(DefaultCacheAwareContextLoaderDelegate.java:124)
	... 70 common frames omitted
Caused by: org.springframework.beans.factory.UnsatisfiedDependencyException: Error creating bean with name 'tourDtoServiceImpl' defined in URL [jar:file:/home/artem/IdeaProjects/aderenchuk-travel.agency/service/target/service-1.0-SNAPSHOT.jar!/com/aderenchuk/brest/service/impl/TourDtoServiceImpl.class]: Unsatisfied dependency expressed through constructor parameter 0; nested exception is org.springframework.beans.factory.UnsatisfiedDependencyException: Error creating bean with name 'tourDtoDaoJdbc' defined in URL [jar:file:/home/artem/IdeaProjects/aderenchuk-travel.agency/dao/target/dao-1.0-SNAPSHOT.jar!/com/aderenchuk/brest/dao/jdbc/TourDtoDaoJdbc.class]: Unsatisfied dependency expressed through constructor parameter 0; nested exception is org.springframework.beans.factory.BeanCreationException: Error creating bean with name 'dataSource': Post-processing of FactoryBean's singleton object failed; nested exception is org.springframework.beans.factory.BeanCreationException: Error creating bean with name 'org.springframework.boot.autoconfigure.jdbc.DataSourceInitializerInvoker': Invocation of init method failed; nested exception is org.springframework.jdbc.datasource.init.ScriptStatementFailedException: Failed to execute SQL script statement #1 of URL [jar:file:/home/artem/IdeaProjects/aderenchuk-travel.agency/test-db/target/test-db-1.0-SNAPSHOT.jar!/data.sql]: INSERT INTO TOUR (TOUR_ID, DIRECTION, DATE_TOUR) VALUES (101, 'BREST-MOSCOW', '2021-08-01'), (102, 'MINSK-ROME', '2021-08-01'), (103, 'MOSCOW-BARCELONA', '2021-06-15'), (104, 'MINSK-RIGA', '2021-07-02'), (105, 'MINSK-DUBAI', '2021-05-25'); nested exception is org.h2.jdbc.JdbcSQLIntegrityConstraintViolationException: Нарушение уникального индекса или первичного ключа: "PRIMARY KEY ON PUBLIC.TOUR(TOUR_ID) [101, 'BREST-MOSCOW', DATE '2021-08-01']"
Unique index or primary key violation: "PRIMARY KEY ON PUBLIC.TOUR(TOUR_ID) [101, 'BREST-MOSCOW', DATE '2021-08-01']"; SQL statement:
INSERT INTO TOUR (TOUR_ID, DIRECTION, DATE_TOUR) VALUES (101, 'BREST-MOSCOW', '2021-08-01'), (102, 'MINSK-ROME', '2021-08-01'), (103, 'MOSCOW-BARCELONA', '2021-06-15'), (104, 'MINSK-RIGA', '2021-07-02'), (105, 'MINSK-DUBAI', '2021-05-25') [23505-200]
	at org.springframework.beans.factory.support.ConstructorResolver.createArgumentArray(ConstructorResolver.java:800)
	at org.springframework.beans.factory.support.ConstructorResolver.autowireConstructor(ConstructorResolver.java:229)
	at org.springframework.beans.factory.support.AbstractAutowireCapableBeanFactory.autowireConstructor(AbstractAutowireCapableBeanFactory.java:1354)
	at org.springframework.beans.factory.support.AbstractAutowireCapableBeanFactory.createBeanInstance(AbstractAutowireCapableBeanFactory.java:1204)
	at org.springframework.beans.factory.support.AbstractAutowireCapableBeanFactory.doCreateBean(AbstractAutowireCapableBeanFactory.java:564)
	at org.springframework.beans.factory.support.AbstractAutowireCapableBeanFactory.createBean(AbstractAutowireCapableBeanFactory.java:524)
	at org.springframework.beans.factory.support.AbstractBeanFactory.lambda$doGetBean$0(AbstractBeanFactory.java:335)
	at org.springframework.beans.factory.support.DefaultSingletonBeanRegistry.getSingleton(DefaultSingletonBeanRegistry.java:234)
	at org.springframework.beans.factory.support.AbstractBeanFactory.doGetBean(AbstractBeanFactory.java:333)
	at org.springframework.beans.factory.support.AbstractBeanFactory.getBean(AbstractBeanFactory.java:208)
	at org.springframework.beans.factory.config.DependencyDescriptor.resolveCandidate(DependencyDescriptor.java:276)
	at org.springframework.beans.factory.support.DefaultListableBeanFactory.doResolveDependency(DefaultListableBeanFactory.java:1380)
	at org.springframework.beans.factory.support.DefaultListableBeanFactory.resolveDependency(DefaultListableBeanFactory.java:1300)
	at org.springframework.beans.factory.support.ConstructorResolver.resolveAutowiredArgument(ConstructorResolver.java:887)
	at org.springframework.beans.factory.support.ConstructorResolver.createArgumentArray(ConstructorResolver.java:791)
	... 89 common frames omitted
Caused by: org.springframework.beans.factory.UnsatisfiedDependencyException: Error creating bean with name 'tourDtoDaoJdbc' defined in URL [jar:file:/home/artem/IdeaProjects/aderenchuk-travel.agency/dao/target/dao-1.0-SNAPSHOT.jar!/com/aderenchuk/brest/dao/jdbc/TourDtoDaoJdbc.class]: Unsatisfied dependency expressed through constructor parameter 0; nested exception is org.springframework.beans.factory.BeanCreationException: Error creating bean with name 'dataSource': Post-processing of FactoryBean's singleton object failed; nested exception is org.springframework.beans.factory.BeanCreationException: Error creating bean with name 'org.springframework.boot.autoconfigure.jdbc.DataSourceInitializerInvoker': Invocation of init method failed; nested exception is org.springframework.jdbc.datasource.init.ScriptStatementFailedException: Failed to execute SQL script statement #1 of URL [jar:file:/home/artem/IdeaProjects/aderenchuk-travel.agency/test-db/target/test-db-1.0-SNAPSHOT.jar!/data.sql]: INSERT INTO TOUR (TOUR_ID, DIRECTION, DATE_TOUR) VALUES (101, 'BREST-MOSCOW', '2021-08-01'), (102, 'MINSK-ROME', '2021-08-01'), (103, 'MOSCOW-BARCELONA', '2021-06-15'), (104, 'MINSK-RIGA', '2021-07-02'), (105, 'MINSK-DUBAI', '2021-05-25'); nested exception is org.h2.jdbc.JdbcSQLIntegrityConstraintViolationException: Нарушение уникального индекса или первичного ключа: "PRIMARY KEY ON PUBLIC.TOUR(TOUR_ID) [101, 'BREST-MOSCOW', DATE '2021-08-01']"
Unique index or primary key violation: "PRIMARY KEY ON PUBLIC.TOUR(TOUR_ID) [101, 'BREST-MOSCOW', DATE '2021-08-01']"; SQL statement:
INSERT INTO TOUR (TOUR_ID, DIRECTION, DATE_TOUR) VALUES (101, 'BREST-MOSCOW', '2021-08-01'), (102, 'MINSK-ROME', '2021-08-01'), (103, 'MOSCOW-BARCELONA', '2021-06-15'), (104, 'MINSK-RIGA', '2021-07-02'), (105, 'MINSK-DUBAI', '2021-05-25') [23505-200]
	at org.springframework.beans.factory.support.ConstructorResolver.createArgumentArray(ConstructorResolver.java:800)
	at org.springframework.beans.factory.support.ConstructorResolver.autowireConstructor(ConstructorResolver.java:229)
	at org.springframework.beans.factory.support.AbstractAutowireCapableBeanFactory.autowireConstructor(AbstractAutowireCapableBeanFactory.java:1354)
	at org.springframework.beans.factory.support.AbstractAutowireCapableBeanFactory.createBeanInstance(AbstractAutowireCapableBeanFactory.java:1204)
	at org.springframework.beans.factory.support.AbstractAutowireCapableBeanFactory.doCreateBean(AbstractAutowireCapableBeanFactory.java:564)
	at org.springframework.beans.factory.support.AbstractAutowireCapableBeanFactory.createBean(AbstractAutowireCapableBeanFactory.java:524)
	at org.springframework.beans.factory.support.AbstractBeanFactory.lambda$doGetBean$0(AbstractBeanFactory.java:335)
	at org.springframework.beans.factory.support.DefaultSingletonBeanRegistry.getSingleton(DefaultSingletonBeanRegistry.java:234)
	at org.springframework.beans.factory.support.AbstractBeanFactory.doGetBean(AbstractBeanFactory.java:333)
	at org.springframework.beans.factory.support.AbstractBeanFactory.getBean(AbstractBeanFactory.java:208)
	at org.springframework.beans.factory.config.DependencyDescriptor.resolveCandidate(DependencyDescriptor.java:276)
	at org.springframework.beans.factory.support.DefaultListableBeanFactory.doResolveDependency(DefaultListableBeanFactory.java:1380)
	at org.springframework.beans.factory.support.DefaultListableBeanFactory.resolveDependency(DefaultListableBeanFactory.java:1300)
	at org.springframework.beans.factory.support.ConstructorResolver.resolveAutowiredArgument(ConstructorResolver.java:887)
	at org.springframework.beans.factory.support.ConstructorResolver.createArgumentArray(ConstructorResolver.java:791)
	... 103 common frames omitted
Caused by: org.springframework.beans.factory.BeanCreationException: Error creating bean with name 'dataSource': Post-processing of FactoryBean's singleton object failed; nested exception is org.springframework.beans.factory.BeanCreationException: Error creating bean with name 'org.springframework.boot.autoconfigure.jdbc.DataSourceInitializerInvoker': Invocation of init method failed; nested exception is org.springframework.jdbc.datasource.init.ScriptStatementFailedException: Failed to execute SQL script statement #1 of URL [jar:file:/home/artem/IdeaProjects/aderenchuk-travel.agency/test-db/target/test-db-1.0-SNAPSHOT.jar!/data.sql]: INSERT INTO TOUR (TOUR_ID, DIRECTION, DATE_TOUR) VALUES (101, 'BREST-MOSCOW', '2021-08-01'), (102, 'MINSK-ROME', '2021-08-01'), (103, 'MOSCOW-BARCELONA', '2021-06-15'), (104, 'MINSK-RIGA', '2021-07-02'), (105, 'MINSK-DUBAI', '2021-05-25'); nested exception is org.h2.jdbc.JdbcSQLIntegrityConstraintViolationException: Нарушение уникального индекса или первичного ключа: "PRIMARY KEY ON PUBLIC.TOUR(TOUR_ID) [101, 'BREST-MOSCOW', DATE '2021-08-01']"
Unique index or primary key violation: "PRIMARY KEY ON PUBLIC.TOUR(TOUR_ID) [101, 'BREST-MOSCOW', DATE '2021-08-01']"; SQL statement:
INSERT INTO TOUR (TOUR_ID, DIRECTION, DATE_TOUR) VALUES (101, 'BREST-MOSCOW', '2021-08-01'), (102, 'MINSK-ROME', '2021-08-01'), (103, 'MOSCOW-BARCELONA', '2021-06-15'), (104, 'MINSK-RIGA', '2021-07-02'), (105, 'MINSK-DUBAI', '2021-05-25') [23505-200]
	at org.springframework.beans.factory.support.FactoryBeanRegistrySupport.getObjectFromFactoryBean(FactoryBeanRegistrySupport.java:119)
	at org.springframework.beans.factory.support.AbstractBeanFactory.getObjectForBeanInstance(AbstractBeanFactory.java:1884)
	at org.springframework.beans.factory.support.AbstractAutowireCapableBeanFactory.getObjectForBeanInstance(AbstractAutowireCapableBeanFactory.java:1266)
	at org.springframework.beans.factory.support.AbstractBeanFactory.doGetBean(AbstractBeanFactory.java:345)
	at org.springframework.beans.factory.support.AbstractBeanFactory.getBean(AbstractBeanFactory.java:208)
	at org.springframework.beans.factory.config.DependencyDescriptor.resolveCandidate(DependencyDescriptor.java:276)
	at org.springframework.beans.factory.support.DefaultListableBeanFactory.doResolveDependency(DefaultListableBeanFactory.java:1380)
	at org.springframework.beans.factory.support.DefaultListableBeanFactory.resolveDependency(DefaultListableBeanFactory.java:1300)
	at org.springframework.beans.factory.support.ConstructorResolver.resolveAutowiredArgument(ConstructorResolver.java:887)
	at org.springframework.beans.factory.support.ConstructorResolver.createArgumentArray(ConstructorResolver.java:791)
	... 117 common frames omitted
Caused by: org.springframework.beans.factory.BeanCreationException: Error creating bean with name 'org.springframework.boot.autoconfigure.jdbc.DataSourceInitializerInvoker': Invocation of init method failed; nested exception is org.springframework.jdbc.datasource.init.ScriptStatementFailedException: Failed to execute SQL script statement #1 of URL [jar:file:/home/artem/IdeaProjects/aderenchuk-travel.agency/test-db/target/test-db-1.0-SNAPSHOT.jar!/data.sql]: INSERT INTO TOUR (TOUR_ID, DIRECTION, DATE_TOUR) VALUES (101, 'BREST-MOSCOW', '2021-08-01'), (102, 'MINSK-ROME', '2021-08-01'), (103, 'MOSCOW-BARCELONA', '2021-06-15'), (104, 'MINSK-RIGA', '2021-07-02'), (105, 'MINSK-DUBAI', '2021-05-25'); nested exception is org.h2.jdbc.JdbcSQLIntegrityConstraintViolationException: Нарушение уникального индекса или первичного ключа: "PRIMARY KEY ON PUBLIC.TOUR(TOUR_ID) [101, 'BREST-MOSCOW', DATE '2021-08-01']"
Unique index or primary key violation: "PRIMARY KEY ON PUBLIC.TOUR(TOUR_ID) [101, 'BREST-MOSCOW', DATE '2021-08-01']"; SQL statement:
INSERT INTO TOUR (TOUR_ID, DIRECTION, DATE_TOUR) VALUES (101, 'BREST-MOSCOW', '2021-08-01'), (102, 'MINSK-ROME', '2021-08-01'), (103, 'MOSCOW-BARCELONA', '2021-06-15'), (104, 'MINSK-RIGA', '2021-07-02'), (105, 'MINSK-DUBAI', '2021-05-25') [23505-200]
	at org.springframework.beans.factory.support.AbstractAutowireCapableBeanFactory.initializeBean(AbstractAutowireCapableBeanFactory.java:1786)
	at org.springframework.beans.factory.support.AbstractAutowireCapableBeanFactory.doCreateBean(AbstractAutowireCapableBeanFactory.java:602)
	at org.springframework.beans.factory.support.AbstractAutowireCapableBeanFactory.createBean(AbstractAutowireCapableBeanFactory.java:524)
	at org.springframework.beans.factory.support.AbstractBeanFactory.lambda$doGetBean$0(AbstractBeanFactory.java:335)
	at org.springframework.beans.factory.support.DefaultSingletonBeanRegistry.getSingleton(DefaultSingletonBeanRegistry.java:234)
	at org.springframework.beans.factory.support.AbstractBeanFactory.doGetBean(AbstractBeanFactory.java:333)
	at org.springframework.beans.factory.support.AbstractBeanFactory.getBean(AbstractBeanFactory.java:233)
	at org.springframework.beans.factory.support.DefaultListableBeanFactory.resolveNamedBean(DefaultListableBeanFactory.java:1273)
	at org.springframework.beans.factory.support.DefaultListableBeanFactory.resolveNamedBean(DefaultListableBeanFactory.java:1234)
	at org.springframework.beans.factory.support.DefaultListableBeanFactory.resolveBean(DefaultListableBeanFactory.java:494)
	at org.springframework.beans.factory.support.DefaultListableBeanFactory.getBean(DefaultListableBeanFactory.java:349)
	at org.springframework.beans.factory.support.DefaultListableBeanFactory.getBean(DefaultListableBeanFactory.java:342)
	at org.springframework.boot.autoconfigure.jdbc.DataSourceInitializerPostProcessor.postProcessAfterInitialization(DataSourceInitializerPostProcessor.java:51)
	at org.springframework.beans.factory.support.AbstractAutowireCapableBeanFactory.applyBeanPostProcessorsAfterInitialization(AbstractAutowireCapableBeanFactory.java:437)
	at org.springframework.beans.factory.support.AbstractAutowireCapableBeanFactory.postProcessObjectFromFactoryBean(AbstractAutowireCapableBeanFactory.java:1929)
	at org.springframework.beans.factory.support.FactoryBeanRegistrySupport.getObjectFromFactoryBean(FactoryBeanRegistrySupport.java:116)
	... 126 common frames omitted
Caused by: org.springframework.jdbc.datasource.init.ScriptStatementFailedException: Failed to execute SQL script statement #1 of URL [jar:file:/home/artem/IdeaProjects/aderenchuk-travel.agency/test-db/target/test-db-1.0-SNAPSHOT.jar!/data.sql]: INSERT INTO TOUR (TOUR_ID, DIRECTION, DATE_TOUR) VALUES (101, 'BREST-MOSCOW', '2021-08-01'), (102, 'MINSK-ROME', '2021-08-01'), (103, 'MOSCOW-BARCELONA', '2021-06-15'), (104, 'MINSK-RIGA', '2021-07-02'), (105, 'MINSK-DUBAI', '2021-05-25'); nested exception is org.h2.jdbc.JdbcSQLIntegrityConstraintViolationException: Нарушение уникального индекса или первичного ключа: "PRIMARY KEY ON PUBLIC.TOUR(TOUR_ID) [101, 'BREST-MOSCOW', DATE '2021-08-01']"
Unique index or primary key violation: "PRIMARY KEY ON PUBLIC.TOUR(TOUR_ID) [101, 'BREST-MOSCOW', DATE '2021-08-01']"; SQL statement:
INSERT INTO TOUR (TOUR_ID, DIRECTION, DATE_TOUR) VALUES (101, 'BREST-MOSCOW', '2021-08-01'), (102, 'MINSK-ROME', '2021-08-01'), (103, 'MOSCOW-BARCELONA', '2021-06-15'), (104, 'MINSK-RIGA', '2021-07-02'), (105, 'MINSK-DUBAI', '2021-05-25') [23505-200]
	at org.springframework.jdbc.datasource.init.ScriptUtils.executeSqlScript(ScriptUtils.java:622)
	at org.springframework.jdbc.datasource.init.ResourceDatabasePopulator.populate(ResourceDatabasePopulator.java:254)
	at org.springframework.jdbc.datasource.init.DatabasePopulatorUtils.execute(DatabasePopulatorUtils.java:49)
	at org.springframework.boot.autoconfigure.jdbc.DataSourceInitializer.runScripts(DataSourceInitializer.java:202)
	at org.springframework.boot.autoconfigure.jdbc.DataSourceInitializer.initSchema(DataSourceInitializer.java:119)
	at org.springframework.boot.autoconfigure.jdbc.DataSourceInitializerInvoker.onApplicationEvent(DataSourceInitializerInvoker.java:91)
	at org.springframework.boot.autoconfigure.jdbc.DataSourceInitializerInvoker.onApplicationEvent(DataSourceInitializerInvoker.java:38)
	at org.springframework.context.event.SimpleApplicationEventMulticaster.doInvokeListener(SimpleApplicationEventMulticaster.java:176)
	at org.springframework.context.event.SimpleApplicationEventMulticaster.invokeListener(SimpleApplicationEventMulticaster.java:169)
	at org.springframework.context.event.SimpleApplicationEventMulticaster.multicastEvent(SimpleApplicationEventMulticaster.java:143)
	at org.springframework.context.support.AbstractApplicationContext.publishEvent(AbstractApplicationContext.java:421)
	at org.springframework.context.support.AbstractApplicationContext.publishEvent(AbstractApplicationContext.java:378)
	at org.springframework.boot.autoconfigure.jdbc.DataSourceInitializerInvoker.initialize(DataSourceInitializerInvoker.java:72)
	at org.springframework.boot.autoconfigure.jdbc.DataSourceInitializerInvoker.afterPropertiesSet(DataSourceInitializerInvoker.java:65)
	at org.springframework.beans.factory.support.AbstractAutowireCapableBeanFactory.invokeInitMethods(AbstractAutowireCapableBeanFactory.java:1845)
	at org.springframework.beans.factory.support.AbstractAutowireCapableBeanFactory.initializeBean(AbstractAutowireCapableBeanFactory.java:1782)
	... 141 common frames omitted
Caused by: org.h2.jdbc.JdbcSQLIntegrityConstraintViolationException: Нарушение уникального индекса или первичного ключа: "PRIMARY KEY ON PUBLIC.TOUR(TOUR_ID) [101, 'BREST-MOSCOW', DATE '2021-08-01']"
Unique index or primary key violation: "PRIMARY KEY ON PUBLIC.TOUR(TOUR_ID) [101, 'BREST-MOSCOW', DATE '2021-08-01']"; SQL statement:
INSERT INTO TOUR (TOUR_ID, DIRECTION, DATE_TOUR) VALUES (101, 'BREST-MOSCOW', '2021-08-01'), (102, 'MINSK-ROME', '2021-08-01'), (103, 'MOSCOW-BARCELONA', '2021-06-15'), (104, 'MINSK-RIGA', '2021-07-02'), (105, 'MINSK-DUBAI', '2021-05-25') [23505-200]
	at org.h2.message.DbException.getJdbcSQLException(DbException.java:459)
	at org.h2.message.DbException.getJdbcSQLException(DbException.java:429)
	at org.h2.message.DbException.get(DbException.java:205)
	at org.h2.message.DbException.get(DbException.java:181)
	at org.h2.mvstore.db.MVPrimaryIndex.add(MVPrimaryIndex.java:127)
	at org.h2.mvstore.db.MVTable.addRow(MVTable.java:531)
	at org.h2.command.dml.Insert.insertRows(Insert.java:195)
	at org.h2.command.dml.Insert.update(Insert.java:151)
	at org.h2.command.CommandContainer.update(CommandContainer.java:198)
	at org.h2.command.Command.executeUpdate(Command.java:251)
	at org.h2.jdbc.JdbcStatement.executeInternal(JdbcStatement.java:228)
	at org.h2.jdbc.JdbcStatement.execute(JdbcStatement.java:201)
	at org.springframework.jdbc.datasource.init.ScriptUtils.executeSqlScript(ScriptUtils.java:601)
	... 156 common frames omitted
]]></system-out>
  </testcase>
  <testcase name="shouldReturnToToursPageIfTourNotFoundById" classname="com.aderenchuk.brest.service.web_app.TourControllerIT" time="0.001">
    <error type="java.lang.IllegalStateException"><![CDATA[java.lang.IllegalStateException: Failed to load ApplicationContext
Caused by: org.springframework.beans.factory.UnsatisfiedDependencyException: 
Error creating bean with name 'tourController' defined in file [/home/artem/IdeaProjects/aderenchuk-travel.agency/web-app/target/classes/com/aderenchuk/brest/service/web_app/TourController.class]: Unsatisfied dependency expressed through constructor parameter 0; nested exception is org.springframework.beans.factory.UnsatisfiedDependencyException: Error creating bean with name 'tourDtoServiceImpl' defined in URL [jar:file:/home/artem/IdeaProjects/aderenchuk-travel.agency/service/target/service-1.0-SNAPSHOT.jar!/com/aderenchuk/brest/service/impl/TourDtoServiceImpl.class]: Unsatisfied dependency expressed through constructor parameter 0; nested exception is org.springframework.beans.factory.UnsatisfiedDependencyException: Error creating bean with name 'tourDtoDaoJdbc' defined in URL [jar:file:/home/artem/IdeaProjects/aderenchuk-travel.agency/dao/target/dao-1.0-SNAPSHOT.jar!/com/aderenchuk/brest/dao/jdbc/TourDtoDaoJdbc.class]: Unsatisfied dependency expressed through constructor parameter 0; nested exception is org.springframework.beans.factory.BeanCreationException: Error creating bean with name 'dataSource': Post-processing of FactoryBean's singleton object failed; nested exception is org.springframework.beans.factory.BeanCreationException: Error creating bean with name 'org.springframework.boot.autoconfigure.jdbc.DataSourceInitializerInvoker': Invocation of init method failed; nested exception is org.springframework.jdbc.datasource.init.ScriptStatementFailedException: Failed to execute SQL script statement #1 of URL [jar:file:/home/artem/IdeaProjects/aderenchuk-travel.agency/test-db/target/test-db-1.0-SNAPSHOT.jar!/data.sql]: INSERT INTO TOUR (TOUR_ID, DIRECTION, DATE_TOUR) VALUES (101, 'BREST-MOSCOW', '2021-08-01'), (102, 'MINSK-ROME', '2021-08-01'), (103, 'MOSCOW-BARCELONA', '2021-06-15'), (104, 'MINSK-RIGA', '2021-07-02'), (105, 'MINSK-DUBAI', '2021-05-25'); nested exception is org.h2.jdbc.JdbcSQLIntegrityConstraintViolationException: Нарушение уникального индекса или первичного ключа: "PRIMARY KEY ON PUBLIC.TOUR(TOUR_ID) [101, 'BREST-MOSCOW', DATE '2021-08-01']"
Unique index or primary key violation: "PRIMARY KEY ON PUBLIC.TOUR(TOUR_ID) [101, 'BREST-MOSCOW', DATE '2021-08-01']"; SQL statement:
INSERT INTO TOUR (TOUR_ID, DIRECTION, DATE_TOUR) VALUES (101, 'BREST-MOSCOW', '2021-08-01'), (102, 'MINSK-ROME', '2021-08-01'), (103, 'MOSCOW-BARCELONA', '2021-06-15'), (104, 'MINSK-RIGA', '2021-07-02'), (105, 'MINSK-DUBAI', '2021-05-25') [23505-200]
Caused by: org.springframework.beans.factory.UnsatisfiedDependencyException: 
Error creating bean with name 'tourDtoServiceImpl' defined in URL [jar:file:/home/artem/IdeaProjects/aderenchuk-travel.agency/service/target/service-1.0-SNAPSHOT.jar!/com/aderenchuk/brest/service/impl/TourDtoServiceImpl.class]: Unsatisfied dependency expressed through constructor parameter 0; nested exception is org.springframework.beans.factory.UnsatisfiedDependencyException: Error creating bean with name 'tourDtoDaoJdbc' defined in URL [jar:file:/home/artem/IdeaProjects/aderenchuk-travel.agency/dao/target/dao-1.0-SNAPSHOT.jar!/com/aderenchuk/brest/dao/jdbc/TourDtoDaoJdbc.class]: Unsatisfied dependency expressed through constructor parameter 0; nested exception is org.springframework.beans.factory.BeanCreationException: Error creating bean with name 'dataSource': Post-processing of FactoryBean's singleton object failed; nested exception is org.springframework.beans.factory.BeanCreationException: Error creating bean with name 'org.springframework.boot.autoconfigure.jdbc.DataSourceInitializerInvoker': Invocation of init method failed; nested exception is org.springframework.jdbc.datasource.init.ScriptStatementFailedException: Failed to execute SQL script statement #1 of URL [jar:file:/home/artem/IdeaProjects/aderenchuk-travel.agency/test-db/target/test-db-1.0-SNAPSHOT.jar!/data.sql]: INSERT INTO TOUR (TOUR_ID, DIRECTION, DATE_TOUR) VALUES (101, 'BREST-MOSCOW', '2021-08-01'), (102, 'MINSK-ROME', '2021-08-01'), (103, 'MOSCOW-BARCELONA', '2021-06-15'), (104, 'MINSK-RIGA', '2021-07-02'), (105, 'MINSK-DUBAI', '2021-05-25'); nested exception is org.h2.jdbc.JdbcSQLIntegrityConstraintViolationException: Нарушение уникального индекса или первичного ключа: "PRIMARY KEY ON PUBLIC.TOUR(TOUR_ID) [101, 'BREST-MOSCOW', DATE '2021-08-01']"
Unique index or primary key violation: "PRIMARY KEY ON PUBLIC.TOUR(TOUR_ID) [101, 'BREST-MOSCOW', DATE '2021-08-01']"; SQL statement:
INSERT INTO TOUR (TOUR_ID, DIRECTION, DATE_TOUR) VALUES (101, 'BREST-MOSCOW', '2021-08-01'), (102, 'MINSK-ROME', '2021-08-01'), (103, 'MOSCOW-BARCELONA', '2021-06-15'), (104, 'MINSK-RIGA', '2021-07-02'), (105, 'MINSK-DUBAI', '2021-05-25') [23505-200]
Caused by: org.springframework.beans.factory.UnsatisfiedDependencyException: 
Error creating bean with name 'tourDtoDaoJdbc' defined in URL [jar:file:/home/artem/IdeaProjects/aderenchuk-travel.agency/dao/target/dao-1.0-SNAPSHOT.jar!/com/aderenchuk/brest/dao/jdbc/TourDtoDaoJdbc.class]: Unsatisfied dependency expressed through constructor parameter 0; nested exception is org.springframework.beans.factory.BeanCreationException: Error creating bean with name 'dataSource': Post-processing of FactoryBean's singleton object failed; nested exception is org.springframework.beans.factory.BeanCreationException: Error creating bean with name 'org.springframework.boot.autoconfigure.jdbc.DataSourceInitializerInvoker': Invocation of init method failed; nested exception is org.springframework.jdbc.datasource.init.ScriptStatementFailedException: Failed to execute SQL script statement #1 of URL [jar:file:/home/artem/IdeaProjects/aderenchuk-travel.agency/test-db/target/test-db-1.0-SNAPSHOT.jar!/data.sql]: INSERT INTO TOUR (TOUR_ID, DIRECTION, DATE_TOUR) VALUES (101, 'BREST-MOSCOW', '2021-08-01'), (102, 'MINSK-ROME', '2021-08-01'), (103, 'MOSCOW-BARCELONA', '2021-06-15'), (104, 'MINSK-RIGA', '2021-07-02'), (105, 'MINSK-DUBAI', '2021-05-25'); nested exception is org.h2.jdbc.JdbcSQLIntegrityConstraintViolationException: Нарушение уникального индекса или первичного ключа: "PRIMARY KEY ON PUBLIC.TOUR(TOUR_ID) [101, 'BREST-MOSCOW', DATE '2021-08-01']"
Unique index or primary key violation: "PRIMARY KEY ON PUBLIC.TOUR(TOUR_ID) [101, 'BREST-MOSCOW', DATE '2021-08-01']"; SQL statement:
INSERT INTO TOUR (TOUR_ID, DIRECTION, DATE_TOUR) VALUES (101, 'BREST-MOSCOW', '2021-08-01'), (102, 'MINSK-ROME', '2021-08-01'), (103, 'MOSCOW-BARCELONA', '2021-06-15'), (104, 'MINSK-RIGA', '2021-07-02'), (105, 'MINSK-DUBAI', '2021-05-25') [23505-200]
Caused by: org.springframework.beans.factory.BeanCreationException: 
Error creating bean with name 'dataSource': Post-processing of FactoryBean's singleton object failed; nested exception is org.springframework.beans.factory.BeanCreationException: Error creating bean with name 'org.springframework.boot.autoconfigure.jdbc.DataSourceInitializerInvoker': Invocation of init method failed; nested exception is org.springframework.jdbc.datasource.init.ScriptStatementFailedException: Failed to execute SQL script statement #1 of URL [jar:file:/home/artem/IdeaProjects/aderenchuk-travel.agency/test-db/target/test-db-1.0-SNAPSHOT.jar!/data.sql]: INSERT INTO TOUR (TOUR_ID, DIRECTION, DATE_TOUR) VALUES (101, 'BREST-MOSCOW', '2021-08-01'), (102, 'MINSK-ROME', '2021-08-01'), (103, 'MOSCOW-BARCELONA', '2021-06-15'), (104, 'MINSK-RIGA', '2021-07-02'), (105, 'MINSK-DUBAI', '2021-05-25'); nested exception is org.h2.jdbc.JdbcSQLIntegrityConstraintViolationException: Нарушение уникального индекса или первичного ключа: "PRIMARY KEY ON PUBLIC.TOUR(TOUR_ID) [101, 'BREST-MOSCOW', DATE '2021-08-01']"
Unique index or primary key violation: "PRIMARY KEY ON PUBLIC.TOUR(TOUR_ID) [101, 'BREST-MOSCOW', DATE '2021-08-01']"; SQL statement:
INSERT INTO TOUR (TOUR_ID, DIRECTION, DATE_TOUR) VALUES (101, 'BREST-MOSCOW', '2021-08-01'), (102, 'MINSK-ROME', '2021-08-01'), (103, 'MOSCOW-BARCELONA', '2021-06-15'), (104, 'MINSK-RIGA', '2021-07-02'), (105, 'MINSK-DUBAI', '2021-05-25') [23505-200]
Caused by: org.springframework.beans.factory.BeanCreationException: 
Error creating bean with name 'org.springframework.boot.autoconfigure.jdbc.DataSourceInitializerInvoker': Invocation of init method failed; nested exception is org.springframework.jdbc.datasource.init.ScriptStatementFailedException: Failed to execute SQL script statement #1 of URL [jar:file:/home/artem/IdeaProjects/aderenchuk-travel.agency/test-db/target/test-db-1.0-SNAPSHOT.jar!/data.sql]: INSERT INTO TOUR (TOUR_ID, DIRECTION, DATE_TOUR) VALUES (101, 'BREST-MOSCOW', '2021-08-01'), (102, 'MINSK-ROME', '2021-08-01'), (103, 'MOSCOW-BARCELONA', '2021-06-15'), (104, 'MINSK-RIGA', '2021-07-02'), (105, 'MINSK-DUBAI', '2021-05-25'); nested exception is org.h2.jdbc.JdbcSQLIntegrityConstraintViolationException: Нарушение уникального индекса или первичного ключа: "PRIMARY KEY ON PUBLIC.TOUR(TOUR_ID) [101, 'BREST-MOSCOW', DATE '2021-08-01']"
Unique index or primary key violation: "PRIMARY KEY ON PUBLIC.TOUR(TOUR_ID) [101, 'BREST-MOSCOW', DATE '2021-08-01']"; SQL statement:
INSERT INTO TOUR (TOUR_ID, DIRECTION, DATE_TOUR) VALUES (101, 'BREST-MOSCOW', '2021-08-01'), (102, 'MINSK-ROME', '2021-08-01'), (103, 'MOSCOW-BARCELONA', '2021-06-15'), (104, 'MINSK-RIGA', '2021-07-02'), (105, 'MINSK-DUBAI', '2021-05-25') [23505-200]
Caused by: org.springframework.jdbc.datasource.init.ScriptStatementFailedException: 
Failed to execute SQL script statement #1 of URL [jar:file:/home/artem/IdeaProjects/aderenchuk-travel.agency/test-db/target/test-db-1.0-SNAPSHOT.jar!/data.sql]: INSERT INTO TOUR (TOUR_ID, DIRECTION, DATE_TOUR) VALUES (101, 'BREST-MOSCOW', '2021-08-01'), (102, 'MINSK-ROME', '2021-08-01'), (103, 'MOSCOW-BARCELONA', '2021-06-15'), (104, 'MINSK-RIGA', '2021-07-02'), (105, 'MINSK-DUBAI', '2021-05-25'); nested exception is org.h2.jdbc.JdbcSQLIntegrityConstraintViolationException: Нарушение уникального индекса или первичного ключа: "PRIMARY KEY ON PUBLIC.TOUR(TOUR_ID) [101, 'BREST-MOSCOW', DATE '2021-08-01']"
Unique index or primary key violation: "PRIMARY KEY ON PUBLIC.TOUR(TOUR_ID) [101, 'BREST-MOSCOW', DATE '2021-08-01']"; SQL statement:
INSERT INTO TOUR (TOUR_ID, DIRECTION, DATE_TOUR) VALUES (101, 'BREST-MOSCOW', '2021-08-01'), (102, 'MINSK-ROME', '2021-08-01'), (103, 'MOSCOW-BARCELONA', '2021-06-15'), (104, 'MINSK-RIGA', '2021-07-02'), (105, 'MINSK-DUBAI', '2021-05-25') [23505-200]
Caused by: org.h2.jdbc.JdbcSQLIntegrityConstraintViolationException: 
Нарушение уникального индекса или первичного ключа: "PRIMARY KEY ON PUBLIC.TOUR(TOUR_ID) [101, 'BREST-MOSCOW', DATE '2021-08-01']"
Unique index or primary key violation: "PRIMARY KEY ON PUBLIC.TOUR(TOUR_ID) [101, 'BREST-MOSCOW', DATE '2021-08-01']"; SQL statement:
INSERT INTO TOUR (TOUR_ID, DIRECTION, DATE_TOUR) VALUES (101, 'BREST-MOSCOW', '2021-08-01'), (102, 'MINSK-ROME', '2021-08-01'), (103, 'MOSCOW-BARCELONA', '2021-06-15'), (104, 'MINSK-RIGA', '2021-07-02'), (105, 'MINSK-DUBAI', '2021-05-25') [23505-200]
]]></error>
    <system-out><![CDATA[
  .   ____          _            __ _ _
 /\\ / ___'_ __ _ _(_)_ __  __ _ \ \ \ \
( ( )\___ | '_ | '_| | '_ \/ _` | \ \ \ \
 \\/  ___)| |_)| | | | | || (_| |  ) ) ) )
  '  |____| .__|_| |_|_| |_\__, | / / / /
 =========|_|==============|___/=/_/_/_/
 :: Spring Boot ::                (v2.4.4)

22:11:44 [main] INFO  com.aderenchuk.brest.service.web_app.TourControllerIT - Starting TourControllerIT using Java 11.0.10 on artem-HP-Laptop-15-bs0xx with PID 35492 (started by artem in /home/artem/IdeaProjects/aderenchuk-travel.agency/web-app)
22:11:44 [main] INFO  com.aderenchuk.brest.service.web_app.TourControllerIT - Starting TourControllerIT using Java 11.0.10 on artem-HP-Laptop-15-bs0xx with PID 35492 (started by artem in /home/artem/IdeaProjects/aderenchuk-travel.agency/web-app)
22:11:44 [main] DEBUG com.aderenchuk.brest.service.web_app.TourControllerIT - Running with Spring Boot v2.4.4, Spring v5.3.5
22:11:44 [main] DEBUG com.aderenchuk.brest.service.web_app.TourControllerIT - Running with Spring Boot v2.4.4, Spring v5.3.5
22:11:44 [main] INFO  com.aderenchuk.brest.service.web_app.TourControllerIT - No active profile set, falling back to default profiles: default
22:11:44 [main] INFO  com.aderenchuk.brest.service.web_app.TourControllerIT - No active profile set, falling back to default profiles: default
22:11:44 [main] INFO  org.springframework.boot.test.autoconfigure.jdbc.TestDatabaseAutoConfiguration$EmbeddedDataSourceBeanFactoryPostProcessor - Replacing 'dataSource' DataSource bean with embedded version
22:11:44 [main] INFO  org.springframework.jdbc.datasource.embedded.EmbeddedDatabaseFactory - Starting embedded database: url='jdbc:h2:mem:43ce3b3c-9848-4302-890d-187fa2d6254f;DB_CLOSE_DELAY=-1;DB_CLOSE_ON_EXIT=false', username='sa'
22:11:44 [main] WARN  org.springframework.context.annotation.AnnotationConfigApplicationContext - Exception encountered during context initialization - cancelling refresh attempt: org.springframework.beans.factory.UnsatisfiedDependencyException: Error creating bean with name 'tourController' defined in file [/home/artem/IdeaProjects/aderenchuk-travel.agency/web-app/target/classes/com/aderenchuk/brest/service/web_app/TourController.class]: Unsatisfied dependency expressed through constructor parameter 0; nested exception is org.springframework.beans.factory.UnsatisfiedDependencyException: Error creating bean with name 'tourDtoServiceImpl' defined in URL [jar:file:/home/artem/IdeaProjects/aderenchuk-travel.agency/service/target/service-1.0-SNAPSHOT.jar!/com/aderenchuk/brest/service/impl/TourDtoServiceImpl.class]: Unsatisfied dependency expressed through constructor parameter 0; nested exception is org.springframework.beans.factory.UnsatisfiedDependencyException: Error creating bean with name 'tourDtoDaoJdbc' defined in URL [jar:file:/home/artem/IdeaProjects/aderenchuk-travel.agency/dao/target/dao-1.0-SNAPSHOT.jar!/com/aderenchuk/brest/dao/jdbc/TourDtoDaoJdbc.class]: Unsatisfied dependency expressed through constructor parameter 0; nested exception is org.springframework.beans.factory.BeanCreationException: Error creating bean with name 'dataSource': Post-processing of FactoryBean's singleton object failed; nested exception is org.springframework.beans.factory.BeanCreationException: Error creating bean with name 'org.springframework.boot.autoconfigure.jdbc.DataSourceInitializerInvoker': Invocation of init method failed; nested exception is org.springframework.jdbc.datasource.init.ScriptStatementFailedException: Failed to execute SQL script statement #1 of URL [jar:file:/home/artem/IdeaProjects/aderenchuk-travel.agency/test-db/target/test-db-1.0-SNAPSHOT.jar!/data.sql]: INSERT INTO TOUR (TOUR_ID, DIRECTION, DATE_TOUR) VALUES (101, 'BREST-MOSCOW', '2021-08-01'), (102, 'MINSK-ROME', '2021-08-01'), (103, 'MOSCOW-BARCELONA', '2021-06-15'), (104, 'MINSK-RIGA', '2021-07-02'), (105, 'MINSK-DUBAI', '2021-05-25'); nested exception is org.h2.jdbc.JdbcSQLIntegrityConstraintViolationException: Нарушение уникального индекса или первичного ключа: "PRIMARY KEY ON PUBLIC.TOUR(TOUR_ID) [101, 'BREST-MOSCOW', DATE '2021-08-01']"
Unique index or primary key violation: "PRIMARY KEY ON PUBLIC.TOUR(TOUR_ID) [101, 'BREST-MOSCOW', DATE '2021-08-01']"; SQL statement:
INSERT INTO TOUR (TOUR_ID, DIRECTION, DATE_TOUR) VALUES (101, 'BREST-MOSCOW', '2021-08-01'), (102, 'MINSK-ROME', '2021-08-01'), (103, 'MOSCOW-BARCELONA', '2021-06-15'), (104, 'MINSK-RIGA', '2021-07-02'), (105, 'MINSK-DUBAI', '2021-05-25') [23505-200]
22:11:44 [main] INFO  org.springframework.boot.autoconfigure.logging.ConditionEvaluationReportLoggingListener - 

Error starting ApplicationContext. To display the conditions report re-run your application with 'debug' enabled.
22:11:44 [main] ERROR org.springframework.boot.SpringApplication - Application run failed
org.springframework.beans.factory.UnsatisfiedDependencyException: Error creating bean with name 'tourController' defined in file [/home/artem/IdeaProjects/aderenchuk-travel.agency/web-app/target/classes/com/aderenchuk/brest/service/web_app/TourController.class]: Unsatisfied dependency expressed through constructor parameter 0; nested exception is org.springframework.beans.factory.UnsatisfiedDependencyException: Error creating bean with name 'tourDtoServiceImpl' defined in URL [jar:file:/home/artem/IdeaProjects/aderenchuk-travel.agency/service/target/service-1.0-SNAPSHOT.jar!/com/aderenchuk/brest/service/impl/TourDtoServiceImpl.class]: Unsatisfied dependency expressed through constructor parameter 0; nested exception is org.springframework.beans.factory.UnsatisfiedDependencyException: Error creating bean with name 'tourDtoDaoJdbc' defined in URL [jar:file:/home/artem/IdeaProjects/aderenchuk-travel.agency/dao/target/dao-1.0-SNAPSHOT.jar!/com/aderenchuk/brest/dao/jdbc/TourDtoDaoJdbc.class]: Unsatisfied dependency expressed through constructor parameter 0; nested exception is org.springframework.beans.factory.BeanCreationException: Error creating bean with name 'dataSource': Post-processing of FactoryBean's singleton object failed; nested exception is org.springframework.beans.factory.BeanCreationException: Error creating bean with name 'org.springframework.boot.autoconfigure.jdbc.DataSourceInitializerInvoker': Invocation of init method failed; nested exception is org.springframework.jdbc.datasource.init.ScriptStatementFailedException: Failed to execute SQL script statement #1 of URL [jar:file:/home/artem/IdeaProjects/aderenchuk-travel.agency/test-db/target/test-db-1.0-SNAPSHOT.jar!/data.sql]: INSERT INTO TOUR (TOUR_ID, DIRECTION, DATE_TOUR) VALUES (101, 'BREST-MOSCOW', '2021-08-01'), (102, 'MINSK-ROME', '2021-08-01'), (103, 'MOSCOW-BARCELONA', '2021-06-15'), (104, 'MINSK-RIGA', '2021-07-02'), (105, 'MINSK-DUBAI', '2021-05-25'); nested exception is org.h2.jdbc.JdbcSQLIntegrityConstraintViolationException: Нарушение уникального индекса или первичного ключа: "PRIMARY KEY ON PUBLIC.TOUR(TOUR_ID) [101, 'BREST-MOSCOW', DATE '2021-08-01']"
Unique index or primary key violation: "PRIMARY KEY ON PUBLIC.TOUR(TOUR_ID) [101, 'BREST-MOSCOW', DATE '2021-08-01']"; SQL statement:
INSERT INTO TOUR (TOUR_ID, DIRECTION, DATE_TOUR) VALUES (101, 'BREST-MOSCOW', '2021-08-01'), (102, 'MINSK-ROME', '2021-08-01'), (103, 'MOSCOW-BARCELONA', '2021-06-15'), (104, 'MINSK-RIGA', '2021-07-02'), (105, 'MINSK-DUBAI', '2021-05-25') [23505-200]
	at org.springframework.beans.factory.support.ConstructorResolver.createArgumentArray(ConstructorResolver.java:800)
	at org.springframework.beans.factory.support.ConstructorResolver.autowireConstructor(ConstructorResolver.java:229)
	at org.springframework.beans.factory.support.AbstractAutowireCapableBeanFactory.autowireConstructor(AbstractAutowireCapableBeanFactory.java:1354)
	at org.springframework.beans.factory.support.AbstractAutowireCapableBeanFactory.createBeanInstance(AbstractAutowireCapableBeanFactory.java:1204)
	at org.springframework.beans.factory.support.AbstractAutowireCapableBeanFactory.doCreateBean(AbstractAutowireCapableBeanFactory.java:564)
	at org.springframework.beans.factory.support.AbstractAutowireCapableBeanFactory.createBean(AbstractAutowireCapableBeanFactory.java:524)
	at org.springframework.beans.factory.support.AbstractBeanFactory.lambda$doGetBean$0(AbstractBeanFactory.java:335)
	at org.springframework.beans.factory.support.DefaultSingletonBeanRegistry.getSingleton(DefaultSingletonBeanRegistry.java:234)
	at org.springframework.beans.factory.support.AbstractBeanFactory.doGetBean(AbstractBeanFactory.java:333)
	at org.springframework.beans.factory.support.AbstractBeanFactory.getBean(AbstractBeanFactory.java:208)
	at org.springframework.beans.factory.support.DefaultListableBeanFactory.preInstantiateSingletons(DefaultListableBeanFactory.java:944)
	at org.springframework.context.support.AbstractApplicationContext.finishBeanFactoryInitialization(AbstractApplicationContext.java:918)
	at org.springframework.context.support.AbstractApplicationContext.refresh(AbstractApplicationContext.java:583)
	at org.springframework.boot.SpringApplication.refresh(SpringApplication.java:769)
	at org.springframework.boot.SpringApplication.refresh(SpringApplication.java:761)
	at org.springframework.boot.SpringApplication.refreshContext(SpringApplication.java:426)
	at org.springframework.boot.SpringApplication.run(SpringApplication.java:326)
	at org.springframework.boot.test.context.SpringBootContextLoader.loadContext(SpringBootContextLoader.java:123)
	at org.springframework.test.context.cache.DefaultCacheAwareContextLoaderDelegate.loadContextInternal(DefaultCacheAwareContextLoaderDelegate.java:99)
	at org.springframework.test.context.cache.DefaultCacheAwareContextLoaderDelegate.loadContext(DefaultCacheAwareContextLoaderDelegate.java:124)
	at org.springframework.test.context.support.DefaultTestContext.getApplicationContext(DefaultTestContext.java:124)
	at org.springframework.test.context.support.DependencyInjectionTestExecutionListener.injectDependencies(DependencyInjectionTestExecutionListener.java:118)
	at org.springframework.test.context.support.DependencyInjectionTestExecutionListener.prepareTestInstance(DependencyInjectionTestExecutionListener.java:83)
	at org.springframework.boot.test.autoconfigure.SpringBootDependencyInjectionTestExecutionListener.prepareTestInstance(SpringBootDependencyInjectionTestExecutionListener.java:43)
	at org.springframework.test.context.TestContextManager.prepareTestInstance(TestContextManager.java:244)
	at org.springframework.test.context.junit.jupiter.SpringExtension.postProcessTestInstance(SpringExtension.java:138)
	at org.junit.jupiter.engine.descriptor.ClassBasedTestDescriptor.lambda$invokeTestInstancePostProcessors$6(ClassBasedTestDescriptor.java:350)
	at org.junit.jupiter.engine.descriptor.ClassBasedTestDescriptor.executeAndMaskThrowable(ClassBasedTestDescriptor.java:355)
	at org.junit.jupiter.engine.descriptor.ClassBasedTestDescriptor.lambda$invokeTestInstancePostProcessors$7(ClassBasedTestDescriptor.java:350)
	at java.base/java.util.stream.ReferencePipeline$3$1.accept(ReferencePipeline.java:195)
	at java.base/java.util.stream.ReferencePipeline$2$1.accept(ReferencePipeline.java:177)
	at java.base/java.util.ArrayList$ArrayListSpliterator.forEachRemaining(ArrayList.java:1655)
	at java.base/java.util.stream.AbstractPipeline.copyInto(AbstractPipeline.java:484)
	at java.base/java.util.stream.AbstractPipeline.wrapAndCopyInto(AbstractPipeline.java:474)
	at java.base/java.util.stream.StreamSpliterators$WrappingSpliterator.forEachRemaining(StreamSpliterators.java:312)
	at java.base/java.util.stream.Streams$ConcatSpliterator.forEachRemaining(Streams.java:735)
	at java.base/java.util.stream.Streams$ConcatSpliterator.forEachRemaining(Streams.java:734)
	at java.base/java.util.stream.ReferencePipeline$Head.forEach(ReferencePipeline.java:658)
	at org.junit.jupiter.engine.descriptor.ClassBasedTestDescriptor.invokeTestInstancePostProcessors(ClassBasedTestDescriptor.java:349)
	at org.junit.jupiter.engine.descriptor.ClassBasedTestDescriptor.lambda$instantiateAndPostProcessTestInstance$4(ClassBasedTestDescriptor.java:270)
	at org.junit.platform.engine.support.hierarchical.ThrowableCollector.execute(ThrowableCollector.java:73)
	at org.junit.jupiter.engine.descriptor.ClassBasedTestDescriptor.instantiateAndPostProcessTestInstance(ClassBasedTestDescriptor.java:269)
	at org.junit.jupiter.engine.descriptor.ClassBasedTestDescriptor.lambda$testInstancesProvider$2(ClassBasedTestDescriptor.java:259)
	at java.base/java.util.Optional.orElseGet(Optional.java:369)
	at org.junit.jupiter.engine.descriptor.ClassBasedTestDescriptor.lambda$testInstancesProvider$3(ClassBasedTestDescriptor.java:258)
	at org.junit.jupiter.engine.execution.TestInstancesProvider.getTestInstances(TestInstancesProvider.java:31)
	at org.junit.jupiter.engine.descriptor.TestMethodTestDescriptor.lambda$prepare$0(TestMethodTestDescriptor.java:101)
	at org.junit.platform.engine.support.hierarchical.ThrowableCollector.execute(ThrowableCollector.java:73)
	at org.junit.jupiter.engine.descriptor.TestMethodTestDescriptor.prepare(TestMethodTestDescriptor.java:100)
	at org.junit.jupiter.engine.descriptor.TestMethodTestDescriptor.prepare(TestMethodTestDescriptor.java:65)
	at org.junit.platform.engine.support.hierarchical.NodeTestTask.lambda$prepare$1(NodeTestTask.java:111)
	at org.junit.platform.engine.support.hierarchical.ThrowableCollector.execute(ThrowableCollector.java:73)
	at org.junit.platform.engine.support.hierarchical.NodeTestTask.prepare(NodeTestTask.java:111)
	at org.junit.platform.engine.support.hierarchical.NodeTestTask.execute(NodeTestTask.java:79)
	at java.base/java.util.ArrayList.forEach(ArrayList.java:1541)
	at org.junit.platform.engine.support.hierarchical.SameThreadHierarchicalTestExecutorService.invokeAll(SameThreadHierarchicalTestExecutorService.java:38)
	at org.junit.platform.engine.support.hierarchical.NodeTestTask.lambda$executeRecursively$5(NodeTestTask.java:143)
	at org.junit.platform.engine.support.hierarchical.ThrowableCollector.execute(ThrowableCollector.java:73)
	at org.junit.platform.engine.support.hierarchical.NodeTestTask.lambda$executeRecursively$7(NodeTestTask.java:129)
	at org.junit.platform.engine.support.hierarchical.Node.around(Node.java:137)
	at org.junit.platform.engine.support.hierarchical.NodeTestTask.lambda$executeRecursively$8(NodeTestTask.java:127)
	at org.junit.platform.engine.support.hierarchical.ThrowableCollector.execute(ThrowableCollector.java:73)
	at org.junit.platform.engine.support.hierarchical.NodeTestTask.executeRecursively(NodeTestTask.java:126)
	at org.junit.platform.engine.support.hierarchical.NodeTestTask.execute(NodeTestTask.java:84)
	at java.base/java.util.ArrayList.forEach(ArrayList.java:1541)
	at org.junit.platform.engine.support.hierarchical.SameThreadHierarchicalTestExecutorService.invokeAll(SameThreadHierarchicalTestExecutorService.java:38)
	at org.junit.platform.engine.support.hierarchical.NodeTestTask.lambda$executeRecursively$5(NodeTestTask.java:143)
	at org.junit.platform.engine.support.hierarchical.ThrowableCollector.execute(ThrowableCollector.java:73)
	at org.junit.platform.engine.support.hierarchical.NodeTestTask.lambda$executeRecursively$7(NodeTestTask.java:129)
	at org.junit.platform.engine.support.hierarchical.Node.around(Node.java:137)
	at org.junit.platform.engine.support.hierarchical.NodeTestTask.lambda$executeRecursively$8(NodeTestTask.java:127)
	at org.junit.platform.engine.support.hierarchical.ThrowableCollector.execute(ThrowableCollector.java:73)
	at org.junit.platform.engine.support.hierarchical.NodeTestTask.executeRecursively(NodeTestTask.java:126)
	at org.junit.platform.engine.support.hierarchical.NodeTestTask.execute(NodeTestTask.java:84)
	at org.junit.platform.engine.support.hierarchical.SameThreadHierarchicalTestExecutorService.submit(SameThreadHierarchicalTestExecutorService.java:32)
	at org.junit.platform.engine.support.hierarchical.HierarchicalTestExecutor.execute(HierarchicalTestExecutor.java:57)
	at org.junit.platform.engine.support.hierarchical.HierarchicalTestEngine.execute(HierarchicalTestEngine.java:51)
	at org.junit.platform.launcher.core.EngineExecutionOrchestrator.execute(EngineExecutionOrchestrator.java:108)
	at org.junit.platform.launcher.core.EngineExecutionOrchestrator.execute(EngineExecutionOrchestrator.java:88)
	at org.junit.platform.launcher.core.EngineExecutionOrchestrator.lambda$execute$0(EngineExecutionOrchestrator.java:54)
	at org.junit.platform.launcher.core.EngineExecutionOrchestrator.withInterceptedStreams(EngineExecutionOrchestrator.java:67)
	at org.junit.platform.launcher.core.EngineExecutionOrchestrator.execute(EngineExecutionOrchestrator.java:52)
	at org.junit.platform.launcher.core.DefaultLauncher.execute(DefaultLauncher.java:96)
	at org.junit.platform.launcher.core.DefaultLauncher.execute(DefaultLauncher.java:75)
	at org.apache.maven.surefire.junitplatform.JUnitPlatformProvider.invokeAllTests(JUnitPlatformProvider.java:154)
	at org.apache.maven.surefire.junitplatform.JUnitPlatformProvider.invoke(JUnitPlatformProvider.java:127)
	at org.apache.maven.surefire.booter.ForkedBooter.runSuitesInProcess(ForkedBooter.java:377)
	at org.apache.maven.surefire.booter.ForkedBooter.execute(ForkedBooter.java:138)
	at org.apache.maven.surefire.booter.ForkedBooter.run(ForkedBooter.java:465)
	at org.apache.maven.surefire.booter.ForkedBooter.main(ForkedBooter.java:451)
Caused by: org.springframework.beans.factory.UnsatisfiedDependencyException: Error creating bean with name 'tourDtoServiceImpl' defined in URL [jar:file:/home/artem/IdeaProjects/aderenchuk-travel.agency/service/target/service-1.0-SNAPSHOT.jar!/com/aderenchuk/brest/service/impl/TourDtoServiceImpl.class]: Unsatisfied dependency expressed through constructor parameter 0; nested exception is org.springframework.beans.factory.UnsatisfiedDependencyException: Error creating bean with name 'tourDtoDaoJdbc' defined in URL [jar:file:/home/artem/IdeaProjects/aderenchuk-travel.agency/dao/target/dao-1.0-SNAPSHOT.jar!/com/aderenchuk/brest/dao/jdbc/TourDtoDaoJdbc.class]: Unsatisfied dependency expressed through constructor parameter 0; nested exception is org.springframework.beans.factory.BeanCreationException: Error creating bean with name 'dataSource': Post-processing of FactoryBean's singleton object failed; nested exception is org.springframework.beans.factory.BeanCreationException: Error creating bean with name 'org.springframework.boot.autoconfigure.jdbc.DataSourceInitializerInvoker': Invocation of init method failed; nested exception is org.springframework.jdbc.datasource.init.ScriptStatementFailedException: Failed to execute SQL script statement #1 of URL [jar:file:/home/artem/IdeaProjects/aderenchuk-travel.agency/test-db/target/test-db-1.0-SNAPSHOT.jar!/data.sql]: INSERT INTO TOUR (TOUR_ID, DIRECTION, DATE_TOUR) VALUES (101, 'BREST-MOSCOW', '2021-08-01'), (102, 'MINSK-ROME', '2021-08-01'), (103, 'MOSCOW-BARCELONA', '2021-06-15'), (104, 'MINSK-RIGA', '2021-07-02'), (105, 'MINSK-DUBAI', '2021-05-25'); nested exception is org.h2.jdbc.JdbcSQLIntegrityConstraintViolationException: Нарушение уникального индекса или первичного ключа: "PRIMARY KEY ON PUBLIC.TOUR(TOUR_ID) [101, 'BREST-MOSCOW', DATE '2021-08-01']"
Unique index or primary key violation: "PRIMARY KEY ON PUBLIC.TOUR(TOUR_ID) [101, 'BREST-MOSCOW', DATE '2021-08-01']"; SQL statement:
INSERT INTO TOUR (TOUR_ID, DIRECTION, DATE_TOUR) VALUES (101, 'BREST-MOSCOW', '2021-08-01'), (102, 'MINSK-ROME', '2021-08-01'), (103, 'MOSCOW-BARCELONA', '2021-06-15'), (104, 'MINSK-RIGA', '2021-07-02'), (105, 'MINSK-DUBAI', '2021-05-25') [23505-200]
	at org.springframework.beans.factory.support.ConstructorResolver.createArgumentArray(ConstructorResolver.java:800)
	at org.springframework.beans.factory.support.ConstructorResolver.autowireConstructor(ConstructorResolver.java:229)
	at org.springframework.beans.factory.support.AbstractAutowireCapableBeanFactory.autowireConstructor(AbstractAutowireCapableBeanFactory.java:1354)
	at org.springframework.beans.factory.support.AbstractAutowireCapableBeanFactory.createBeanInstance(AbstractAutowireCapableBeanFactory.java:1204)
	at org.springframework.beans.factory.support.AbstractAutowireCapableBeanFactory.doCreateBean(AbstractAutowireCapableBeanFactory.java:564)
	at org.springframework.beans.factory.support.AbstractAutowireCapableBeanFactory.createBean(AbstractAutowireCapableBeanFactory.java:524)
	at org.springframework.beans.factory.support.AbstractBeanFactory.lambda$doGetBean$0(AbstractBeanFactory.java:335)
	at org.springframework.beans.factory.support.DefaultSingletonBeanRegistry.getSingleton(DefaultSingletonBeanRegistry.java:234)
	at org.springframework.beans.factory.support.AbstractBeanFactory.doGetBean(AbstractBeanFactory.java:333)
	at org.springframework.beans.factory.support.AbstractBeanFactory.getBean(AbstractBeanFactory.java:208)
	at org.springframework.beans.factory.config.DependencyDescriptor.resolveCandidate(DependencyDescriptor.java:276)
	at org.springframework.beans.factory.support.DefaultListableBeanFactory.doResolveDependency(DefaultListableBeanFactory.java:1380)
	at org.springframework.beans.factory.support.DefaultListableBeanFactory.resolveDependency(DefaultListableBeanFactory.java:1300)
	at org.springframework.beans.factory.support.ConstructorResolver.resolveAutowiredArgument(ConstructorResolver.java:887)
	at org.springframework.beans.factory.support.ConstructorResolver.createArgumentArray(ConstructorResolver.java:791)
	... 89 common frames omitted
Caused by: org.springframework.beans.factory.UnsatisfiedDependencyException: Error creating bean with name 'tourDtoDaoJdbc' defined in URL [jar:file:/home/artem/IdeaProjects/aderenchuk-travel.agency/dao/target/dao-1.0-SNAPSHOT.jar!/com/aderenchuk/brest/dao/jdbc/TourDtoDaoJdbc.class]: Unsatisfied dependency expressed through constructor parameter 0; nested exception is org.springframework.beans.factory.BeanCreationException: Error creating bean with name 'dataSource': Post-processing of FactoryBean's singleton object failed; nested exception is org.springframework.beans.factory.BeanCreationException: Error creating bean with name 'org.springframework.boot.autoconfigure.jdbc.DataSourceInitializerInvoker': Invocation of init method failed; nested exception is org.springframework.jdbc.datasource.init.ScriptStatementFailedException: Failed to execute SQL script statement #1 of URL [jar:file:/home/artem/IdeaProjects/aderenchuk-travel.agency/test-db/target/test-db-1.0-SNAPSHOT.jar!/data.sql]: INSERT INTO TOUR (TOUR_ID, DIRECTION, DATE_TOUR) VALUES (101, 'BREST-MOSCOW', '2021-08-01'), (102, 'MINSK-ROME', '2021-08-01'), (103, 'MOSCOW-BARCELONA', '2021-06-15'), (104, 'MINSK-RIGA', '2021-07-02'), (105, 'MINSK-DUBAI', '2021-05-25'); nested exception is org.h2.jdbc.JdbcSQLIntegrityConstraintViolationException: Нарушение уникального индекса или первичного ключа: "PRIMARY KEY ON PUBLIC.TOUR(TOUR_ID) [101, 'BREST-MOSCOW', DATE '2021-08-01']"
Unique index or primary key violation: "PRIMARY KEY ON PUBLIC.TOUR(TOUR_ID) [101, 'BREST-MOSCOW', DATE '2021-08-01']"; SQL statement:
INSERT INTO TOUR (TOUR_ID, DIRECTION, DATE_TOUR) VALUES (101, 'BREST-MOSCOW', '2021-08-01'), (102, 'MINSK-ROME', '2021-08-01'), (103, 'MOSCOW-BARCELONA', '2021-06-15'), (104, 'MINSK-RIGA', '2021-07-02'), (105, 'MINSK-DUBAI', '2021-05-25') [23505-200]
	at org.springframework.beans.factory.support.ConstructorResolver.createArgumentArray(ConstructorResolver.java:800)
	at org.springframework.beans.factory.support.ConstructorResolver.autowireConstructor(ConstructorResolver.java:229)
	at org.springframework.beans.factory.support.AbstractAutowireCapableBeanFactory.autowireConstructor(AbstractAutowireCapableBeanFactory.java:1354)
	at org.springframework.beans.factory.support.AbstractAutowireCapableBeanFactory.createBeanInstance(AbstractAutowireCapableBeanFactory.java:1204)
	at org.springframework.beans.factory.support.AbstractAutowireCapableBeanFactory.doCreateBean(AbstractAutowireCapableBeanFactory.java:564)
	at org.springframework.beans.factory.support.AbstractAutowireCapableBeanFactory.createBean(AbstractAutowireCapableBeanFactory.java:524)
	at org.springframework.beans.factory.support.AbstractBeanFactory.lambda$doGetBean$0(AbstractBeanFactory.java:335)
	at org.springframework.beans.factory.support.DefaultSingletonBeanRegistry.getSingleton(DefaultSingletonBeanRegistry.java:234)
	at org.springframework.beans.factory.support.AbstractBeanFactory.doGetBean(AbstractBeanFactory.java:333)
	at org.springframework.beans.factory.support.AbstractBeanFactory.getBean(AbstractBeanFactory.java:208)
	at org.springframework.beans.factory.config.DependencyDescriptor.resolveCandidate(DependencyDescriptor.java:276)
	at org.springframework.beans.factory.support.DefaultListableBeanFactory.doResolveDependency(DefaultListableBeanFactory.java:1380)
	at org.springframework.beans.factory.support.DefaultListableBeanFactory.resolveDependency(DefaultListableBeanFactory.java:1300)
	at org.springframework.beans.factory.support.ConstructorResolver.resolveAutowiredArgument(ConstructorResolver.java:887)
	at org.springframework.beans.factory.support.ConstructorResolver.createArgumentArray(ConstructorResolver.java:791)
	... 103 common frames omitted
Caused by: org.springframework.beans.factory.BeanCreationException: Error creating bean with name 'dataSource': Post-processing of FactoryBean's singleton object failed; nested exception is org.springframework.beans.factory.BeanCreationException: Error creating bean with name 'org.springframework.boot.autoconfigure.jdbc.DataSourceInitializerInvoker': Invocation of init method failed; nested exception is org.springframework.jdbc.datasource.init.ScriptStatementFailedException: Failed to execute SQL script statement #1 of URL [jar:file:/home/artem/IdeaProjects/aderenchuk-travel.agency/test-db/target/test-db-1.0-SNAPSHOT.jar!/data.sql]: INSERT INTO TOUR (TOUR_ID, DIRECTION, DATE_TOUR) VALUES (101, 'BREST-MOSCOW', '2021-08-01'), (102, 'MINSK-ROME', '2021-08-01'), (103, 'MOSCOW-BARCELONA', '2021-06-15'), (104, 'MINSK-RIGA', '2021-07-02'), (105, 'MINSK-DUBAI', '2021-05-25'); nested exception is org.h2.jdbc.JdbcSQLIntegrityConstraintViolationException: Нарушение уникального индекса или первичного ключа: "PRIMARY KEY ON PUBLIC.TOUR(TOUR_ID) [101, 'BREST-MOSCOW', DATE '2021-08-01']"
Unique index or primary key violation: "PRIMARY KEY ON PUBLIC.TOUR(TOUR_ID) [101, 'BREST-MOSCOW', DATE '2021-08-01']"; SQL statement:
INSERT INTO TOUR (TOUR_ID, DIRECTION, DATE_TOUR) VALUES (101, 'BREST-MOSCOW', '2021-08-01'), (102, 'MINSK-ROME', '2021-08-01'), (103, 'MOSCOW-BARCELONA', '2021-06-15'), (104, 'MINSK-RIGA', '2021-07-02'), (105, 'MINSK-DUBAI', '2021-05-25') [23505-200]
	at org.springframework.beans.factory.support.FactoryBeanRegistrySupport.getObjectFromFactoryBean(FactoryBeanRegistrySupport.java:119)
	at org.springframework.beans.factory.support.AbstractBeanFactory.getObjectForBeanInstance(AbstractBeanFactory.java:1884)
	at org.springframework.beans.factory.support.AbstractAutowireCapableBeanFactory.getObjectForBeanInstance(AbstractAutowireCapableBeanFactory.java:1266)
	at org.springframework.beans.factory.support.AbstractBeanFactory.doGetBean(AbstractBeanFactory.java:345)
	at org.springframework.beans.factory.support.AbstractBeanFactory.getBean(AbstractBeanFactory.java:208)
	at org.springframework.beans.factory.config.DependencyDescriptor.resolveCandidate(DependencyDescriptor.java:276)
	at org.springframework.beans.factory.support.DefaultListableBeanFactory.doResolveDependency(DefaultListableBeanFactory.java:1380)
	at org.springframework.beans.factory.support.DefaultListableBeanFactory.resolveDependency(DefaultListableBeanFactory.java:1300)
	at org.springframework.beans.factory.support.ConstructorResolver.resolveAutowiredArgument(ConstructorResolver.java:887)
	at org.springframework.beans.factory.support.ConstructorResolver.createArgumentArray(ConstructorResolver.java:791)
	... 117 common frames omitted
Caused by: org.springframework.beans.factory.BeanCreationException: Error creating bean with name 'org.springframework.boot.autoconfigure.jdbc.DataSourceInitializerInvoker': Invocation of init method failed; nested exception is org.springframework.jdbc.datasource.init.ScriptStatementFailedException: Failed to execute SQL script statement #1 of URL [jar:file:/home/artem/IdeaProjects/aderenchuk-travel.agency/test-db/target/test-db-1.0-SNAPSHOT.jar!/data.sql]: INSERT INTO TOUR (TOUR_ID, DIRECTION, DATE_TOUR) VALUES (101, 'BREST-MOSCOW', '2021-08-01'), (102, 'MINSK-ROME', '2021-08-01'), (103, 'MOSCOW-BARCELONA', '2021-06-15'), (104, 'MINSK-RIGA', '2021-07-02'), (105, 'MINSK-DUBAI', '2021-05-25'); nested exception is org.h2.jdbc.JdbcSQLIntegrityConstraintViolationException: Нарушение уникального индекса или первичного ключа: "PRIMARY KEY ON PUBLIC.TOUR(TOUR_ID) [101, 'BREST-MOSCOW', DATE '2021-08-01']"
Unique index or primary key violation: "PRIMARY KEY ON PUBLIC.TOUR(TOUR_ID) [101, 'BREST-MOSCOW', DATE '2021-08-01']"; SQL statement:
INSERT INTO TOUR (TOUR_ID, DIRECTION, DATE_TOUR) VALUES (101, 'BREST-MOSCOW', '2021-08-01'), (102, 'MINSK-ROME', '2021-08-01'), (103, 'MOSCOW-BARCELONA', '2021-06-15'), (104, 'MINSK-RIGA', '2021-07-02'), (105, 'MINSK-DUBAI', '2021-05-25') [23505-200]
	at org.springframework.beans.factory.support.AbstractAutowireCapableBeanFactory.initializeBean(AbstractAutowireCapableBeanFactory.java:1786)
	at org.springframework.beans.factory.support.AbstractAutowireCapableBeanFactory.doCreateBean(AbstractAutowireCapableBeanFactory.java:602)
	at org.springframework.beans.factory.support.AbstractAutowireCapableBeanFactory.createBean(AbstractAutowireCapableBeanFactory.java:524)
	at org.springframework.beans.factory.support.AbstractBeanFactory.lambda$doGetBean$0(AbstractBeanFactory.java:335)
	at org.springframework.beans.factory.support.DefaultSingletonBeanRegistry.getSingleton(DefaultSingletonBeanRegistry.java:234)
	at org.springframework.beans.factory.support.AbstractBeanFactory.doGetBean(AbstractBeanFactory.java:333)
	at org.springframework.beans.factory.support.AbstractBeanFactory.getBean(AbstractBeanFactory.java:233)
	at org.springframework.beans.factory.support.DefaultListableBeanFactory.resolveNamedBean(DefaultListableBeanFactory.java:1273)
	at org.springframework.beans.factory.support.DefaultListableBeanFactory.resolveNamedBean(DefaultListableBeanFactory.java:1234)
	at org.springframework.beans.factory.support.DefaultListableBeanFactory.resolveBean(DefaultListableBeanFactory.java:494)
	at org.springframework.beans.factory.support.DefaultListableBeanFactory.getBean(DefaultListableBeanFactory.java:349)
	at org.springframework.beans.factory.support.DefaultListableBeanFactory.getBean(DefaultListableBeanFactory.java:342)
	at org.springframework.boot.autoconfigure.jdbc.DataSourceInitializerPostProcessor.postProcessAfterInitialization(DataSourceInitializerPostProcessor.java:51)
	at org.springframework.beans.factory.support.AbstractAutowireCapableBeanFactory.applyBeanPostProcessorsAfterInitialization(AbstractAutowireCapableBeanFactory.java:437)
	at org.springframework.beans.factory.support.AbstractAutowireCapableBeanFactory.postProcessObjectFromFactoryBean(AbstractAutowireCapableBeanFactory.java:1929)
	at org.springframework.beans.factory.support.FactoryBeanRegistrySupport.getObjectFromFactoryBean(FactoryBeanRegistrySupport.java:116)
	... 126 common frames omitted
Caused by: org.springframework.jdbc.datasource.init.ScriptStatementFailedException: Failed to execute SQL script statement #1 of URL [jar:file:/home/artem/IdeaProjects/aderenchuk-travel.agency/test-db/target/test-db-1.0-SNAPSHOT.jar!/data.sql]: INSERT INTO TOUR (TOUR_ID, DIRECTION, DATE_TOUR) VALUES (101, 'BREST-MOSCOW', '2021-08-01'), (102, 'MINSK-ROME', '2021-08-01'), (103, 'MOSCOW-BARCELONA', '2021-06-15'), (104, 'MINSK-RIGA', '2021-07-02'), (105, 'MINSK-DUBAI', '2021-05-25'); nested exception is org.h2.jdbc.JdbcSQLIntegrityConstraintViolationException: Нарушение уникального индекса или первичного ключа: "PRIMARY KEY ON PUBLIC.TOUR(TOUR_ID) [101, 'BREST-MOSCOW', DATE '2021-08-01']"
Unique index or primary key violation: "PRIMARY KEY ON PUBLIC.TOUR(TOUR_ID) [101, 'BREST-MOSCOW', DATE '2021-08-01']"; SQL statement:
INSERT INTO TOUR (TOUR_ID, DIRECTION, DATE_TOUR) VALUES (101, 'BREST-MOSCOW', '2021-08-01'), (102, 'MINSK-ROME', '2021-08-01'), (103, 'MOSCOW-BARCELONA', '2021-06-15'), (104, 'MINSK-RIGA', '2021-07-02'), (105, 'MINSK-DUBAI', '2021-05-25') [23505-200]
	at org.springframework.jdbc.datasource.init.ScriptUtils.executeSqlScript(ScriptUtils.java:622)
	at org.springframework.jdbc.datasource.init.ResourceDatabasePopulator.populate(ResourceDatabasePopulator.java:254)
	at org.springframework.jdbc.datasource.init.DatabasePopulatorUtils.execute(DatabasePopulatorUtils.java:49)
	at org.springframework.boot.autoconfigure.jdbc.DataSourceInitializer.runScripts(DataSourceInitializer.java:202)
	at org.springframework.boot.autoconfigure.jdbc.DataSourceInitializer.initSchema(DataSourceInitializer.java:119)
	at org.springframework.boot.autoconfigure.jdbc.DataSourceInitializerInvoker.onApplicationEvent(DataSourceInitializerInvoker.java:91)
	at org.springframework.boot.autoconfigure.jdbc.DataSourceInitializerInvoker.onApplicationEvent(DataSourceInitializerInvoker.java:38)
	at org.springframework.context.event.SimpleApplicationEventMulticaster.doInvokeListener(SimpleApplicationEventMulticaster.java:176)
	at org.springframework.context.event.SimpleApplicationEventMulticaster.invokeListener(SimpleApplicationEventMulticaster.java:169)
	at org.springframework.context.event.SimpleApplicationEventMulticaster.multicastEvent(SimpleApplicationEventMulticaster.java:143)
	at org.springframework.context.support.AbstractApplicationContext.publishEvent(AbstractApplicationContext.java:421)
	at org.springframework.context.support.AbstractApplicationContext.publishEvent(AbstractApplicationContext.java:378)
	at org.springframework.boot.autoconfigure.jdbc.DataSourceInitializerInvoker.initialize(DataSourceInitializerInvoker.java:72)
	at org.springframework.boot.autoconfigure.jdbc.DataSourceInitializerInvoker.afterPropertiesSet(DataSourceInitializerInvoker.java:65)
	at org.springframework.beans.factory.support.AbstractAutowireCapableBeanFactory.invokeInitMethods(AbstractAutowireCapableBeanFactory.java:1845)
	at org.springframework.beans.factory.support.AbstractAutowireCapableBeanFactory.initializeBean(AbstractAutowireCapableBeanFactory.java:1782)
	... 141 common frames omitted
Caused by: org.h2.jdbc.JdbcSQLIntegrityConstraintViolationException: Нарушение уникального индекса или первичного ключа: "PRIMARY KEY ON PUBLIC.TOUR(TOUR_ID) [101, 'BREST-MOSCOW', DATE '2021-08-01']"
Unique index or primary key violation: "PRIMARY KEY ON PUBLIC.TOUR(TOUR_ID) [101, 'BREST-MOSCOW', DATE '2021-08-01']"; SQL statement:
INSERT INTO TOUR (TOUR_ID, DIRECTION, DATE_TOUR) VALUES (101, 'BREST-MOSCOW', '2021-08-01'), (102, 'MINSK-ROME', '2021-08-01'), (103, 'MOSCOW-BARCELONA', '2021-06-15'), (104, 'MINSK-RIGA', '2021-07-02'), (105, 'MINSK-DUBAI', '2021-05-25') [23505-200]
	at org.h2.message.DbException.getJdbcSQLException(DbException.java:459)
	at org.h2.message.DbException.getJdbcSQLException(DbException.java:429)
	at org.h2.message.DbException.get(DbException.java:205)
	at org.h2.message.DbException.get(DbException.java:181)
	at org.h2.mvstore.db.MVPrimaryIndex.add(MVPrimaryIndex.java:127)
	at org.h2.mvstore.db.MVTable.addRow(MVTable.java:531)
	at org.h2.command.dml.Insert.insertRows(Insert.java:195)
	at org.h2.command.dml.Insert.update(Insert.java:151)
	at org.h2.command.CommandContainer.update(CommandContainer.java:198)
	at org.h2.command.Command.executeUpdate(Command.java:251)
	at org.h2.jdbc.JdbcStatement.executeInternal(JdbcStatement.java:228)
	at org.h2.jdbc.JdbcStatement.execute(JdbcStatement.java:201)
	at org.springframework.jdbc.datasource.init.ScriptUtils.executeSqlScript(ScriptUtils.java:601)
	... 156 common frames omitted

  .   ____          _            __ _ _
 /\\ / ___'_ __ _ _(_)_ __  __ _ \ \ \ \
( ( )\___ | '_ | '_| | '_ \/ _` | \ \ \ \
 \\/  ___)| |_)| | | | | || (_| |  ) ) ) )
  '  |____| .__|_| |_|_| |_\__, | / / / /
 =========|_|==============|___/=/_/_/_/
 :: Spring Boot ::                (v2.4.4)

22:11:44 [main] INFO  com.aderenchuk.brest.service.web_app.TourControllerIT - Starting TourControllerIT using Java 11.0.10 on artem-HP-Laptop-15-bs0xx with PID 35492 (started by artem in /home/artem/IdeaProjects/aderenchuk-travel.agency/web-app)
22:11:44 [main] INFO  com.aderenchuk.brest.service.web_app.TourControllerIT - Starting TourControllerIT using Java 11.0.10 on artem-HP-Laptop-15-bs0xx with PID 35492 (started by artem in /home/artem/IdeaProjects/aderenchuk-travel.agency/web-app)
22:11:44 [main] DEBUG com.aderenchuk.brest.service.web_app.TourControllerIT - Running with Spring Boot v2.4.4, Spring v5.3.5
22:11:44 [main] DEBUG com.aderenchuk.brest.service.web_app.TourControllerIT - Running with Spring Boot v2.4.4, Spring v5.3.5
22:11:44 [main] INFO  com.aderenchuk.brest.service.web_app.TourControllerIT - No active profile set, falling back to default profiles: default
22:11:44 [main] INFO  com.aderenchuk.brest.service.web_app.TourControllerIT - No active profile set, falling back to default profiles: default
22:11:44 [main] INFO  org.springframework.boot.test.autoconfigure.jdbc.TestDatabaseAutoConfiguration$EmbeddedDataSourceBeanFactoryPostProcessor - Replacing 'dataSource' DataSource bean with embedded version
22:11:45 [main] INFO  org.springframework.jdbc.datasource.embedded.EmbeddedDatabaseFactory - Starting embedded database: url='jdbc:h2:mem:8e0166b1-e622-4ab9-a1b8-fd7a5946806a;DB_CLOSE_DELAY=-1;DB_CLOSE_ON_EXIT=false', username='sa'
22:11:45 [main] WARN  org.springframework.context.annotation.AnnotationConfigApplicationContext - Exception encountered during context initialization - cancelling refresh attempt: org.springframework.beans.factory.UnsatisfiedDependencyException: Error creating bean with name 'tourController' defined in file [/home/artem/IdeaProjects/aderenchuk-travel.agency/web-app/target/classes/com/aderenchuk/brest/service/web_app/TourController.class]: Unsatisfied dependency expressed through constructor parameter 0; nested exception is org.springframework.beans.factory.UnsatisfiedDependencyException: Error creating bean with name 'tourDtoServiceImpl' defined in URL [jar:file:/home/artem/IdeaProjects/aderenchuk-travel.agency/service/target/service-1.0-SNAPSHOT.jar!/com/aderenchuk/brest/service/impl/TourDtoServiceImpl.class]: Unsatisfied dependency expressed through constructor parameter 0; nested exception is org.springframework.beans.factory.UnsatisfiedDependencyException: Error creating bean with name 'tourDtoDaoJdbc' defined in URL [jar:file:/home/artem/IdeaProjects/aderenchuk-travel.agency/dao/target/dao-1.0-SNAPSHOT.jar!/com/aderenchuk/brest/dao/jdbc/TourDtoDaoJdbc.class]: Unsatisfied dependency expressed through constructor parameter 0; nested exception is org.springframework.beans.factory.BeanCreationException: Error creating bean with name 'dataSource': Post-processing of FactoryBean's singleton object failed; nested exception is org.springframework.beans.factory.BeanCreationException: Error creating bean with name 'org.springframework.boot.autoconfigure.jdbc.DataSourceInitializerInvoker': Invocation of init method failed; nested exception is org.springframework.jdbc.datasource.init.ScriptStatementFailedException: Failed to execute SQL script statement #1 of URL [jar:file:/home/artem/IdeaProjects/aderenchuk-travel.agency/test-db/target/test-db-1.0-SNAPSHOT.jar!/data.sql]: INSERT INTO TOUR (TOUR_ID, DIRECTION, DATE_TOUR) VALUES (101, 'BREST-MOSCOW', '2021-08-01'), (102, 'MINSK-ROME', '2021-08-01'), (103, 'MOSCOW-BARCELONA', '2021-06-15'), (104, 'MINSK-RIGA', '2021-07-02'), (105, 'MINSK-DUBAI', '2021-05-25'); nested exception is org.h2.jdbc.JdbcSQLIntegrityConstraintViolationException: Нарушение уникального индекса или первичного ключа: "PRIMARY KEY ON PUBLIC.TOUR(TOUR_ID) [101, 'BREST-MOSCOW', DATE '2021-08-01']"
Unique index or primary key violation: "PRIMARY KEY ON PUBLIC.TOUR(TOUR_ID) [101, 'BREST-MOSCOW', DATE '2021-08-01']"; SQL statement:
INSERT INTO TOUR (TOUR_ID, DIRECTION, DATE_TOUR) VALUES (101, 'BREST-MOSCOW', '2021-08-01'), (102, 'MINSK-ROME', '2021-08-01'), (103, 'MOSCOW-BARCELONA', '2021-06-15'), (104, 'MINSK-RIGA', '2021-07-02'), (105, 'MINSK-DUBAI', '2021-05-25') [23505-200]
22:11:45 [main] INFO  org.springframework.boot.autoconfigure.logging.ConditionEvaluationReportLoggingListener - 

Error starting ApplicationContext. To display the conditions report re-run your application with 'debug' enabled.
22:11:45 [main] ERROR org.springframework.boot.SpringApplication - Application run failed
org.springframework.beans.factory.UnsatisfiedDependencyException: Error creating bean with name 'tourController' defined in file [/home/artem/IdeaProjects/aderenchuk-travel.agency/web-app/target/classes/com/aderenchuk/brest/service/web_app/TourController.class]: Unsatisfied dependency expressed through constructor parameter 0; nested exception is org.springframework.beans.factory.UnsatisfiedDependencyException: Error creating bean with name 'tourDtoServiceImpl' defined in URL [jar:file:/home/artem/IdeaProjects/aderenchuk-travel.agency/service/target/service-1.0-SNAPSHOT.jar!/com/aderenchuk/brest/service/impl/TourDtoServiceImpl.class]: Unsatisfied dependency expressed through constructor parameter 0; nested exception is org.springframework.beans.factory.UnsatisfiedDependencyException: Error creating bean with name 'tourDtoDaoJdbc' defined in URL [jar:file:/home/artem/IdeaProjects/aderenchuk-travel.agency/dao/target/dao-1.0-SNAPSHOT.jar!/com/aderenchuk/brest/dao/jdbc/TourDtoDaoJdbc.class]: Unsatisfied dependency expressed through constructor parameter 0; nested exception is org.springframework.beans.factory.BeanCreationException: Error creating bean with name 'dataSource': Post-processing of FactoryBean's singleton object failed; nested exception is org.springframework.beans.factory.BeanCreationException: Error creating bean with name 'org.springframework.boot.autoconfigure.jdbc.DataSourceInitializerInvoker': Invocation of init method failed; nested exception is org.springframework.jdbc.datasource.init.ScriptStatementFailedException: Failed to execute SQL script statement #1 of URL [jar:file:/home/artem/IdeaProjects/aderenchuk-travel.agency/test-db/target/test-db-1.0-SNAPSHOT.jar!/data.sql]: INSERT INTO TOUR (TOUR_ID, DIRECTION, DATE_TOUR) VALUES (101, 'BREST-MOSCOW', '2021-08-01'), (102, 'MINSK-ROME', '2021-08-01'), (103, 'MOSCOW-BARCELONA', '2021-06-15'), (104, 'MINSK-RIGA', '2021-07-02'), (105, 'MINSK-DUBAI', '2021-05-25'); nested exception is org.h2.jdbc.JdbcSQLIntegrityConstraintViolationException: Нарушение уникального индекса или первичного ключа: "PRIMARY KEY ON PUBLIC.TOUR(TOUR_ID) [101, 'BREST-MOSCOW', DATE '2021-08-01']"
Unique index or primary key violation: "PRIMARY KEY ON PUBLIC.TOUR(TOUR_ID) [101, 'BREST-MOSCOW', DATE '2021-08-01']"; SQL statement:
INSERT INTO TOUR (TOUR_ID, DIRECTION, DATE_TOUR) VALUES (101, 'BREST-MOSCOW', '2021-08-01'), (102, 'MINSK-ROME', '2021-08-01'), (103, 'MOSCOW-BARCELONA', '2021-06-15'), (104, 'MINSK-RIGA', '2021-07-02'), (105, 'MINSK-DUBAI', '2021-05-25') [23505-200]
	at org.springframework.beans.factory.support.ConstructorResolver.createArgumentArray(ConstructorResolver.java:800)
	at org.springframework.beans.factory.support.ConstructorResolver.autowireConstructor(ConstructorResolver.java:229)
	at org.springframework.beans.factory.support.AbstractAutowireCapableBeanFactory.autowireConstructor(AbstractAutowireCapableBeanFactory.java:1354)
	at org.springframework.beans.factory.support.AbstractAutowireCapableBeanFactory.createBeanInstance(AbstractAutowireCapableBeanFactory.java:1204)
	at org.springframework.beans.factory.support.AbstractAutowireCapableBeanFactory.doCreateBean(AbstractAutowireCapableBeanFactory.java:564)
	at org.springframework.beans.factory.support.AbstractAutowireCapableBeanFactory.createBean(AbstractAutowireCapableBeanFactory.java:524)
	at org.springframework.beans.factory.support.AbstractBeanFactory.lambda$doGetBean$0(AbstractBeanFactory.java:335)
	at org.springframework.beans.factory.support.DefaultSingletonBeanRegistry.getSingleton(DefaultSingletonBeanRegistry.java:234)
	at org.springframework.beans.factory.support.AbstractBeanFactory.doGetBean(AbstractBeanFactory.java:333)
	at org.springframework.beans.factory.support.AbstractBeanFactory.getBean(AbstractBeanFactory.java:208)
	at org.springframework.beans.factory.support.DefaultListableBeanFactory.preInstantiateSingletons(DefaultListableBeanFactory.java:944)
	at org.springframework.context.support.AbstractApplicationContext.finishBeanFactoryInitialization(AbstractApplicationContext.java:918)
	at org.springframework.context.support.AbstractApplicationContext.refresh(AbstractApplicationContext.java:583)
	at org.springframework.boot.SpringApplication.refresh(SpringApplication.java:769)
	at org.springframework.boot.SpringApplication.refresh(SpringApplication.java:761)
	at org.springframework.boot.SpringApplication.refreshContext(SpringApplication.java:426)
	at org.springframework.boot.SpringApplication.run(SpringApplication.java:326)
	at org.springframework.boot.test.context.SpringBootContextLoader.loadContext(SpringBootContextLoader.java:123)
	at org.springframework.test.context.cache.DefaultCacheAwareContextLoaderDelegate.loadContextInternal(DefaultCacheAwareContextLoaderDelegate.java:99)
	at org.springframework.test.context.cache.DefaultCacheAwareContextLoaderDelegate.loadContext(DefaultCacheAwareContextLoaderDelegate.java:124)
	at org.springframework.test.context.support.DefaultTestContext.getApplicationContext(DefaultTestContext.java:124)
	at org.springframework.boot.test.autoconfigure.SpringBootDependencyInjectionTestExecutionListener.outputConditionEvaluationReport(SpringBootDependencyInjectionTestExecutionListener.java:53)
	at org.springframework.boot.test.autoconfigure.SpringBootDependencyInjectionTestExecutionListener.prepareTestInstance(SpringBootDependencyInjectionTestExecutionListener.java:46)
	at org.springframework.test.context.TestContextManager.prepareTestInstance(TestContextManager.java:244)
	at org.springframework.test.context.junit.jupiter.SpringExtension.postProcessTestInstance(SpringExtension.java:138)
	at org.junit.jupiter.engine.descriptor.ClassBasedTestDescriptor.lambda$invokeTestInstancePostProcessors$6(ClassBasedTestDescriptor.java:350)
	at org.junit.jupiter.engine.descriptor.ClassBasedTestDescriptor.executeAndMaskThrowable(ClassBasedTestDescriptor.java:355)
	at org.junit.jupiter.engine.descriptor.ClassBasedTestDescriptor.lambda$invokeTestInstancePostProcessors$7(ClassBasedTestDescriptor.java:350)
	at java.base/java.util.stream.ReferencePipeline$3$1.accept(ReferencePipeline.java:195)
	at java.base/java.util.stream.ReferencePipeline$2$1.accept(ReferencePipeline.java:177)
	at java.base/java.util.ArrayList$ArrayListSpliterator.forEachRemaining(ArrayList.java:1655)
	at java.base/java.util.stream.AbstractPipeline.copyInto(AbstractPipeline.java:484)
	at java.base/java.util.stream.AbstractPipeline.wrapAndCopyInto(AbstractPipeline.java:474)
	at java.base/java.util.stream.StreamSpliterators$WrappingSpliterator.forEachRemaining(StreamSpliterators.java:312)
	at java.base/java.util.stream.Streams$ConcatSpliterator.forEachRemaining(Streams.java:735)
	at java.base/java.util.stream.Streams$ConcatSpliterator.forEachRemaining(Streams.java:734)
	at java.base/java.util.stream.ReferencePipeline$Head.forEach(ReferencePipeline.java:658)
	at org.junit.jupiter.engine.descriptor.ClassBasedTestDescriptor.invokeTestInstancePostProcessors(ClassBasedTestDescriptor.java:349)
	at org.junit.jupiter.engine.descriptor.ClassBasedTestDescriptor.lambda$instantiateAndPostProcessTestInstance$4(ClassBasedTestDescriptor.java:270)
	at org.junit.platform.engine.support.hierarchical.ThrowableCollector.execute(ThrowableCollector.java:73)
	at org.junit.jupiter.engine.descriptor.ClassBasedTestDescriptor.instantiateAndPostProcessTestInstance(ClassBasedTestDescriptor.java:269)
	at org.junit.jupiter.engine.descriptor.ClassBasedTestDescriptor.lambda$testInstancesProvider$2(ClassBasedTestDescriptor.java:259)
	at java.base/java.util.Optional.orElseGet(Optional.java:369)
	at org.junit.jupiter.engine.descriptor.ClassBasedTestDescriptor.lambda$testInstancesProvider$3(ClassBasedTestDescriptor.java:258)
	at org.junit.jupiter.engine.execution.TestInstancesProvider.getTestInstances(TestInstancesProvider.java:31)
	at org.junit.jupiter.engine.descriptor.TestMethodTestDescriptor.lambda$prepare$0(TestMethodTestDescriptor.java:101)
	at org.junit.platform.engine.support.hierarchical.ThrowableCollector.execute(ThrowableCollector.java:73)
	at org.junit.jupiter.engine.descriptor.TestMethodTestDescriptor.prepare(TestMethodTestDescriptor.java:100)
	at org.junit.jupiter.engine.descriptor.TestMethodTestDescriptor.prepare(TestMethodTestDescriptor.java:65)
	at org.junit.platform.engine.support.hierarchical.NodeTestTask.lambda$prepare$1(NodeTestTask.java:111)
	at org.junit.platform.engine.support.hierarchical.ThrowableCollector.execute(ThrowableCollector.java:73)
	at org.junit.platform.engine.support.hierarchical.NodeTestTask.prepare(NodeTestTask.java:111)
	at org.junit.platform.engine.support.hierarchical.NodeTestTask.execute(NodeTestTask.java:79)
	at java.base/java.util.ArrayList.forEach(ArrayList.java:1541)
	at org.junit.platform.engine.support.hierarchical.SameThreadHierarchicalTestExecutorService.invokeAll(SameThreadHierarchicalTestExecutorService.java:38)
	at org.junit.platform.engine.support.hierarchical.NodeTestTask.lambda$executeRecursively$5(NodeTestTask.java:143)
	at org.junit.platform.engine.support.hierarchical.ThrowableCollector.execute(ThrowableCollector.java:73)
	at org.junit.platform.engine.support.hierarchical.NodeTestTask.lambda$executeRecursively$7(NodeTestTask.java:129)
	at org.junit.platform.engine.support.hierarchical.Node.around(Node.java:137)
	at org.junit.platform.engine.support.hierarchical.NodeTestTask.lambda$executeRecursively$8(NodeTestTask.java:127)
	at org.junit.platform.engine.support.hierarchical.ThrowableCollector.execute(ThrowableCollector.java:73)
	at org.junit.platform.engine.support.hierarchical.NodeTestTask.executeRecursively(NodeTestTask.java:126)
	at org.junit.platform.engine.support.hierarchical.NodeTestTask.execute(NodeTestTask.java:84)
	at java.base/java.util.ArrayList.forEach(ArrayList.java:1541)
	at org.junit.platform.engine.support.hierarchical.SameThreadHierarchicalTestExecutorService.invokeAll(SameThreadHierarchicalTestExecutorService.java:38)
	at org.junit.platform.engine.support.hierarchical.NodeTestTask.lambda$executeRecursively$5(NodeTestTask.java:143)
	at org.junit.platform.engine.support.hierarchical.ThrowableCollector.execute(ThrowableCollector.java:73)
	at org.junit.platform.engine.support.hierarchical.NodeTestTask.lambda$executeRecursively$7(NodeTestTask.java:129)
	at org.junit.platform.engine.support.hierarchical.Node.around(Node.java:137)
	at org.junit.platform.engine.support.hierarchical.NodeTestTask.lambda$executeRecursively$8(NodeTestTask.java:127)
	at org.junit.platform.engine.support.hierarchical.ThrowableCollector.execute(ThrowableCollector.java:73)
	at org.junit.platform.engine.support.hierarchical.NodeTestTask.executeRecursively(NodeTestTask.java:126)
	at org.junit.platform.engine.support.hierarchical.NodeTestTask.execute(NodeTestTask.java:84)
	at org.junit.platform.engine.support.hierarchical.SameThreadHierarchicalTestExecutorService.submit(SameThreadHierarchicalTestExecutorService.java:32)
	at org.junit.platform.engine.support.hierarchical.HierarchicalTestExecutor.execute(HierarchicalTestExecutor.java:57)
	at org.junit.platform.engine.support.hierarchical.HierarchicalTestEngine.execute(HierarchicalTestEngine.java:51)
	at org.junit.platform.launcher.core.EngineExecutionOrchestrator.execute(EngineExecutionOrchestrator.java:108)
	at org.junit.platform.launcher.core.EngineExecutionOrchestrator.execute(EngineExecutionOrchestrator.java:88)
	at org.junit.platform.launcher.core.EngineExecutionOrchestrator.lambda$execute$0(EngineExecutionOrchestrator.java:54)
	at org.junit.platform.launcher.core.EngineExecutionOrchestrator.withInterceptedStreams(EngineExecutionOrchestrator.java:67)
	at org.junit.platform.launcher.core.EngineExecutionOrchestrator.execute(EngineExecutionOrchestrator.java:52)
	at org.junit.platform.launcher.core.DefaultLauncher.execute(DefaultLauncher.java:96)
	at org.junit.platform.launcher.core.DefaultLauncher.execute(DefaultLauncher.java:75)
	at org.apache.maven.surefire.junitplatform.JUnitPlatformProvider.invokeAllTests(JUnitPlatformProvider.java:154)
	at org.apache.maven.surefire.junitplatform.JUnitPlatformProvider.invoke(JUnitPlatformProvider.java:127)
	at org.apache.maven.surefire.booter.ForkedBooter.runSuitesInProcess(ForkedBooter.java:377)
	at org.apache.maven.surefire.booter.ForkedBooter.execute(ForkedBooter.java:138)
	at org.apache.maven.surefire.booter.ForkedBooter.run(ForkedBooter.java:465)
	at org.apache.maven.surefire.booter.ForkedBooter.main(ForkedBooter.java:451)
Caused by: org.springframework.beans.factory.UnsatisfiedDependencyException: Error creating bean with name 'tourDtoServiceImpl' defined in URL [jar:file:/home/artem/IdeaProjects/aderenchuk-travel.agency/service/target/service-1.0-SNAPSHOT.jar!/com/aderenchuk/brest/service/impl/TourDtoServiceImpl.class]: Unsatisfied dependency expressed through constructor parameter 0; nested exception is org.springframework.beans.factory.UnsatisfiedDependencyException: Error creating bean with name 'tourDtoDaoJdbc' defined in URL [jar:file:/home/artem/IdeaProjects/aderenchuk-travel.agency/dao/target/dao-1.0-SNAPSHOT.jar!/com/aderenchuk/brest/dao/jdbc/TourDtoDaoJdbc.class]: Unsatisfied dependency expressed through constructor parameter 0; nested exception is org.springframework.beans.factory.BeanCreationException: Error creating bean with name 'dataSource': Post-processing of FactoryBean's singleton object failed; nested exception is org.springframework.beans.factory.BeanCreationException: Error creating bean with name 'org.springframework.boot.autoconfigure.jdbc.DataSourceInitializerInvoker': Invocation of init method failed; nested exception is org.springframework.jdbc.datasource.init.ScriptStatementFailedException: Failed to execute SQL script statement #1 of URL [jar:file:/home/artem/IdeaProjects/aderenchuk-travel.agency/test-db/target/test-db-1.0-SNAPSHOT.jar!/data.sql]: INSERT INTO TOUR (TOUR_ID, DIRECTION, DATE_TOUR) VALUES (101, 'BREST-MOSCOW', '2021-08-01'), (102, 'MINSK-ROME', '2021-08-01'), (103, 'MOSCOW-BARCELONA', '2021-06-15'), (104, 'MINSK-RIGA', '2021-07-02'), (105, 'MINSK-DUBAI', '2021-05-25'); nested exception is org.h2.jdbc.JdbcSQLIntegrityConstraintViolationException: Нарушение уникального индекса или первичного ключа: "PRIMARY KEY ON PUBLIC.TOUR(TOUR_ID) [101, 'BREST-MOSCOW', DATE '2021-08-01']"
Unique index or primary key violation: "PRIMARY KEY ON PUBLIC.TOUR(TOUR_ID) [101, 'BREST-MOSCOW', DATE '2021-08-01']"; SQL statement:
INSERT INTO TOUR (TOUR_ID, DIRECTION, DATE_TOUR) VALUES (101, 'BREST-MOSCOW', '2021-08-01'), (102, 'MINSK-ROME', '2021-08-01'), (103, 'MOSCOW-BARCELONA', '2021-06-15'), (104, 'MINSK-RIGA', '2021-07-02'), (105, 'MINSK-DUBAI', '2021-05-25') [23505-200]
	at org.springframework.beans.factory.support.ConstructorResolver.createArgumentArray(ConstructorResolver.java:800)
	at org.springframework.beans.factory.support.ConstructorResolver.autowireConstructor(ConstructorResolver.java:229)
	at org.springframework.beans.factory.support.AbstractAutowireCapableBeanFactory.autowireConstructor(AbstractAutowireCapableBeanFactory.java:1354)
	at org.springframework.beans.factory.support.AbstractAutowireCapableBeanFactory.createBeanInstance(AbstractAutowireCapableBeanFactory.java:1204)
	at org.springframework.beans.factory.support.AbstractAutowireCapableBeanFactory.doCreateBean(AbstractAutowireCapableBeanFactory.java:564)
	at org.springframework.beans.factory.support.AbstractAutowireCapableBeanFactory.createBean(AbstractAutowireCapableBeanFactory.java:524)
	at org.springframework.beans.factory.support.AbstractBeanFactory.lambda$doGetBean$0(AbstractBeanFactory.java:335)
	at org.springframework.beans.factory.support.DefaultSingletonBeanRegistry.getSingleton(DefaultSingletonBeanRegistry.java:234)
	at org.springframework.beans.factory.support.AbstractBeanFactory.doGetBean(AbstractBeanFactory.java:333)
	at org.springframework.beans.factory.support.AbstractBeanFactory.getBean(AbstractBeanFactory.java:208)
	at org.springframework.beans.factory.config.DependencyDescriptor.resolveCandidate(DependencyDescriptor.java:276)
	at org.springframework.beans.factory.support.DefaultListableBeanFactory.doResolveDependency(DefaultListableBeanFactory.java:1380)
	at org.springframework.beans.factory.support.DefaultListableBeanFactory.resolveDependency(DefaultListableBeanFactory.java:1300)
	at org.springframework.beans.factory.support.ConstructorResolver.resolveAutowiredArgument(ConstructorResolver.java:887)
	at org.springframework.beans.factory.support.ConstructorResolver.createArgumentArray(ConstructorResolver.java:791)
	... 88 common frames omitted
Caused by: org.springframework.beans.factory.UnsatisfiedDependencyException: Error creating bean with name 'tourDtoDaoJdbc' defined in URL [jar:file:/home/artem/IdeaProjects/aderenchuk-travel.agency/dao/target/dao-1.0-SNAPSHOT.jar!/com/aderenchuk/brest/dao/jdbc/TourDtoDaoJdbc.class]: Unsatisfied dependency expressed through constructor parameter 0; nested exception is org.springframework.beans.factory.BeanCreationException: Error creating bean with name 'dataSource': Post-processing of FactoryBean's singleton object failed; nested exception is org.springframework.beans.factory.BeanCreationException: Error creating bean with name 'org.springframework.boot.autoconfigure.jdbc.DataSourceInitializerInvoker': Invocation of init method failed; nested exception is org.springframework.jdbc.datasource.init.ScriptStatementFailedException: Failed to execute SQL script statement #1 of URL [jar:file:/home/artem/IdeaProjects/aderenchuk-travel.agency/test-db/target/test-db-1.0-SNAPSHOT.jar!/data.sql]: INSERT INTO TOUR (TOUR_ID, DIRECTION, DATE_TOUR) VALUES (101, 'BREST-MOSCOW', '2021-08-01'), (102, 'MINSK-ROME', '2021-08-01'), (103, 'MOSCOW-BARCELONA', '2021-06-15'), (104, 'MINSK-RIGA', '2021-07-02'), (105, 'MINSK-DUBAI', '2021-05-25'); nested exception is org.h2.jdbc.JdbcSQLIntegrityConstraintViolationException: Нарушение уникального индекса или первичного ключа: "PRIMARY KEY ON PUBLIC.TOUR(TOUR_ID) [101, 'BREST-MOSCOW', DATE '2021-08-01']"
Unique index or primary key violation: "PRIMARY KEY ON PUBLIC.TOUR(TOUR_ID) [101, 'BREST-MOSCOW', DATE '2021-08-01']"; SQL statement:
INSERT INTO TOUR (TOUR_ID, DIRECTION, DATE_TOUR) VALUES (101, 'BREST-MOSCOW', '2021-08-01'), (102, 'MINSK-ROME', '2021-08-01'), (103, 'MOSCOW-BARCELONA', '2021-06-15'), (104, 'MINSK-RIGA', '2021-07-02'), (105, 'MINSK-DUBAI', '2021-05-25') [23505-200]
	at org.springframework.beans.factory.support.ConstructorResolver.createArgumentArray(ConstructorResolver.java:800)
	at org.springframework.beans.factory.support.ConstructorResolver.autowireConstructor(ConstructorResolver.java:229)
	at org.springframework.beans.factory.support.AbstractAutowireCapableBeanFactory.autowireConstructor(AbstractAutowireCapableBeanFactory.java:1354)
	at org.springframework.beans.factory.support.AbstractAutowireCapableBeanFactory.createBeanInstance(AbstractAutowireCapableBeanFactory.java:1204)
	at org.springframework.beans.factory.support.AbstractAutowireCapableBeanFactory.doCreateBean(AbstractAutowireCapableBeanFactory.java:564)
	at org.springframework.beans.factory.support.AbstractAutowireCapableBeanFactory.createBean(AbstractAutowireCapableBeanFactory.java:524)
	at org.springframework.beans.factory.support.AbstractBeanFactory.lambda$doGetBean$0(AbstractBeanFactory.java:335)
	at org.springframework.beans.factory.support.DefaultSingletonBeanRegistry.getSingleton(DefaultSingletonBeanRegistry.java:234)
	at org.springframework.beans.factory.support.AbstractBeanFactory.doGetBean(AbstractBeanFactory.java:333)
	at org.springframework.beans.factory.support.AbstractBeanFactory.getBean(AbstractBeanFactory.java:208)
	at org.springframework.beans.factory.config.DependencyDescriptor.resolveCandidate(DependencyDescriptor.java:276)
	at org.springframework.beans.factory.support.DefaultListableBeanFactory.doResolveDependency(DefaultListableBeanFactory.java:1380)
	at org.springframework.beans.factory.support.DefaultListableBeanFactory.resolveDependency(DefaultListableBeanFactory.java:1300)
	at org.springframework.beans.factory.support.ConstructorResolver.resolveAutowiredArgument(ConstructorResolver.java:887)
	at org.springframework.beans.factory.support.ConstructorResolver.createArgumentArray(ConstructorResolver.java:791)
	... 102 common frames omitted
Caused by: org.springframework.beans.factory.BeanCreationException: Error creating bean with name 'dataSource': Post-processing of FactoryBean's singleton object failed; nested exception is org.springframework.beans.factory.BeanCreationException: Error creating bean with name 'org.springframework.boot.autoconfigure.jdbc.DataSourceInitializerInvoker': Invocation of init method failed; nested exception is org.springframework.jdbc.datasource.init.ScriptStatementFailedException: Failed to execute SQL script statement #1 of URL [jar:file:/home/artem/IdeaProjects/aderenchuk-travel.agency/test-db/target/test-db-1.0-SNAPSHOT.jar!/data.sql]: INSERT INTO TOUR (TOUR_ID, DIRECTION, DATE_TOUR) VALUES (101, 'BREST-MOSCOW', '2021-08-01'), (102, 'MINSK-ROME', '2021-08-01'), (103, 'MOSCOW-BARCELONA', '2021-06-15'), (104, 'MINSK-RIGA', '2021-07-02'), (105, 'MINSK-DUBAI', '2021-05-25'); nested exception is org.h2.jdbc.JdbcSQLIntegrityConstraintViolationException: Нарушение уникального индекса или первичного ключа: "PRIMARY KEY ON PUBLIC.TOUR(TOUR_ID) [101, 'BREST-MOSCOW', DATE '2021-08-01']"
Unique index or primary key violation: "PRIMARY KEY ON PUBLIC.TOUR(TOUR_ID) [101, 'BREST-MOSCOW', DATE '2021-08-01']"; SQL statement:
INSERT INTO TOUR (TOUR_ID, DIRECTION, DATE_TOUR) VALUES (101, 'BREST-MOSCOW', '2021-08-01'), (102, 'MINSK-ROME', '2021-08-01'), (103, 'MOSCOW-BARCELONA', '2021-06-15'), (104, 'MINSK-RIGA', '2021-07-02'), (105, 'MINSK-DUBAI', '2021-05-25') [23505-200]
	at org.springframework.beans.factory.support.FactoryBeanRegistrySupport.getObjectFromFactoryBean(FactoryBeanRegistrySupport.java:119)
	at org.springframework.beans.factory.support.AbstractBeanFactory.getObjectForBeanInstance(AbstractBeanFactory.java:1884)
	at org.springframework.beans.factory.support.AbstractAutowireCapableBeanFactory.getObjectForBeanInstance(AbstractAutowireCapableBeanFactory.java:1266)
	at org.springframework.beans.factory.support.AbstractBeanFactory.doGetBean(AbstractBeanFactory.java:345)
	at org.springframework.beans.factory.support.AbstractBeanFactory.getBean(AbstractBeanFactory.java:208)
	at org.springframework.beans.factory.config.DependencyDescriptor.resolveCandidate(DependencyDescriptor.java:276)
	at org.springframework.beans.factory.support.DefaultListableBeanFactory.doResolveDependency(DefaultListableBeanFactory.java:1380)
	at org.springframework.beans.factory.support.DefaultListableBeanFactory.resolveDependency(DefaultListableBeanFactory.java:1300)
	at org.springframework.beans.factory.support.ConstructorResolver.resolveAutowiredArgument(ConstructorResolver.java:887)
	at org.springframework.beans.factory.support.ConstructorResolver.createArgumentArray(ConstructorResolver.java:791)
	... 116 common frames omitted
Caused by: org.springframework.beans.factory.BeanCreationException: Error creating bean with name 'org.springframework.boot.autoconfigure.jdbc.DataSourceInitializerInvoker': Invocation of init method failed; nested exception is org.springframework.jdbc.datasource.init.ScriptStatementFailedException: Failed to execute SQL script statement #1 of URL [jar:file:/home/artem/IdeaProjects/aderenchuk-travel.agency/test-db/target/test-db-1.0-SNAPSHOT.jar!/data.sql]: INSERT INTO TOUR (TOUR_ID, DIRECTION, DATE_TOUR) VALUES (101, 'BREST-MOSCOW', '2021-08-01'), (102, 'MINSK-ROME', '2021-08-01'), (103, 'MOSCOW-BARCELONA', '2021-06-15'), (104, 'MINSK-RIGA', '2021-07-02'), (105, 'MINSK-DUBAI', '2021-05-25'); nested exception is org.h2.jdbc.JdbcSQLIntegrityConstraintViolationException: Нарушение уникального индекса или первичного ключа: "PRIMARY KEY ON PUBLIC.TOUR(TOUR_ID) [101, 'BREST-MOSCOW', DATE '2021-08-01']"
Unique index or primary key violation: "PRIMARY KEY ON PUBLIC.TOUR(TOUR_ID) [101, 'BREST-MOSCOW', DATE '2021-08-01']"; SQL statement:
INSERT INTO TOUR (TOUR_ID, DIRECTION, DATE_TOUR) VALUES (101, 'BREST-MOSCOW', '2021-08-01'), (102, 'MINSK-ROME', '2021-08-01'), (103, 'MOSCOW-BARCELONA', '2021-06-15'), (104, 'MINSK-RIGA', '2021-07-02'), (105, 'MINSK-DUBAI', '2021-05-25') [23505-200]
	at org.springframework.beans.factory.support.AbstractAutowireCapableBeanFactory.initializeBean(AbstractAutowireCapableBeanFactory.java:1786)
	at org.springframework.beans.factory.support.AbstractAutowireCapableBeanFactory.doCreateBean(AbstractAutowireCapableBeanFactory.java:602)
	at org.springframework.beans.factory.support.AbstractAutowireCapableBeanFactory.createBean(AbstractAutowireCapableBeanFactory.java:524)
	at org.springframework.beans.factory.support.AbstractBeanFactory.lambda$doGetBean$0(AbstractBeanFactory.java:335)
	at org.springframework.beans.factory.support.DefaultSingletonBeanRegistry.getSingleton(DefaultSingletonBeanRegistry.java:234)
	at org.springframework.beans.factory.support.AbstractBeanFactory.doGetBean(AbstractBeanFactory.java:333)
	at org.springframework.beans.factory.support.AbstractBeanFactory.getBean(AbstractBeanFactory.java:233)
	at org.springframework.beans.factory.support.DefaultListableBeanFactory.resolveNamedBean(DefaultListableBeanFactory.java:1273)
	at org.springframework.beans.factory.support.DefaultListableBeanFactory.resolveNamedBean(DefaultListableBeanFactory.java:1234)
	at org.springframework.beans.factory.support.DefaultListableBeanFactory.resolveBean(DefaultListableBeanFactory.java:494)
	at org.springframework.beans.factory.support.DefaultListableBeanFactory.getBean(DefaultListableBeanFactory.java:349)
	at org.springframework.beans.factory.support.DefaultListableBeanFactory.getBean(DefaultListableBeanFactory.java:342)
	at org.springframework.boot.autoconfigure.jdbc.DataSourceInitializerPostProcessor.postProcessAfterInitialization(DataSourceInitializerPostProcessor.java:51)
	at org.springframework.beans.factory.support.AbstractAutowireCapableBeanFactory.applyBeanPostProcessorsAfterInitialization(AbstractAutowireCapableBeanFactory.java:437)
	at org.springframework.beans.factory.support.AbstractAutowireCapableBeanFactory.postProcessObjectFromFactoryBean(AbstractAutowireCapableBeanFactory.java:1929)
	at org.springframework.beans.factory.support.FactoryBeanRegistrySupport.getObjectFromFactoryBean(FactoryBeanRegistrySupport.java:116)
	... 125 common frames omitted
Caused by: org.springframework.jdbc.datasource.init.ScriptStatementFailedException: Failed to execute SQL script statement #1 of URL [jar:file:/home/artem/IdeaProjects/aderenchuk-travel.agency/test-db/target/test-db-1.0-SNAPSHOT.jar!/data.sql]: INSERT INTO TOUR (TOUR_ID, DIRECTION, DATE_TOUR) VALUES (101, 'BREST-MOSCOW', '2021-08-01'), (102, 'MINSK-ROME', '2021-08-01'), (103, 'MOSCOW-BARCELONA', '2021-06-15'), (104, 'MINSK-RIGA', '2021-07-02'), (105, 'MINSK-DUBAI', '2021-05-25'); nested exception is org.h2.jdbc.JdbcSQLIntegrityConstraintViolationException: Нарушение уникального индекса или первичного ключа: "PRIMARY KEY ON PUBLIC.TOUR(TOUR_ID) [101, 'BREST-MOSCOW', DATE '2021-08-01']"
Unique index or primary key violation: "PRIMARY KEY ON PUBLIC.TOUR(TOUR_ID) [101, 'BREST-MOSCOW', DATE '2021-08-01']"; SQL statement:
INSERT INTO TOUR (TOUR_ID, DIRECTION, DATE_TOUR) VALUES (101, 'BREST-MOSCOW', '2021-08-01'), (102, 'MINSK-ROME', '2021-08-01'), (103, 'MOSCOW-BARCELONA', '2021-06-15'), (104, 'MINSK-RIGA', '2021-07-02'), (105, 'MINSK-DUBAI', '2021-05-25') [23505-200]
	at org.springframework.jdbc.datasource.init.ScriptUtils.executeSqlScript(ScriptUtils.java:622)
	at org.springframework.jdbc.datasource.init.ResourceDatabasePopulator.populate(ResourceDatabasePopulator.java:254)
	at org.springframework.jdbc.datasource.init.DatabasePopulatorUtils.execute(DatabasePopulatorUtils.java:49)
	at org.springframework.boot.autoconfigure.jdbc.DataSourceInitializer.runScripts(DataSourceInitializer.java:202)
	at org.springframework.boot.autoconfigure.jdbc.DataSourceInitializer.initSchema(DataSourceInitializer.java:119)
	at org.springframework.boot.autoconfigure.jdbc.DataSourceInitializerInvoker.onApplicationEvent(DataSourceInitializerInvoker.java:91)
	at org.springframework.boot.autoconfigure.jdbc.DataSourceInitializerInvoker.onApplicationEvent(DataSourceInitializerInvoker.java:38)
	at org.springframework.context.event.SimpleApplicationEventMulticaster.doInvokeListener(SimpleApplicationEventMulticaster.java:176)
	at org.springframework.context.event.SimpleApplicationEventMulticaster.invokeListener(SimpleApplicationEventMulticaster.java:169)
	at org.springframework.context.event.SimpleApplicationEventMulticaster.multicastEvent(SimpleApplicationEventMulticaster.java:143)
	at org.springframework.context.support.AbstractApplicationContext.publishEvent(AbstractApplicationContext.java:421)
	at org.springframework.context.support.AbstractApplicationContext.publishEvent(AbstractApplicationContext.java:378)
	at org.springframework.boot.autoconfigure.jdbc.DataSourceInitializerInvoker.initialize(DataSourceInitializerInvoker.java:72)
	at org.springframework.boot.autoconfigure.jdbc.DataSourceInitializerInvoker.afterPropertiesSet(DataSourceInitializerInvoker.java:65)
	at org.springframework.beans.factory.support.AbstractAutowireCapableBeanFactory.invokeInitMethods(AbstractAutowireCapableBeanFactory.java:1845)
	at org.springframework.beans.factory.support.AbstractAutowireCapableBeanFactory.initializeBean(AbstractAutowireCapableBeanFactory.java:1782)
	... 140 common frames omitted
Caused by: org.h2.jdbc.JdbcSQLIntegrityConstraintViolationException: Нарушение уникального индекса или первичного ключа: "PRIMARY KEY ON PUBLIC.TOUR(TOUR_ID) [101, 'BREST-MOSCOW', DATE '2021-08-01']"
Unique index or primary key violation: "PRIMARY KEY ON PUBLIC.TOUR(TOUR_ID) [101, 'BREST-MOSCOW', DATE '2021-08-01']"; SQL statement:
INSERT INTO TOUR (TOUR_ID, DIRECTION, DATE_TOUR) VALUES (101, 'BREST-MOSCOW', '2021-08-01'), (102, 'MINSK-ROME', '2021-08-01'), (103, 'MOSCOW-BARCELONA', '2021-06-15'), (104, 'MINSK-RIGA', '2021-07-02'), (105, 'MINSK-DUBAI', '2021-05-25') [23505-200]
	at org.h2.message.DbException.getJdbcSQLException(DbException.java:459)
	at org.h2.message.DbException.getJdbcSQLException(DbException.java:429)
	at org.h2.message.DbException.get(DbException.java:205)
	at org.h2.message.DbException.get(DbException.java:181)
	at org.h2.mvstore.db.MVPrimaryIndex.add(MVPrimaryIndex.java:127)
	at org.h2.mvstore.db.MVTable.addRow(MVTable.java:531)
	at org.h2.command.dml.Insert.insertRows(Insert.java:195)
	at org.h2.command.dml.Insert.update(Insert.java:151)
	at org.h2.command.CommandContainer.update(CommandContainer.java:198)
	at org.h2.command.Command.executeUpdate(Command.java:251)
	at org.h2.jdbc.JdbcStatement.executeInternal(JdbcStatement.java:228)
	at org.h2.jdbc.JdbcStatement.execute(JdbcStatement.java:201)
	at org.springframework.jdbc.datasource.init.ScriptUtils.executeSqlScript(ScriptUtils.java:601)
	... 155 common frames omitted
22:11:45 [main] ERROR org.springframework.test.context.TestContextManager - Caught exception while allowing TestExecutionListener [org.springframework.boot.test.autoconfigure.SpringBootDependencyInjectionTestExecutionListener@172b013] to prepare test instance [com.aderenchuk.brest.service.web_app.TourControllerIT@6ee37ca7]
java.lang.IllegalStateException: Failed to load ApplicationContext
	at org.springframework.test.context.cache.DefaultCacheAwareContextLoaderDelegate.loadContext(DefaultCacheAwareContextLoaderDelegate.java:132)
	at org.springframework.test.context.support.DefaultTestContext.getApplicationContext(DefaultTestContext.java:124)
	at org.springframework.test.context.support.DependencyInjectionTestExecutionListener.injectDependencies(DependencyInjectionTestExecutionListener.java:118)
	at org.springframework.test.context.support.DependencyInjectionTestExecutionListener.prepareTestInstance(DependencyInjectionTestExecutionListener.java:83)
	at org.springframework.boot.test.autoconfigure.SpringBootDependencyInjectionTestExecutionListener.prepareTestInstance(SpringBootDependencyInjectionTestExecutionListener.java:43)
	at org.springframework.test.context.TestContextManager.prepareTestInstance(TestContextManager.java:244)
	at org.springframework.test.context.junit.jupiter.SpringExtension.postProcessTestInstance(SpringExtension.java:138)
	at org.junit.jupiter.engine.descriptor.ClassBasedTestDescriptor.lambda$invokeTestInstancePostProcessors$6(ClassBasedTestDescriptor.java:350)
	at org.junit.jupiter.engine.descriptor.ClassBasedTestDescriptor.executeAndMaskThrowable(ClassBasedTestDescriptor.java:355)
	at org.junit.jupiter.engine.descriptor.ClassBasedTestDescriptor.lambda$invokeTestInstancePostProcessors$7(ClassBasedTestDescriptor.java:350)
	at java.base/java.util.stream.ReferencePipeline$3$1.accept(ReferencePipeline.java:195)
	at java.base/java.util.stream.ReferencePipeline$2$1.accept(ReferencePipeline.java:177)
	at java.base/java.util.ArrayList$ArrayListSpliterator.forEachRemaining(ArrayList.java:1655)
	at java.base/java.util.stream.AbstractPipeline.copyInto(AbstractPipeline.java:484)
	at java.base/java.util.stream.AbstractPipeline.wrapAndCopyInto(AbstractPipeline.java:474)
	at java.base/java.util.stream.StreamSpliterators$WrappingSpliterator.forEachRemaining(StreamSpliterators.java:312)
	at java.base/java.util.stream.Streams$ConcatSpliterator.forEachRemaining(Streams.java:735)
	at java.base/java.util.stream.Streams$ConcatSpliterator.forEachRemaining(Streams.java:734)
	at java.base/java.util.stream.ReferencePipeline$Head.forEach(ReferencePipeline.java:658)
	at org.junit.jupiter.engine.descriptor.ClassBasedTestDescriptor.invokeTestInstancePostProcessors(ClassBasedTestDescriptor.java:349)
	at org.junit.jupiter.engine.descriptor.ClassBasedTestDescriptor.lambda$instantiateAndPostProcessTestInstance$4(ClassBasedTestDescriptor.java:270)
	at org.junit.platform.engine.support.hierarchical.ThrowableCollector.execute(ThrowableCollector.java:73)
	at org.junit.jupiter.engine.descriptor.ClassBasedTestDescriptor.instantiateAndPostProcessTestInstance(ClassBasedTestDescriptor.java:269)
	at org.junit.jupiter.engine.descriptor.ClassBasedTestDescriptor.lambda$testInstancesProvider$2(ClassBasedTestDescriptor.java:259)
	at java.base/java.util.Optional.orElseGet(Optional.java:369)
	at org.junit.jupiter.engine.descriptor.ClassBasedTestDescriptor.lambda$testInstancesProvider$3(ClassBasedTestDescriptor.java:258)
	at org.junit.jupiter.engine.execution.TestInstancesProvider.getTestInstances(TestInstancesProvider.java:31)
	at org.junit.jupiter.engine.descriptor.TestMethodTestDescriptor.lambda$prepare$0(TestMethodTestDescriptor.java:101)
	at org.junit.platform.engine.support.hierarchical.ThrowableCollector.execute(ThrowableCollector.java:73)
	at org.junit.jupiter.engine.descriptor.TestMethodTestDescriptor.prepare(TestMethodTestDescriptor.java:100)
	at org.junit.jupiter.engine.descriptor.TestMethodTestDescriptor.prepare(TestMethodTestDescriptor.java:65)
	at org.junit.platform.engine.support.hierarchical.NodeTestTask.lambda$prepare$1(NodeTestTask.java:111)
	at org.junit.platform.engine.support.hierarchical.ThrowableCollector.execute(ThrowableCollector.java:73)
	at org.junit.platform.engine.support.hierarchical.NodeTestTask.prepare(NodeTestTask.java:111)
	at org.junit.platform.engine.support.hierarchical.NodeTestTask.execute(NodeTestTask.java:79)
	at java.base/java.util.ArrayList.forEach(ArrayList.java:1541)
	at org.junit.platform.engine.support.hierarchical.SameThreadHierarchicalTestExecutorService.invokeAll(SameThreadHierarchicalTestExecutorService.java:38)
	at org.junit.platform.engine.support.hierarchical.NodeTestTask.lambda$executeRecursively$5(NodeTestTask.java:143)
	at org.junit.platform.engine.support.hierarchical.ThrowableCollector.execute(ThrowableCollector.java:73)
	at org.junit.platform.engine.support.hierarchical.NodeTestTask.lambda$executeRecursively$7(NodeTestTask.java:129)
	at org.junit.platform.engine.support.hierarchical.Node.around(Node.java:137)
	at org.junit.platform.engine.support.hierarchical.NodeTestTask.lambda$executeRecursively$8(NodeTestTask.java:127)
	at org.junit.platform.engine.support.hierarchical.ThrowableCollector.execute(ThrowableCollector.java:73)
	at org.junit.platform.engine.support.hierarchical.NodeTestTask.executeRecursively(NodeTestTask.java:126)
	at org.junit.platform.engine.support.hierarchical.NodeTestTask.execute(NodeTestTask.java:84)
	at java.base/java.util.ArrayList.forEach(ArrayList.java:1541)
	at org.junit.platform.engine.support.hierarchical.SameThreadHierarchicalTestExecutorService.invokeAll(SameThreadHierarchicalTestExecutorService.java:38)
	at org.junit.platform.engine.support.hierarchical.NodeTestTask.lambda$executeRecursively$5(NodeTestTask.java:143)
	at org.junit.platform.engine.support.hierarchical.ThrowableCollector.execute(ThrowableCollector.java:73)
	at org.junit.platform.engine.support.hierarchical.NodeTestTask.lambda$executeRecursively$7(NodeTestTask.java:129)
	at org.junit.platform.engine.support.hierarchical.Node.around(Node.java:137)
	at org.junit.platform.engine.support.hierarchical.NodeTestTask.lambda$executeRecursively$8(NodeTestTask.java:127)
	at org.junit.platform.engine.support.hierarchical.ThrowableCollector.execute(ThrowableCollector.java:73)
	at org.junit.platform.engine.support.hierarchical.NodeTestTask.executeRecursively(NodeTestTask.java:126)
	at org.junit.platform.engine.support.hierarchical.NodeTestTask.execute(NodeTestTask.java:84)
	at org.junit.platform.engine.support.hierarchical.SameThreadHierarchicalTestExecutorService.submit(SameThreadHierarchicalTestExecutorService.java:32)
	at org.junit.platform.engine.support.hierarchical.HierarchicalTestExecutor.execute(HierarchicalTestExecutor.java:57)
	at org.junit.platform.engine.support.hierarchical.HierarchicalTestEngine.execute(HierarchicalTestEngine.java:51)
	at org.junit.platform.launcher.core.EngineExecutionOrchestrator.execute(EngineExecutionOrchestrator.java:108)
	at org.junit.platform.launcher.core.EngineExecutionOrchestrator.execute(EngineExecutionOrchestrator.java:88)
	at org.junit.platform.launcher.core.EngineExecutionOrchestrator.lambda$execute$0(EngineExecutionOrchestrator.java:54)
	at org.junit.platform.launcher.core.EngineExecutionOrchestrator.withInterceptedStreams(EngineExecutionOrchestrator.java:67)
	at org.junit.platform.launcher.core.EngineExecutionOrchestrator.execute(EngineExecutionOrchestrator.java:52)
	at org.junit.platform.launcher.core.DefaultLauncher.execute(DefaultLauncher.java:96)
	at org.junit.platform.launcher.core.DefaultLauncher.execute(DefaultLauncher.java:75)
	at org.apache.maven.surefire.junitplatform.JUnitPlatformProvider.invokeAllTests(JUnitPlatformProvider.java:154)
	at org.apache.maven.surefire.junitplatform.JUnitPlatformProvider.invoke(JUnitPlatformProvider.java:127)
	at org.apache.maven.surefire.booter.ForkedBooter.runSuitesInProcess(ForkedBooter.java:377)
	at org.apache.maven.surefire.booter.ForkedBooter.execute(ForkedBooter.java:138)
	at org.apache.maven.surefire.booter.ForkedBooter.run(ForkedBooter.java:465)
	at org.apache.maven.surefire.booter.ForkedBooter.main(ForkedBooter.java:451)
Caused by: org.springframework.beans.factory.UnsatisfiedDependencyException: Error creating bean with name 'tourController' defined in file [/home/artem/IdeaProjects/aderenchuk-travel.agency/web-app/target/classes/com/aderenchuk/brest/service/web_app/TourController.class]: Unsatisfied dependency expressed through constructor parameter 0; nested exception is org.springframework.beans.factory.UnsatisfiedDependencyException: Error creating bean with name 'tourDtoServiceImpl' defined in URL [jar:file:/home/artem/IdeaProjects/aderenchuk-travel.agency/service/target/service-1.0-SNAPSHOT.jar!/com/aderenchuk/brest/service/impl/TourDtoServiceImpl.class]: Unsatisfied dependency expressed through constructor parameter 0; nested exception is org.springframework.beans.factory.UnsatisfiedDependencyException: Error creating bean with name 'tourDtoDaoJdbc' defined in URL [jar:file:/home/artem/IdeaProjects/aderenchuk-travel.agency/dao/target/dao-1.0-SNAPSHOT.jar!/com/aderenchuk/brest/dao/jdbc/TourDtoDaoJdbc.class]: Unsatisfied dependency expressed through constructor parameter 0; nested exception is org.springframework.beans.factory.BeanCreationException: Error creating bean with name 'dataSource': Post-processing of FactoryBean's singleton object failed; nested exception is org.springframework.beans.factory.BeanCreationException: Error creating bean with name 'org.springframework.boot.autoconfigure.jdbc.DataSourceInitializerInvoker': Invocation of init method failed; nested exception is org.springframework.jdbc.datasource.init.ScriptStatementFailedException: Failed to execute SQL script statement #1 of URL [jar:file:/home/artem/IdeaProjects/aderenchuk-travel.agency/test-db/target/test-db-1.0-SNAPSHOT.jar!/data.sql]: INSERT INTO TOUR (TOUR_ID, DIRECTION, DATE_TOUR) VALUES (101, 'BREST-MOSCOW', '2021-08-01'), (102, 'MINSK-ROME', '2021-08-01'), (103, 'MOSCOW-BARCELONA', '2021-06-15'), (104, 'MINSK-RIGA', '2021-07-02'), (105, 'MINSK-DUBAI', '2021-05-25'); nested exception is org.h2.jdbc.JdbcSQLIntegrityConstraintViolationException: Нарушение уникального индекса или первичного ключа: "PRIMARY KEY ON PUBLIC.TOUR(TOUR_ID) [101, 'BREST-MOSCOW', DATE '2021-08-01']"
Unique index or primary key violation: "PRIMARY KEY ON PUBLIC.TOUR(TOUR_ID) [101, 'BREST-MOSCOW', DATE '2021-08-01']"; SQL statement:
INSERT INTO TOUR (TOUR_ID, DIRECTION, DATE_TOUR) VALUES (101, 'BREST-MOSCOW', '2021-08-01'), (102, 'MINSK-ROME', '2021-08-01'), (103, 'MOSCOW-BARCELONA', '2021-06-15'), (104, 'MINSK-RIGA', '2021-07-02'), (105, 'MINSK-DUBAI', '2021-05-25') [23505-200]
	at org.springframework.beans.factory.support.ConstructorResolver.createArgumentArray(ConstructorResolver.java:800)
	at org.springframework.beans.factory.support.ConstructorResolver.autowireConstructor(ConstructorResolver.java:229)
	at org.springframework.beans.factory.support.AbstractAutowireCapableBeanFactory.autowireConstructor(AbstractAutowireCapableBeanFactory.java:1354)
	at org.springframework.beans.factory.support.AbstractAutowireCapableBeanFactory.createBeanInstance(AbstractAutowireCapableBeanFactory.java:1204)
	at org.springframework.beans.factory.support.AbstractAutowireCapableBeanFactory.doCreateBean(AbstractAutowireCapableBeanFactory.java:564)
	at org.springframework.beans.factory.support.AbstractAutowireCapableBeanFactory.createBean(AbstractAutowireCapableBeanFactory.java:524)
	at org.springframework.beans.factory.support.AbstractBeanFactory.lambda$doGetBean$0(AbstractBeanFactory.java:335)
	at org.springframework.beans.factory.support.DefaultSingletonBeanRegistry.getSingleton(DefaultSingletonBeanRegistry.java:234)
	at org.springframework.beans.factory.support.AbstractBeanFactory.doGetBean(AbstractBeanFactory.java:333)
	at org.springframework.beans.factory.support.AbstractBeanFactory.getBean(AbstractBeanFactory.java:208)
	at org.springframework.beans.factory.support.DefaultListableBeanFactory.preInstantiateSingletons(DefaultListableBeanFactory.java:944)
	at org.springframework.context.support.AbstractApplicationContext.finishBeanFactoryInitialization(AbstractApplicationContext.java:918)
	at org.springframework.context.support.AbstractApplicationContext.refresh(AbstractApplicationContext.java:583)
	at org.springframework.boot.SpringApplication.refresh(SpringApplication.java:769)
	at org.springframework.boot.SpringApplication.refresh(SpringApplication.java:761)
	at org.springframework.boot.SpringApplication.refreshContext(SpringApplication.java:426)
	at org.springframework.boot.SpringApplication.run(SpringApplication.java:326)
	at org.springframework.boot.test.context.SpringBootContextLoader.loadContext(SpringBootContextLoader.java:123)
	at org.springframework.test.context.cache.DefaultCacheAwareContextLoaderDelegate.loadContextInternal(DefaultCacheAwareContextLoaderDelegate.java:99)
	at org.springframework.test.context.cache.DefaultCacheAwareContextLoaderDelegate.loadContext(DefaultCacheAwareContextLoaderDelegate.java:124)
	... 70 common frames omitted
Caused by: org.springframework.beans.factory.UnsatisfiedDependencyException: Error creating bean with name 'tourDtoServiceImpl' defined in URL [jar:file:/home/artem/IdeaProjects/aderenchuk-travel.agency/service/target/service-1.0-SNAPSHOT.jar!/com/aderenchuk/brest/service/impl/TourDtoServiceImpl.class]: Unsatisfied dependency expressed through constructor parameter 0; nested exception is org.springframework.beans.factory.UnsatisfiedDependencyException: Error creating bean with name 'tourDtoDaoJdbc' defined in URL [jar:file:/home/artem/IdeaProjects/aderenchuk-travel.agency/dao/target/dao-1.0-SNAPSHOT.jar!/com/aderenchuk/brest/dao/jdbc/TourDtoDaoJdbc.class]: Unsatisfied dependency expressed through constructor parameter 0; nested exception is org.springframework.beans.factory.BeanCreationException: Error creating bean with name 'dataSource': Post-processing of FactoryBean's singleton object failed; nested exception is org.springframework.beans.factory.BeanCreationException: Error creating bean with name 'org.springframework.boot.autoconfigure.jdbc.DataSourceInitializerInvoker': Invocation of init method failed; nested exception is org.springframework.jdbc.datasource.init.ScriptStatementFailedException: Failed to execute SQL script statement #1 of URL [jar:file:/home/artem/IdeaProjects/aderenchuk-travel.agency/test-db/target/test-db-1.0-SNAPSHOT.jar!/data.sql]: INSERT INTO TOUR (TOUR_ID, DIRECTION, DATE_TOUR) VALUES (101, 'BREST-MOSCOW', '2021-08-01'), (102, 'MINSK-ROME', '2021-08-01'), (103, 'MOSCOW-BARCELONA', '2021-06-15'), (104, 'MINSK-RIGA', '2021-07-02'), (105, 'MINSK-DUBAI', '2021-05-25'); nested exception is org.h2.jdbc.JdbcSQLIntegrityConstraintViolationException: Нарушение уникального индекса или первичного ключа: "PRIMARY KEY ON PUBLIC.TOUR(TOUR_ID) [101, 'BREST-MOSCOW', DATE '2021-08-01']"
Unique index or primary key violation: "PRIMARY KEY ON PUBLIC.TOUR(TOUR_ID) [101, 'BREST-MOSCOW', DATE '2021-08-01']"; SQL statement:
INSERT INTO TOUR (TOUR_ID, DIRECTION, DATE_TOUR) VALUES (101, 'BREST-MOSCOW', '2021-08-01'), (102, 'MINSK-ROME', '2021-08-01'), (103, 'MOSCOW-BARCELONA', '2021-06-15'), (104, 'MINSK-RIGA', '2021-07-02'), (105, 'MINSK-DUBAI', '2021-05-25') [23505-200]
	at org.springframework.beans.factory.support.ConstructorResolver.createArgumentArray(ConstructorResolver.java:800)
	at org.springframework.beans.factory.support.ConstructorResolver.autowireConstructor(ConstructorResolver.java:229)
	at org.springframework.beans.factory.support.AbstractAutowireCapableBeanFactory.autowireConstructor(AbstractAutowireCapableBeanFactory.java:1354)
	at org.springframework.beans.factory.support.AbstractAutowireCapableBeanFactory.createBeanInstance(AbstractAutowireCapableBeanFactory.java:1204)
	at org.springframework.beans.factory.support.AbstractAutowireCapableBeanFactory.doCreateBean(AbstractAutowireCapableBeanFactory.java:564)
	at org.springframework.beans.factory.support.AbstractAutowireCapableBeanFactory.createBean(AbstractAutowireCapableBeanFactory.java:524)
	at org.springframework.beans.factory.support.AbstractBeanFactory.lambda$doGetBean$0(AbstractBeanFactory.java:335)
	at org.springframework.beans.factory.support.DefaultSingletonBeanRegistry.getSingleton(DefaultSingletonBeanRegistry.java:234)
	at org.springframework.beans.factory.support.AbstractBeanFactory.doGetBean(AbstractBeanFactory.java:333)
	at org.springframework.beans.factory.support.AbstractBeanFactory.getBean(AbstractBeanFactory.java:208)
	at org.springframework.beans.factory.config.DependencyDescriptor.resolveCandidate(DependencyDescriptor.java:276)
	at org.springframework.beans.factory.support.DefaultListableBeanFactory.doResolveDependency(DefaultListableBeanFactory.java:1380)
	at org.springframework.beans.factory.support.DefaultListableBeanFactory.resolveDependency(DefaultListableBeanFactory.java:1300)
	at org.springframework.beans.factory.support.ConstructorResolver.resolveAutowiredArgument(ConstructorResolver.java:887)
	at org.springframework.beans.factory.support.ConstructorResolver.createArgumentArray(ConstructorResolver.java:791)
	... 89 common frames omitted
Caused by: org.springframework.beans.factory.UnsatisfiedDependencyException: Error creating bean with name 'tourDtoDaoJdbc' defined in URL [jar:file:/home/artem/IdeaProjects/aderenchuk-travel.agency/dao/target/dao-1.0-SNAPSHOT.jar!/com/aderenchuk/brest/dao/jdbc/TourDtoDaoJdbc.class]: Unsatisfied dependency expressed through constructor parameter 0; nested exception is org.springframework.beans.factory.BeanCreationException: Error creating bean with name 'dataSource': Post-processing of FactoryBean's singleton object failed; nested exception is org.springframework.beans.factory.BeanCreationException: Error creating bean with name 'org.springframework.boot.autoconfigure.jdbc.DataSourceInitializerInvoker': Invocation of init method failed; nested exception is org.springframework.jdbc.datasource.init.ScriptStatementFailedException: Failed to execute SQL script statement #1 of URL [jar:file:/home/artem/IdeaProjects/aderenchuk-travel.agency/test-db/target/test-db-1.0-SNAPSHOT.jar!/data.sql]: INSERT INTO TOUR (TOUR_ID, DIRECTION, DATE_TOUR) VALUES (101, 'BREST-MOSCOW', '2021-08-01'), (102, 'MINSK-ROME', '2021-08-01'), (103, 'MOSCOW-BARCELONA', '2021-06-15'), (104, 'MINSK-RIGA', '2021-07-02'), (105, 'MINSK-DUBAI', '2021-05-25'); nested exception is org.h2.jdbc.JdbcSQLIntegrityConstraintViolationException: Нарушение уникального индекса или первичного ключа: "PRIMARY KEY ON PUBLIC.TOUR(TOUR_ID) [101, 'BREST-MOSCOW', DATE '2021-08-01']"
Unique index or primary key violation: "PRIMARY KEY ON PUBLIC.TOUR(TOUR_ID) [101, 'BREST-MOSCOW', DATE '2021-08-01']"; SQL statement:
INSERT INTO TOUR (TOUR_ID, DIRECTION, DATE_TOUR) VALUES (101, 'BREST-MOSCOW', '2021-08-01'), (102, 'MINSK-ROME', '2021-08-01'), (103, 'MOSCOW-BARCELONA', '2021-06-15'), (104, 'MINSK-RIGA', '2021-07-02'), (105, 'MINSK-DUBAI', '2021-05-25') [23505-200]
	at org.springframework.beans.factory.support.ConstructorResolver.createArgumentArray(ConstructorResolver.java:800)
	at org.springframework.beans.factory.support.ConstructorResolver.autowireConstructor(ConstructorResolver.java:229)
	at org.springframework.beans.factory.support.AbstractAutowireCapableBeanFactory.autowireConstructor(AbstractAutowireCapableBeanFactory.java:1354)
	at org.springframework.beans.factory.support.AbstractAutowireCapableBeanFactory.createBeanInstance(AbstractAutowireCapableBeanFactory.java:1204)
	at org.springframework.beans.factory.support.AbstractAutowireCapableBeanFactory.doCreateBean(AbstractAutowireCapableBeanFactory.java:564)
	at org.springframework.beans.factory.support.AbstractAutowireCapableBeanFactory.createBean(AbstractAutowireCapableBeanFactory.java:524)
	at org.springframework.beans.factory.support.AbstractBeanFactory.lambda$doGetBean$0(AbstractBeanFactory.java:335)
	at org.springframework.beans.factory.support.DefaultSingletonBeanRegistry.getSingleton(DefaultSingletonBeanRegistry.java:234)
	at org.springframework.beans.factory.support.AbstractBeanFactory.doGetBean(AbstractBeanFactory.java:333)
	at org.springframework.beans.factory.support.AbstractBeanFactory.getBean(AbstractBeanFactory.java:208)
	at org.springframework.beans.factory.config.DependencyDescriptor.resolveCandidate(DependencyDescriptor.java:276)
	at org.springframework.beans.factory.support.DefaultListableBeanFactory.doResolveDependency(DefaultListableBeanFactory.java:1380)
	at org.springframework.beans.factory.support.DefaultListableBeanFactory.resolveDependency(DefaultListableBeanFactory.java:1300)
	at org.springframework.beans.factory.support.ConstructorResolver.resolveAutowiredArgument(ConstructorResolver.java:887)
	at org.springframework.beans.factory.support.ConstructorResolver.createArgumentArray(ConstructorResolver.java:791)
	... 103 common frames omitted
Caused by: org.springframework.beans.factory.BeanCreationException: Error creating bean with name 'dataSource': Post-processing of FactoryBean's singleton object failed; nested exception is org.springframework.beans.factory.BeanCreationException: Error creating bean with name 'org.springframework.boot.autoconfigure.jdbc.DataSourceInitializerInvoker': Invocation of init method failed; nested exception is org.springframework.jdbc.datasource.init.ScriptStatementFailedException: Failed to execute SQL script statement #1 of URL [jar:file:/home/artem/IdeaProjects/aderenchuk-travel.agency/test-db/target/test-db-1.0-SNAPSHOT.jar!/data.sql]: INSERT INTO TOUR (TOUR_ID, DIRECTION, DATE_TOUR) VALUES (101, 'BREST-MOSCOW', '2021-08-01'), (102, 'MINSK-ROME', '2021-08-01'), (103, 'MOSCOW-BARCELONA', '2021-06-15'), (104, 'MINSK-RIGA', '2021-07-02'), (105, 'MINSK-DUBAI', '2021-05-25'); nested exception is org.h2.jdbc.JdbcSQLIntegrityConstraintViolationException: Нарушение уникального индекса или первичного ключа: "PRIMARY KEY ON PUBLIC.TOUR(TOUR_ID) [101, 'BREST-MOSCOW', DATE '2021-08-01']"
Unique index or primary key violation: "PRIMARY KEY ON PUBLIC.TOUR(TOUR_ID) [101, 'BREST-MOSCOW', DATE '2021-08-01']"; SQL statement:
INSERT INTO TOUR (TOUR_ID, DIRECTION, DATE_TOUR) VALUES (101, 'BREST-MOSCOW', '2021-08-01'), (102, 'MINSK-ROME', '2021-08-01'), (103, 'MOSCOW-BARCELONA', '2021-06-15'), (104, 'MINSK-RIGA', '2021-07-02'), (105, 'MINSK-DUBAI', '2021-05-25') [23505-200]
	at org.springframework.beans.factory.support.FactoryBeanRegistrySupport.getObjectFromFactoryBean(FactoryBeanRegistrySupport.java:119)
	at org.springframework.beans.factory.support.AbstractBeanFactory.getObjectForBeanInstance(AbstractBeanFactory.java:1884)
	at org.springframework.beans.factory.support.AbstractAutowireCapableBeanFactory.getObjectForBeanInstance(AbstractAutowireCapableBeanFactory.java:1266)
	at org.springframework.beans.factory.support.AbstractBeanFactory.doGetBean(AbstractBeanFactory.java:345)
	at org.springframework.beans.factory.support.AbstractBeanFactory.getBean(AbstractBeanFactory.java:208)
	at org.springframework.beans.factory.config.DependencyDescriptor.resolveCandidate(DependencyDescriptor.java:276)
	at org.springframework.beans.factory.support.DefaultListableBeanFactory.doResolveDependency(DefaultListableBeanFactory.java:1380)
	at org.springframework.beans.factory.support.DefaultListableBeanFactory.resolveDependency(DefaultListableBeanFactory.java:1300)
	at org.springframework.beans.factory.support.ConstructorResolver.resolveAutowiredArgument(ConstructorResolver.java:887)
	at org.springframework.beans.factory.support.ConstructorResolver.createArgumentArray(ConstructorResolver.java:791)
	... 117 common frames omitted
Caused by: org.springframework.beans.factory.BeanCreationException: Error creating bean with name 'org.springframework.boot.autoconfigure.jdbc.DataSourceInitializerInvoker': Invocation of init method failed; nested exception is org.springframework.jdbc.datasource.init.ScriptStatementFailedException: Failed to execute SQL script statement #1 of URL [jar:file:/home/artem/IdeaProjects/aderenchuk-travel.agency/test-db/target/test-db-1.0-SNAPSHOT.jar!/data.sql]: INSERT INTO TOUR (TOUR_ID, DIRECTION, DATE_TOUR) VALUES (101, 'BREST-MOSCOW', '2021-08-01'), (102, 'MINSK-ROME', '2021-08-01'), (103, 'MOSCOW-BARCELONA', '2021-06-15'), (104, 'MINSK-RIGA', '2021-07-02'), (105, 'MINSK-DUBAI', '2021-05-25'); nested exception is org.h2.jdbc.JdbcSQLIntegrityConstraintViolationException: Нарушение уникального индекса или первичного ключа: "PRIMARY KEY ON PUBLIC.TOUR(TOUR_ID) [101, 'BREST-MOSCOW', DATE '2021-08-01']"
Unique index or primary key violation: "PRIMARY KEY ON PUBLIC.TOUR(TOUR_ID) [101, 'BREST-MOSCOW', DATE '2021-08-01']"; SQL statement:
INSERT INTO TOUR (TOUR_ID, DIRECTION, DATE_TOUR) VALUES (101, 'BREST-MOSCOW', '2021-08-01'), (102, 'MINSK-ROME', '2021-08-01'), (103, 'MOSCOW-BARCELONA', '2021-06-15'), (104, 'MINSK-RIGA', '2021-07-02'), (105, 'MINSK-DUBAI', '2021-05-25') [23505-200]
	at org.springframework.beans.factory.support.AbstractAutowireCapableBeanFactory.initializeBean(AbstractAutowireCapableBeanFactory.java:1786)
	at org.springframework.beans.factory.support.AbstractAutowireCapableBeanFactory.doCreateBean(AbstractAutowireCapableBeanFactory.java:602)
	at org.springframework.beans.factory.support.AbstractAutowireCapableBeanFactory.createBean(AbstractAutowireCapableBeanFactory.java:524)
	at org.springframework.beans.factory.support.AbstractBeanFactory.lambda$doGetBean$0(AbstractBeanFactory.java:335)
	at org.springframework.beans.factory.support.DefaultSingletonBeanRegistry.getSingleton(DefaultSingletonBeanRegistry.java:234)
	at org.springframework.beans.factory.support.AbstractBeanFactory.doGetBean(AbstractBeanFactory.java:333)
	at org.springframework.beans.factory.support.AbstractBeanFactory.getBean(AbstractBeanFactory.java:233)
	at org.springframework.beans.factory.support.DefaultListableBeanFactory.resolveNamedBean(DefaultListableBeanFactory.java:1273)
	at org.springframework.beans.factory.support.DefaultListableBeanFactory.resolveNamedBean(DefaultListableBeanFactory.java:1234)
	at org.springframework.beans.factory.support.DefaultListableBeanFactory.resolveBean(DefaultListableBeanFactory.java:494)
	at org.springframework.beans.factory.support.DefaultListableBeanFactory.getBean(DefaultListableBeanFactory.java:349)
	at org.springframework.beans.factory.support.DefaultListableBeanFactory.getBean(DefaultListableBeanFactory.java:342)
	at org.springframework.boot.autoconfigure.jdbc.DataSourceInitializerPostProcessor.postProcessAfterInitialization(DataSourceInitializerPostProcessor.java:51)
	at org.springframework.beans.factory.support.AbstractAutowireCapableBeanFactory.applyBeanPostProcessorsAfterInitialization(AbstractAutowireCapableBeanFactory.java:437)
	at org.springframework.beans.factory.support.AbstractAutowireCapableBeanFactory.postProcessObjectFromFactoryBean(AbstractAutowireCapableBeanFactory.java:1929)
	at org.springframework.beans.factory.support.FactoryBeanRegistrySupport.getObjectFromFactoryBean(FactoryBeanRegistrySupport.java:116)
	... 126 common frames omitted
Caused by: org.springframework.jdbc.datasource.init.ScriptStatementFailedException: Failed to execute SQL script statement #1 of URL [jar:file:/home/artem/IdeaProjects/aderenchuk-travel.agency/test-db/target/test-db-1.0-SNAPSHOT.jar!/data.sql]: INSERT INTO TOUR (TOUR_ID, DIRECTION, DATE_TOUR) VALUES (101, 'BREST-MOSCOW', '2021-08-01'), (102, 'MINSK-ROME', '2021-08-01'), (103, 'MOSCOW-BARCELONA', '2021-06-15'), (104, 'MINSK-RIGA', '2021-07-02'), (105, 'MINSK-DUBAI', '2021-05-25'); nested exception is org.h2.jdbc.JdbcSQLIntegrityConstraintViolationException: Нарушение уникального индекса или первичного ключа: "PRIMARY KEY ON PUBLIC.TOUR(TOUR_ID) [101, 'BREST-MOSCOW', DATE '2021-08-01']"
Unique index or primary key violation: "PRIMARY KEY ON PUBLIC.TOUR(TOUR_ID) [101, 'BREST-MOSCOW', DATE '2021-08-01']"; SQL statement:
INSERT INTO TOUR (TOUR_ID, DIRECTION, DATE_TOUR) VALUES (101, 'BREST-MOSCOW', '2021-08-01'), (102, 'MINSK-ROME', '2021-08-01'), (103, 'MOSCOW-BARCELONA', '2021-06-15'), (104, 'MINSK-RIGA', '2021-07-02'), (105, 'MINSK-DUBAI', '2021-05-25') [23505-200]
	at org.springframework.jdbc.datasource.init.ScriptUtils.executeSqlScript(ScriptUtils.java:622)
	at org.springframework.jdbc.datasource.init.ResourceDatabasePopulator.populate(ResourceDatabasePopulator.java:254)
	at org.springframework.jdbc.datasource.init.DatabasePopulatorUtils.execute(DatabasePopulatorUtils.java:49)
	at org.springframework.boot.autoconfigure.jdbc.DataSourceInitializer.runScripts(DataSourceInitializer.java:202)
	at org.springframework.boot.autoconfigure.jdbc.DataSourceInitializer.initSchema(DataSourceInitializer.java:119)
	at org.springframework.boot.autoconfigure.jdbc.DataSourceInitializerInvoker.onApplicationEvent(DataSourceInitializerInvoker.java:91)
	at org.springframework.boot.autoconfigure.jdbc.DataSourceInitializerInvoker.onApplicationEvent(DataSourceInitializerInvoker.java:38)
	at org.springframework.context.event.SimpleApplicationEventMulticaster.doInvokeListener(SimpleApplicationEventMulticaster.java:176)
	at org.springframework.context.event.SimpleApplicationEventMulticaster.invokeListener(SimpleApplicationEventMulticaster.java:169)
	at org.springframework.context.event.SimpleApplicationEventMulticaster.multicastEvent(SimpleApplicationEventMulticaster.java:143)
	at org.springframework.context.support.AbstractApplicationContext.publishEvent(AbstractApplicationContext.java:421)
	at org.springframework.context.support.AbstractApplicationContext.publishEvent(AbstractApplicationContext.java:378)
	at org.springframework.boot.autoconfigure.jdbc.DataSourceInitializerInvoker.initialize(DataSourceInitializerInvoker.java:72)
	at org.springframework.boot.autoconfigure.jdbc.DataSourceInitializerInvoker.afterPropertiesSet(DataSourceInitializerInvoker.java:65)
	at org.springframework.beans.factory.support.AbstractAutowireCapableBeanFactory.invokeInitMethods(AbstractAutowireCapableBeanFactory.java:1845)
	at org.springframework.beans.factory.support.AbstractAutowireCapableBeanFactory.initializeBean(AbstractAutowireCapableBeanFactory.java:1782)
	... 141 common frames omitted
Caused by: org.h2.jdbc.JdbcSQLIntegrityConstraintViolationException: Нарушение уникального индекса или первичного ключа: "PRIMARY KEY ON PUBLIC.TOUR(TOUR_ID) [101, 'BREST-MOSCOW', DATE '2021-08-01']"
Unique index or primary key violation: "PRIMARY KEY ON PUBLIC.TOUR(TOUR_ID) [101, 'BREST-MOSCOW', DATE '2021-08-01']"; SQL statement:
INSERT INTO TOUR (TOUR_ID, DIRECTION, DATE_TOUR) VALUES (101, 'BREST-MOSCOW', '2021-08-01'), (102, 'MINSK-ROME', '2021-08-01'), (103, 'MOSCOW-BARCELONA', '2021-06-15'), (104, 'MINSK-RIGA', '2021-07-02'), (105, 'MINSK-DUBAI', '2021-05-25') [23505-200]
	at org.h2.message.DbException.getJdbcSQLException(DbException.java:459)
	at org.h2.message.DbException.getJdbcSQLException(DbException.java:429)
	at org.h2.message.DbException.get(DbException.java:205)
	at org.h2.message.DbException.get(DbException.java:181)
	at org.h2.mvstore.db.MVPrimaryIndex.add(MVPrimaryIndex.java:127)
	at org.h2.mvstore.db.MVTable.addRow(MVTable.java:531)
	at org.h2.command.dml.Insert.insertRows(Insert.java:195)
	at org.h2.command.dml.Insert.update(Insert.java:151)
	at org.h2.command.CommandContainer.update(CommandContainer.java:198)
	at org.h2.command.Command.executeUpdate(Command.java:251)
	at org.h2.jdbc.JdbcStatement.executeInternal(JdbcStatement.java:228)
	at org.h2.jdbc.JdbcStatement.execute(JdbcStatement.java:201)
	at org.springframework.jdbc.datasource.init.ScriptUtils.executeSqlScript(ScriptUtils.java:601)
	... 156 common frames omitted
]]></system-out>
  </testcase>
  <testcase name="shouldOpenNewTourPage" classname="com.aderenchuk.brest.service.web_app.TourControllerIT" time="0">
    <error type="java.lang.IllegalStateException"><![CDATA[java.lang.IllegalStateException: Failed to load ApplicationContext
Caused by: org.springframework.beans.factory.UnsatisfiedDependencyException: 
Error creating bean with name 'tourController' defined in file [/home/artem/IdeaProjects/aderenchuk-travel.agency/web-app/target/classes/com/aderenchuk/brest/service/web_app/TourController.class]: Unsatisfied dependency expressed through constructor parameter 0; nested exception is org.springframework.beans.factory.UnsatisfiedDependencyException: Error creating bean with name 'tourDtoServiceImpl' defined in URL [jar:file:/home/artem/IdeaProjects/aderenchuk-travel.agency/service/target/service-1.0-SNAPSHOT.jar!/com/aderenchuk/brest/service/impl/TourDtoServiceImpl.class]: Unsatisfied dependency expressed through constructor parameter 0; nested exception is org.springframework.beans.factory.UnsatisfiedDependencyException: Error creating bean with name 'tourDtoDaoJdbc' defined in URL [jar:file:/home/artem/IdeaProjects/aderenchuk-travel.agency/dao/target/dao-1.0-SNAPSHOT.jar!/com/aderenchuk/brest/dao/jdbc/TourDtoDaoJdbc.class]: Unsatisfied dependency expressed through constructor parameter 0; nested exception is org.springframework.beans.factory.BeanCreationException: Error creating bean with name 'dataSource': Post-processing of FactoryBean's singleton object failed; nested exception is org.springframework.beans.factory.BeanCreationException: Error creating bean with name 'org.springframework.boot.autoconfigure.jdbc.DataSourceInitializerInvoker': Invocation of init method failed; nested exception is org.springframework.jdbc.datasource.init.ScriptStatementFailedException: Failed to execute SQL script statement #1 of URL [jar:file:/home/artem/IdeaProjects/aderenchuk-travel.agency/test-db/target/test-db-1.0-SNAPSHOT.jar!/data.sql]: INSERT INTO TOUR (TOUR_ID, DIRECTION, DATE_TOUR) VALUES (101, 'BREST-MOSCOW', '2021-08-01'), (102, 'MINSK-ROME', '2021-08-01'), (103, 'MOSCOW-BARCELONA', '2021-06-15'), (104, 'MINSK-RIGA', '2021-07-02'), (105, 'MINSK-DUBAI', '2021-05-25'); nested exception is org.h2.jdbc.JdbcSQLIntegrityConstraintViolationException: Нарушение уникального индекса или первичного ключа: "PRIMARY KEY ON PUBLIC.TOUR(TOUR_ID) [101, 'BREST-MOSCOW', DATE '2021-08-01']"
Unique index or primary key violation: "PRIMARY KEY ON PUBLIC.TOUR(TOUR_ID) [101, 'BREST-MOSCOW', DATE '2021-08-01']"; SQL statement:
INSERT INTO TOUR (TOUR_ID, DIRECTION, DATE_TOUR) VALUES (101, 'BREST-MOSCOW', '2021-08-01'), (102, 'MINSK-ROME', '2021-08-01'), (103, 'MOSCOW-BARCELONA', '2021-06-15'), (104, 'MINSK-RIGA', '2021-07-02'), (105, 'MINSK-DUBAI', '2021-05-25') [23505-200]
Caused by: org.springframework.beans.factory.UnsatisfiedDependencyException: 
Error creating bean with name 'tourDtoServiceImpl' defined in URL [jar:file:/home/artem/IdeaProjects/aderenchuk-travel.agency/service/target/service-1.0-SNAPSHOT.jar!/com/aderenchuk/brest/service/impl/TourDtoServiceImpl.class]: Unsatisfied dependency expressed through constructor parameter 0; nested exception is org.springframework.beans.factory.UnsatisfiedDependencyException: Error creating bean with name 'tourDtoDaoJdbc' defined in URL [jar:file:/home/artem/IdeaProjects/aderenchuk-travel.agency/dao/target/dao-1.0-SNAPSHOT.jar!/com/aderenchuk/brest/dao/jdbc/TourDtoDaoJdbc.class]: Unsatisfied dependency expressed through constructor parameter 0; nested exception is org.springframework.beans.factory.BeanCreationException: Error creating bean with name 'dataSource': Post-processing of FactoryBean's singleton object failed; nested exception is org.springframework.beans.factory.BeanCreationException: Error creating bean with name 'org.springframework.boot.autoconfigure.jdbc.DataSourceInitializerInvoker': Invocation of init method failed; nested exception is org.springframework.jdbc.datasource.init.ScriptStatementFailedException: Failed to execute SQL script statement #1 of URL [jar:file:/home/artem/IdeaProjects/aderenchuk-travel.agency/test-db/target/test-db-1.0-SNAPSHOT.jar!/data.sql]: INSERT INTO TOUR (TOUR_ID, DIRECTION, DATE_TOUR) VALUES (101, 'BREST-MOSCOW', '2021-08-01'), (102, 'MINSK-ROME', '2021-08-01'), (103, 'MOSCOW-BARCELONA', '2021-06-15'), (104, 'MINSK-RIGA', '2021-07-02'), (105, 'MINSK-DUBAI', '2021-05-25'); nested exception is org.h2.jdbc.JdbcSQLIntegrityConstraintViolationException: Нарушение уникального индекса или первичного ключа: "PRIMARY KEY ON PUBLIC.TOUR(TOUR_ID) [101, 'BREST-MOSCOW', DATE '2021-08-01']"
Unique index or primary key violation: "PRIMARY KEY ON PUBLIC.TOUR(TOUR_ID) [101, 'BREST-MOSCOW', DATE '2021-08-01']"; SQL statement:
INSERT INTO TOUR (TOUR_ID, DIRECTION, DATE_TOUR) VALUES (101, 'BREST-MOSCOW', '2021-08-01'), (102, 'MINSK-ROME', '2021-08-01'), (103, 'MOSCOW-BARCELONA', '2021-06-15'), (104, 'MINSK-RIGA', '2021-07-02'), (105, 'MINSK-DUBAI', '2021-05-25') [23505-200]
Caused by: org.springframework.beans.factory.UnsatisfiedDependencyException: 
Error creating bean with name 'tourDtoDaoJdbc' defined in URL [jar:file:/home/artem/IdeaProjects/aderenchuk-travel.agency/dao/target/dao-1.0-SNAPSHOT.jar!/com/aderenchuk/brest/dao/jdbc/TourDtoDaoJdbc.class]: Unsatisfied dependency expressed through constructor parameter 0; nested exception is org.springframework.beans.factory.BeanCreationException: Error creating bean with name 'dataSource': Post-processing of FactoryBean's singleton object failed; nested exception is org.springframework.beans.factory.BeanCreationException: Error creating bean with name 'org.springframework.boot.autoconfigure.jdbc.DataSourceInitializerInvoker': Invocation of init method failed; nested exception is org.springframework.jdbc.datasource.init.ScriptStatementFailedException: Failed to execute SQL script statement #1 of URL [jar:file:/home/artem/IdeaProjects/aderenchuk-travel.agency/test-db/target/test-db-1.0-SNAPSHOT.jar!/data.sql]: INSERT INTO TOUR (TOUR_ID, DIRECTION, DATE_TOUR) VALUES (101, 'BREST-MOSCOW', '2021-08-01'), (102, 'MINSK-ROME', '2021-08-01'), (103, 'MOSCOW-BARCELONA', '2021-06-15'), (104, 'MINSK-RIGA', '2021-07-02'), (105, 'MINSK-DUBAI', '2021-05-25'); nested exception is org.h2.jdbc.JdbcSQLIntegrityConstraintViolationException: Нарушение уникального индекса или первичного ключа: "PRIMARY KEY ON PUBLIC.TOUR(TOUR_ID) [101, 'BREST-MOSCOW', DATE '2021-08-01']"
Unique index or primary key violation: "PRIMARY KEY ON PUBLIC.TOUR(TOUR_ID) [101, 'BREST-MOSCOW', DATE '2021-08-01']"; SQL statement:
INSERT INTO TOUR (TOUR_ID, DIRECTION, DATE_TOUR) VALUES (101, 'BREST-MOSCOW', '2021-08-01'), (102, 'MINSK-ROME', '2021-08-01'), (103, 'MOSCOW-BARCELONA', '2021-06-15'), (104, 'MINSK-RIGA', '2021-07-02'), (105, 'MINSK-DUBAI', '2021-05-25') [23505-200]
Caused by: org.springframework.beans.factory.BeanCreationException: 
Error creating bean with name 'dataSource': Post-processing of FactoryBean's singleton object failed; nested exception is org.springframework.beans.factory.BeanCreationException: Error creating bean with name 'org.springframework.boot.autoconfigure.jdbc.DataSourceInitializerInvoker': Invocation of init method failed; nested exception is org.springframework.jdbc.datasource.init.ScriptStatementFailedException: Failed to execute SQL script statement #1 of URL [jar:file:/home/artem/IdeaProjects/aderenchuk-travel.agency/test-db/target/test-db-1.0-SNAPSHOT.jar!/data.sql]: INSERT INTO TOUR (TOUR_ID, DIRECTION, DATE_TOUR) VALUES (101, 'BREST-MOSCOW', '2021-08-01'), (102, 'MINSK-ROME', '2021-08-01'), (103, 'MOSCOW-BARCELONA', '2021-06-15'), (104, 'MINSK-RIGA', '2021-07-02'), (105, 'MINSK-DUBAI', '2021-05-25'); nested exception is org.h2.jdbc.JdbcSQLIntegrityConstraintViolationException: Нарушение уникального индекса или первичного ключа: "PRIMARY KEY ON PUBLIC.TOUR(TOUR_ID) [101, 'BREST-MOSCOW', DATE '2021-08-01']"
Unique index or primary key violation: "PRIMARY KEY ON PUBLIC.TOUR(TOUR_ID) [101, 'BREST-MOSCOW', DATE '2021-08-01']"; SQL statement:
INSERT INTO TOUR (TOUR_ID, DIRECTION, DATE_TOUR) VALUES (101, 'BREST-MOSCOW', '2021-08-01'), (102, 'MINSK-ROME', '2021-08-01'), (103, 'MOSCOW-BARCELONA', '2021-06-15'), (104, 'MINSK-RIGA', '2021-07-02'), (105, 'MINSK-DUBAI', '2021-05-25') [23505-200]
Caused by: org.springframework.beans.factory.BeanCreationException: 
Error creating bean with name 'org.springframework.boot.autoconfigure.jdbc.DataSourceInitializerInvoker': Invocation of init method failed; nested exception is org.springframework.jdbc.datasource.init.ScriptStatementFailedException: Failed to execute SQL script statement #1 of URL [jar:file:/home/artem/IdeaProjects/aderenchuk-travel.agency/test-db/target/test-db-1.0-SNAPSHOT.jar!/data.sql]: INSERT INTO TOUR (TOUR_ID, DIRECTION, DATE_TOUR) VALUES (101, 'BREST-MOSCOW', '2021-08-01'), (102, 'MINSK-ROME', '2021-08-01'), (103, 'MOSCOW-BARCELONA', '2021-06-15'), (104, 'MINSK-RIGA', '2021-07-02'), (105, 'MINSK-DUBAI', '2021-05-25'); nested exception is org.h2.jdbc.JdbcSQLIntegrityConstraintViolationException: Нарушение уникального индекса или первичного ключа: "PRIMARY KEY ON PUBLIC.TOUR(TOUR_ID) [101, 'BREST-MOSCOW', DATE '2021-08-01']"
Unique index or primary key violation: "PRIMARY KEY ON PUBLIC.TOUR(TOUR_ID) [101, 'BREST-MOSCOW', DATE '2021-08-01']"; SQL statement:
INSERT INTO TOUR (TOUR_ID, DIRECTION, DATE_TOUR) VALUES (101, 'BREST-MOSCOW', '2021-08-01'), (102, 'MINSK-ROME', '2021-08-01'), (103, 'MOSCOW-BARCELONA', '2021-06-15'), (104, 'MINSK-RIGA', '2021-07-02'), (105, 'MINSK-DUBAI', '2021-05-25') [23505-200]
Caused by: org.springframework.jdbc.datasource.init.ScriptStatementFailedException: 
Failed to execute SQL script statement #1 of URL [jar:file:/home/artem/IdeaProjects/aderenchuk-travel.agency/test-db/target/test-db-1.0-SNAPSHOT.jar!/data.sql]: INSERT INTO TOUR (TOUR_ID, DIRECTION, DATE_TOUR) VALUES (101, 'BREST-MOSCOW', '2021-08-01'), (102, 'MINSK-ROME', '2021-08-01'), (103, 'MOSCOW-BARCELONA', '2021-06-15'), (104, 'MINSK-RIGA', '2021-07-02'), (105, 'MINSK-DUBAI', '2021-05-25'); nested exception is org.h2.jdbc.JdbcSQLIntegrityConstraintViolationException: Нарушение уникального индекса или первичного ключа: "PRIMARY KEY ON PUBLIC.TOUR(TOUR_ID) [101, 'BREST-MOSCOW', DATE '2021-08-01']"
Unique index or primary key violation: "PRIMARY KEY ON PUBLIC.TOUR(TOUR_ID) [101, 'BREST-MOSCOW', DATE '2021-08-01']"; SQL statement:
INSERT INTO TOUR (TOUR_ID, DIRECTION, DATE_TOUR) VALUES (101, 'BREST-MOSCOW', '2021-08-01'), (102, 'MINSK-ROME', '2021-08-01'), (103, 'MOSCOW-BARCELONA', '2021-06-15'), (104, 'MINSK-RIGA', '2021-07-02'), (105, 'MINSK-DUBAI', '2021-05-25') [23505-200]
Caused by: org.h2.jdbc.JdbcSQLIntegrityConstraintViolationException: 
Нарушение уникального индекса или первичного ключа: "PRIMARY KEY ON PUBLIC.TOUR(TOUR_ID) [101, 'BREST-MOSCOW', DATE '2021-08-01']"
Unique index or primary key violation: "PRIMARY KEY ON PUBLIC.TOUR(TOUR_ID) [101, 'BREST-MOSCOW', DATE '2021-08-01']"; SQL statement:
INSERT INTO TOUR (TOUR_ID, DIRECTION, DATE_TOUR) VALUES (101, 'BREST-MOSCOW', '2021-08-01'), (102, 'MINSK-ROME', '2021-08-01'), (103, 'MOSCOW-BARCELONA', '2021-06-15'), (104, 'MINSK-RIGA', '2021-07-02'), (105, 'MINSK-DUBAI', '2021-05-25') [23505-200]
]]></error>
    <system-out><![CDATA[
  .   ____          _            __ _ _
 /\\ / ___'_ __ _ _(_)_ __  __ _ \ \ \ \
( ( )\___ | '_ | '_| | '_ \/ _` | \ \ \ \
 \\/  ___)| |_)| | | | | || (_| |  ) ) ) )
  '  |____| .__|_| |_|_| |_\__, | / / / /
 =========|_|==============|___/=/_/_/_/
 :: Spring Boot ::                (v2.4.4)

22:11:45 [main] INFO  com.aderenchuk.brest.service.web_app.TourControllerIT - Starting TourControllerIT using Java 11.0.10 on artem-HP-Laptop-15-bs0xx with PID 35492 (started by artem in /home/artem/IdeaProjects/aderenchuk-travel.agency/web-app)
22:11:45 [main] INFO  com.aderenchuk.brest.service.web_app.TourControllerIT - Starting TourControllerIT using Java 11.0.10 on artem-HP-Laptop-15-bs0xx with PID 35492 (started by artem in /home/artem/IdeaProjects/aderenchuk-travel.agency/web-app)
22:11:45 [main] DEBUG com.aderenchuk.brest.service.web_app.TourControllerIT - Running with Spring Boot v2.4.4, Spring v5.3.5
22:11:45 [main] DEBUG com.aderenchuk.brest.service.web_app.TourControllerIT - Running with Spring Boot v2.4.4, Spring v5.3.5
22:11:45 [main] INFO  com.aderenchuk.brest.service.web_app.TourControllerIT - No active profile set, falling back to default profiles: default
22:11:45 [main] INFO  com.aderenchuk.brest.service.web_app.TourControllerIT - No active profile set, falling back to default profiles: default
22:11:45 [main] INFO  org.springframework.boot.test.autoconfigure.jdbc.TestDatabaseAutoConfiguration$EmbeddedDataSourceBeanFactoryPostProcessor - Replacing 'dataSource' DataSource bean with embedded version
22:11:45 [main] INFO  org.springframework.jdbc.datasource.embedded.EmbeddedDatabaseFactory - Starting embedded database: url='jdbc:h2:mem:0181db3e-16c5-4d3e-acb4-ce8289bab304;DB_CLOSE_DELAY=-1;DB_CLOSE_ON_EXIT=false', username='sa'
22:11:45 [main] WARN  org.springframework.context.annotation.AnnotationConfigApplicationContext - Exception encountered during context initialization - cancelling refresh attempt: org.springframework.beans.factory.UnsatisfiedDependencyException: Error creating bean with name 'tourController' defined in file [/home/artem/IdeaProjects/aderenchuk-travel.agency/web-app/target/classes/com/aderenchuk/brest/service/web_app/TourController.class]: Unsatisfied dependency expressed through constructor parameter 0; nested exception is org.springframework.beans.factory.UnsatisfiedDependencyException: Error creating bean with name 'tourDtoServiceImpl' defined in URL [jar:file:/home/artem/IdeaProjects/aderenchuk-travel.agency/service/target/service-1.0-SNAPSHOT.jar!/com/aderenchuk/brest/service/impl/TourDtoServiceImpl.class]: Unsatisfied dependency expressed through constructor parameter 0; nested exception is org.springframework.beans.factory.UnsatisfiedDependencyException: Error creating bean with name 'tourDtoDaoJdbc' defined in URL [jar:file:/home/artem/IdeaProjects/aderenchuk-travel.agency/dao/target/dao-1.0-SNAPSHOT.jar!/com/aderenchuk/brest/dao/jdbc/TourDtoDaoJdbc.class]: Unsatisfied dependency expressed through constructor parameter 0; nested exception is org.springframework.beans.factory.BeanCreationException: Error creating bean with name 'dataSource': Post-processing of FactoryBean's singleton object failed; nested exception is org.springframework.beans.factory.BeanCreationException: Error creating bean with name 'org.springframework.boot.autoconfigure.jdbc.DataSourceInitializerInvoker': Invocation of init method failed; nested exception is org.springframework.jdbc.datasource.init.ScriptStatementFailedException: Failed to execute SQL script statement #1 of URL [jar:file:/home/artem/IdeaProjects/aderenchuk-travel.agency/test-db/target/test-db-1.0-SNAPSHOT.jar!/data.sql]: INSERT INTO TOUR (TOUR_ID, DIRECTION, DATE_TOUR) VALUES (101, 'BREST-MOSCOW', '2021-08-01'), (102, 'MINSK-ROME', '2021-08-01'), (103, 'MOSCOW-BARCELONA', '2021-06-15'), (104, 'MINSK-RIGA', '2021-07-02'), (105, 'MINSK-DUBAI', '2021-05-25'); nested exception is org.h2.jdbc.JdbcSQLIntegrityConstraintViolationException: Нарушение уникального индекса или первичного ключа: "PRIMARY KEY ON PUBLIC.TOUR(TOUR_ID) [101, 'BREST-MOSCOW', DATE '2021-08-01']"
Unique index or primary key violation: "PRIMARY KEY ON PUBLIC.TOUR(TOUR_ID) [101, 'BREST-MOSCOW', DATE '2021-08-01']"; SQL statement:
INSERT INTO TOUR (TOUR_ID, DIRECTION, DATE_TOUR) VALUES (101, 'BREST-MOSCOW', '2021-08-01'), (102, 'MINSK-ROME', '2021-08-01'), (103, 'MOSCOW-BARCELONA', '2021-06-15'), (104, 'MINSK-RIGA', '2021-07-02'), (105, 'MINSK-DUBAI', '2021-05-25') [23505-200]
22:11:45 [main] INFO  org.springframework.boot.autoconfigure.logging.ConditionEvaluationReportLoggingListener - 

Error starting ApplicationContext. To display the conditions report re-run your application with 'debug' enabled.
22:11:45 [main] ERROR org.springframework.boot.SpringApplication - Application run failed
org.springframework.beans.factory.UnsatisfiedDependencyException: Error creating bean with name 'tourController' defined in file [/home/artem/IdeaProjects/aderenchuk-travel.agency/web-app/target/classes/com/aderenchuk/brest/service/web_app/TourController.class]: Unsatisfied dependency expressed through constructor parameter 0; nested exception is org.springframework.beans.factory.UnsatisfiedDependencyException: Error creating bean with name 'tourDtoServiceImpl' defined in URL [jar:file:/home/artem/IdeaProjects/aderenchuk-travel.agency/service/target/service-1.0-SNAPSHOT.jar!/com/aderenchuk/brest/service/impl/TourDtoServiceImpl.class]: Unsatisfied dependency expressed through constructor parameter 0; nested exception is org.springframework.beans.factory.UnsatisfiedDependencyException: Error creating bean with name 'tourDtoDaoJdbc' defined in URL [jar:file:/home/artem/IdeaProjects/aderenchuk-travel.agency/dao/target/dao-1.0-SNAPSHOT.jar!/com/aderenchuk/brest/dao/jdbc/TourDtoDaoJdbc.class]: Unsatisfied dependency expressed through constructor parameter 0; nested exception is org.springframework.beans.factory.BeanCreationException: Error creating bean with name 'dataSource': Post-processing of FactoryBean's singleton object failed; nested exception is org.springframework.beans.factory.BeanCreationException: Error creating bean with name 'org.springframework.boot.autoconfigure.jdbc.DataSourceInitializerInvoker': Invocation of init method failed; nested exception is org.springframework.jdbc.datasource.init.ScriptStatementFailedException: Failed to execute SQL script statement #1 of URL [jar:file:/home/artem/IdeaProjects/aderenchuk-travel.agency/test-db/target/test-db-1.0-SNAPSHOT.jar!/data.sql]: INSERT INTO TOUR (TOUR_ID, DIRECTION, DATE_TOUR) VALUES (101, 'BREST-MOSCOW', '2021-08-01'), (102, 'MINSK-ROME', '2021-08-01'), (103, 'MOSCOW-BARCELONA', '2021-06-15'), (104, 'MINSK-RIGA', '2021-07-02'), (105, 'MINSK-DUBAI', '2021-05-25'); nested exception is org.h2.jdbc.JdbcSQLIntegrityConstraintViolationException: Нарушение уникального индекса или первичного ключа: "PRIMARY KEY ON PUBLIC.TOUR(TOUR_ID) [101, 'BREST-MOSCOW', DATE '2021-08-01']"
Unique index or primary key violation: "PRIMARY KEY ON PUBLIC.TOUR(TOUR_ID) [101, 'BREST-MOSCOW', DATE '2021-08-01']"; SQL statement:
INSERT INTO TOUR (TOUR_ID, DIRECTION, DATE_TOUR) VALUES (101, 'BREST-MOSCOW', '2021-08-01'), (102, 'MINSK-ROME', '2021-08-01'), (103, 'MOSCOW-BARCELONA', '2021-06-15'), (104, 'MINSK-RIGA', '2021-07-02'), (105, 'MINSK-DUBAI', '2021-05-25') [23505-200]
	at org.springframework.beans.factory.support.ConstructorResolver.createArgumentArray(ConstructorResolver.java:800)
	at org.springframework.beans.factory.support.ConstructorResolver.autowireConstructor(ConstructorResolver.java:229)
	at org.springframework.beans.factory.support.AbstractAutowireCapableBeanFactory.autowireConstructor(AbstractAutowireCapableBeanFactory.java:1354)
	at org.springframework.beans.factory.support.AbstractAutowireCapableBeanFactory.createBeanInstance(AbstractAutowireCapableBeanFactory.java:1204)
	at org.springframework.beans.factory.support.AbstractAutowireCapableBeanFactory.doCreateBean(AbstractAutowireCapableBeanFactory.java:564)
	at org.springframework.beans.factory.support.AbstractAutowireCapableBeanFactory.createBean(AbstractAutowireCapableBeanFactory.java:524)
	at org.springframework.beans.factory.support.AbstractBeanFactory.lambda$doGetBean$0(AbstractBeanFactory.java:335)
	at org.springframework.beans.factory.support.DefaultSingletonBeanRegistry.getSingleton(DefaultSingletonBeanRegistry.java:234)
	at org.springframework.beans.factory.support.AbstractBeanFactory.doGetBean(AbstractBeanFactory.java:333)
	at org.springframework.beans.factory.support.AbstractBeanFactory.getBean(AbstractBeanFactory.java:208)
	at org.springframework.beans.factory.support.DefaultListableBeanFactory.preInstantiateSingletons(DefaultListableBeanFactory.java:944)
	at org.springframework.context.support.AbstractApplicationContext.finishBeanFactoryInitialization(AbstractApplicationContext.java:918)
	at org.springframework.context.support.AbstractApplicationContext.refresh(AbstractApplicationContext.java:583)
	at org.springframework.boot.SpringApplication.refresh(SpringApplication.java:769)
	at org.springframework.boot.SpringApplication.refresh(SpringApplication.java:761)
	at org.springframework.boot.SpringApplication.refreshContext(SpringApplication.java:426)
	at org.springframework.boot.SpringApplication.run(SpringApplication.java:326)
	at org.springframework.boot.test.context.SpringBootContextLoader.loadContext(SpringBootContextLoader.java:123)
	at org.springframework.test.context.cache.DefaultCacheAwareContextLoaderDelegate.loadContextInternal(DefaultCacheAwareContextLoaderDelegate.java:99)
	at org.springframework.test.context.cache.DefaultCacheAwareContextLoaderDelegate.loadContext(DefaultCacheAwareContextLoaderDelegate.java:124)
	at org.springframework.test.context.support.DefaultTestContext.getApplicationContext(DefaultTestContext.java:124)
	at org.springframework.test.context.support.DependencyInjectionTestExecutionListener.injectDependencies(DependencyInjectionTestExecutionListener.java:118)
	at org.springframework.test.context.support.DependencyInjectionTestExecutionListener.prepareTestInstance(DependencyInjectionTestExecutionListener.java:83)
	at org.springframework.boot.test.autoconfigure.SpringBootDependencyInjectionTestExecutionListener.prepareTestInstance(SpringBootDependencyInjectionTestExecutionListener.java:43)
	at org.springframework.test.context.TestContextManager.prepareTestInstance(TestContextManager.java:244)
	at org.springframework.test.context.junit.jupiter.SpringExtension.postProcessTestInstance(SpringExtension.java:138)
	at org.junit.jupiter.engine.descriptor.ClassBasedTestDescriptor.lambda$invokeTestInstancePostProcessors$6(ClassBasedTestDescriptor.java:350)
	at org.junit.jupiter.engine.descriptor.ClassBasedTestDescriptor.executeAndMaskThrowable(ClassBasedTestDescriptor.java:355)
	at org.junit.jupiter.engine.descriptor.ClassBasedTestDescriptor.lambda$invokeTestInstancePostProcessors$7(ClassBasedTestDescriptor.java:350)
	at java.base/java.util.stream.ReferencePipeline$3$1.accept(ReferencePipeline.java:195)
	at java.base/java.util.stream.ReferencePipeline$2$1.accept(ReferencePipeline.java:177)
	at java.base/java.util.ArrayList$ArrayListSpliterator.forEachRemaining(ArrayList.java:1655)
	at java.base/java.util.stream.AbstractPipeline.copyInto(AbstractPipeline.java:484)
	at java.base/java.util.stream.AbstractPipeline.wrapAndCopyInto(AbstractPipeline.java:474)
	at java.base/java.util.stream.StreamSpliterators$WrappingSpliterator.forEachRemaining(StreamSpliterators.java:312)
	at java.base/java.util.stream.Streams$ConcatSpliterator.forEachRemaining(Streams.java:735)
	at java.base/java.util.stream.Streams$ConcatSpliterator.forEachRemaining(Streams.java:734)
	at java.base/java.util.stream.ReferencePipeline$Head.forEach(ReferencePipeline.java:658)
	at org.junit.jupiter.engine.descriptor.ClassBasedTestDescriptor.invokeTestInstancePostProcessors(ClassBasedTestDescriptor.java:349)
	at org.junit.jupiter.engine.descriptor.ClassBasedTestDescriptor.lambda$instantiateAndPostProcessTestInstance$4(ClassBasedTestDescriptor.java:270)
	at org.junit.platform.engine.support.hierarchical.ThrowableCollector.execute(ThrowableCollector.java:73)
	at org.junit.jupiter.engine.descriptor.ClassBasedTestDescriptor.instantiateAndPostProcessTestInstance(ClassBasedTestDescriptor.java:269)
	at org.junit.jupiter.engine.descriptor.ClassBasedTestDescriptor.lambda$testInstancesProvider$2(ClassBasedTestDescriptor.java:259)
	at java.base/java.util.Optional.orElseGet(Optional.java:369)
	at org.junit.jupiter.engine.descriptor.ClassBasedTestDescriptor.lambda$testInstancesProvider$3(ClassBasedTestDescriptor.java:258)
	at org.junit.jupiter.engine.execution.TestInstancesProvider.getTestInstances(TestInstancesProvider.java:31)
	at org.junit.jupiter.engine.descriptor.TestMethodTestDescriptor.lambda$prepare$0(TestMethodTestDescriptor.java:101)
	at org.junit.platform.engine.support.hierarchical.ThrowableCollector.execute(ThrowableCollector.java:73)
	at org.junit.jupiter.engine.descriptor.TestMethodTestDescriptor.prepare(TestMethodTestDescriptor.java:100)
	at org.junit.jupiter.engine.descriptor.TestMethodTestDescriptor.prepare(TestMethodTestDescriptor.java:65)
	at org.junit.platform.engine.support.hierarchical.NodeTestTask.lambda$prepare$1(NodeTestTask.java:111)
	at org.junit.platform.engine.support.hierarchical.ThrowableCollector.execute(ThrowableCollector.java:73)
	at org.junit.platform.engine.support.hierarchical.NodeTestTask.prepare(NodeTestTask.java:111)
	at org.junit.platform.engine.support.hierarchical.NodeTestTask.execute(NodeTestTask.java:79)
	at java.base/java.util.ArrayList.forEach(ArrayList.java:1541)
	at org.junit.platform.engine.support.hierarchical.SameThreadHierarchicalTestExecutorService.invokeAll(SameThreadHierarchicalTestExecutorService.java:38)
	at org.junit.platform.engine.support.hierarchical.NodeTestTask.lambda$executeRecursively$5(NodeTestTask.java:143)
	at org.junit.platform.engine.support.hierarchical.ThrowableCollector.execute(ThrowableCollector.java:73)
	at org.junit.platform.engine.support.hierarchical.NodeTestTask.lambda$executeRecursively$7(NodeTestTask.java:129)
	at org.junit.platform.engine.support.hierarchical.Node.around(Node.java:137)
	at org.junit.platform.engine.support.hierarchical.NodeTestTask.lambda$executeRecursively$8(NodeTestTask.java:127)
	at org.junit.platform.engine.support.hierarchical.ThrowableCollector.execute(ThrowableCollector.java:73)
	at org.junit.platform.engine.support.hierarchical.NodeTestTask.executeRecursively(NodeTestTask.java:126)
	at org.junit.platform.engine.support.hierarchical.NodeTestTask.execute(NodeTestTask.java:84)
	at java.base/java.util.ArrayList.forEach(ArrayList.java:1541)
	at org.junit.platform.engine.support.hierarchical.SameThreadHierarchicalTestExecutorService.invokeAll(SameThreadHierarchicalTestExecutorService.java:38)
	at org.junit.platform.engine.support.hierarchical.NodeTestTask.lambda$executeRecursively$5(NodeTestTask.java:143)
	at org.junit.platform.engine.support.hierarchical.ThrowableCollector.execute(ThrowableCollector.java:73)
	at org.junit.platform.engine.support.hierarchical.NodeTestTask.lambda$executeRecursively$7(NodeTestTask.java:129)
	at org.junit.platform.engine.support.hierarchical.Node.around(Node.java:137)
	at org.junit.platform.engine.support.hierarchical.NodeTestTask.lambda$executeRecursively$8(NodeTestTask.java:127)
	at org.junit.platform.engine.support.hierarchical.ThrowableCollector.execute(ThrowableCollector.java:73)
	at org.junit.platform.engine.support.hierarchical.NodeTestTask.executeRecursively(NodeTestTask.java:126)
	at org.junit.platform.engine.support.hierarchical.NodeTestTask.execute(NodeTestTask.java:84)
	at org.junit.platform.engine.support.hierarchical.SameThreadHierarchicalTestExecutorService.submit(SameThreadHierarchicalTestExecutorService.java:32)
	at org.junit.platform.engine.support.hierarchical.HierarchicalTestExecutor.execute(HierarchicalTestExecutor.java:57)
	at org.junit.platform.engine.support.hierarchical.HierarchicalTestEngine.execute(HierarchicalTestEngine.java:51)
	at org.junit.platform.launcher.core.EngineExecutionOrchestrator.execute(EngineExecutionOrchestrator.java:108)
	at org.junit.platform.launcher.core.EngineExecutionOrchestrator.execute(EngineExecutionOrchestrator.java:88)
	at org.junit.platform.launcher.core.EngineExecutionOrchestrator.lambda$execute$0(EngineExecutionOrchestrator.java:54)
	at org.junit.platform.launcher.core.EngineExecutionOrchestrator.withInterceptedStreams(EngineExecutionOrchestrator.java:67)
	at org.junit.platform.launcher.core.EngineExecutionOrchestrator.execute(EngineExecutionOrchestrator.java:52)
	at org.junit.platform.launcher.core.DefaultLauncher.execute(DefaultLauncher.java:96)
	at org.junit.platform.launcher.core.DefaultLauncher.execute(DefaultLauncher.java:75)
	at org.apache.maven.surefire.junitplatform.JUnitPlatformProvider.invokeAllTests(JUnitPlatformProvider.java:154)
	at org.apache.maven.surefire.junitplatform.JUnitPlatformProvider.invoke(JUnitPlatformProvider.java:127)
	at org.apache.maven.surefire.booter.ForkedBooter.runSuitesInProcess(ForkedBooter.java:377)
	at org.apache.maven.surefire.booter.ForkedBooter.execute(ForkedBooter.java:138)
	at org.apache.maven.surefire.booter.ForkedBooter.run(ForkedBooter.java:465)
	at org.apache.maven.surefire.booter.ForkedBooter.main(ForkedBooter.java:451)
Caused by: org.springframework.beans.factory.UnsatisfiedDependencyException: Error creating bean with name 'tourDtoServiceImpl' defined in URL [jar:file:/home/artem/IdeaProjects/aderenchuk-travel.agency/service/target/service-1.0-SNAPSHOT.jar!/com/aderenchuk/brest/service/impl/TourDtoServiceImpl.class]: Unsatisfied dependency expressed through constructor parameter 0; nested exception is org.springframework.beans.factory.UnsatisfiedDependencyException: Error creating bean with name 'tourDtoDaoJdbc' defined in URL [jar:file:/home/artem/IdeaProjects/aderenchuk-travel.agency/dao/target/dao-1.0-SNAPSHOT.jar!/com/aderenchuk/brest/dao/jdbc/TourDtoDaoJdbc.class]: Unsatisfied dependency expressed through constructor parameter 0; nested exception is org.springframework.beans.factory.BeanCreationException: Error creating bean with name 'dataSource': Post-processing of FactoryBean's singleton object failed; nested exception is org.springframework.beans.factory.BeanCreationException: Error creating bean with name 'org.springframework.boot.autoconfigure.jdbc.DataSourceInitializerInvoker': Invocation of init method failed; nested exception is org.springframework.jdbc.datasource.init.ScriptStatementFailedException: Failed to execute SQL script statement #1 of URL [jar:file:/home/artem/IdeaProjects/aderenchuk-travel.agency/test-db/target/test-db-1.0-SNAPSHOT.jar!/data.sql]: INSERT INTO TOUR (TOUR_ID, DIRECTION, DATE_TOUR) VALUES (101, 'BREST-MOSCOW', '2021-08-01'), (102, 'MINSK-ROME', '2021-08-01'), (103, 'MOSCOW-BARCELONA', '2021-06-15'), (104, 'MINSK-RIGA', '2021-07-02'), (105, 'MINSK-DUBAI', '2021-05-25'); nested exception is org.h2.jdbc.JdbcSQLIntegrityConstraintViolationException: Нарушение уникального индекса или первичного ключа: "PRIMARY KEY ON PUBLIC.TOUR(TOUR_ID) [101, 'BREST-MOSCOW', DATE '2021-08-01']"
Unique index or primary key violation: "PRIMARY KEY ON PUBLIC.TOUR(TOUR_ID) [101, 'BREST-MOSCOW', DATE '2021-08-01']"; SQL statement:
INSERT INTO TOUR (TOUR_ID, DIRECTION, DATE_TOUR) VALUES (101, 'BREST-MOSCOW', '2021-08-01'), (102, 'MINSK-ROME', '2021-08-01'), (103, 'MOSCOW-BARCELONA', '2021-06-15'), (104, 'MINSK-RIGA', '2021-07-02'), (105, 'MINSK-DUBAI', '2021-05-25') [23505-200]
	at org.springframework.beans.factory.support.ConstructorResolver.createArgumentArray(ConstructorResolver.java:800)
	at org.springframework.beans.factory.support.ConstructorResolver.autowireConstructor(ConstructorResolver.java:229)
	at org.springframework.beans.factory.support.AbstractAutowireCapableBeanFactory.autowireConstructor(AbstractAutowireCapableBeanFactory.java:1354)
	at org.springframework.beans.factory.support.AbstractAutowireCapableBeanFactory.createBeanInstance(AbstractAutowireCapableBeanFactory.java:1204)
	at org.springframework.beans.factory.support.AbstractAutowireCapableBeanFactory.doCreateBean(AbstractAutowireCapableBeanFactory.java:564)
	at org.springframework.beans.factory.support.AbstractAutowireCapableBeanFactory.createBean(AbstractAutowireCapableBeanFactory.java:524)
	at org.springframework.beans.factory.support.AbstractBeanFactory.lambda$doGetBean$0(AbstractBeanFactory.java:335)
	at org.springframework.beans.factory.support.DefaultSingletonBeanRegistry.getSingleton(DefaultSingletonBeanRegistry.java:234)
	at org.springframework.beans.factory.support.AbstractBeanFactory.doGetBean(AbstractBeanFactory.java:333)
	at org.springframework.beans.factory.support.AbstractBeanFactory.getBean(AbstractBeanFactory.java:208)
	at org.springframework.beans.factory.config.DependencyDescriptor.resolveCandidate(DependencyDescriptor.java:276)
	at org.springframework.beans.factory.support.DefaultListableBeanFactory.doResolveDependency(DefaultListableBeanFactory.java:1380)
	at org.springframework.beans.factory.support.DefaultListableBeanFactory.resolveDependency(DefaultListableBeanFactory.java:1300)
	at org.springframework.beans.factory.support.ConstructorResolver.resolveAutowiredArgument(ConstructorResolver.java:887)
	at org.springframework.beans.factory.support.ConstructorResolver.createArgumentArray(ConstructorResolver.java:791)
	... 89 common frames omitted
Caused by: org.springframework.beans.factory.UnsatisfiedDependencyException: Error creating bean with name 'tourDtoDaoJdbc' defined in URL [jar:file:/home/artem/IdeaProjects/aderenchuk-travel.agency/dao/target/dao-1.0-SNAPSHOT.jar!/com/aderenchuk/brest/dao/jdbc/TourDtoDaoJdbc.class]: Unsatisfied dependency expressed through constructor parameter 0; nested exception is org.springframework.beans.factory.BeanCreationException: Error creating bean with name 'dataSource': Post-processing of FactoryBean's singleton object failed; nested exception is org.springframework.beans.factory.BeanCreationException: Error creating bean with name 'org.springframework.boot.autoconfigure.jdbc.DataSourceInitializerInvoker': Invocation of init method failed; nested exception is org.springframework.jdbc.datasource.init.ScriptStatementFailedException: Failed to execute SQL script statement #1 of URL [jar:file:/home/artem/IdeaProjects/aderenchuk-travel.agency/test-db/target/test-db-1.0-SNAPSHOT.jar!/data.sql]: INSERT INTO TOUR (TOUR_ID, DIRECTION, DATE_TOUR) VALUES (101, 'BREST-MOSCOW', '2021-08-01'), (102, 'MINSK-ROME', '2021-08-01'), (103, 'MOSCOW-BARCELONA', '2021-06-15'), (104, 'MINSK-RIGA', '2021-07-02'), (105, 'MINSK-DUBAI', '2021-05-25'); nested exception is org.h2.jdbc.JdbcSQLIntegrityConstraintViolationException: Нарушение уникального индекса или первичного ключа: "PRIMARY KEY ON PUBLIC.TOUR(TOUR_ID) [101, 'BREST-MOSCOW', DATE '2021-08-01']"
Unique index or primary key violation: "PRIMARY KEY ON PUBLIC.TOUR(TOUR_ID) [101, 'BREST-MOSCOW', DATE '2021-08-01']"; SQL statement:
INSERT INTO TOUR (TOUR_ID, DIRECTION, DATE_TOUR) VALUES (101, 'BREST-MOSCOW', '2021-08-01'), (102, 'MINSK-ROME', '2021-08-01'), (103, 'MOSCOW-BARCELONA', '2021-06-15'), (104, 'MINSK-RIGA', '2021-07-02'), (105, 'MINSK-DUBAI', '2021-05-25') [23505-200]
	at org.springframework.beans.factory.support.ConstructorResolver.createArgumentArray(ConstructorResolver.java:800)
	at org.springframework.beans.factory.support.ConstructorResolver.autowireConstructor(ConstructorResolver.java:229)
	at org.springframework.beans.factory.support.AbstractAutowireCapableBeanFactory.autowireConstructor(AbstractAutowireCapableBeanFactory.java:1354)
	at org.springframework.beans.factory.support.AbstractAutowireCapableBeanFactory.createBeanInstance(AbstractAutowireCapableBeanFactory.java:1204)
	at org.springframework.beans.factory.support.AbstractAutowireCapableBeanFactory.doCreateBean(AbstractAutowireCapableBeanFactory.java:564)
	at org.springframework.beans.factory.support.AbstractAutowireCapableBeanFactory.createBean(AbstractAutowireCapableBeanFactory.java:524)
	at org.springframework.beans.factory.support.AbstractBeanFactory.lambda$doGetBean$0(AbstractBeanFactory.java:335)
	at org.springframework.beans.factory.support.DefaultSingletonBeanRegistry.getSingleton(DefaultSingletonBeanRegistry.java:234)
	at org.springframework.beans.factory.support.AbstractBeanFactory.doGetBean(AbstractBeanFactory.java:333)
	at org.springframework.beans.factory.support.AbstractBeanFactory.getBean(AbstractBeanFactory.java:208)
	at org.springframework.beans.factory.config.DependencyDescriptor.resolveCandidate(DependencyDescriptor.java:276)
	at org.springframework.beans.factory.support.DefaultListableBeanFactory.doResolveDependency(DefaultListableBeanFactory.java:1380)
	at org.springframework.beans.factory.support.DefaultListableBeanFactory.resolveDependency(DefaultListableBeanFactory.java:1300)
	at org.springframework.beans.factory.support.ConstructorResolver.resolveAutowiredArgument(ConstructorResolver.java:887)
	at org.springframework.beans.factory.support.ConstructorResolver.createArgumentArray(ConstructorResolver.java:791)
	... 103 common frames omitted
Caused by: org.springframework.beans.factory.BeanCreationException: Error creating bean with name 'dataSource': Post-processing of FactoryBean's singleton object failed; nested exception is org.springframework.beans.factory.BeanCreationException: Error creating bean with name 'org.springframework.boot.autoconfigure.jdbc.DataSourceInitializerInvoker': Invocation of init method failed; nested exception is org.springframework.jdbc.datasource.init.ScriptStatementFailedException: Failed to execute SQL script statement #1 of URL [jar:file:/home/artem/IdeaProjects/aderenchuk-travel.agency/test-db/target/test-db-1.0-SNAPSHOT.jar!/data.sql]: INSERT INTO TOUR (TOUR_ID, DIRECTION, DATE_TOUR) VALUES (101, 'BREST-MOSCOW', '2021-08-01'), (102, 'MINSK-ROME', '2021-08-01'), (103, 'MOSCOW-BARCELONA', '2021-06-15'), (104, 'MINSK-RIGA', '2021-07-02'), (105, 'MINSK-DUBAI', '2021-05-25'); nested exception is org.h2.jdbc.JdbcSQLIntegrityConstraintViolationException: Нарушение уникального индекса или первичного ключа: "PRIMARY KEY ON PUBLIC.TOUR(TOUR_ID) [101, 'BREST-MOSCOW', DATE '2021-08-01']"
Unique index or primary key violation: "PRIMARY KEY ON PUBLIC.TOUR(TOUR_ID) [101, 'BREST-MOSCOW', DATE '2021-08-01']"; SQL statement:
INSERT INTO TOUR (TOUR_ID, DIRECTION, DATE_TOUR) VALUES (101, 'BREST-MOSCOW', '2021-08-01'), (102, 'MINSK-ROME', '2021-08-01'), (103, 'MOSCOW-BARCELONA', '2021-06-15'), (104, 'MINSK-RIGA', '2021-07-02'), (105, 'MINSK-DUBAI', '2021-05-25') [23505-200]
	at org.springframework.beans.factory.support.FactoryBeanRegistrySupport.getObjectFromFactoryBean(FactoryBeanRegistrySupport.java:119)
	at org.springframework.beans.factory.support.AbstractBeanFactory.getObjectForBeanInstance(AbstractBeanFactory.java:1884)
	at org.springframework.beans.factory.support.AbstractAutowireCapableBeanFactory.getObjectForBeanInstance(AbstractAutowireCapableBeanFactory.java:1266)
	at org.springframework.beans.factory.support.AbstractBeanFactory.doGetBean(AbstractBeanFactory.java:345)
	at org.springframework.beans.factory.support.AbstractBeanFactory.getBean(AbstractBeanFactory.java:208)
	at org.springframework.beans.factory.config.DependencyDescriptor.resolveCandidate(DependencyDescriptor.java:276)
	at org.springframework.beans.factory.support.DefaultListableBeanFactory.doResolveDependency(DefaultListableBeanFactory.java:1380)
	at org.springframework.beans.factory.support.DefaultListableBeanFactory.resolveDependency(DefaultListableBeanFactory.java:1300)
	at org.springframework.beans.factory.support.ConstructorResolver.resolveAutowiredArgument(ConstructorResolver.java:887)
	at org.springframework.beans.factory.support.ConstructorResolver.createArgumentArray(ConstructorResolver.java:791)
	... 117 common frames omitted
Caused by: org.springframework.beans.factory.BeanCreationException: Error creating bean with name 'org.springframework.boot.autoconfigure.jdbc.DataSourceInitializerInvoker': Invocation of init method failed; nested exception is org.springframework.jdbc.datasource.init.ScriptStatementFailedException: Failed to execute SQL script statement #1 of URL [jar:file:/home/artem/IdeaProjects/aderenchuk-travel.agency/test-db/target/test-db-1.0-SNAPSHOT.jar!/data.sql]: INSERT INTO TOUR (TOUR_ID, DIRECTION, DATE_TOUR) VALUES (101, 'BREST-MOSCOW', '2021-08-01'), (102, 'MINSK-ROME', '2021-08-01'), (103, 'MOSCOW-BARCELONA', '2021-06-15'), (104, 'MINSK-RIGA', '2021-07-02'), (105, 'MINSK-DUBAI', '2021-05-25'); nested exception is org.h2.jdbc.JdbcSQLIntegrityConstraintViolationException: Нарушение уникального индекса или первичного ключа: "PRIMARY KEY ON PUBLIC.TOUR(TOUR_ID) [101, 'BREST-MOSCOW', DATE '2021-08-01']"
Unique index or primary key violation: "PRIMARY KEY ON PUBLIC.TOUR(TOUR_ID) [101, 'BREST-MOSCOW', DATE '2021-08-01']"; SQL statement:
INSERT INTO TOUR (TOUR_ID, DIRECTION, DATE_TOUR) VALUES (101, 'BREST-MOSCOW', '2021-08-01'), (102, 'MINSK-ROME', '2021-08-01'), (103, 'MOSCOW-BARCELONA', '2021-06-15'), (104, 'MINSK-RIGA', '2021-07-02'), (105, 'MINSK-DUBAI', '2021-05-25') [23505-200]
	at org.springframework.beans.factory.support.AbstractAutowireCapableBeanFactory.initializeBean(AbstractAutowireCapableBeanFactory.java:1786)
	at org.springframework.beans.factory.support.AbstractAutowireCapableBeanFactory.doCreateBean(AbstractAutowireCapableBeanFactory.java:602)
	at org.springframework.beans.factory.support.AbstractAutowireCapableBeanFactory.createBean(AbstractAutowireCapableBeanFactory.java:524)
	at org.springframework.beans.factory.support.AbstractBeanFactory.lambda$doGetBean$0(AbstractBeanFactory.java:335)
	at org.springframework.beans.factory.support.DefaultSingletonBeanRegistry.getSingleton(DefaultSingletonBeanRegistry.java:234)
	at org.springframework.beans.factory.support.AbstractBeanFactory.doGetBean(AbstractBeanFactory.java:333)
	at org.springframework.beans.factory.support.AbstractBeanFactory.getBean(AbstractBeanFactory.java:233)
	at org.springframework.beans.factory.support.DefaultListableBeanFactory.resolveNamedBean(DefaultListableBeanFactory.java:1273)
	at org.springframework.beans.factory.support.DefaultListableBeanFactory.resolveNamedBean(DefaultListableBeanFactory.java:1234)
	at org.springframework.beans.factory.support.DefaultListableBeanFactory.resolveBean(DefaultListableBeanFactory.java:494)
	at org.springframework.beans.factory.support.DefaultListableBeanFactory.getBean(DefaultListableBeanFactory.java:349)
	at org.springframework.beans.factory.support.DefaultListableBeanFactory.getBean(DefaultListableBeanFactory.java:342)
	at org.springframework.boot.autoconfigure.jdbc.DataSourceInitializerPostProcessor.postProcessAfterInitialization(DataSourceInitializerPostProcessor.java:51)
	at org.springframework.beans.factory.support.AbstractAutowireCapableBeanFactory.applyBeanPostProcessorsAfterInitialization(AbstractAutowireCapableBeanFactory.java:437)
	at org.springframework.beans.factory.support.AbstractAutowireCapableBeanFactory.postProcessObjectFromFactoryBean(AbstractAutowireCapableBeanFactory.java:1929)
	at org.springframework.beans.factory.support.FactoryBeanRegistrySupport.getObjectFromFactoryBean(FactoryBeanRegistrySupport.java:116)
	... 126 common frames omitted
Caused by: org.springframework.jdbc.datasource.init.ScriptStatementFailedException: Failed to execute SQL script statement #1 of URL [jar:file:/home/artem/IdeaProjects/aderenchuk-travel.agency/test-db/target/test-db-1.0-SNAPSHOT.jar!/data.sql]: INSERT INTO TOUR (TOUR_ID, DIRECTION, DATE_TOUR) VALUES (101, 'BREST-MOSCOW', '2021-08-01'), (102, 'MINSK-ROME', '2021-08-01'), (103, 'MOSCOW-BARCELONA', '2021-06-15'), (104, 'MINSK-RIGA', '2021-07-02'), (105, 'MINSK-DUBAI', '2021-05-25'); nested exception is org.h2.jdbc.JdbcSQLIntegrityConstraintViolationException: Нарушение уникального индекса или первичного ключа: "PRIMARY KEY ON PUBLIC.TOUR(TOUR_ID) [101, 'BREST-MOSCOW', DATE '2021-08-01']"
Unique index or primary key violation: "PRIMARY KEY ON PUBLIC.TOUR(TOUR_ID) [101, 'BREST-MOSCOW', DATE '2021-08-01']"; SQL statement:
INSERT INTO TOUR (TOUR_ID, DIRECTION, DATE_TOUR) VALUES (101, 'BREST-MOSCOW', '2021-08-01'), (102, 'MINSK-ROME', '2021-08-01'), (103, 'MOSCOW-BARCELONA', '2021-06-15'), (104, 'MINSK-RIGA', '2021-07-02'), (105, 'MINSK-DUBAI', '2021-05-25') [23505-200]
	at org.springframework.jdbc.datasource.init.ScriptUtils.executeSqlScript(ScriptUtils.java:622)
	at org.springframework.jdbc.datasource.init.ResourceDatabasePopulator.populate(ResourceDatabasePopulator.java:254)
	at org.springframework.jdbc.datasource.init.DatabasePopulatorUtils.execute(DatabasePopulatorUtils.java:49)
	at org.springframework.boot.autoconfigure.jdbc.DataSourceInitializer.runScripts(DataSourceInitializer.java:202)
	at org.springframework.boot.autoconfigure.jdbc.DataSourceInitializer.initSchema(DataSourceInitializer.java:119)
	at org.springframework.boot.autoconfigure.jdbc.DataSourceInitializerInvoker.onApplicationEvent(DataSourceInitializerInvoker.java:91)
	at org.springframework.boot.autoconfigure.jdbc.DataSourceInitializerInvoker.onApplicationEvent(DataSourceInitializerInvoker.java:38)
	at org.springframework.context.event.SimpleApplicationEventMulticaster.doInvokeListener(SimpleApplicationEventMulticaster.java:176)
	at org.springframework.context.event.SimpleApplicationEventMulticaster.invokeListener(SimpleApplicationEventMulticaster.java:169)
	at org.springframework.context.event.SimpleApplicationEventMulticaster.multicastEvent(SimpleApplicationEventMulticaster.java:143)
	at org.springframework.context.support.AbstractApplicationContext.publishEvent(AbstractApplicationContext.java:421)
	at org.springframework.context.support.AbstractApplicationContext.publishEvent(AbstractApplicationContext.java:378)
	at org.springframework.boot.autoconfigure.jdbc.DataSourceInitializerInvoker.initialize(DataSourceInitializerInvoker.java:72)
	at org.springframework.boot.autoconfigure.jdbc.DataSourceInitializerInvoker.afterPropertiesSet(DataSourceInitializerInvoker.java:65)
	at org.springframework.beans.factory.support.AbstractAutowireCapableBeanFactory.invokeInitMethods(AbstractAutowireCapableBeanFactory.java:1845)
	at org.springframework.beans.factory.support.AbstractAutowireCapableBeanFactory.initializeBean(AbstractAutowireCapableBeanFactory.java:1782)
	... 141 common frames omitted
Caused by: org.h2.jdbc.JdbcSQLIntegrityConstraintViolationException: Нарушение уникального индекса или первичного ключа: "PRIMARY KEY ON PUBLIC.TOUR(TOUR_ID) [101, 'BREST-MOSCOW', DATE '2021-08-01']"
Unique index or primary key violation: "PRIMARY KEY ON PUBLIC.TOUR(TOUR_ID) [101, 'BREST-MOSCOW', DATE '2021-08-01']"; SQL statement:
INSERT INTO TOUR (TOUR_ID, DIRECTION, DATE_TOUR) VALUES (101, 'BREST-MOSCOW', '2021-08-01'), (102, 'MINSK-ROME', '2021-08-01'), (103, 'MOSCOW-BARCELONA', '2021-06-15'), (104, 'MINSK-RIGA', '2021-07-02'), (105, 'MINSK-DUBAI', '2021-05-25') [23505-200]
	at org.h2.message.DbException.getJdbcSQLException(DbException.java:459)
	at org.h2.message.DbException.getJdbcSQLException(DbException.java:429)
	at org.h2.message.DbException.get(DbException.java:205)
	at org.h2.message.DbException.get(DbException.java:181)
	at org.h2.mvstore.db.MVPrimaryIndex.add(MVPrimaryIndex.java:127)
	at org.h2.mvstore.db.MVTable.addRow(MVTable.java:531)
	at org.h2.command.dml.Insert.insertRows(Insert.java:195)
	at org.h2.command.dml.Insert.update(Insert.java:151)
	at org.h2.command.CommandContainer.update(CommandContainer.java:198)
	at org.h2.command.Command.executeUpdate(Command.java:251)
	at org.h2.jdbc.JdbcStatement.executeInternal(JdbcStatement.java:228)
	at org.h2.jdbc.JdbcStatement.execute(JdbcStatement.java:201)
	at org.springframework.jdbc.datasource.init.ScriptUtils.executeSqlScript(ScriptUtils.java:601)
	... 156 common frames omitted

  .   ____          _            __ _ _
 /\\ / ___'_ __ _ _(_)_ __  __ _ \ \ \ \
( ( )\___ | '_ | '_| | '_ \/ _` | \ \ \ \
 \\/  ___)| |_)| | | | | || (_| |  ) ) ) )
  '  |____| .__|_| |_|_| |_\__, | / / / /
 =========|_|==============|___/=/_/_/_/
 :: Spring Boot ::                (v2.4.4)

22:11:45 [main] INFO  com.aderenchuk.brest.service.web_app.TourControllerIT - Starting TourControllerIT using Java 11.0.10 on artem-HP-Laptop-15-bs0xx with PID 35492 (started by artem in /home/artem/IdeaProjects/aderenchuk-travel.agency/web-app)
22:11:45 [main] INFO  com.aderenchuk.brest.service.web_app.TourControllerIT - Starting TourControllerIT using Java 11.0.10 on artem-HP-Laptop-15-bs0xx with PID 35492 (started by artem in /home/artem/IdeaProjects/aderenchuk-travel.agency/web-app)
22:11:45 [main] DEBUG com.aderenchuk.brest.service.web_app.TourControllerIT - Running with Spring Boot v2.4.4, Spring v5.3.5
22:11:45 [main] DEBUG com.aderenchuk.brest.service.web_app.TourControllerIT - Running with Spring Boot v2.4.4, Spring v5.3.5
22:11:45 [main] INFO  com.aderenchuk.brest.service.web_app.TourControllerIT - No active profile set, falling back to default profiles: default
22:11:45 [main] INFO  com.aderenchuk.brest.service.web_app.TourControllerIT - No active profile set, falling back to default profiles: default
22:11:45 [main] INFO  org.springframework.boot.test.autoconfigure.jdbc.TestDatabaseAutoConfiguration$EmbeddedDataSourceBeanFactoryPostProcessor - Replacing 'dataSource' DataSource bean with embedded version
22:11:45 [main] INFO  org.springframework.jdbc.datasource.embedded.EmbeddedDatabaseFactory - Starting embedded database: url='jdbc:h2:mem:a8bbbefd-022f-4696-9197-d02365b7885f;DB_CLOSE_DELAY=-1;DB_CLOSE_ON_EXIT=false', username='sa'
22:11:46 [main] WARN  org.springframework.context.annotation.AnnotationConfigApplicationContext - Exception encountered during context initialization - cancelling refresh attempt: org.springframework.beans.factory.UnsatisfiedDependencyException: Error creating bean with name 'tourController' defined in file [/home/artem/IdeaProjects/aderenchuk-travel.agency/web-app/target/classes/com/aderenchuk/brest/service/web_app/TourController.class]: Unsatisfied dependency expressed through constructor parameter 0; nested exception is org.springframework.beans.factory.UnsatisfiedDependencyException: Error creating bean with name 'tourDtoServiceImpl' defined in URL [jar:file:/home/artem/IdeaProjects/aderenchuk-travel.agency/service/target/service-1.0-SNAPSHOT.jar!/com/aderenchuk/brest/service/impl/TourDtoServiceImpl.class]: Unsatisfied dependency expressed through constructor parameter 0; nested exception is org.springframework.beans.factory.UnsatisfiedDependencyException: Error creating bean with name 'tourDtoDaoJdbc' defined in URL [jar:file:/home/artem/IdeaProjects/aderenchuk-travel.agency/dao/target/dao-1.0-SNAPSHOT.jar!/com/aderenchuk/brest/dao/jdbc/TourDtoDaoJdbc.class]: Unsatisfied dependency expressed through constructor parameter 0; nested exception is org.springframework.beans.factory.BeanCreationException: Error creating bean with name 'dataSource': Post-processing of FactoryBean's singleton object failed; nested exception is org.springframework.beans.factory.BeanCreationException: Error creating bean with name 'org.springframework.boot.autoconfigure.jdbc.DataSourceInitializerInvoker': Invocation of init method failed; nested exception is org.springframework.jdbc.datasource.init.ScriptStatementFailedException: Failed to execute SQL script statement #1 of URL [jar:file:/home/artem/IdeaProjects/aderenchuk-travel.agency/test-db/target/test-db-1.0-SNAPSHOT.jar!/data.sql]: INSERT INTO TOUR (TOUR_ID, DIRECTION, DATE_TOUR) VALUES (101, 'BREST-MOSCOW', '2021-08-01'), (102, 'MINSK-ROME', '2021-08-01'), (103, 'MOSCOW-BARCELONA', '2021-06-15'), (104, 'MINSK-RIGA', '2021-07-02'), (105, 'MINSK-DUBAI', '2021-05-25'); nested exception is org.h2.jdbc.JdbcSQLIntegrityConstraintViolationException: Нарушение уникального индекса или первичного ключа: "PRIMARY KEY ON PUBLIC.TOUR(TOUR_ID) [101, 'BREST-MOSCOW', DATE '2021-08-01']"
Unique index or primary key violation: "PRIMARY KEY ON PUBLIC.TOUR(TOUR_ID) [101, 'BREST-MOSCOW', DATE '2021-08-01']"; SQL statement:
INSERT INTO TOUR (TOUR_ID, DIRECTION, DATE_TOUR) VALUES (101, 'BREST-MOSCOW', '2021-08-01'), (102, 'MINSK-ROME', '2021-08-01'), (103, 'MOSCOW-BARCELONA', '2021-06-15'), (104, 'MINSK-RIGA', '2021-07-02'), (105, 'MINSK-DUBAI', '2021-05-25') [23505-200]
22:11:46 [main] INFO  org.springframework.boot.autoconfigure.logging.ConditionEvaluationReportLoggingListener - 

Error starting ApplicationContext. To display the conditions report re-run your application with 'debug' enabled.
22:11:46 [main] ERROR org.springframework.boot.SpringApplication - Application run failed
org.springframework.beans.factory.UnsatisfiedDependencyException: Error creating bean with name 'tourController' defined in file [/home/artem/IdeaProjects/aderenchuk-travel.agency/web-app/target/classes/com/aderenchuk/brest/service/web_app/TourController.class]: Unsatisfied dependency expressed through constructor parameter 0; nested exception is org.springframework.beans.factory.UnsatisfiedDependencyException: Error creating bean with name 'tourDtoServiceImpl' defined in URL [jar:file:/home/artem/IdeaProjects/aderenchuk-travel.agency/service/target/service-1.0-SNAPSHOT.jar!/com/aderenchuk/brest/service/impl/TourDtoServiceImpl.class]: Unsatisfied dependency expressed through constructor parameter 0; nested exception is org.springframework.beans.factory.UnsatisfiedDependencyException: Error creating bean with name 'tourDtoDaoJdbc' defined in URL [jar:file:/home/artem/IdeaProjects/aderenchuk-travel.agency/dao/target/dao-1.0-SNAPSHOT.jar!/com/aderenchuk/brest/dao/jdbc/TourDtoDaoJdbc.class]: Unsatisfied dependency expressed through constructor parameter 0; nested exception is org.springframework.beans.factory.BeanCreationException: Error creating bean with name 'dataSource': Post-processing of FactoryBean's singleton object failed; nested exception is org.springframework.beans.factory.BeanCreationException: Error creating bean with name 'org.springframework.boot.autoconfigure.jdbc.DataSourceInitializerInvoker': Invocation of init method failed; nested exception is org.springframework.jdbc.datasource.init.ScriptStatementFailedException: Failed to execute SQL script statement #1 of URL [jar:file:/home/artem/IdeaProjects/aderenchuk-travel.agency/test-db/target/test-db-1.0-SNAPSHOT.jar!/data.sql]: INSERT INTO TOUR (TOUR_ID, DIRECTION, DATE_TOUR) VALUES (101, 'BREST-MOSCOW', '2021-08-01'), (102, 'MINSK-ROME', '2021-08-01'), (103, 'MOSCOW-BARCELONA', '2021-06-15'), (104, 'MINSK-RIGA', '2021-07-02'), (105, 'MINSK-DUBAI', '2021-05-25'); nested exception is org.h2.jdbc.JdbcSQLIntegrityConstraintViolationException: Нарушение уникального индекса или первичного ключа: "PRIMARY KEY ON PUBLIC.TOUR(TOUR_ID) [101, 'BREST-MOSCOW', DATE '2021-08-01']"
Unique index or primary key violation: "PRIMARY KEY ON PUBLIC.TOUR(TOUR_ID) [101, 'BREST-MOSCOW', DATE '2021-08-01']"; SQL statement:
INSERT INTO TOUR (TOUR_ID, DIRECTION, DATE_TOUR) VALUES (101, 'BREST-MOSCOW', '2021-08-01'), (102, 'MINSK-ROME', '2021-08-01'), (103, 'MOSCOW-BARCELONA', '2021-06-15'), (104, 'MINSK-RIGA', '2021-07-02'), (105, 'MINSK-DUBAI', '2021-05-25') [23505-200]
	at org.springframework.beans.factory.support.ConstructorResolver.createArgumentArray(ConstructorResolver.java:800)
	at org.springframework.beans.factory.support.ConstructorResolver.autowireConstructor(ConstructorResolver.java:229)
	at org.springframework.beans.factory.support.AbstractAutowireCapableBeanFactory.autowireConstructor(AbstractAutowireCapableBeanFactory.java:1354)
	at org.springframework.beans.factory.support.AbstractAutowireCapableBeanFactory.createBeanInstance(AbstractAutowireCapableBeanFactory.java:1204)
	at org.springframework.beans.factory.support.AbstractAutowireCapableBeanFactory.doCreateBean(AbstractAutowireCapableBeanFactory.java:564)
	at org.springframework.beans.factory.support.AbstractAutowireCapableBeanFactory.createBean(AbstractAutowireCapableBeanFactory.java:524)
	at org.springframework.beans.factory.support.AbstractBeanFactory.lambda$doGetBean$0(AbstractBeanFactory.java:335)
	at org.springframework.beans.factory.support.DefaultSingletonBeanRegistry.getSingleton(DefaultSingletonBeanRegistry.java:234)
	at org.springframework.beans.factory.support.AbstractBeanFactory.doGetBean(AbstractBeanFactory.java:333)
	at org.springframework.beans.factory.support.AbstractBeanFactory.getBean(AbstractBeanFactory.java:208)
	at org.springframework.beans.factory.support.DefaultListableBeanFactory.preInstantiateSingletons(DefaultListableBeanFactory.java:944)
	at org.springframework.context.support.AbstractApplicationContext.finishBeanFactoryInitialization(AbstractApplicationContext.java:918)
	at org.springframework.context.support.AbstractApplicationContext.refresh(AbstractApplicationContext.java:583)
	at org.springframework.boot.SpringApplication.refresh(SpringApplication.java:769)
	at org.springframework.boot.SpringApplication.refresh(SpringApplication.java:761)
	at org.springframework.boot.SpringApplication.refreshContext(SpringApplication.java:426)
	at org.springframework.boot.SpringApplication.run(SpringApplication.java:326)
	at org.springframework.boot.test.context.SpringBootContextLoader.loadContext(SpringBootContextLoader.java:123)
	at org.springframework.test.context.cache.DefaultCacheAwareContextLoaderDelegate.loadContextInternal(DefaultCacheAwareContextLoaderDelegate.java:99)
	at org.springframework.test.context.cache.DefaultCacheAwareContextLoaderDelegate.loadContext(DefaultCacheAwareContextLoaderDelegate.java:124)
	at org.springframework.test.context.support.DefaultTestContext.getApplicationContext(DefaultTestContext.java:124)
	at org.springframework.boot.test.autoconfigure.SpringBootDependencyInjectionTestExecutionListener.outputConditionEvaluationReport(SpringBootDependencyInjectionTestExecutionListener.java:53)
	at org.springframework.boot.test.autoconfigure.SpringBootDependencyInjectionTestExecutionListener.prepareTestInstance(SpringBootDependencyInjectionTestExecutionListener.java:46)
	at org.springframework.test.context.TestContextManager.prepareTestInstance(TestContextManager.java:244)
	at org.springframework.test.context.junit.jupiter.SpringExtension.postProcessTestInstance(SpringExtension.java:138)
	at org.junit.jupiter.engine.descriptor.ClassBasedTestDescriptor.lambda$invokeTestInstancePostProcessors$6(ClassBasedTestDescriptor.java:350)
	at org.junit.jupiter.engine.descriptor.ClassBasedTestDescriptor.executeAndMaskThrowable(ClassBasedTestDescriptor.java:355)
	at org.junit.jupiter.engine.descriptor.ClassBasedTestDescriptor.lambda$invokeTestInstancePostProcessors$7(ClassBasedTestDescriptor.java:350)
	at java.base/java.util.stream.ReferencePipeline$3$1.accept(ReferencePipeline.java:195)
	at java.base/java.util.stream.ReferencePipeline$2$1.accept(ReferencePipeline.java:177)
	at java.base/java.util.ArrayList$ArrayListSpliterator.forEachRemaining(ArrayList.java:1655)
	at java.base/java.util.stream.AbstractPipeline.copyInto(AbstractPipeline.java:484)
	at java.base/java.util.stream.AbstractPipeline.wrapAndCopyInto(AbstractPipeline.java:474)
	at java.base/java.util.stream.StreamSpliterators$WrappingSpliterator.forEachRemaining(StreamSpliterators.java:312)
	at java.base/java.util.stream.Streams$ConcatSpliterator.forEachRemaining(Streams.java:735)
	at java.base/java.util.stream.Streams$ConcatSpliterator.forEachRemaining(Streams.java:734)
	at java.base/java.util.stream.ReferencePipeline$Head.forEach(ReferencePipeline.java:658)
	at org.junit.jupiter.engine.descriptor.ClassBasedTestDescriptor.invokeTestInstancePostProcessors(ClassBasedTestDescriptor.java:349)
	at org.junit.jupiter.engine.descriptor.ClassBasedTestDescriptor.lambda$instantiateAndPostProcessTestInstance$4(ClassBasedTestDescriptor.java:270)
	at org.junit.platform.engine.support.hierarchical.ThrowableCollector.execute(ThrowableCollector.java:73)
	at org.junit.jupiter.engine.descriptor.ClassBasedTestDescriptor.instantiateAndPostProcessTestInstance(ClassBasedTestDescriptor.java:269)
	at org.junit.jupiter.engine.descriptor.ClassBasedTestDescriptor.lambda$testInstancesProvider$2(ClassBasedTestDescriptor.java:259)
	at java.base/java.util.Optional.orElseGet(Optional.java:369)
	at org.junit.jupiter.engine.descriptor.ClassBasedTestDescriptor.lambda$testInstancesProvider$3(ClassBasedTestDescriptor.java:258)
	at org.junit.jupiter.engine.execution.TestInstancesProvider.getTestInstances(TestInstancesProvider.java:31)
	at org.junit.jupiter.engine.descriptor.TestMethodTestDescriptor.lambda$prepare$0(TestMethodTestDescriptor.java:101)
	at org.junit.platform.engine.support.hierarchical.ThrowableCollector.execute(ThrowableCollector.java:73)
	at org.junit.jupiter.engine.descriptor.TestMethodTestDescriptor.prepare(TestMethodTestDescriptor.java:100)
	at org.junit.jupiter.engine.descriptor.TestMethodTestDescriptor.prepare(TestMethodTestDescriptor.java:65)
	at org.junit.platform.engine.support.hierarchical.NodeTestTask.lambda$prepare$1(NodeTestTask.java:111)
	at org.junit.platform.engine.support.hierarchical.ThrowableCollector.execute(ThrowableCollector.java:73)
	at org.junit.platform.engine.support.hierarchical.NodeTestTask.prepare(NodeTestTask.java:111)
	at org.junit.platform.engine.support.hierarchical.NodeTestTask.execute(NodeTestTask.java:79)
	at java.base/java.util.ArrayList.forEach(ArrayList.java:1541)
	at org.junit.platform.engine.support.hierarchical.SameThreadHierarchicalTestExecutorService.invokeAll(SameThreadHierarchicalTestExecutorService.java:38)
	at org.junit.platform.engine.support.hierarchical.NodeTestTask.lambda$executeRecursively$5(NodeTestTask.java:143)
	at org.junit.platform.engine.support.hierarchical.ThrowableCollector.execute(ThrowableCollector.java:73)
	at org.junit.platform.engine.support.hierarchical.NodeTestTask.lambda$executeRecursively$7(NodeTestTask.java:129)
	at org.junit.platform.engine.support.hierarchical.Node.around(Node.java:137)
	at org.junit.platform.engine.support.hierarchical.NodeTestTask.lambda$executeRecursively$8(NodeTestTask.java:127)
	at org.junit.platform.engine.support.hierarchical.ThrowableCollector.execute(ThrowableCollector.java:73)
	at org.junit.platform.engine.support.hierarchical.NodeTestTask.executeRecursively(NodeTestTask.java:126)
	at org.junit.platform.engine.support.hierarchical.NodeTestTask.execute(NodeTestTask.java:84)
	at java.base/java.util.ArrayList.forEach(ArrayList.java:1541)
	at org.junit.platform.engine.support.hierarchical.SameThreadHierarchicalTestExecutorService.invokeAll(SameThreadHierarchicalTestExecutorService.java:38)
	at org.junit.platform.engine.support.hierarchical.NodeTestTask.lambda$executeRecursively$5(NodeTestTask.java:143)
	at org.junit.platform.engine.support.hierarchical.ThrowableCollector.execute(ThrowableCollector.java:73)
	at org.junit.platform.engine.support.hierarchical.NodeTestTask.lambda$executeRecursively$7(NodeTestTask.java:129)
	at org.junit.platform.engine.support.hierarchical.Node.around(Node.java:137)
	at org.junit.platform.engine.support.hierarchical.NodeTestTask.lambda$executeRecursively$8(NodeTestTask.java:127)
	at org.junit.platform.engine.support.hierarchical.ThrowableCollector.execute(ThrowableCollector.java:73)
	at org.junit.platform.engine.support.hierarchical.NodeTestTask.executeRecursively(NodeTestTask.java:126)
	at org.junit.platform.engine.support.hierarchical.NodeTestTask.execute(NodeTestTask.java:84)
	at org.junit.platform.engine.support.hierarchical.SameThreadHierarchicalTestExecutorService.submit(SameThreadHierarchicalTestExecutorService.java:32)
	at org.junit.platform.engine.support.hierarchical.HierarchicalTestExecutor.execute(HierarchicalTestExecutor.java:57)
	at org.junit.platform.engine.support.hierarchical.HierarchicalTestEngine.execute(HierarchicalTestEngine.java:51)
	at org.junit.platform.launcher.core.EngineExecutionOrchestrator.execute(EngineExecutionOrchestrator.java:108)
	at org.junit.platform.launcher.core.EngineExecutionOrchestrator.execute(EngineExecutionOrchestrator.java:88)
	at org.junit.platform.launcher.core.EngineExecutionOrchestrator.lambda$execute$0(EngineExecutionOrchestrator.java:54)
	at org.junit.platform.launcher.core.EngineExecutionOrchestrator.withInterceptedStreams(EngineExecutionOrchestrator.java:67)
	at org.junit.platform.launcher.core.EngineExecutionOrchestrator.execute(EngineExecutionOrchestrator.java:52)
	at org.junit.platform.launcher.core.DefaultLauncher.execute(DefaultLauncher.java:96)
	at org.junit.platform.launcher.core.DefaultLauncher.execute(DefaultLauncher.java:75)
	at org.apache.maven.surefire.junitplatform.JUnitPlatformProvider.invokeAllTests(JUnitPlatformProvider.java:154)
	at org.apache.maven.surefire.junitplatform.JUnitPlatformProvider.invoke(JUnitPlatformProvider.java:127)
	at org.apache.maven.surefire.booter.ForkedBooter.runSuitesInProcess(ForkedBooter.java:377)
	at org.apache.maven.surefire.booter.ForkedBooter.execute(ForkedBooter.java:138)
	at org.apache.maven.surefire.booter.ForkedBooter.run(ForkedBooter.java:465)
	at org.apache.maven.surefire.booter.ForkedBooter.main(ForkedBooter.java:451)
Caused by: org.springframework.beans.factory.UnsatisfiedDependencyException: Error creating bean with name 'tourDtoServiceImpl' defined in URL [jar:file:/home/artem/IdeaProjects/aderenchuk-travel.agency/service/target/service-1.0-SNAPSHOT.jar!/com/aderenchuk/brest/service/impl/TourDtoServiceImpl.class]: Unsatisfied dependency expressed through constructor parameter 0; nested exception is org.springframework.beans.factory.UnsatisfiedDependencyException: Error creating bean with name 'tourDtoDaoJdbc' defined in URL [jar:file:/home/artem/IdeaProjects/aderenchuk-travel.agency/dao/target/dao-1.0-SNAPSHOT.jar!/com/aderenchuk/brest/dao/jdbc/TourDtoDaoJdbc.class]: Unsatisfied dependency expressed through constructor parameter 0; nested exception is org.springframework.beans.factory.BeanCreationException: Error creating bean with name 'dataSource': Post-processing of FactoryBean's singleton object failed; nested exception is org.springframework.beans.factory.BeanCreationException: Error creating bean with name 'org.springframework.boot.autoconfigure.jdbc.DataSourceInitializerInvoker': Invocation of init method failed; nested exception is org.springframework.jdbc.datasource.init.ScriptStatementFailedException: Failed to execute SQL script statement #1 of URL [jar:file:/home/artem/IdeaProjects/aderenchuk-travel.agency/test-db/target/test-db-1.0-SNAPSHOT.jar!/data.sql]: INSERT INTO TOUR (TOUR_ID, DIRECTION, DATE_TOUR) VALUES (101, 'BREST-MOSCOW', '2021-08-01'), (102, 'MINSK-ROME', '2021-08-01'), (103, 'MOSCOW-BARCELONA', '2021-06-15'), (104, 'MINSK-RIGA', '2021-07-02'), (105, 'MINSK-DUBAI', '2021-05-25'); nested exception is org.h2.jdbc.JdbcSQLIntegrityConstraintViolationException: Нарушение уникального индекса или первичного ключа: "PRIMARY KEY ON PUBLIC.TOUR(TOUR_ID) [101, 'BREST-MOSCOW', DATE '2021-08-01']"
Unique index or primary key violation: "PRIMARY KEY ON PUBLIC.TOUR(TOUR_ID) [101, 'BREST-MOSCOW', DATE '2021-08-01']"; SQL statement:
INSERT INTO TOUR (TOUR_ID, DIRECTION, DATE_TOUR) VALUES (101, 'BREST-MOSCOW', '2021-08-01'), (102, 'MINSK-ROME', '2021-08-01'), (103, 'MOSCOW-BARCELONA', '2021-06-15'), (104, 'MINSK-RIGA', '2021-07-02'), (105, 'MINSK-DUBAI', '2021-05-25') [23505-200]
	at org.springframework.beans.factory.support.ConstructorResolver.createArgumentArray(ConstructorResolver.java:800)
	at org.springframework.beans.factory.support.ConstructorResolver.autowireConstructor(ConstructorResolver.java:229)
	at org.springframework.beans.factory.support.AbstractAutowireCapableBeanFactory.autowireConstructor(AbstractAutowireCapableBeanFactory.java:1354)
	at org.springframework.beans.factory.support.AbstractAutowireCapableBeanFactory.createBeanInstance(AbstractAutowireCapableBeanFactory.java:1204)
	at org.springframework.beans.factory.support.AbstractAutowireCapableBeanFactory.doCreateBean(AbstractAutowireCapableBeanFactory.java:564)
	at org.springframework.beans.factory.support.AbstractAutowireCapableBeanFactory.createBean(AbstractAutowireCapableBeanFactory.java:524)
	at org.springframework.beans.factory.support.AbstractBeanFactory.lambda$doGetBean$0(AbstractBeanFactory.java:335)
	at org.springframework.beans.factory.support.DefaultSingletonBeanRegistry.getSingleton(DefaultSingletonBeanRegistry.java:234)
	at org.springframework.beans.factory.support.AbstractBeanFactory.doGetBean(AbstractBeanFactory.java:333)
	at org.springframework.beans.factory.support.AbstractBeanFactory.getBean(AbstractBeanFactory.java:208)
	at org.springframework.beans.factory.config.DependencyDescriptor.resolveCandidate(DependencyDescriptor.java:276)
	at org.springframework.beans.factory.support.DefaultListableBeanFactory.doResolveDependency(DefaultListableBeanFactory.java:1380)
	at org.springframework.beans.factory.support.DefaultListableBeanFactory.resolveDependency(DefaultListableBeanFactory.java:1300)
	at org.springframework.beans.factory.support.ConstructorResolver.resolveAutowiredArgument(ConstructorResolver.java:887)
	at org.springframework.beans.factory.support.ConstructorResolver.createArgumentArray(ConstructorResolver.java:791)
	... 88 common frames omitted
Caused by: org.springframework.beans.factory.UnsatisfiedDependencyException: Error creating bean with name 'tourDtoDaoJdbc' defined in URL [jar:file:/home/artem/IdeaProjects/aderenchuk-travel.agency/dao/target/dao-1.0-SNAPSHOT.jar!/com/aderenchuk/brest/dao/jdbc/TourDtoDaoJdbc.class]: Unsatisfied dependency expressed through constructor parameter 0; nested exception is org.springframework.beans.factory.BeanCreationException: Error creating bean with name 'dataSource': Post-processing of FactoryBean's singleton object failed; nested exception is org.springframework.beans.factory.BeanCreationException: Error creating bean with name 'org.springframework.boot.autoconfigure.jdbc.DataSourceInitializerInvoker': Invocation of init method failed; nested exception is org.springframework.jdbc.datasource.init.ScriptStatementFailedException: Failed to execute SQL script statement #1 of URL [jar:file:/home/artem/IdeaProjects/aderenchuk-travel.agency/test-db/target/test-db-1.0-SNAPSHOT.jar!/data.sql]: INSERT INTO TOUR (TOUR_ID, DIRECTION, DATE_TOUR) VALUES (101, 'BREST-MOSCOW', '2021-08-01'), (102, 'MINSK-ROME', '2021-08-01'), (103, 'MOSCOW-BARCELONA', '2021-06-15'), (104, 'MINSK-RIGA', '2021-07-02'), (105, 'MINSK-DUBAI', '2021-05-25'); nested exception is org.h2.jdbc.JdbcSQLIntegrityConstraintViolationException: Нарушение уникального индекса или первичного ключа: "PRIMARY KEY ON PUBLIC.TOUR(TOUR_ID) [101, 'BREST-MOSCOW', DATE '2021-08-01']"
Unique index or primary key violation: "PRIMARY KEY ON PUBLIC.TOUR(TOUR_ID) [101, 'BREST-MOSCOW', DATE '2021-08-01']"; SQL statement:
INSERT INTO TOUR (TOUR_ID, DIRECTION, DATE_TOUR) VALUES (101, 'BREST-MOSCOW', '2021-08-01'), (102, 'MINSK-ROME', '2021-08-01'), (103, 'MOSCOW-BARCELONA', '2021-06-15'), (104, 'MINSK-RIGA', '2021-07-02'), (105, 'MINSK-DUBAI', '2021-05-25') [23505-200]
	at org.springframework.beans.factory.support.ConstructorResolver.createArgumentArray(ConstructorResolver.java:800)
	at org.springframework.beans.factory.support.ConstructorResolver.autowireConstructor(ConstructorResolver.java:229)
	at org.springframework.beans.factory.support.AbstractAutowireCapableBeanFactory.autowireConstructor(AbstractAutowireCapableBeanFactory.java:1354)
	at org.springframework.beans.factory.support.AbstractAutowireCapableBeanFactory.createBeanInstance(AbstractAutowireCapableBeanFactory.java:1204)
	at org.springframework.beans.factory.support.AbstractAutowireCapableBeanFactory.doCreateBean(AbstractAutowireCapableBeanFactory.java:564)
	at org.springframework.beans.factory.support.AbstractAutowireCapableBeanFactory.createBean(AbstractAutowireCapableBeanFactory.java:524)
	at org.springframework.beans.factory.support.AbstractBeanFactory.lambda$doGetBean$0(AbstractBeanFactory.java:335)
	at org.springframework.beans.factory.support.DefaultSingletonBeanRegistry.getSingleton(DefaultSingletonBeanRegistry.java:234)
	at org.springframework.beans.factory.support.AbstractBeanFactory.doGetBean(AbstractBeanFactory.java:333)
	at org.springframework.beans.factory.support.AbstractBeanFactory.getBean(AbstractBeanFactory.java:208)
	at org.springframework.beans.factory.config.DependencyDescriptor.resolveCandidate(DependencyDescriptor.java:276)
	at org.springframework.beans.factory.support.DefaultListableBeanFactory.doResolveDependency(DefaultListableBeanFactory.java:1380)
	at org.springframework.beans.factory.support.DefaultListableBeanFactory.resolveDependency(DefaultListableBeanFactory.java:1300)
	at org.springframework.beans.factory.support.ConstructorResolver.resolveAutowiredArgument(ConstructorResolver.java:887)
	at org.springframework.beans.factory.support.ConstructorResolver.createArgumentArray(ConstructorResolver.java:791)
	... 102 common frames omitted
Caused by: org.springframework.beans.factory.BeanCreationException: Error creating bean with name 'dataSource': Post-processing of FactoryBean's singleton object failed; nested exception is org.springframework.beans.factory.BeanCreationException: Error creating bean with name 'org.springframework.boot.autoconfigure.jdbc.DataSourceInitializerInvoker': Invocation of init method failed; nested exception is org.springframework.jdbc.datasource.init.ScriptStatementFailedException: Failed to execute SQL script statement #1 of URL [jar:file:/home/artem/IdeaProjects/aderenchuk-travel.agency/test-db/target/test-db-1.0-SNAPSHOT.jar!/data.sql]: INSERT INTO TOUR (TOUR_ID, DIRECTION, DATE_TOUR) VALUES (101, 'BREST-MOSCOW', '2021-08-01'), (102, 'MINSK-ROME', '2021-08-01'), (103, 'MOSCOW-BARCELONA', '2021-06-15'), (104, 'MINSK-RIGA', '2021-07-02'), (105, 'MINSK-DUBAI', '2021-05-25'); nested exception is org.h2.jdbc.JdbcSQLIntegrityConstraintViolationException: Нарушение уникального индекса или первичного ключа: "PRIMARY KEY ON PUBLIC.TOUR(TOUR_ID) [101, 'BREST-MOSCOW', DATE '2021-08-01']"
Unique index or primary key violation: "PRIMARY KEY ON PUBLIC.TOUR(TOUR_ID) [101, 'BREST-MOSCOW', DATE '2021-08-01']"; SQL statement:
INSERT INTO TOUR (TOUR_ID, DIRECTION, DATE_TOUR) VALUES (101, 'BREST-MOSCOW', '2021-08-01'), (102, 'MINSK-ROME', '2021-08-01'), (103, 'MOSCOW-BARCELONA', '2021-06-15'), (104, 'MINSK-RIGA', '2021-07-02'), (105, 'MINSK-DUBAI', '2021-05-25') [23505-200]
	at org.springframework.beans.factory.support.FactoryBeanRegistrySupport.getObjectFromFactoryBean(FactoryBeanRegistrySupport.java:119)
	at org.springframework.beans.factory.support.AbstractBeanFactory.getObjectForBeanInstance(AbstractBeanFactory.java:1884)
	at org.springframework.beans.factory.support.AbstractAutowireCapableBeanFactory.getObjectForBeanInstance(AbstractAutowireCapableBeanFactory.java:1266)
	at org.springframework.beans.factory.support.AbstractBeanFactory.doGetBean(AbstractBeanFactory.java:345)
	at org.springframework.beans.factory.support.AbstractBeanFactory.getBean(AbstractBeanFactory.java:208)
	at org.springframework.beans.factory.config.DependencyDescriptor.resolveCandidate(DependencyDescriptor.java:276)
	at org.springframework.beans.factory.support.DefaultListableBeanFactory.doResolveDependency(DefaultListableBeanFactory.java:1380)
	at org.springframework.beans.factory.support.DefaultListableBeanFactory.resolveDependency(DefaultListableBeanFactory.java:1300)
	at org.springframework.beans.factory.support.ConstructorResolver.resolveAutowiredArgument(ConstructorResolver.java:887)
	at org.springframework.beans.factory.support.ConstructorResolver.createArgumentArray(ConstructorResolver.java:791)
	... 116 common frames omitted
Caused by: org.springframework.beans.factory.BeanCreationException: Error creating bean with name 'org.springframework.boot.autoconfigure.jdbc.DataSourceInitializerInvoker': Invocation of init method failed; nested exception is org.springframework.jdbc.datasource.init.ScriptStatementFailedException: Failed to execute SQL script statement #1 of URL [jar:file:/home/artem/IdeaProjects/aderenchuk-travel.agency/test-db/target/test-db-1.0-SNAPSHOT.jar!/data.sql]: INSERT INTO TOUR (TOUR_ID, DIRECTION, DATE_TOUR) VALUES (101, 'BREST-MOSCOW', '2021-08-01'), (102, 'MINSK-ROME', '2021-08-01'), (103, 'MOSCOW-BARCELONA', '2021-06-15'), (104, 'MINSK-RIGA', '2021-07-02'), (105, 'MINSK-DUBAI', '2021-05-25'); nested exception is org.h2.jdbc.JdbcSQLIntegrityConstraintViolationException: Нарушение уникального индекса или первичного ключа: "PRIMARY KEY ON PUBLIC.TOUR(TOUR_ID) [101, 'BREST-MOSCOW', DATE '2021-08-01']"
Unique index or primary key violation: "PRIMARY KEY ON PUBLIC.TOUR(TOUR_ID) [101, 'BREST-MOSCOW', DATE '2021-08-01']"; SQL statement:
INSERT INTO TOUR (TOUR_ID, DIRECTION, DATE_TOUR) VALUES (101, 'BREST-MOSCOW', '2021-08-01'), (102, 'MINSK-ROME', '2021-08-01'), (103, 'MOSCOW-BARCELONA', '2021-06-15'), (104, 'MINSK-RIGA', '2021-07-02'), (105, 'MINSK-DUBAI', '2021-05-25') [23505-200]
	at org.springframework.beans.factory.support.AbstractAutowireCapableBeanFactory.initializeBean(AbstractAutowireCapableBeanFactory.java:1786)
	at org.springframework.beans.factory.support.AbstractAutowireCapableBeanFactory.doCreateBean(AbstractAutowireCapableBeanFactory.java:602)
	at org.springframework.beans.factory.support.AbstractAutowireCapableBeanFactory.createBean(AbstractAutowireCapableBeanFactory.java:524)
	at org.springframework.beans.factory.support.AbstractBeanFactory.lambda$doGetBean$0(AbstractBeanFactory.java:335)
	at org.springframework.beans.factory.support.DefaultSingletonBeanRegistry.getSingleton(DefaultSingletonBeanRegistry.java:234)
	at org.springframework.beans.factory.support.AbstractBeanFactory.doGetBean(AbstractBeanFactory.java:333)
	at org.springframework.beans.factory.support.AbstractBeanFactory.getBean(AbstractBeanFactory.java:233)
	at org.springframework.beans.factory.support.DefaultListableBeanFactory.resolveNamedBean(DefaultListableBeanFactory.java:1273)
	at org.springframework.beans.factory.support.DefaultListableBeanFactory.resolveNamedBean(DefaultListableBeanFactory.java:1234)
	at org.springframework.beans.factory.support.DefaultListableBeanFactory.resolveBean(DefaultListableBeanFactory.java:494)
	at org.springframework.beans.factory.support.DefaultListableBeanFactory.getBean(DefaultListableBeanFactory.java:349)
	at org.springframework.beans.factory.support.DefaultListableBeanFactory.getBean(DefaultListableBeanFactory.java:342)
	at org.springframework.boot.autoconfigure.jdbc.DataSourceInitializerPostProcessor.postProcessAfterInitialization(DataSourceInitializerPostProcessor.java:51)
	at org.springframework.beans.factory.support.AbstractAutowireCapableBeanFactory.applyBeanPostProcessorsAfterInitialization(AbstractAutowireCapableBeanFactory.java:437)
	at org.springframework.beans.factory.support.AbstractAutowireCapableBeanFactory.postProcessObjectFromFactoryBean(AbstractAutowireCapableBeanFactory.java:1929)
	at org.springframework.beans.factory.support.FactoryBeanRegistrySupport.getObjectFromFactoryBean(FactoryBeanRegistrySupport.java:116)
	... 125 common frames omitted
Caused by: org.springframework.jdbc.datasource.init.ScriptStatementFailedException: Failed to execute SQL script statement #1 of URL [jar:file:/home/artem/IdeaProjects/aderenchuk-travel.agency/test-db/target/test-db-1.0-SNAPSHOT.jar!/data.sql]: INSERT INTO TOUR (TOUR_ID, DIRECTION, DATE_TOUR) VALUES (101, 'BREST-MOSCOW', '2021-08-01'), (102, 'MINSK-ROME', '2021-08-01'), (103, 'MOSCOW-BARCELONA', '2021-06-15'), (104, 'MINSK-RIGA', '2021-07-02'), (105, 'MINSK-DUBAI', '2021-05-25'); nested exception is org.h2.jdbc.JdbcSQLIntegrityConstraintViolationException: Нарушение уникального индекса или первичного ключа: "PRIMARY KEY ON PUBLIC.TOUR(TOUR_ID) [101, 'BREST-MOSCOW', DATE '2021-08-01']"
Unique index or primary key violation: "PRIMARY KEY ON PUBLIC.TOUR(TOUR_ID) [101, 'BREST-MOSCOW', DATE '2021-08-01']"; SQL statement:
INSERT INTO TOUR (TOUR_ID, DIRECTION, DATE_TOUR) VALUES (101, 'BREST-MOSCOW', '2021-08-01'), (102, 'MINSK-ROME', '2021-08-01'), (103, 'MOSCOW-BARCELONA', '2021-06-15'), (104, 'MINSK-RIGA', '2021-07-02'), (105, 'MINSK-DUBAI', '2021-05-25') [23505-200]
	at org.springframework.jdbc.datasource.init.ScriptUtils.executeSqlScript(ScriptUtils.java:622)
	at org.springframework.jdbc.datasource.init.ResourceDatabasePopulator.populate(ResourceDatabasePopulator.java:254)
	at org.springframework.jdbc.datasource.init.DatabasePopulatorUtils.execute(DatabasePopulatorUtils.java:49)
	at org.springframework.boot.autoconfigure.jdbc.DataSourceInitializer.runScripts(DataSourceInitializer.java:202)
	at org.springframework.boot.autoconfigure.jdbc.DataSourceInitializer.initSchema(DataSourceInitializer.java:119)
	at org.springframework.boot.autoconfigure.jdbc.DataSourceInitializerInvoker.onApplicationEvent(DataSourceInitializerInvoker.java:91)
	at org.springframework.boot.autoconfigure.jdbc.DataSourceInitializerInvoker.onApplicationEvent(DataSourceInitializerInvoker.java:38)
	at org.springframework.context.event.SimpleApplicationEventMulticaster.doInvokeListener(SimpleApplicationEventMulticaster.java:176)
	at org.springframework.context.event.SimpleApplicationEventMulticaster.invokeListener(SimpleApplicationEventMulticaster.java:169)
	at org.springframework.context.event.SimpleApplicationEventMulticaster.multicastEvent(SimpleApplicationEventMulticaster.java:143)
	at org.springframework.context.support.AbstractApplicationContext.publishEvent(AbstractApplicationContext.java:421)
	at org.springframework.context.support.AbstractApplicationContext.publishEvent(AbstractApplicationContext.java:378)
	at org.springframework.boot.autoconfigure.jdbc.DataSourceInitializerInvoker.initialize(DataSourceInitializerInvoker.java:72)
	at org.springframework.boot.autoconfigure.jdbc.DataSourceInitializerInvoker.afterPropertiesSet(DataSourceInitializerInvoker.java:65)
	at org.springframework.beans.factory.support.AbstractAutowireCapableBeanFactory.invokeInitMethods(AbstractAutowireCapableBeanFactory.java:1845)
	at org.springframework.beans.factory.support.AbstractAutowireCapableBeanFactory.initializeBean(AbstractAutowireCapableBeanFactory.java:1782)
	... 140 common frames omitted
Caused by: org.h2.jdbc.JdbcSQLIntegrityConstraintViolationException: Нарушение уникального индекса или первичного ключа: "PRIMARY KEY ON PUBLIC.TOUR(TOUR_ID) [101, 'BREST-MOSCOW', DATE '2021-08-01']"
Unique index or primary key violation: "PRIMARY KEY ON PUBLIC.TOUR(TOUR_ID) [101, 'BREST-MOSCOW', DATE '2021-08-01']"; SQL statement:
INSERT INTO TOUR (TOUR_ID, DIRECTION, DATE_TOUR) VALUES (101, 'BREST-MOSCOW', '2021-08-01'), (102, 'MINSK-ROME', '2021-08-01'), (103, 'MOSCOW-BARCELONA', '2021-06-15'), (104, 'MINSK-RIGA', '2021-07-02'), (105, 'MINSK-DUBAI', '2021-05-25') [23505-200]
	at org.h2.message.DbException.getJdbcSQLException(DbException.java:459)
	at org.h2.message.DbException.getJdbcSQLException(DbException.java:429)
	at org.h2.message.DbException.get(DbException.java:205)
	at org.h2.message.DbException.get(DbException.java:181)
	at org.h2.mvstore.db.MVPrimaryIndex.add(MVPrimaryIndex.java:127)
	at org.h2.mvstore.db.MVTable.addRow(MVTable.java:531)
	at org.h2.command.dml.Insert.insertRows(Insert.java:195)
	at org.h2.command.dml.Insert.update(Insert.java:151)
	at org.h2.command.CommandContainer.update(CommandContainer.java:198)
	at org.h2.command.Command.executeUpdate(Command.java:251)
	at org.h2.jdbc.JdbcStatement.executeInternal(JdbcStatement.java:228)
	at org.h2.jdbc.JdbcStatement.execute(JdbcStatement.java:201)
	at org.springframework.jdbc.datasource.init.ScriptUtils.executeSqlScript(ScriptUtils.java:601)
	... 155 common frames omitted
22:11:46 [main] ERROR org.springframework.test.context.TestContextManager - Caught exception while allowing TestExecutionListener [org.springframework.boot.test.autoconfigure.SpringBootDependencyInjectionTestExecutionListener@172b013] to prepare test instance [com.aderenchuk.brest.service.web_app.TourControllerIT@5a13f1f7]
java.lang.IllegalStateException: Failed to load ApplicationContext
	at org.springframework.test.context.cache.DefaultCacheAwareContextLoaderDelegate.loadContext(DefaultCacheAwareContextLoaderDelegate.java:132)
	at org.springframework.test.context.support.DefaultTestContext.getApplicationContext(DefaultTestContext.java:124)
	at org.springframework.test.context.support.DependencyInjectionTestExecutionListener.injectDependencies(DependencyInjectionTestExecutionListener.java:118)
	at org.springframework.test.context.support.DependencyInjectionTestExecutionListener.prepareTestInstance(DependencyInjectionTestExecutionListener.java:83)
	at org.springframework.boot.test.autoconfigure.SpringBootDependencyInjectionTestExecutionListener.prepareTestInstance(SpringBootDependencyInjectionTestExecutionListener.java:43)
	at org.springframework.test.context.TestContextManager.prepareTestInstance(TestContextManager.java:244)
	at org.springframework.test.context.junit.jupiter.SpringExtension.postProcessTestInstance(SpringExtension.java:138)
	at org.junit.jupiter.engine.descriptor.ClassBasedTestDescriptor.lambda$invokeTestInstancePostProcessors$6(ClassBasedTestDescriptor.java:350)
	at org.junit.jupiter.engine.descriptor.ClassBasedTestDescriptor.executeAndMaskThrowable(ClassBasedTestDescriptor.java:355)
	at org.junit.jupiter.engine.descriptor.ClassBasedTestDescriptor.lambda$invokeTestInstancePostProcessors$7(ClassBasedTestDescriptor.java:350)
	at java.base/java.util.stream.ReferencePipeline$3$1.accept(ReferencePipeline.java:195)
	at java.base/java.util.stream.ReferencePipeline$2$1.accept(ReferencePipeline.java:177)
	at java.base/java.util.ArrayList$ArrayListSpliterator.forEachRemaining(ArrayList.java:1655)
	at java.base/java.util.stream.AbstractPipeline.copyInto(AbstractPipeline.java:484)
	at java.base/java.util.stream.AbstractPipeline.wrapAndCopyInto(AbstractPipeline.java:474)
	at java.base/java.util.stream.StreamSpliterators$WrappingSpliterator.forEachRemaining(StreamSpliterators.java:312)
	at java.base/java.util.stream.Streams$ConcatSpliterator.forEachRemaining(Streams.java:735)
	at java.base/java.util.stream.Streams$ConcatSpliterator.forEachRemaining(Streams.java:734)
	at java.base/java.util.stream.ReferencePipeline$Head.forEach(ReferencePipeline.java:658)
	at org.junit.jupiter.engine.descriptor.ClassBasedTestDescriptor.invokeTestInstancePostProcessors(ClassBasedTestDescriptor.java:349)
	at org.junit.jupiter.engine.descriptor.ClassBasedTestDescriptor.lambda$instantiateAndPostProcessTestInstance$4(ClassBasedTestDescriptor.java:270)
	at org.junit.platform.engine.support.hierarchical.ThrowableCollector.execute(ThrowableCollector.java:73)
	at org.junit.jupiter.engine.descriptor.ClassBasedTestDescriptor.instantiateAndPostProcessTestInstance(ClassBasedTestDescriptor.java:269)
	at org.junit.jupiter.engine.descriptor.ClassBasedTestDescriptor.lambda$testInstancesProvider$2(ClassBasedTestDescriptor.java:259)
	at java.base/java.util.Optional.orElseGet(Optional.java:369)
	at org.junit.jupiter.engine.descriptor.ClassBasedTestDescriptor.lambda$testInstancesProvider$3(ClassBasedTestDescriptor.java:258)
	at org.junit.jupiter.engine.execution.TestInstancesProvider.getTestInstances(TestInstancesProvider.java:31)
	at org.junit.jupiter.engine.descriptor.TestMethodTestDescriptor.lambda$prepare$0(TestMethodTestDescriptor.java:101)
	at org.junit.platform.engine.support.hierarchical.ThrowableCollector.execute(ThrowableCollector.java:73)
	at org.junit.jupiter.engine.descriptor.TestMethodTestDescriptor.prepare(TestMethodTestDescriptor.java:100)
	at org.junit.jupiter.engine.descriptor.TestMethodTestDescriptor.prepare(TestMethodTestDescriptor.java:65)
	at org.junit.platform.engine.support.hierarchical.NodeTestTask.lambda$prepare$1(NodeTestTask.java:111)
	at org.junit.platform.engine.support.hierarchical.ThrowableCollector.execute(ThrowableCollector.java:73)
	at org.junit.platform.engine.support.hierarchical.NodeTestTask.prepare(NodeTestTask.java:111)
	at org.junit.platform.engine.support.hierarchical.NodeTestTask.execute(NodeTestTask.java:79)
	at java.base/java.util.ArrayList.forEach(ArrayList.java:1541)
	at org.junit.platform.engine.support.hierarchical.SameThreadHierarchicalTestExecutorService.invokeAll(SameThreadHierarchicalTestExecutorService.java:38)
	at org.junit.platform.engine.support.hierarchical.NodeTestTask.lambda$executeRecursively$5(NodeTestTask.java:143)
	at org.junit.platform.engine.support.hierarchical.ThrowableCollector.execute(ThrowableCollector.java:73)
	at org.junit.platform.engine.support.hierarchical.NodeTestTask.lambda$executeRecursively$7(NodeTestTask.java:129)
	at org.junit.platform.engine.support.hierarchical.Node.around(Node.java:137)
	at org.junit.platform.engine.support.hierarchical.NodeTestTask.lambda$executeRecursively$8(NodeTestTask.java:127)
	at org.junit.platform.engine.support.hierarchical.ThrowableCollector.execute(ThrowableCollector.java:73)
	at org.junit.platform.engine.support.hierarchical.NodeTestTask.executeRecursively(NodeTestTask.java:126)
	at org.junit.platform.engine.support.hierarchical.NodeTestTask.execute(NodeTestTask.java:84)
	at java.base/java.util.ArrayList.forEach(ArrayList.java:1541)
	at org.junit.platform.engine.support.hierarchical.SameThreadHierarchicalTestExecutorService.invokeAll(SameThreadHierarchicalTestExecutorService.java:38)
	at org.junit.platform.engine.support.hierarchical.NodeTestTask.lambda$executeRecursively$5(NodeTestTask.java:143)
	at org.junit.platform.engine.support.hierarchical.ThrowableCollector.execute(ThrowableCollector.java:73)
	at org.junit.platform.engine.support.hierarchical.NodeTestTask.lambda$executeRecursively$7(NodeTestTask.java:129)
	at org.junit.platform.engine.support.hierarchical.Node.around(Node.java:137)
	at org.junit.platform.engine.support.hierarchical.NodeTestTask.lambda$executeRecursively$8(NodeTestTask.java:127)
	at org.junit.platform.engine.support.hierarchical.ThrowableCollector.execute(ThrowableCollector.java:73)
	at org.junit.platform.engine.support.hierarchical.NodeTestTask.executeRecursively(NodeTestTask.java:126)
	at org.junit.platform.engine.support.hierarchical.NodeTestTask.execute(NodeTestTask.java:84)
	at org.junit.platform.engine.support.hierarchical.SameThreadHierarchicalTestExecutorService.submit(SameThreadHierarchicalTestExecutorService.java:32)
	at org.junit.platform.engine.support.hierarchical.HierarchicalTestExecutor.execute(HierarchicalTestExecutor.java:57)
	at org.junit.platform.engine.support.hierarchical.HierarchicalTestEngine.execute(HierarchicalTestEngine.java:51)
	at org.junit.platform.launcher.core.EngineExecutionOrchestrator.execute(EngineExecutionOrchestrator.java:108)
	at org.junit.platform.launcher.core.EngineExecutionOrchestrator.execute(EngineExecutionOrchestrator.java:88)
	at org.junit.platform.launcher.core.EngineExecutionOrchestrator.lambda$execute$0(EngineExecutionOrchestrator.java:54)
	at org.junit.platform.launcher.core.EngineExecutionOrchestrator.withInterceptedStreams(EngineExecutionOrchestrator.java:67)
	at org.junit.platform.launcher.core.EngineExecutionOrchestrator.execute(EngineExecutionOrchestrator.java:52)
	at org.junit.platform.launcher.core.DefaultLauncher.execute(DefaultLauncher.java:96)
	at org.junit.platform.launcher.core.DefaultLauncher.execute(DefaultLauncher.java:75)
	at org.apache.maven.surefire.junitplatform.JUnitPlatformProvider.invokeAllTests(JUnitPlatformProvider.java:154)
	at org.apache.maven.surefire.junitplatform.JUnitPlatformProvider.invoke(JUnitPlatformProvider.java:127)
	at org.apache.maven.surefire.booter.ForkedBooter.runSuitesInProcess(ForkedBooter.java:377)
	at org.apache.maven.surefire.booter.ForkedBooter.execute(ForkedBooter.java:138)
	at org.apache.maven.surefire.booter.ForkedBooter.run(ForkedBooter.java:465)
	at org.apache.maven.surefire.booter.ForkedBooter.main(ForkedBooter.java:451)
Caused by: org.springframework.beans.factory.UnsatisfiedDependencyException: Error creating bean with name 'tourController' defined in file [/home/artem/IdeaProjects/aderenchuk-travel.agency/web-app/target/classes/com/aderenchuk/brest/service/web_app/TourController.class]: Unsatisfied dependency expressed through constructor parameter 0; nested exception is org.springframework.beans.factory.UnsatisfiedDependencyException: Error creating bean with name 'tourDtoServiceImpl' defined in URL [jar:file:/home/artem/IdeaProjects/aderenchuk-travel.agency/service/target/service-1.0-SNAPSHOT.jar!/com/aderenchuk/brest/service/impl/TourDtoServiceImpl.class]: Unsatisfied dependency expressed through constructor parameter 0; nested exception is org.springframework.beans.factory.UnsatisfiedDependencyException: Error creating bean with name 'tourDtoDaoJdbc' defined in URL [jar:file:/home/artem/IdeaProjects/aderenchuk-travel.agency/dao/target/dao-1.0-SNAPSHOT.jar!/com/aderenchuk/brest/dao/jdbc/TourDtoDaoJdbc.class]: Unsatisfied dependency expressed through constructor parameter 0; nested exception is org.springframework.beans.factory.BeanCreationException: Error creating bean with name 'dataSource': Post-processing of FactoryBean's singleton object failed; nested exception is org.springframework.beans.factory.BeanCreationException: Error creating bean with name 'org.springframework.boot.autoconfigure.jdbc.DataSourceInitializerInvoker': Invocation of init method failed; nested exception is org.springframework.jdbc.datasource.init.ScriptStatementFailedException: Failed to execute SQL script statement #1 of URL [jar:file:/home/artem/IdeaProjects/aderenchuk-travel.agency/test-db/target/test-db-1.0-SNAPSHOT.jar!/data.sql]: INSERT INTO TOUR (TOUR_ID, DIRECTION, DATE_TOUR) VALUES (101, 'BREST-MOSCOW', '2021-08-01'), (102, 'MINSK-ROME', '2021-08-01'), (103, 'MOSCOW-BARCELONA', '2021-06-15'), (104, 'MINSK-RIGA', '2021-07-02'), (105, 'MINSK-DUBAI', '2021-05-25'); nested exception is org.h2.jdbc.JdbcSQLIntegrityConstraintViolationException: Нарушение уникального индекса или первичного ключа: "PRIMARY KEY ON PUBLIC.TOUR(TOUR_ID) [101, 'BREST-MOSCOW', DATE '2021-08-01']"
Unique index or primary key violation: "PRIMARY KEY ON PUBLIC.TOUR(TOUR_ID) [101, 'BREST-MOSCOW', DATE '2021-08-01']"; SQL statement:
INSERT INTO TOUR (TOUR_ID, DIRECTION, DATE_TOUR) VALUES (101, 'BREST-MOSCOW', '2021-08-01'), (102, 'MINSK-ROME', '2021-08-01'), (103, 'MOSCOW-BARCELONA', '2021-06-15'), (104, 'MINSK-RIGA', '2021-07-02'), (105, 'MINSK-DUBAI', '2021-05-25') [23505-200]
	at org.springframework.beans.factory.support.ConstructorResolver.createArgumentArray(ConstructorResolver.java:800)
	at org.springframework.beans.factory.support.ConstructorResolver.autowireConstructor(ConstructorResolver.java:229)
	at org.springframework.beans.factory.support.AbstractAutowireCapableBeanFactory.autowireConstructor(AbstractAutowireCapableBeanFactory.java:1354)
	at org.springframework.beans.factory.support.AbstractAutowireCapableBeanFactory.createBeanInstance(AbstractAutowireCapableBeanFactory.java:1204)
	at org.springframework.beans.factory.support.AbstractAutowireCapableBeanFactory.doCreateBean(AbstractAutowireCapableBeanFactory.java:564)
	at org.springframework.beans.factory.support.AbstractAutowireCapableBeanFactory.createBean(AbstractAutowireCapableBeanFactory.java:524)
	at org.springframework.beans.factory.support.AbstractBeanFactory.lambda$doGetBean$0(AbstractBeanFactory.java:335)
	at org.springframework.beans.factory.support.DefaultSingletonBeanRegistry.getSingleton(DefaultSingletonBeanRegistry.java:234)
	at org.springframework.beans.factory.support.AbstractBeanFactory.doGetBean(AbstractBeanFactory.java:333)
	at org.springframework.beans.factory.support.AbstractBeanFactory.getBean(AbstractBeanFactory.java:208)
	at org.springframework.beans.factory.support.DefaultListableBeanFactory.preInstantiateSingletons(DefaultListableBeanFactory.java:944)
	at org.springframework.context.support.AbstractApplicationContext.finishBeanFactoryInitialization(AbstractApplicationContext.java:918)
	at org.springframework.context.support.AbstractApplicationContext.refresh(AbstractApplicationContext.java:583)
	at org.springframework.boot.SpringApplication.refresh(SpringApplication.java:769)
	at org.springframework.boot.SpringApplication.refresh(SpringApplication.java:761)
	at org.springframework.boot.SpringApplication.refreshContext(SpringApplication.java:426)
	at org.springframework.boot.SpringApplication.run(SpringApplication.java:326)
	at org.springframework.boot.test.context.SpringBootContextLoader.loadContext(SpringBootContextLoader.java:123)
	at org.springframework.test.context.cache.DefaultCacheAwareContextLoaderDelegate.loadContextInternal(DefaultCacheAwareContextLoaderDelegate.java:99)
	at org.springframework.test.context.cache.DefaultCacheAwareContextLoaderDelegate.loadContext(DefaultCacheAwareContextLoaderDelegate.java:124)
	... 70 common frames omitted
Caused by: org.springframework.beans.factory.UnsatisfiedDependencyException: Error creating bean with name 'tourDtoServiceImpl' defined in URL [jar:file:/home/artem/IdeaProjects/aderenchuk-travel.agency/service/target/service-1.0-SNAPSHOT.jar!/com/aderenchuk/brest/service/impl/TourDtoServiceImpl.class]: Unsatisfied dependency expressed through constructor parameter 0; nested exception is org.springframework.beans.factory.UnsatisfiedDependencyException: Error creating bean with name 'tourDtoDaoJdbc' defined in URL [jar:file:/home/artem/IdeaProjects/aderenchuk-travel.agency/dao/target/dao-1.0-SNAPSHOT.jar!/com/aderenchuk/brest/dao/jdbc/TourDtoDaoJdbc.class]: Unsatisfied dependency expressed through constructor parameter 0; nested exception is org.springframework.beans.factory.BeanCreationException: Error creating bean with name 'dataSource': Post-processing of FactoryBean's singleton object failed; nested exception is org.springframework.beans.factory.BeanCreationException: Error creating bean with name 'org.springframework.boot.autoconfigure.jdbc.DataSourceInitializerInvoker': Invocation of init method failed; nested exception is org.springframework.jdbc.datasource.init.ScriptStatementFailedException: Failed to execute SQL script statement #1 of URL [jar:file:/home/artem/IdeaProjects/aderenchuk-travel.agency/test-db/target/test-db-1.0-SNAPSHOT.jar!/data.sql]: INSERT INTO TOUR (TOUR_ID, DIRECTION, DATE_TOUR) VALUES (101, 'BREST-MOSCOW', '2021-08-01'), (102, 'MINSK-ROME', '2021-08-01'), (103, 'MOSCOW-BARCELONA', '2021-06-15'), (104, 'MINSK-RIGA', '2021-07-02'), (105, 'MINSK-DUBAI', '2021-05-25'); nested exception is org.h2.jdbc.JdbcSQLIntegrityConstraintViolationException: Нарушение уникального индекса или первичного ключа: "PRIMARY KEY ON PUBLIC.TOUR(TOUR_ID) [101, 'BREST-MOSCOW', DATE '2021-08-01']"
Unique index or primary key violation: "PRIMARY KEY ON PUBLIC.TOUR(TOUR_ID) [101, 'BREST-MOSCOW', DATE '2021-08-01']"; SQL statement:
INSERT INTO TOUR (TOUR_ID, DIRECTION, DATE_TOUR) VALUES (101, 'BREST-MOSCOW', '2021-08-01'), (102, 'MINSK-ROME', '2021-08-01'), (103, 'MOSCOW-BARCELONA', '2021-06-15'), (104, 'MINSK-RIGA', '2021-07-02'), (105, 'MINSK-DUBAI', '2021-05-25') [23505-200]
	at org.springframework.beans.factory.support.ConstructorResolver.createArgumentArray(ConstructorResolver.java:800)
	at org.springframework.beans.factory.support.ConstructorResolver.autowireConstructor(ConstructorResolver.java:229)
	at org.springframework.beans.factory.support.AbstractAutowireCapableBeanFactory.autowireConstructor(AbstractAutowireCapableBeanFactory.java:1354)
	at org.springframework.beans.factory.support.AbstractAutowireCapableBeanFactory.createBeanInstance(AbstractAutowireCapableBeanFactory.java:1204)
	at org.springframework.beans.factory.support.AbstractAutowireCapableBeanFactory.doCreateBean(AbstractAutowireCapableBeanFactory.java:564)
	at org.springframework.beans.factory.support.AbstractAutowireCapableBeanFactory.createBean(AbstractAutowireCapableBeanFactory.java:524)
	at org.springframework.beans.factory.support.AbstractBeanFactory.lambda$doGetBean$0(AbstractBeanFactory.java:335)
	at org.springframework.beans.factory.support.DefaultSingletonBeanRegistry.getSingleton(DefaultSingletonBeanRegistry.java:234)
	at org.springframework.beans.factory.support.AbstractBeanFactory.doGetBean(AbstractBeanFactory.java:333)
	at org.springframework.beans.factory.support.AbstractBeanFactory.getBean(AbstractBeanFactory.java:208)
	at org.springframework.beans.factory.config.DependencyDescriptor.resolveCandidate(DependencyDescriptor.java:276)
	at org.springframework.beans.factory.support.DefaultListableBeanFactory.doResolveDependency(DefaultListableBeanFactory.java:1380)
	at org.springframework.beans.factory.support.DefaultListableBeanFactory.resolveDependency(DefaultListableBeanFactory.java:1300)
	at org.springframework.beans.factory.support.ConstructorResolver.resolveAutowiredArgument(ConstructorResolver.java:887)
	at org.springframework.beans.factory.support.ConstructorResolver.createArgumentArray(ConstructorResolver.java:791)
	... 89 common frames omitted
Caused by: org.springframework.beans.factory.UnsatisfiedDependencyException: Error creating bean with name 'tourDtoDaoJdbc' defined in URL [jar:file:/home/artem/IdeaProjects/aderenchuk-travel.agency/dao/target/dao-1.0-SNAPSHOT.jar!/com/aderenchuk/brest/dao/jdbc/TourDtoDaoJdbc.class]: Unsatisfied dependency expressed through constructor parameter 0; nested exception is org.springframework.beans.factory.BeanCreationException: Error creating bean with name 'dataSource': Post-processing of FactoryBean's singleton object failed; nested exception is org.springframework.beans.factory.BeanCreationException: Error creating bean with name 'org.springframework.boot.autoconfigure.jdbc.DataSourceInitializerInvoker': Invocation of init method failed; nested exception is org.springframework.jdbc.datasource.init.ScriptStatementFailedException: Failed to execute SQL script statement #1 of URL [jar:file:/home/artem/IdeaProjects/aderenchuk-travel.agency/test-db/target/test-db-1.0-SNAPSHOT.jar!/data.sql]: INSERT INTO TOUR (TOUR_ID, DIRECTION, DATE_TOUR) VALUES (101, 'BREST-MOSCOW', '2021-08-01'), (102, 'MINSK-ROME', '2021-08-01'), (103, 'MOSCOW-BARCELONA', '2021-06-15'), (104, 'MINSK-RIGA', '2021-07-02'), (105, 'MINSK-DUBAI', '2021-05-25'); nested exception is org.h2.jdbc.JdbcSQLIntegrityConstraintViolationException: Нарушение уникального индекса или первичного ключа: "PRIMARY KEY ON PUBLIC.TOUR(TOUR_ID) [101, 'BREST-MOSCOW', DATE '2021-08-01']"
Unique index or primary key violation: "PRIMARY KEY ON PUBLIC.TOUR(TOUR_ID) [101, 'BREST-MOSCOW', DATE '2021-08-01']"; SQL statement:
INSERT INTO TOUR (TOUR_ID, DIRECTION, DATE_TOUR) VALUES (101, 'BREST-MOSCOW', '2021-08-01'), (102, 'MINSK-ROME', '2021-08-01'), (103, 'MOSCOW-BARCELONA', '2021-06-15'), (104, 'MINSK-RIGA', '2021-07-02'), (105, 'MINSK-DUBAI', '2021-05-25') [23505-200]
	at org.springframework.beans.factory.support.ConstructorResolver.createArgumentArray(ConstructorResolver.java:800)
	at org.springframework.beans.factory.support.ConstructorResolver.autowireConstructor(ConstructorResolver.java:229)
	at org.springframework.beans.factory.support.AbstractAutowireCapableBeanFactory.autowireConstructor(AbstractAutowireCapableBeanFactory.java:1354)
	at org.springframework.beans.factory.support.AbstractAutowireCapableBeanFactory.createBeanInstance(AbstractAutowireCapableBeanFactory.java:1204)
	at org.springframework.beans.factory.support.AbstractAutowireCapableBeanFactory.doCreateBean(AbstractAutowireCapableBeanFactory.java:564)
	at org.springframework.beans.factory.support.AbstractAutowireCapableBeanFactory.createBean(AbstractAutowireCapableBeanFactory.java:524)
	at org.springframework.beans.factory.support.AbstractBeanFactory.lambda$doGetBean$0(AbstractBeanFactory.java:335)
	at org.springframework.beans.factory.support.DefaultSingletonBeanRegistry.getSingleton(DefaultSingletonBeanRegistry.java:234)
	at org.springframework.beans.factory.support.AbstractBeanFactory.doGetBean(AbstractBeanFactory.java:333)
	at org.springframework.beans.factory.support.AbstractBeanFactory.getBean(AbstractBeanFactory.java:208)
	at org.springframework.beans.factory.config.DependencyDescriptor.resolveCandidate(DependencyDescriptor.java:276)
	at org.springframework.beans.factory.support.DefaultListableBeanFactory.doResolveDependency(DefaultListableBeanFactory.java:1380)
	at org.springframework.beans.factory.support.DefaultListableBeanFactory.resolveDependency(DefaultListableBeanFactory.java:1300)
	at org.springframework.beans.factory.support.ConstructorResolver.resolveAutowiredArgument(ConstructorResolver.java:887)
	at org.springframework.beans.factory.support.ConstructorResolver.createArgumentArray(ConstructorResolver.java:791)
	... 103 common frames omitted
Caused by: org.springframework.beans.factory.BeanCreationException: Error creating bean with name 'dataSource': Post-processing of FactoryBean's singleton object failed; nested exception is org.springframework.beans.factory.BeanCreationException: Error creating bean with name 'org.springframework.boot.autoconfigure.jdbc.DataSourceInitializerInvoker': Invocation of init method failed; nested exception is org.springframework.jdbc.datasource.init.ScriptStatementFailedException: Failed to execute SQL script statement #1 of URL [jar:file:/home/artem/IdeaProjects/aderenchuk-travel.agency/test-db/target/test-db-1.0-SNAPSHOT.jar!/data.sql]: INSERT INTO TOUR (TOUR_ID, DIRECTION, DATE_TOUR) VALUES (101, 'BREST-MOSCOW', '2021-08-01'), (102, 'MINSK-ROME', '2021-08-01'), (103, 'MOSCOW-BARCELONA', '2021-06-15'), (104, 'MINSK-RIGA', '2021-07-02'), (105, 'MINSK-DUBAI', '2021-05-25'); nested exception is org.h2.jdbc.JdbcSQLIntegrityConstraintViolationException: Нарушение уникального индекса или первичного ключа: "PRIMARY KEY ON PUBLIC.TOUR(TOUR_ID) [101, 'BREST-MOSCOW', DATE '2021-08-01']"
Unique index or primary key violation: "PRIMARY KEY ON PUBLIC.TOUR(TOUR_ID) [101, 'BREST-MOSCOW', DATE '2021-08-01']"; SQL statement:
INSERT INTO TOUR (TOUR_ID, DIRECTION, DATE_TOUR) VALUES (101, 'BREST-MOSCOW', '2021-08-01'), (102, 'MINSK-ROME', '2021-08-01'), (103, 'MOSCOW-BARCELONA', '2021-06-15'), (104, 'MINSK-RIGA', '2021-07-02'), (105, 'MINSK-DUBAI', '2021-05-25') [23505-200]
	at org.springframework.beans.factory.support.FactoryBeanRegistrySupport.getObjectFromFactoryBean(FactoryBeanRegistrySupport.java:119)
	at org.springframework.beans.factory.support.AbstractBeanFactory.getObjectForBeanInstance(AbstractBeanFactory.java:1884)
	at org.springframework.beans.factory.support.AbstractAutowireCapableBeanFactory.getObjectForBeanInstance(AbstractAutowireCapableBeanFactory.java:1266)
	at org.springframework.beans.factory.support.AbstractBeanFactory.doGetBean(AbstractBeanFactory.java:345)
	at org.springframework.beans.factory.support.AbstractBeanFactory.getBean(AbstractBeanFactory.java:208)
	at org.springframework.beans.factory.config.DependencyDescriptor.resolveCandidate(DependencyDescriptor.java:276)
	at org.springframework.beans.factory.support.DefaultListableBeanFactory.doResolveDependency(DefaultListableBeanFactory.java:1380)
	at org.springframework.beans.factory.support.DefaultListableBeanFactory.resolveDependency(DefaultListableBeanFactory.java:1300)
	at org.springframework.beans.factory.support.ConstructorResolver.resolveAutowiredArgument(ConstructorResolver.java:887)
	at org.springframework.beans.factory.support.ConstructorResolver.createArgumentArray(ConstructorResolver.java:791)
	... 117 common frames omitted
Caused by: org.springframework.beans.factory.BeanCreationException: Error creating bean with name 'org.springframework.boot.autoconfigure.jdbc.DataSourceInitializerInvoker': Invocation of init method failed; nested exception is org.springframework.jdbc.datasource.init.ScriptStatementFailedException: Failed to execute SQL script statement #1 of URL [jar:file:/home/artem/IdeaProjects/aderenchuk-travel.agency/test-db/target/test-db-1.0-SNAPSHOT.jar!/data.sql]: INSERT INTO TOUR (TOUR_ID, DIRECTION, DATE_TOUR) VALUES (101, 'BREST-MOSCOW', '2021-08-01'), (102, 'MINSK-ROME', '2021-08-01'), (103, 'MOSCOW-BARCELONA', '2021-06-15'), (104, 'MINSK-RIGA', '2021-07-02'), (105, 'MINSK-DUBAI', '2021-05-25'); nested exception is org.h2.jdbc.JdbcSQLIntegrityConstraintViolationException: Нарушение уникального индекса или первичного ключа: "PRIMARY KEY ON PUBLIC.TOUR(TOUR_ID) [101, 'BREST-MOSCOW', DATE '2021-08-01']"
Unique index or primary key violation: "PRIMARY KEY ON PUBLIC.TOUR(TOUR_ID) [101, 'BREST-MOSCOW', DATE '2021-08-01']"; SQL statement:
INSERT INTO TOUR (TOUR_ID, DIRECTION, DATE_TOUR) VALUES (101, 'BREST-MOSCOW', '2021-08-01'), (102, 'MINSK-ROME', '2021-08-01'), (103, 'MOSCOW-BARCELONA', '2021-06-15'), (104, 'MINSK-RIGA', '2021-07-02'), (105, 'MINSK-DUBAI', '2021-05-25') [23505-200]
	at org.springframework.beans.factory.support.AbstractAutowireCapableBeanFactory.initializeBean(AbstractAutowireCapableBeanFactory.java:1786)
	at org.springframework.beans.factory.support.AbstractAutowireCapableBeanFactory.doCreateBean(AbstractAutowireCapableBeanFactory.java:602)
	at org.springframework.beans.factory.support.AbstractAutowireCapableBeanFactory.createBean(AbstractAutowireCapableBeanFactory.java:524)
	at org.springframework.beans.factory.support.AbstractBeanFactory.lambda$doGetBean$0(AbstractBeanFactory.java:335)
	at org.springframework.beans.factory.support.DefaultSingletonBeanRegistry.getSingleton(DefaultSingletonBeanRegistry.java:234)
	at org.springframework.beans.factory.support.AbstractBeanFactory.doGetBean(AbstractBeanFactory.java:333)
	at org.springframework.beans.factory.support.AbstractBeanFactory.getBean(AbstractBeanFactory.java:233)
	at org.springframework.beans.factory.support.DefaultListableBeanFactory.resolveNamedBean(DefaultListableBeanFactory.java:1273)
	at org.springframework.beans.factory.support.DefaultListableBeanFactory.resolveNamedBean(DefaultListableBeanFactory.java:1234)
	at org.springframework.beans.factory.support.DefaultListableBeanFactory.resolveBean(DefaultListableBeanFactory.java:494)
	at org.springframework.beans.factory.support.DefaultListableBeanFactory.getBean(DefaultListableBeanFactory.java:349)
	at org.springframework.beans.factory.support.DefaultListableBeanFactory.getBean(DefaultListableBeanFactory.java:342)
	at org.springframework.boot.autoconfigure.jdbc.DataSourceInitializerPostProcessor.postProcessAfterInitialization(DataSourceInitializerPostProcessor.java:51)
	at org.springframework.beans.factory.support.AbstractAutowireCapableBeanFactory.applyBeanPostProcessorsAfterInitialization(AbstractAutowireCapableBeanFactory.java:437)
	at org.springframework.beans.factory.support.AbstractAutowireCapableBeanFactory.postProcessObjectFromFactoryBean(AbstractAutowireCapableBeanFactory.java:1929)
	at org.springframework.beans.factory.support.FactoryBeanRegistrySupport.getObjectFromFactoryBean(FactoryBeanRegistrySupport.java:116)
	... 126 common frames omitted
Caused by: org.springframework.jdbc.datasource.init.ScriptStatementFailedException: Failed to execute SQL script statement #1 of URL [jar:file:/home/artem/IdeaProjects/aderenchuk-travel.agency/test-db/target/test-db-1.0-SNAPSHOT.jar!/data.sql]: INSERT INTO TOUR (TOUR_ID, DIRECTION, DATE_TOUR) VALUES (101, 'BREST-MOSCOW', '2021-08-01'), (102, 'MINSK-ROME', '2021-08-01'), (103, 'MOSCOW-BARCELONA', '2021-06-15'), (104, 'MINSK-RIGA', '2021-07-02'), (105, 'MINSK-DUBAI', '2021-05-25'); nested exception is org.h2.jdbc.JdbcSQLIntegrityConstraintViolationException: Нарушение уникального индекса или первичного ключа: "PRIMARY KEY ON PUBLIC.TOUR(TOUR_ID) [101, 'BREST-MOSCOW', DATE '2021-08-01']"
Unique index or primary key violation: "PRIMARY KEY ON PUBLIC.TOUR(TOUR_ID) [101, 'BREST-MOSCOW', DATE '2021-08-01']"; SQL statement:
INSERT INTO TOUR (TOUR_ID, DIRECTION, DATE_TOUR) VALUES (101, 'BREST-MOSCOW', '2021-08-01'), (102, 'MINSK-ROME', '2021-08-01'), (103, 'MOSCOW-BARCELONA', '2021-06-15'), (104, 'MINSK-RIGA', '2021-07-02'), (105, 'MINSK-DUBAI', '2021-05-25') [23505-200]
	at org.springframework.jdbc.datasource.init.ScriptUtils.executeSqlScript(ScriptUtils.java:622)
	at org.springframework.jdbc.datasource.init.ResourceDatabasePopulator.populate(ResourceDatabasePopulator.java:254)
	at org.springframework.jdbc.datasource.init.DatabasePopulatorUtils.execute(DatabasePopulatorUtils.java:49)
	at org.springframework.boot.autoconfigure.jdbc.DataSourceInitializer.runScripts(DataSourceInitializer.java:202)
	at org.springframework.boot.autoconfigure.jdbc.DataSourceInitializer.initSchema(DataSourceInitializer.java:119)
	at org.springframework.boot.autoconfigure.jdbc.DataSourceInitializerInvoker.onApplicationEvent(DataSourceInitializerInvoker.java:91)
	at org.springframework.boot.autoconfigure.jdbc.DataSourceInitializerInvoker.onApplicationEvent(DataSourceInitializerInvoker.java:38)
	at org.springframework.context.event.SimpleApplicationEventMulticaster.doInvokeListener(SimpleApplicationEventMulticaster.java:176)
	at org.springframework.context.event.SimpleApplicationEventMulticaster.invokeListener(SimpleApplicationEventMulticaster.java:169)
	at org.springframework.context.event.SimpleApplicationEventMulticaster.multicastEvent(SimpleApplicationEventMulticaster.java:143)
	at org.springframework.context.support.AbstractApplicationContext.publishEvent(AbstractApplicationContext.java:421)
	at org.springframework.context.support.AbstractApplicationContext.publishEvent(AbstractApplicationContext.java:378)
	at org.springframework.boot.autoconfigure.jdbc.DataSourceInitializerInvoker.initialize(DataSourceInitializerInvoker.java:72)
	at org.springframework.boot.autoconfigure.jdbc.DataSourceInitializerInvoker.afterPropertiesSet(DataSourceInitializerInvoker.java:65)
	at org.springframework.beans.factory.support.AbstractAutowireCapableBeanFactory.invokeInitMethods(AbstractAutowireCapableBeanFactory.java:1845)
	at org.springframework.beans.factory.support.AbstractAutowireCapableBeanFactory.initializeBean(AbstractAutowireCapableBeanFactory.java:1782)
	... 141 common frames omitted
Caused by: org.h2.jdbc.JdbcSQLIntegrityConstraintViolationException: Нарушение уникального индекса или первичного ключа: "PRIMARY KEY ON PUBLIC.TOUR(TOUR_ID) [101, 'BREST-MOSCOW', DATE '2021-08-01']"
Unique index or primary key violation: "PRIMARY KEY ON PUBLIC.TOUR(TOUR_ID) [101, 'BREST-MOSCOW', DATE '2021-08-01']"; SQL statement:
INSERT INTO TOUR (TOUR_ID, DIRECTION, DATE_TOUR) VALUES (101, 'BREST-MOSCOW', '2021-08-01'), (102, 'MINSK-ROME', '2021-08-01'), (103, 'MOSCOW-BARCELONA', '2021-06-15'), (104, 'MINSK-RIGA', '2021-07-02'), (105, 'MINSK-DUBAI', '2021-05-25') [23505-200]
	at org.h2.message.DbException.getJdbcSQLException(DbException.java:459)
	at org.h2.message.DbException.getJdbcSQLException(DbException.java:429)
	at org.h2.message.DbException.get(DbException.java:205)
	at org.h2.message.DbException.get(DbException.java:181)
	at org.h2.mvstore.db.MVPrimaryIndex.add(MVPrimaryIndex.java:127)
	at org.h2.mvstore.db.MVTable.addRow(MVTable.java:531)
	at org.h2.command.dml.Insert.insertRows(Insert.java:195)
	at org.h2.command.dml.Insert.update(Insert.java:151)
	at org.h2.command.CommandContainer.update(CommandContainer.java:198)
	at org.h2.command.Command.executeUpdate(Command.java:251)
	at org.h2.jdbc.JdbcStatement.executeInternal(JdbcStatement.java:228)
	at org.h2.jdbc.JdbcStatement.execute(JdbcStatement.java:201)
	at org.springframework.jdbc.datasource.init.ScriptUtils.executeSqlScript(ScriptUtils.java:601)
	... 156 common frames omitted
]]></system-out>
  </testcase>
  <testcase name="shouldUpdateTourAfterEdit" classname="com.aderenchuk.brest.service.web_app.TourControllerIT" time="0">
    <error type="java.lang.IllegalStateException"><![CDATA[java.lang.IllegalStateException: Failed to load ApplicationContext
Caused by: org.springframework.beans.factory.UnsatisfiedDependencyException: 
Error creating bean with name 'tourController' defined in file [/home/artem/IdeaProjects/aderenchuk-travel.agency/web-app/target/classes/com/aderenchuk/brest/service/web_app/TourController.class]: Unsatisfied dependency expressed through constructor parameter 0; nested exception is org.springframework.beans.factory.UnsatisfiedDependencyException: Error creating bean with name 'tourDtoServiceImpl' defined in URL [jar:file:/home/artem/IdeaProjects/aderenchuk-travel.agency/service/target/service-1.0-SNAPSHOT.jar!/com/aderenchuk/brest/service/impl/TourDtoServiceImpl.class]: Unsatisfied dependency expressed through constructor parameter 0; nested exception is org.springframework.beans.factory.UnsatisfiedDependencyException: Error creating bean with name 'tourDtoDaoJdbc' defined in URL [jar:file:/home/artem/IdeaProjects/aderenchuk-travel.agency/dao/target/dao-1.0-SNAPSHOT.jar!/com/aderenchuk/brest/dao/jdbc/TourDtoDaoJdbc.class]: Unsatisfied dependency expressed through constructor parameter 0; nested exception is org.springframework.beans.factory.BeanCreationException: Error creating bean with name 'dataSource': Post-processing of FactoryBean's singleton object failed; nested exception is org.springframework.beans.factory.BeanCreationException: Error creating bean with name 'org.springframework.boot.autoconfigure.jdbc.DataSourceInitializerInvoker': Invocation of init method failed; nested exception is org.springframework.jdbc.datasource.init.ScriptStatementFailedException: Failed to execute SQL script statement #1 of URL [jar:file:/home/artem/IdeaProjects/aderenchuk-travel.agency/test-db/target/test-db-1.0-SNAPSHOT.jar!/data.sql]: INSERT INTO TOUR (TOUR_ID, DIRECTION, DATE_TOUR) VALUES (101, 'BREST-MOSCOW', '2021-08-01'), (102, 'MINSK-ROME', '2021-08-01'), (103, 'MOSCOW-BARCELONA', '2021-06-15'), (104, 'MINSK-RIGA', '2021-07-02'), (105, 'MINSK-DUBAI', '2021-05-25'); nested exception is org.h2.jdbc.JdbcSQLIntegrityConstraintViolationException: Нарушение уникального индекса или первичного ключа: "PRIMARY KEY ON PUBLIC.TOUR(TOUR_ID) [101, 'BREST-MOSCOW', DATE '2021-08-01']"
Unique index or primary key violation: "PRIMARY KEY ON PUBLIC.TOUR(TOUR_ID) [101, 'BREST-MOSCOW', DATE '2021-08-01']"; SQL statement:
INSERT INTO TOUR (TOUR_ID, DIRECTION, DATE_TOUR) VALUES (101, 'BREST-MOSCOW', '2021-08-01'), (102, 'MINSK-ROME', '2021-08-01'), (103, 'MOSCOW-BARCELONA', '2021-06-15'), (104, 'MINSK-RIGA', '2021-07-02'), (105, 'MINSK-DUBAI', '2021-05-25') [23505-200]
Caused by: org.springframework.beans.factory.UnsatisfiedDependencyException: 
Error creating bean with name 'tourDtoServiceImpl' defined in URL [jar:file:/home/artem/IdeaProjects/aderenchuk-travel.agency/service/target/service-1.0-SNAPSHOT.jar!/com/aderenchuk/brest/service/impl/TourDtoServiceImpl.class]: Unsatisfied dependency expressed through constructor parameter 0; nested exception is org.springframework.beans.factory.UnsatisfiedDependencyException: Error creating bean with name 'tourDtoDaoJdbc' defined in URL [jar:file:/home/artem/IdeaProjects/aderenchuk-travel.agency/dao/target/dao-1.0-SNAPSHOT.jar!/com/aderenchuk/brest/dao/jdbc/TourDtoDaoJdbc.class]: Unsatisfied dependency expressed through constructor parameter 0; nested exception is org.springframework.beans.factory.BeanCreationException: Error creating bean with name 'dataSource': Post-processing of FactoryBean's singleton object failed; nested exception is org.springframework.beans.factory.BeanCreationException: Error creating bean with name 'org.springframework.boot.autoconfigure.jdbc.DataSourceInitializerInvoker': Invocation of init method failed; nested exception is org.springframework.jdbc.datasource.init.ScriptStatementFailedException: Failed to execute SQL script statement #1 of URL [jar:file:/home/artem/IdeaProjects/aderenchuk-travel.agency/test-db/target/test-db-1.0-SNAPSHOT.jar!/data.sql]: INSERT INTO TOUR (TOUR_ID, DIRECTION, DATE_TOUR) VALUES (101, 'BREST-MOSCOW', '2021-08-01'), (102, 'MINSK-ROME', '2021-08-01'), (103, 'MOSCOW-BARCELONA', '2021-06-15'), (104, 'MINSK-RIGA', '2021-07-02'), (105, 'MINSK-DUBAI', '2021-05-25'); nested exception is org.h2.jdbc.JdbcSQLIntegrityConstraintViolationException: Нарушение уникального индекса или первичного ключа: "PRIMARY KEY ON PUBLIC.TOUR(TOUR_ID) [101, 'BREST-MOSCOW', DATE '2021-08-01']"
Unique index or primary key violation: "PRIMARY KEY ON PUBLIC.TOUR(TOUR_ID) [101, 'BREST-MOSCOW', DATE '2021-08-01']"; SQL statement:
INSERT INTO TOUR (TOUR_ID, DIRECTION, DATE_TOUR) VALUES (101, 'BREST-MOSCOW', '2021-08-01'), (102, 'MINSK-ROME', '2021-08-01'), (103, 'MOSCOW-BARCELONA', '2021-06-15'), (104, 'MINSK-RIGA', '2021-07-02'), (105, 'MINSK-DUBAI', '2021-05-25') [23505-200]
Caused by: org.springframework.beans.factory.UnsatisfiedDependencyException: 
Error creating bean with name 'tourDtoDaoJdbc' defined in URL [jar:file:/home/artem/IdeaProjects/aderenchuk-travel.agency/dao/target/dao-1.0-SNAPSHOT.jar!/com/aderenchuk/brest/dao/jdbc/TourDtoDaoJdbc.class]: Unsatisfied dependency expressed through constructor parameter 0; nested exception is org.springframework.beans.factory.BeanCreationException: Error creating bean with name 'dataSource': Post-processing of FactoryBean's singleton object failed; nested exception is org.springframework.beans.factory.BeanCreationException: Error creating bean with name 'org.springframework.boot.autoconfigure.jdbc.DataSourceInitializerInvoker': Invocation of init method failed; nested exception is org.springframework.jdbc.datasource.init.ScriptStatementFailedException: Failed to execute SQL script statement #1 of URL [jar:file:/home/artem/IdeaProjects/aderenchuk-travel.agency/test-db/target/test-db-1.0-SNAPSHOT.jar!/data.sql]: INSERT INTO TOUR (TOUR_ID, DIRECTION, DATE_TOUR) VALUES (101, 'BREST-MOSCOW', '2021-08-01'), (102, 'MINSK-ROME', '2021-08-01'), (103, 'MOSCOW-BARCELONA', '2021-06-15'), (104, 'MINSK-RIGA', '2021-07-02'), (105, 'MINSK-DUBAI', '2021-05-25'); nested exception is org.h2.jdbc.JdbcSQLIntegrityConstraintViolationException: Нарушение уникального индекса или первичного ключа: "PRIMARY KEY ON PUBLIC.TOUR(TOUR_ID) [101, 'BREST-MOSCOW', DATE '2021-08-01']"
Unique index or primary key violation: "PRIMARY KEY ON PUBLIC.TOUR(TOUR_ID) [101, 'BREST-MOSCOW', DATE '2021-08-01']"; SQL statement:
INSERT INTO TOUR (TOUR_ID, DIRECTION, DATE_TOUR) VALUES (101, 'BREST-MOSCOW', '2021-08-01'), (102, 'MINSK-ROME', '2021-08-01'), (103, 'MOSCOW-BARCELONA', '2021-06-15'), (104, 'MINSK-RIGA', '2021-07-02'), (105, 'MINSK-DUBAI', '2021-05-25') [23505-200]
Caused by: org.springframework.beans.factory.BeanCreationException: 
Error creating bean with name 'dataSource': Post-processing of FactoryBean's singleton object failed; nested exception is org.springframework.beans.factory.BeanCreationException: Error creating bean with name 'org.springframework.boot.autoconfigure.jdbc.DataSourceInitializerInvoker': Invocation of init method failed; nested exception is org.springframework.jdbc.datasource.init.ScriptStatementFailedException: Failed to execute SQL script statement #1 of URL [jar:file:/home/artem/IdeaProjects/aderenchuk-travel.agency/test-db/target/test-db-1.0-SNAPSHOT.jar!/data.sql]: INSERT INTO TOUR (TOUR_ID, DIRECTION, DATE_TOUR) VALUES (101, 'BREST-MOSCOW', '2021-08-01'), (102, 'MINSK-ROME', '2021-08-01'), (103, 'MOSCOW-BARCELONA', '2021-06-15'), (104, 'MINSK-RIGA', '2021-07-02'), (105, 'MINSK-DUBAI', '2021-05-25'); nested exception is org.h2.jdbc.JdbcSQLIntegrityConstraintViolationException: Нарушение уникального индекса или первичного ключа: "PRIMARY KEY ON PUBLIC.TOUR(TOUR_ID) [101, 'BREST-MOSCOW', DATE '2021-08-01']"
Unique index or primary key violation: "PRIMARY KEY ON PUBLIC.TOUR(TOUR_ID) [101, 'BREST-MOSCOW', DATE '2021-08-01']"; SQL statement:
INSERT INTO TOUR (TOUR_ID, DIRECTION, DATE_TOUR) VALUES (101, 'BREST-MOSCOW', '2021-08-01'), (102, 'MINSK-ROME', '2021-08-01'), (103, 'MOSCOW-BARCELONA', '2021-06-15'), (104, 'MINSK-RIGA', '2021-07-02'), (105, 'MINSK-DUBAI', '2021-05-25') [23505-200]
Caused by: org.springframework.beans.factory.BeanCreationException: 
Error creating bean with name 'org.springframework.boot.autoconfigure.jdbc.DataSourceInitializerInvoker': Invocation of init method failed; nested exception is org.springframework.jdbc.datasource.init.ScriptStatementFailedException: Failed to execute SQL script statement #1 of URL [jar:file:/home/artem/IdeaProjects/aderenchuk-travel.agency/test-db/target/test-db-1.0-SNAPSHOT.jar!/data.sql]: INSERT INTO TOUR (TOUR_ID, DIRECTION, DATE_TOUR) VALUES (101, 'BREST-MOSCOW', '2021-08-01'), (102, 'MINSK-ROME', '2021-08-01'), (103, 'MOSCOW-BARCELONA', '2021-06-15'), (104, 'MINSK-RIGA', '2021-07-02'), (105, 'MINSK-DUBAI', '2021-05-25'); nested exception is org.h2.jdbc.JdbcSQLIntegrityConstraintViolationException: Нарушение уникального индекса или первичного ключа: "PRIMARY KEY ON PUBLIC.TOUR(TOUR_ID) [101, 'BREST-MOSCOW', DATE '2021-08-01']"
Unique index or primary key violation: "PRIMARY KEY ON PUBLIC.TOUR(TOUR_ID) [101, 'BREST-MOSCOW', DATE '2021-08-01']"; SQL statement:
INSERT INTO TOUR (TOUR_ID, DIRECTION, DATE_TOUR) VALUES (101, 'BREST-MOSCOW', '2021-08-01'), (102, 'MINSK-ROME', '2021-08-01'), (103, 'MOSCOW-BARCELONA', '2021-06-15'), (104, 'MINSK-RIGA', '2021-07-02'), (105, 'MINSK-DUBAI', '2021-05-25') [23505-200]
Caused by: org.springframework.jdbc.datasource.init.ScriptStatementFailedException: 
Failed to execute SQL script statement #1 of URL [jar:file:/home/artem/IdeaProjects/aderenchuk-travel.agency/test-db/target/test-db-1.0-SNAPSHOT.jar!/data.sql]: INSERT INTO TOUR (TOUR_ID, DIRECTION, DATE_TOUR) VALUES (101, 'BREST-MOSCOW', '2021-08-01'), (102, 'MINSK-ROME', '2021-08-01'), (103, 'MOSCOW-BARCELONA', '2021-06-15'), (104, 'MINSK-RIGA', '2021-07-02'), (105, 'MINSK-DUBAI', '2021-05-25'); nested exception is org.h2.jdbc.JdbcSQLIntegrityConstraintViolationException: Нарушение уникального индекса или первичного ключа: "PRIMARY KEY ON PUBLIC.TOUR(TOUR_ID) [101, 'BREST-MOSCOW', DATE '2021-08-01']"
Unique index or primary key violation: "PRIMARY KEY ON PUBLIC.TOUR(TOUR_ID) [101, 'BREST-MOSCOW', DATE '2021-08-01']"; SQL statement:
INSERT INTO TOUR (TOUR_ID, DIRECTION, DATE_TOUR) VALUES (101, 'BREST-MOSCOW', '2021-08-01'), (102, 'MINSK-ROME', '2021-08-01'), (103, 'MOSCOW-BARCELONA', '2021-06-15'), (104, 'MINSK-RIGA', '2021-07-02'), (105, 'MINSK-DUBAI', '2021-05-25') [23505-200]
Caused by: org.h2.jdbc.JdbcSQLIntegrityConstraintViolationException: 
Нарушение уникального индекса или первичного ключа: "PRIMARY KEY ON PUBLIC.TOUR(TOUR_ID) [101, 'BREST-MOSCOW', DATE '2021-08-01']"
Unique index or primary key violation: "PRIMARY KEY ON PUBLIC.TOUR(TOUR_ID) [101, 'BREST-MOSCOW', DATE '2021-08-01']"; SQL statement:
INSERT INTO TOUR (TOUR_ID, DIRECTION, DATE_TOUR) VALUES (101, 'BREST-MOSCOW', '2021-08-01'), (102, 'MINSK-ROME', '2021-08-01'), (103, 'MOSCOW-BARCELONA', '2021-06-15'), (104, 'MINSK-RIGA', '2021-07-02'), (105, 'MINSK-DUBAI', '2021-05-25') [23505-200]
]]></error>
    <system-out><![CDATA[
  .   ____          _            __ _ _
 /\\ / ___'_ __ _ _(_)_ __  __ _ \ \ \ \
( ( )\___ | '_ | '_| | '_ \/ _` | \ \ \ \
 \\/  ___)| |_)| | | | | || (_| |  ) ) ) )
  '  |____| .__|_| |_|_| |_\__, | / / / /
 =========|_|==============|___/=/_/_/_/
 :: Spring Boot ::                (v2.4.4)

22:11:46 [main] INFO  com.aderenchuk.brest.service.web_app.TourControllerIT - Starting TourControllerIT using Java 11.0.10 on artem-HP-Laptop-15-bs0xx with PID 35492 (started by artem in /home/artem/IdeaProjects/aderenchuk-travel.agency/web-app)
22:11:46 [main] INFO  com.aderenchuk.brest.service.web_app.TourControllerIT - Starting TourControllerIT using Java 11.0.10 on artem-HP-Laptop-15-bs0xx with PID 35492 (started by artem in /home/artem/IdeaProjects/aderenchuk-travel.agency/web-app)
22:11:46 [main] DEBUG com.aderenchuk.brest.service.web_app.TourControllerIT - Running with Spring Boot v2.4.4, Spring v5.3.5
22:11:46 [main] DEBUG com.aderenchuk.brest.service.web_app.TourControllerIT - Running with Spring Boot v2.4.4, Spring v5.3.5
22:11:46 [main] INFO  com.aderenchuk.brest.service.web_app.TourControllerIT - No active profile set, falling back to default profiles: default
22:11:46 [main] INFO  com.aderenchuk.brest.service.web_app.TourControllerIT - No active profile set, falling back to default profiles: default
22:11:46 [main] INFO  org.springframework.boot.test.autoconfigure.jdbc.TestDatabaseAutoConfiguration$EmbeddedDataSourceBeanFactoryPostProcessor - Replacing 'dataSource' DataSource bean with embedded version
22:11:46 [main] INFO  org.springframework.jdbc.datasource.embedded.EmbeddedDatabaseFactory - Starting embedded database: url='jdbc:h2:mem:d1ecccc1-9458-49f1-88a9-5ce0a0447834;DB_CLOSE_DELAY=-1;DB_CLOSE_ON_EXIT=false', username='sa'
22:11:46 [main] WARN  org.springframework.context.annotation.AnnotationConfigApplicationContext - Exception encountered during context initialization - cancelling refresh attempt: org.springframework.beans.factory.UnsatisfiedDependencyException: Error creating bean with name 'tourController' defined in file [/home/artem/IdeaProjects/aderenchuk-travel.agency/web-app/target/classes/com/aderenchuk/brest/service/web_app/TourController.class]: Unsatisfied dependency expressed through constructor parameter 0; nested exception is org.springframework.beans.factory.UnsatisfiedDependencyException: Error creating bean with name 'tourDtoServiceImpl' defined in URL [jar:file:/home/artem/IdeaProjects/aderenchuk-travel.agency/service/target/service-1.0-SNAPSHOT.jar!/com/aderenchuk/brest/service/impl/TourDtoServiceImpl.class]: Unsatisfied dependency expressed through constructor parameter 0; nested exception is org.springframework.beans.factory.UnsatisfiedDependencyException: Error creating bean with name 'tourDtoDaoJdbc' defined in URL [jar:file:/home/artem/IdeaProjects/aderenchuk-travel.agency/dao/target/dao-1.0-SNAPSHOT.jar!/com/aderenchuk/brest/dao/jdbc/TourDtoDaoJdbc.class]: Unsatisfied dependency expressed through constructor parameter 0; nested exception is org.springframework.beans.factory.BeanCreationException: Error creating bean with name 'dataSource': Post-processing of FactoryBean's singleton object failed; nested exception is org.springframework.beans.factory.BeanCreationException: Error creating bean with name 'org.springframework.boot.autoconfigure.jdbc.DataSourceInitializerInvoker': Invocation of init method failed; nested exception is org.springframework.jdbc.datasource.init.ScriptStatementFailedException: Failed to execute SQL script statement #1 of URL [jar:file:/home/artem/IdeaProjects/aderenchuk-travel.agency/test-db/target/test-db-1.0-SNAPSHOT.jar!/data.sql]: INSERT INTO TOUR (TOUR_ID, DIRECTION, DATE_TOUR) VALUES (101, 'BREST-MOSCOW', '2021-08-01'), (102, 'MINSK-ROME', '2021-08-01'), (103, 'MOSCOW-BARCELONA', '2021-06-15'), (104, 'MINSK-RIGA', '2021-07-02'), (105, 'MINSK-DUBAI', '2021-05-25'); nested exception is org.h2.jdbc.JdbcSQLIntegrityConstraintViolationException: Нарушение уникального индекса или первичного ключа: "PRIMARY KEY ON PUBLIC.TOUR(TOUR_ID) [101, 'BREST-MOSCOW', DATE '2021-08-01']"
Unique index or primary key violation: "PRIMARY KEY ON PUBLIC.TOUR(TOUR_ID) [101, 'BREST-MOSCOW', DATE '2021-08-01']"; SQL statement:
INSERT INTO TOUR (TOUR_ID, DIRECTION, DATE_TOUR) VALUES (101, 'BREST-MOSCOW', '2021-08-01'), (102, 'MINSK-ROME', '2021-08-01'), (103, 'MOSCOW-BARCELONA', '2021-06-15'), (104, 'MINSK-RIGA', '2021-07-02'), (105, 'MINSK-DUBAI', '2021-05-25') [23505-200]
22:11:46 [main] INFO  org.springframework.boot.autoconfigure.logging.ConditionEvaluationReportLoggingListener - 

Error starting ApplicationContext. To display the conditions report re-run your application with 'debug' enabled.
22:11:46 [main] ERROR org.springframework.boot.SpringApplication - Application run failed
org.springframework.beans.factory.UnsatisfiedDependencyException: Error creating bean with name 'tourController' defined in file [/home/artem/IdeaProjects/aderenchuk-travel.agency/web-app/target/classes/com/aderenchuk/brest/service/web_app/TourController.class]: Unsatisfied dependency expressed through constructor parameter 0; nested exception is org.springframework.beans.factory.UnsatisfiedDependencyException: Error creating bean with name 'tourDtoServiceImpl' defined in URL [jar:file:/home/artem/IdeaProjects/aderenchuk-travel.agency/service/target/service-1.0-SNAPSHOT.jar!/com/aderenchuk/brest/service/impl/TourDtoServiceImpl.class]: Unsatisfied dependency expressed through constructor parameter 0; nested exception is org.springframework.beans.factory.UnsatisfiedDependencyException: Error creating bean with name 'tourDtoDaoJdbc' defined in URL [jar:file:/home/artem/IdeaProjects/aderenchuk-travel.agency/dao/target/dao-1.0-SNAPSHOT.jar!/com/aderenchuk/brest/dao/jdbc/TourDtoDaoJdbc.class]: Unsatisfied dependency expressed through constructor parameter 0; nested exception is org.springframework.beans.factory.BeanCreationException: Error creating bean with name 'dataSource': Post-processing of FactoryBean's singleton object failed; nested exception is org.springframework.beans.factory.BeanCreationException: Error creating bean with name 'org.springframework.boot.autoconfigure.jdbc.DataSourceInitializerInvoker': Invocation of init method failed; nested exception is org.springframework.jdbc.datasource.init.ScriptStatementFailedException: Failed to execute SQL script statement #1 of URL [jar:file:/home/artem/IdeaProjects/aderenchuk-travel.agency/test-db/target/test-db-1.0-SNAPSHOT.jar!/data.sql]: INSERT INTO TOUR (TOUR_ID, DIRECTION, DATE_TOUR) VALUES (101, 'BREST-MOSCOW', '2021-08-01'), (102, 'MINSK-ROME', '2021-08-01'), (103, 'MOSCOW-BARCELONA', '2021-06-15'), (104, 'MINSK-RIGA', '2021-07-02'), (105, 'MINSK-DUBAI', '2021-05-25'); nested exception is org.h2.jdbc.JdbcSQLIntegrityConstraintViolationException: Нарушение уникального индекса или первичного ключа: "PRIMARY KEY ON PUBLIC.TOUR(TOUR_ID) [101, 'BREST-MOSCOW', DATE '2021-08-01']"
Unique index or primary key violation: "PRIMARY KEY ON PUBLIC.TOUR(TOUR_ID) [101, 'BREST-MOSCOW', DATE '2021-08-01']"; SQL statement:
INSERT INTO TOUR (TOUR_ID, DIRECTION, DATE_TOUR) VALUES (101, 'BREST-MOSCOW', '2021-08-01'), (102, 'MINSK-ROME', '2021-08-01'), (103, 'MOSCOW-BARCELONA', '2021-06-15'), (104, 'MINSK-RIGA', '2021-07-02'), (105, 'MINSK-DUBAI', '2021-05-25') [23505-200]
	at org.springframework.beans.factory.support.ConstructorResolver.createArgumentArray(ConstructorResolver.java:800)
	at org.springframework.beans.factory.support.ConstructorResolver.autowireConstructor(ConstructorResolver.java:229)
	at org.springframework.beans.factory.support.AbstractAutowireCapableBeanFactory.autowireConstructor(AbstractAutowireCapableBeanFactory.java:1354)
	at org.springframework.beans.factory.support.AbstractAutowireCapableBeanFactory.createBeanInstance(AbstractAutowireCapableBeanFactory.java:1204)
	at org.springframework.beans.factory.support.AbstractAutowireCapableBeanFactory.doCreateBean(AbstractAutowireCapableBeanFactory.java:564)
	at org.springframework.beans.factory.support.AbstractAutowireCapableBeanFactory.createBean(AbstractAutowireCapableBeanFactory.java:524)
	at org.springframework.beans.factory.support.AbstractBeanFactory.lambda$doGetBean$0(AbstractBeanFactory.java:335)
	at org.springframework.beans.factory.support.DefaultSingletonBeanRegistry.getSingleton(DefaultSingletonBeanRegistry.java:234)
	at org.springframework.beans.factory.support.AbstractBeanFactory.doGetBean(AbstractBeanFactory.java:333)
	at org.springframework.beans.factory.support.AbstractBeanFactory.getBean(AbstractBeanFactory.java:208)
	at org.springframework.beans.factory.support.DefaultListableBeanFactory.preInstantiateSingletons(DefaultListableBeanFactory.java:944)
	at org.springframework.context.support.AbstractApplicationContext.finishBeanFactoryInitialization(AbstractApplicationContext.java:918)
	at org.springframework.context.support.AbstractApplicationContext.refresh(AbstractApplicationContext.java:583)
	at org.springframework.boot.SpringApplication.refresh(SpringApplication.java:769)
	at org.springframework.boot.SpringApplication.refresh(SpringApplication.java:761)
	at org.springframework.boot.SpringApplication.refreshContext(SpringApplication.java:426)
	at org.springframework.boot.SpringApplication.run(SpringApplication.java:326)
	at org.springframework.boot.test.context.SpringBootContextLoader.loadContext(SpringBootContextLoader.java:123)
	at org.springframework.test.context.cache.DefaultCacheAwareContextLoaderDelegate.loadContextInternal(DefaultCacheAwareContextLoaderDelegate.java:99)
	at org.springframework.test.context.cache.DefaultCacheAwareContextLoaderDelegate.loadContext(DefaultCacheAwareContextLoaderDelegate.java:124)
	at org.springframework.test.context.support.DefaultTestContext.getApplicationContext(DefaultTestContext.java:124)
	at org.springframework.test.context.support.DependencyInjectionTestExecutionListener.injectDependencies(DependencyInjectionTestExecutionListener.java:118)
	at org.springframework.test.context.support.DependencyInjectionTestExecutionListener.prepareTestInstance(DependencyInjectionTestExecutionListener.java:83)
	at org.springframework.boot.test.autoconfigure.SpringBootDependencyInjectionTestExecutionListener.prepareTestInstance(SpringBootDependencyInjectionTestExecutionListener.java:43)
	at org.springframework.test.context.TestContextManager.prepareTestInstance(TestContextManager.java:244)
	at org.springframework.test.context.junit.jupiter.SpringExtension.postProcessTestInstance(SpringExtension.java:138)
	at org.junit.jupiter.engine.descriptor.ClassBasedTestDescriptor.lambda$invokeTestInstancePostProcessors$6(ClassBasedTestDescriptor.java:350)
	at org.junit.jupiter.engine.descriptor.ClassBasedTestDescriptor.executeAndMaskThrowable(ClassBasedTestDescriptor.java:355)
	at org.junit.jupiter.engine.descriptor.ClassBasedTestDescriptor.lambda$invokeTestInstancePostProcessors$7(ClassBasedTestDescriptor.java:350)
	at java.base/java.util.stream.ReferencePipeline$3$1.accept(ReferencePipeline.java:195)
	at java.base/java.util.stream.ReferencePipeline$2$1.accept(ReferencePipeline.java:177)
	at java.base/java.util.ArrayList$ArrayListSpliterator.forEachRemaining(ArrayList.java:1655)
	at java.base/java.util.stream.AbstractPipeline.copyInto(AbstractPipeline.java:484)
	at java.base/java.util.stream.AbstractPipeline.wrapAndCopyInto(AbstractPipeline.java:474)
	at java.base/java.util.stream.StreamSpliterators$WrappingSpliterator.forEachRemaining(StreamSpliterators.java:312)
	at java.base/java.util.stream.Streams$ConcatSpliterator.forEachRemaining(Streams.java:735)
	at java.base/java.util.stream.Streams$ConcatSpliterator.forEachRemaining(Streams.java:734)
	at java.base/java.util.stream.ReferencePipeline$Head.forEach(ReferencePipeline.java:658)
	at org.junit.jupiter.engine.descriptor.ClassBasedTestDescriptor.invokeTestInstancePostProcessors(ClassBasedTestDescriptor.java:349)
	at org.junit.jupiter.engine.descriptor.ClassBasedTestDescriptor.lambda$instantiateAndPostProcessTestInstance$4(ClassBasedTestDescriptor.java:270)
	at org.junit.platform.engine.support.hierarchical.ThrowableCollector.execute(ThrowableCollector.java:73)
	at org.junit.jupiter.engine.descriptor.ClassBasedTestDescriptor.instantiateAndPostProcessTestInstance(ClassBasedTestDescriptor.java:269)
	at org.junit.jupiter.engine.descriptor.ClassBasedTestDescriptor.lambda$testInstancesProvider$2(ClassBasedTestDescriptor.java:259)
	at java.base/java.util.Optional.orElseGet(Optional.java:369)
	at org.junit.jupiter.engine.descriptor.ClassBasedTestDescriptor.lambda$testInstancesProvider$3(ClassBasedTestDescriptor.java:258)
	at org.junit.jupiter.engine.execution.TestInstancesProvider.getTestInstances(TestInstancesProvider.java:31)
	at org.junit.jupiter.engine.descriptor.TestMethodTestDescriptor.lambda$prepare$0(TestMethodTestDescriptor.java:101)
	at org.junit.platform.engine.support.hierarchical.ThrowableCollector.execute(ThrowableCollector.java:73)
	at org.junit.jupiter.engine.descriptor.TestMethodTestDescriptor.prepare(TestMethodTestDescriptor.java:100)
	at org.junit.jupiter.engine.descriptor.TestMethodTestDescriptor.prepare(TestMethodTestDescriptor.java:65)
	at org.junit.platform.engine.support.hierarchical.NodeTestTask.lambda$prepare$1(NodeTestTask.java:111)
	at org.junit.platform.engine.support.hierarchical.ThrowableCollector.execute(ThrowableCollector.java:73)
	at org.junit.platform.engine.support.hierarchical.NodeTestTask.prepare(NodeTestTask.java:111)
	at org.junit.platform.engine.support.hierarchical.NodeTestTask.execute(NodeTestTask.java:79)
	at java.base/java.util.ArrayList.forEach(ArrayList.java:1541)
	at org.junit.platform.engine.support.hierarchical.SameThreadHierarchicalTestExecutorService.invokeAll(SameThreadHierarchicalTestExecutorService.java:38)
	at org.junit.platform.engine.support.hierarchical.NodeTestTask.lambda$executeRecursively$5(NodeTestTask.java:143)
	at org.junit.platform.engine.support.hierarchical.ThrowableCollector.execute(ThrowableCollector.java:73)
	at org.junit.platform.engine.support.hierarchical.NodeTestTask.lambda$executeRecursively$7(NodeTestTask.java:129)
	at org.junit.platform.engine.support.hierarchical.Node.around(Node.java:137)
	at org.junit.platform.engine.support.hierarchical.NodeTestTask.lambda$executeRecursively$8(NodeTestTask.java:127)
	at org.junit.platform.engine.support.hierarchical.ThrowableCollector.execute(ThrowableCollector.java:73)
	at org.junit.platform.engine.support.hierarchical.NodeTestTask.executeRecursively(NodeTestTask.java:126)
	at org.junit.platform.engine.support.hierarchical.NodeTestTask.execute(NodeTestTask.java:84)
	at java.base/java.util.ArrayList.forEach(ArrayList.java:1541)
	at org.junit.platform.engine.support.hierarchical.SameThreadHierarchicalTestExecutorService.invokeAll(SameThreadHierarchicalTestExecutorService.java:38)
	at org.junit.platform.engine.support.hierarchical.NodeTestTask.lambda$executeRecursively$5(NodeTestTask.java:143)
	at org.junit.platform.engine.support.hierarchical.ThrowableCollector.execute(ThrowableCollector.java:73)
	at org.junit.platform.engine.support.hierarchical.NodeTestTask.lambda$executeRecursively$7(NodeTestTask.java:129)
	at org.junit.platform.engine.support.hierarchical.Node.around(Node.java:137)
	at org.junit.platform.engine.support.hierarchical.NodeTestTask.lambda$executeRecursively$8(NodeTestTask.java:127)
	at org.junit.platform.engine.support.hierarchical.ThrowableCollector.execute(ThrowableCollector.java:73)
	at org.junit.platform.engine.support.hierarchical.NodeTestTask.executeRecursively(NodeTestTask.java:126)
	at org.junit.platform.engine.support.hierarchical.NodeTestTask.execute(NodeTestTask.java:84)
	at org.junit.platform.engine.support.hierarchical.SameThreadHierarchicalTestExecutorService.submit(SameThreadHierarchicalTestExecutorService.java:32)
	at org.junit.platform.engine.support.hierarchical.HierarchicalTestExecutor.execute(HierarchicalTestExecutor.java:57)
	at org.junit.platform.engine.support.hierarchical.HierarchicalTestEngine.execute(HierarchicalTestEngine.java:51)
	at org.junit.platform.launcher.core.EngineExecutionOrchestrator.execute(EngineExecutionOrchestrator.java:108)
	at org.junit.platform.launcher.core.EngineExecutionOrchestrator.execute(EngineExecutionOrchestrator.java:88)
	at org.junit.platform.launcher.core.EngineExecutionOrchestrator.lambda$execute$0(EngineExecutionOrchestrator.java:54)
	at org.junit.platform.launcher.core.EngineExecutionOrchestrator.withInterceptedStreams(EngineExecutionOrchestrator.java:67)
	at org.junit.platform.launcher.core.EngineExecutionOrchestrator.execute(EngineExecutionOrchestrator.java:52)
	at org.junit.platform.launcher.core.DefaultLauncher.execute(DefaultLauncher.java:96)
	at org.junit.platform.launcher.core.DefaultLauncher.execute(DefaultLauncher.java:75)
	at org.apache.maven.surefire.junitplatform.JUnitPlatformProvider.invokeAllTests(JUnitPlatformProvider.java:154)
	at org.apache.maven.surefire.junitplatform.JUnitPlatformProvider.invoke(JUnitPlatformProvider.java:127)
	at org.apache.maven.surefire.booter.ForkedBooter.runSuitesInProcess(ForkedBooter.java:377)
	at org.apache.maven.surefire.booter.ForkedBooter.execute(ForkedBooter.java:138)
	at org.apache.maven.surefire.booter.ForkedBooter.run(ForkedBooter.java:465)
	at org.apache.maven.surefire.booter.ForkedBooter.main(ForkedBooter.java:451)
Caused by: org.springframework.beans.factory.UnsatisfiedDependencyException: Error creating bean with name 'tourDtoServiceImpl' defined in URL [jar:file:/home/artem/IdeaProjects/aderenchuk-travel.agency/service/target/service-1.0-SNAPSHOT.jar!/com/aderenchuk/brest/service/impl/TourDtoServiceImpl.class]: Unsatisfied dependency expressed through constructor parameter 0; nested exception is org.springframework.beans.factory.UnsatisfiedDependencyException: Error creating bean with name 'tourDtoDaoJdbc' defined in URL [jar:file:/home/artem/IdeaProjects/aderenchuk-travel.agency/dao/target/dao-1.0-SNAPSHOT.jar!/com/aderenchuk/brest/dao/jdbc/TourDtoDaoJdbc.class]: Unsatisfied dependency expressed through constructor parameter 0; nested exception is org.springframework.beans.factory.BeanCreationException: Error creating bean with name 'dataSource': Post-processing of FactoryBean's singleton object failed; nested exception is org.springframework.beans.factory.BeanCreationException: Error creating bean with name 'org.springframework.boot.autoconfigure.jdbc.DataSourceInitializerInvoker': Invocation of init method failed; nested exception is org.springframework.jdbc.datasource.init.ScriptStatementFailedException: Failed to execute SQL script statement #1 of URL [jar:file:/home/artem/IdeaProjects/aderenchuk-travel.agency/test-db/target/test-db-1.0-SNAPSHOT.jar!/data.sql]: INSERT INTO TOUR (TOUR_ID, DIRECTION, DATE_TOUR) VALUES (101, 'BREST-MOSCOW', '2021-08-01'), (102, 'MINSK-ROME', '2021-08-01'), (103, 'MOSCOW-BARCELONA', '2021-06-15'), (104, 'MINSK-RIGA', '2021-07-02'), (105, 'MINSK-DUBAI', '2021-05-25'); nested exception is org.h2.jdbc.JdbcSQLIntegrityConstraintViolationException: Нарушение уникального индекса или первичного ключа: "PRIMARY KEY ON PUBLIC.TOUR(TOUR_ID) [101, 'BREST-MOSCOW', DATE '2021-08-01']"
Unique index or primary key violation: "PRIMARY KEY ON PUBLIC.TOUR(TOUR_ID) [101, 'BREST-MOSCOW', DATE '2021-08-01']"; SQL statement:
INSERT INTO TOUR (TOUR_ID, DIRECTION, DATE_TOUR) VALUES (101, 'BREST-MOSCOW', '2021-08-01'), (102, 'MINSK-ROME', '2021-08-01'), (103, 'MOSCOW-BARCELONA', '2021-06-15'), (104, 'MINSK-RIGA', '2021-07-02'), (105, 'MINSK-DUBAI', '2021-05-25') [23505-200]
	at org.springframework.beans.factory.support.ConstructorResolver.createArgumentArray(ConstructorResolver.java:800)
	at org.springframework.beans.factory.support.ConstructorResolver.autowireConstructor(ConstructorResolver.java:229)
	at org.springframework.beans.factory.support.AbstractAutowireCapableBeanFactory.autowireConstructor(AbstractAutowireCapableBeanFactory.java:1354)
	at org.springframework.beans.factory.support.AbstractAutowireCapableBeanFactory.createBeanInstance(AbstractAutowireCapableBeanFactory.java:1204)
	at org.springframework.beans.factory.support.AbstractAutowireCapableBeanFactory.doCreateBean(AbstractAutowireCapableBeanFactory.java:564)
	at org.springframework.beans.factory.support.AbstractAutowireCapableBeanFactory.createBean(AbstractAutowireCapableBeanFactory.java:524)
	at org.springframework.beans.factory.support.AbstractBeanFactory.lambda$doGetBean$0(AbstractBeanFactory.java:335)
	at org.springframework.beans.factory.support.DefaultSingletonBeanRegistry.getSingleton(DefaultSingletonBeanRegistry.java:234)
	at org.springframework.beans.factory.support.AbstractBeanFactory.doGetBean(AbstractBeanFactory.java:333)
	at org.springframework.beans.factory.support.AbstractBeanFactory.getBean(AbstractBeanFactory.java:208)
	at org.springframework.beans.factory.config.DependencyDescriptor.resolveCandidate(DependencyDescriptor.java:276)
	at org.springframework.beans.factory.support.DefaultListableBeanFactory.doResolveDependency(DefaultListableBeanFactory.java:1380)
	at org.springframework.beans.factory.support.DefaultListableBeanFactory.resolveDependency(DefaultListableBeanFactory.java:1300)
	at org.springframework.beans.factory.support.ConstructorResolver.resolveAutowiredArgument(ConstructorResolver.java:887)
	at org.springframework.beans.factory.support.ConstructorResolver.createArgumentArray(ConstructorResolver.java:791)
	... 89 common frames omitted
Caused by: org.springframework.beans.factory.UnsatisfiedDependencyException: Error creating bean with name 'tourDtoDaoJdbc' defined in URL [jar:file:/home/artem/IdeaProjects/aderenchuk-travel.agency/dao/target/dao-1.0-SNAPSHOT.jar!/com/aderenchuk/brest/dao/jdbc/TourDtoDaoJdbc.class]: Unsatisfied dependency expressed through constructor parameter 0; nested exception is org.springframework.beans.factory.BeanCreationException: Error creating bean with name 'dataSource': Post-processing of FactoryBean's singleton object failed; nested exception is org.springframework.beans.factory.BeanCreationException: Error creating bean with name 'org.springframework.boot.autoconfigure.jdbc.DataSourceInitializerInvoker': Invocation of init method failed; nested exception is org.springframework.jdbc.datasource.init.ScriptStatementFailedException: Failed to execute SQL script statement #1 of URL [jar:file:/home/artem/IdeaProjects/aderenchuk-travel.agency/test-db/target/test-db-1.0-SNAPSHOT.jar!/data.sql]: INSERT INTO TOUR (TOUR_ID, DIRECTION, DATE_TOUR) VALUES (101, 'BREST-MOSCOW', '2021-08-01'), (102, 'MINSK-ROME', '2021-08-01'), (103, 'MOSCOW-BARCELONA', '2021-06-15'), (104, 'MINSK-RIGA', '2021-07-02'), (105, 'MINSK-DUBAI', '2021-05-25'); nested exception is org.h2.jdbc.JdbcSQLIntegrityConstraintViolationException: Нарушение уникального индекса или первичного ключа: "PRIMARY KEY ON PUBLIC.TOUR(TOUR_ID) [101, 'BREST-MOSCOW', DATE '2021-08-01']"
Unique index or primary key violation: "PRIMARY KEY ON PUBLIC.TOUR(TOUR_ID) [101, 'BREST-MOSCOW', DATE '2021-08-01']"; SQL statement:
INSERT INTO TOUR (TOUR_ID, DIRECTION, DATE_TOUR) VALUES (101, 'BREST-MOSCOW', '2021-08-01'), (102, 'MINSK-ROME', '2021-08-01'), (103, 'MOSCOW-BARCELONA', '2021-06-15'), (104, 'MINSK-RIGA', '2021-07-02'), (105, 'MINSK-DUBAI', '2021-05-25') [23505-200]
	at org.springframework.beans.factory.support.ConstructorResolver.createArgumentArray(ConstructorResolver.java:800)
	at org.springframework.beans.factory.support.ConstructorResolver.autowireConstructor(ConstructorResolver.java:229)
	at org.springframework.beans.factory.support.AbstractAutowireCapableBeanFactory.autowireConstructor(AbstractAutowireCapableBeanFactory.java:1354)
	at org.springframework.beans.factory.support.AbstractAutowireCapableBeanFactory.createBeanInstance(AbstractAutowireCapableBeanFactory.java:1204)
	at org.springframework.beans.factory.support.AbstractAutowireCapableBeanFactory.doCreateBean(AbstractAutowireCapableBeanFactory.java:564)
	at org.springframework.beans.factory.support.AbstractAutowireCapableBeanFactory.createBean(AbstractAutowireCapableBeanFactory.java:524)
	at org.springframework.beans.factory.support.AbstractBeanFactory.lambda$doGetBean$0(AbstractBeanFactory.java:335)
	at org.springframework.beans.factory.support.DefaultSingletonBeanRegistry.getSingleton(DefaultSingletonBeanRegistry.java:234)
	at org.springframework.beans.factory.support.AbstractBeanFactory.doGetBean(AbstractBeanFactory.java:333)
	at org.springframework.beans.factory.support.AbstractBeanFactory.getBean(AbstractBeanFactory.java:208)
	at org.springframework.beans.factory.config.DependencyDescriptor.resolveCandidate(DependencyDescriptor.java:276)
	at org.springframework.beans.factory.support.DefaultListableBeanFactory.doResolveDependency(DefaultListableBeanFactory.java:1380)
	at org.springframework.beans.factory.support.DefaultListableBeanFactory.resolveDependency(DefaultListableBeanFactory.java:1300)
	at org.springframework.beans.factory.support.ConstructorResolver.resolveAutowiredArgument(ConstructorResolver.java:887)
	at org.springframework.beans.factory.support.ConstructorResolver.createArgumentArray(ConstructorResolver.java:791)
	... 103 common frames omitted
Caused by: org.springframework.beans.factory.BeanCreationException: Error creating bean with name 'dataSource': Post-processing of FactoryBean's singleton object failed; nested exception is org.springframework.beans.factory.BeanCreationException: Error creating bean with name 'org.springframework.boot.autoconfigure.jdbc.DataSourceInitializerInvoker': Invocation of init method failed; nested exception is org.springframework.jdbc.datasource.init.ScriptStatementFailedException: Failed to execute SQL script statement #1 of URL [jar:file:/home/artem/IdeaProjects/aderenchuk-travel.agency/test-db/target/test-db-1.0-SNAPSHOT.jar!/data.sql]: INSERT INTO TOUR (TOUR_ID, DIRECTION, DATE_TOUR) VALUES (101, 'BREST-MOSCOW', '2021-08-01'), (102, 'MINSK-ROME', '2021-08-01'), (103, 'MOSCOW-BARCELONA', '2021-06-15'), (104, 'MINSK-RIGA', '2021-07-02'), (105, 'MINSK-DUBAI', '2021-05-25'); nested exception is org.h2.jdbc.JdbcSQLIntegrityConstraintViolationException: Нарушение уникального индекса или первичного ключа: "PRIMARY KEY ON PUBLIC.TOUR(TOUR_ID) [101, 'BREST-MOSCOW', DATE '2021-08-01']"
Unique index or primary key violation: "PRIMARY KEY ON PUBLIC.TOUR(TOUR_ID) [101, 'BREST-MOSCOW', DATE '2021-08-01']"; SQL statement:
INSERT INTO TOUR (TOUR_ID, DIRECTION, DATE_TOUR) VALUES (101, 'BREST-MOSCOW', '2021-08-01'), (102, 'MINSK-ROME', '2021-08-01'), (103, 'MOSCOW-BARCELONA', '2021-06-15'), (104, 'MINSK-RIGA', '2021-07-02'), (105, 'MINSK-DUBAI', '2021-05-25') [23505-200]
	at org.springframework.beans.factory.support.FactoryBeanRegistrySupport.getObjectFromFactoryBean(FactoryBeanRegistrySupport.java:119)
	at org.springframework.beans.factory.support.AbstractBeanFactory.getObjectForBeanInstance(AbstractBeanFactory.java:1884)
	at org.springframework.beans.factory.support.AbstractAutowireCapableBeanFactory.getObjectForBeanInstance(AbstractAutowireCapableBeanFactory.java:1266)
	at org.springframework.beans.factory.support.AbstractBeanFactory.doGetBean(AbstractBeanFactory.java:345)
	at org.springframework.beans.factory.support.AbstractBeanFactory.getBean(AbstractBeanFactory.java:208)
	at org.springframework.beans.factory.config.DependencyDescriptor.resolveCandidate(DependencyDescriptor.java:276)
	at org.springframework.beans.factory.support.DefaultListableBeanFactory.doResolveDependency(DefaultListableBeanFactory.java:1380)
	at org.springframework.beans.factory.support.DefaultListableBeanFactory.resolveDependency(DefaultListableBeanFactory.java:1300)
	at org.springframework.beans.factory.support.ConstructorResolver.resolveAutowiredArgument(ConstructorResolver.java:887)
	at org.springframework.beans.factory.support.ConstructorResolver.createArgumentArray(ConstructorResolver.java:791)
	... 117 common frames omitted
Caused by: org.springframework.beans.factory.BeanCreationException: Error creating bean with name 'org.springframework.boot.autoconfigure.jdbc.DataSourceInitializerInvoker': Invocation of init method failed; nested exception is org.springframework.jdbc.datasource.init.ScriptStatementFailedException: Failed to execute SQL script statement #1 of URL [jar:file:/home/artem/IdeaProjects/aderenchuk-travel.agency/test-db/target/test-db-1.0-SNAPSHOT.jar!/data.sql]: INSERT INTO TOUR (TOUR_ID, DIRECTION, DATE_TOUR) VALUES (101, 'BREST-MOSCOW', '2021-08-01'), (102, 'MINSK-ROME', '2021-08-01'), (103, 'MOSCOW-BARCELONA', '2021-06-15'), (104, 'MINSK-RIGA', '2021-07-02'), (105, 'MINSK-DUBAI', '2021-05-25'); nested exception is org.h2.jdbc.JdbcSQLIntegrityConstraintViolationException: Нарушение уникального индекса или первичного ключа: "PRIMARY KEY ON PUBLIC.TOUR(TOUR_ID) [101, 'BREST-MOSCOW', DATE '2021-08-01']"
Unique index or primary key violation: "PRIMARY KEY ON PUBLIC.TOUR(TOUR_ID) [101, 'BREST-MOSCOW', DATE '2021-08-01']"; SQL statement:
INSERT INTO TOUR (TOUR_ID, DIRECTION, DATE_TOUR) VALUES (101, 'BREST-MOSCOW', '2021-08-01'), (102, 'MINSK-ROME', '2021-08-01'), (103, 'MOSCOW-BARCELONA', '2021-06-15'), (104, 'MINSK-RIGA', '2021-07-02'), (105, 'MINSK-DUBAI', '2021-05-25') [23505-200]
	at org.springframework.beans.factory.support.AbstractAutowireCapableBeanFactory.initializeBean(AbstractAutowireCapableBeanFactory.java:1786)
	at org.springframework.beans.factory.support.AbstractAutowireCapableBeanFactory.doCreateBean(AbstractAutowireCapableBeanFactory.java:602)
	at org.springframework.beans.factory.support.AbstractAutowireCapableBeanFactory.createBean(AbstractAutowireCapableBeanFactory.java:524)
	at org.springframework.beans.factory.support.AbstractBeanFactory.lambda$doGetBean$0(AbstractBeanFactory.java:335)
	at org.springframework.beans.factory.support.DefaultSingletonBeanRegistry.getSingleton(DefaultSingletonBeanRegistry.java:234)
	at org.springframework.beans.factory.support.AbstractBeanFactory.doGetBean(AbstractBeanFactory.java:333)
	at org.springframework.beans.factory.support.AbstractBeanFactory.getBean(AbstractBeanFactory.java:233)
	at org.springframework.beans.factory.support.DefaultListableBeanFactory.resolveNamedBean(DefaultListableBeanFactory.java:1273)
	at org.springframework.beans.factory.support.DefaultListableBeanFactory.resolveNamedBean(DefaultListableBeanFactory.java:1234)
	at org.springframework.beans.factory.support.DefaultListableBeanFactory.resolveBean(DefaultListableBeanFactory.java:494)
	at org.springframework.beans.factory.support.DefaultListableBeanFactory.getBean(DefaultListableBeanFactory.java:349)
	at org.springframework.beans.factory.support.DefaultListableBeanFactory.getBean(DefaultListableBeanFactory.java:342)
	at org.springframework.boot.autoconfigure.jdbc.DataSourceInitializerPostProcessor.postProcessAfterInitialization(DataSourceInitializerPostProcessor.java:51)
	at org.springframework.beans.factory.support.AbstractAutowireCapableBeanFactory.applyBeanPostProcessorsAfterInitialization(AbstractAutowireCapableBeanFactory.java:437)
	at org.springframework.beans.factory.support.AbstractAutowireCapableBeanFactory.postProcessObjectFromFactoryBean(AbstractAutowireCapableBeanFactory.java:1929)
	at org.springframework.beans.factory.support.FactoryBeanRegistrySupport.getObjectFromFactoryBean(FactoryBeanRegistrySupport.java:116)
	... 126 common frames omitted
Caused by: org.springframework.jdbc.datasource.init.ScriptStatementFailedException: Failed to execute SQL script statement #1 of URL [jar:file:/home/artem/IdeaProjects/aderenchuk-travel.agency/test-db/target/test-db-1.0-SNAPSHOT.jar!/data.sql]: INSERT INTO TOUR (TOUR_ID, DIRECTION, DATE_TOUR) VALUES (101, 'BREST-MOSCOW', '2021-08-01'), (102, 'MINSK-ROME', '2021-08-01'), (103, 'MOSCOW-BARCELONA', '2021-06-15'), (104, 'MINSK-RIGA', '2021-07-02'), (105, 'MINSK-DUBAI', '2021-05-25'); nested exception is org.h2.jdbc.JdbcSQLIntegrityConstraintViolationException: Нарушение уникального индекса или первичного ключа: "PRIMARY KEY ON PUBLIC.TOUR(TOUR_ID) [101, 'BREST-MOSCOW', DATE '2021-08-01']"
Unique index or primary key violation: "PRIMARY KEY ON PUBLIC.TOUR(TOUR_ID) [101, 'BREST-MOSCOW', DATE '2021-08-01']"; SQL statement:
INSERT INTO TOUR (TOUR_ID, DIRECTION, DATE_TOUR) VALUES (101, 'BREST-MOSCOW', '2021-08-01'), (102, 'MINSK-ROME', '2021-08-01'), (103, 'MOSCOW-BARCELONA', '2021-06-15'), (104, 'MINSK-RIGA', '2021-07-02'), (105, 'MINSK-DUBAI', '2021-05-25') [23505-200]
	at org.springframework.jdbc.datasource.init.ScriptUtils.executeSqlScript(ScriptUtils.java:622)
	at org.springframework.jdbc.datasource.init.ResourceDatabasePopulator.populate(ResourceDatabasePopulator.java:254)
	at org.springframework.jdbc.datasource.init.DatabasePopulatorUtils.execute(DatabasePopulatorUtils.java:49)
	at org.springframework.boot.autoconfigure.jdbc.DataSourceInitializer.runScripts(DataSourceInitializer.java:202)
	at org.springframework.boot.autoconfigure.jdbc.DataSourceInitializer.initSchema(DataSourceInitializer.java:119)
	at org.springframework.boot.autoconfigure.jdbc.DataSourceInitializerInvoker.onApplicationEvent(DataSourceInitializerInvoker.java:91)
	at org.springframework.boot.autoconfigure.jdbc.DataSourceInitializerInvoker.onApplicationEvent(DataSourceInitializerInvoker.java:38)
	at org.springframework.context.event.SimpleApplicationEventMulticaster.doInvokeListener(SimpleApplicationEventMulticaster.java:176)
	at org.springframework.context.event.SimpleApplicationEventMulticaster.invokeListener(SimpleApplicationEventMulticaster.java:169)
	at org.springframework.context.event.SimpleApplicationEventMulticaster.multicastEvent(SimpleApplicationEventMulticaster.java:143)
	at org.springframework.context.support.AbstractApplicationContext.publishEvent(AbstractApplicationContext.java:421)
	at org.springframework.context.support.AbstractApplicationContext.publishEvent(AbstractApplicationContext.java:378)
	at org.springframework.boot.autoconfigure.jdbc.DataSourceInitializerInvoker.initialize(DataSourceInitializerInvoker.java:72)
	at org.springframework.boot.autoconfigure.jdbc.DataSourceInitializerInvoker.afterPropertiesSet(DataSourceInitializerInvoker.java:65)
	at org.springframework.beans.factory.support.AbstractAutowireCapableBeanFactory.invokeInitMethods(AbstractAutowireCapableBeanFactory.java:1845)
	at org.springframework.beans.factory.support.AbstractAutowireCapableBeanFactory.initializeBean(AbstractAutowireCapableBeanFactory.java:1782)
	... 141 common frames omitted
Caused by: org.h2.jdbc.JdbcSQLIntegrityConstraintViolationException: Нарушение уникального индекса или первичного ключа: "PRIMARY KEY ON PUBLIC.TOUR(TOUR_ID) [101, 'BREST-MOSCOW', DATE '2021-08-01']"
Unique index or primary key violation: "PRIMARY KEY ON PUBLIC.TOUR(TOUR_ID) [101, 'BREST-MOSCOW', DATE '2021-08-01']"; SQL statement:
INSERT INTO TOUR (TOUR_ID, DIRECTION, DATE_TOUR) VALUES (101, 'BREST-MOSCOW', '2021-08-01'), (102, 'MINSK-ROME', '2021-08-01'), (103, 'MOSCOW-BARCELONA', '2021-06-15'), (104, 'MINSK-RIGA', '2021-07-02'), (105, 'MINSK-DUBAI', '2021-05-25') [23505-200]
	at org.h2.message.DbException.getJdbcSQLException(DbException.java:459)
	at org.h2.message.DbException.getJdbcSQLException(DbException.java:429)
	at org.h2.message.DbException.get(DbException.java:205)
	at org.h2.message.DbException.get(DbException.java:181)
	at org.h2.mvstore.db.MVPrimaryIndex.add(MVPrimaryIndex.java:127)
	at org.h2.mvstore.db.MVTable.addRow(MVTable.java:531)
	at org.h2.command.dml.Insert.insertRows(Insert.java:195)
	at org.h2.command.dml.Insert.update(Insert.java:151)
	at org.h2.command.CommandContainer.update(CommandContainer.java:198)
	at org.h2.command.Command.executeUpdate(Command.java:251)
	at org.h2.jdbc.JdbcStatement.executeInternal(JdbcStatement.java:228)
	at org.h2.jdbc.JdbcStatement.execute(JdbcStatement.java:201)
	at org.springframework.jdbc.datasource.init.ScriptUtils.executeSqlScript(ScriptUtils.java:601)
	... 156 common frames omitted

  .   ____          _            __ _ _
 /\\ / ___'_ __ _ _(_)_ __  __ _ \ \ \ \
( ( )\___ | '_ | '_| | '_ \/ _` | \ \ \ \
 \\/  ___)| |_)| | | | | || (_| |  ) ) ) )
  '  |____| .__|_| |_|_| |_\__, | / / / /
 =========|_|==============|___/=/_/_/_/
 :: Spring Boot ::                (v2.4.4)

22:11:46 [main] INFO  com.aderenchuk.brest.service.web_app.TourControllerIT - Starting TourControllerIT using Java 11.0.10 on artem-HP-Laptop-15-bs0xx with PID 35492 (started by artem in /home/artem/IdeaProjects/aderenchuk-travel.agency/web-app)
22:11:46 [main] INFO  com.aderenchuk.brest.service.web_app.TourControllerIT - Starting TourControllerIT using Java 11.0.10 on artem-HP-Laptop-15-bs0xx with PID 35492 (started by artem in /home/artem/IdeaProjects/aderenchuk-travel.agency/web-app)
22:11:46 [main] DEBUG com.aderenchuk.brest.service.web_app.TourControllerIT - Running with Spring Boot v2.4.4, Spring v5.3.5
22:11:46 [main] DEBUG com.aderenchuk.brest.service.web_app.TourControllerIT - Running with Spring Boot v2.4.4, Spring v5.3.5
22:11:46 [main] INFO  com.aderenchuk.brest.service.web_app.TourControllerIT - No active profile set, falling back to default profiles: default
22:11:46 [main] INFO  com.aderenchuk.brest.service.web_app.TourControllerIT - No active profile set, falling back to default profiles: default
22:11:46 [main] INFO  org.springframework.boot.test.autoconfigure.jdbc.TestDatabaseAutoConfiguration$EmbeddedDataSourceBeanFactoryPostProcessor - Replacing 'dataSource' DataSource bean with embedded version
22:11:46 [main] INFO  org.springframework.jdbc.datasource.embedded.EmbeddedDatabaseFactory - Starting embedded database: url='jdbc:h2:mem:336e6f26-2547-45ca-9d67-8b00237e10a5;DB_CLOSE_DELAY=-1;DB_CLOSE_ON_EXIT=false', username='sa'
22:11:46 [main] WARN  org.springframework.context.annotation.AnnotationConfigApplicationContext - Exception encountered during context initialization - cancelling refresh attempt: org.springframework.beans.factory.UnsatisfiedDependencyException: Error creating bean with name 'tourController' defined in file [/home/artem/IdeaProjects/aderenchuk-travel.agency/web-app/target/classes/com/aderenchuk/brest/service/web_app/TourController.class]: Unsatisfied dependency expressed through constructor parameter 0; nested exception is org.springframework.beans.factory.UnsatisfiedDependencyException: Error creating bean with name 'tourDtoServiceImpl' defined in URL [jar:file:/home/artem/IdeaProjects/aderenchuk-travel.agency/service/target/service-1.0-SNAPSHOT.jar!/com/aderenchuk/brest/service/impl/TourDtoServiceImpl.class]: Unsatisfied dependency expressed through constructor parameter 0; nested exception is org.springframework.beans.factory.UnsatisfiedDependencyException: Error creating bean with name 'tourDtoDaoJdbc' defined in URL [jar:file:/home/artem/IdeaProjects/aderenchuk-travel.agency/dao/target/dao-1.0-SNAPSHOT.jar!/com/aderenchuk/brest/dao/jdbc/TourDtoDaoJdbc.class]: Unsatisfied dependency expressed through constructor parameter 0; nested exception is org.springframework.beans.factory.BeanCreationException: Error creating bean with name 'dataSource': Post-processing of FactoryBean's singleton object failed; nested exception is org.springframework.beans.factory.BeanCreationException: Error creating bean with name 'org.springframework.boot.autoconfigure.jdbc.DataSourceInitializerInvoker': Invocation of init method failed; nested exception is org.springframework.jdbc.datasource.init.ScriptStatementFailedException: Failed to execute SQL script statement #1 of URL [jar:file:/home/artem/IdeaProjects/aderenchuk-travel.agency/test-db/target/test-db-1.0-SNAPSHOT.jar!/data.sql]: INSERT INTO TOUR (TOUR_ID, DIRECTION, DATE_TOUR) VALUES (101, 'BREST-MOSCOW', '2021-08-01'), (102, 'MINSK-ROME', '2021-08-01'), (103, 'MOSCOW-BARCELONA', '2021-06-15'), (104, 'MINSK-RIGA', '2021-07-02'), (105, 'MINSK-DUBAI', '2021-05-25'); nested exception is org.h2.jdbc.JdbcSQLIntegrityConstraintViolationException: Нарушение уникального индекса или первичного ключа: "PRIMARY KEY ON PUBLIC.TOUR(TOUR_ID) [101, 'BREST-MOSCOW', DATE '2021-08-01']"
Unique index or primary key violation: "PRIMARY KEY ON PUBLIC.TOUR(TOUR_ID) [101, 'BREST-MOSCOW', DATE '2021-08-01']"; SQL statement:
INSERT INTO TOUR (TOUR_ID, DIRECTION, DATE_TOUR) VALUES (101, 'BREST-MOSCOW', '2021-08-01'), (102, 'MINSK-ROME', '2021-08-01'), (103, 'MOSCOW-BARCELONA', '2021-06-15'), (104, 'MINSK-RIGA', '2021-07-02'), (105, 'MINSK-DUBAI', '2021-05-25') [23505-200]
22:11:46 [main] INFO  org.springframework.boot.autoconfigure.logging.ConditionEvaluationReportLoggingListener - 

Error starting ApplicationContext. To display the conditions report re-run your application with 'debug' enabled.
22:11:46 [main] ERROR org.springframework.boot.SpringApplication - Application run failed
org.springframework.beans.factory.UnsatisfiedDependencyException: Error creating bean with name 'tourController' defined in file [/home/artem/IdeaProjects/aderenchuk-travel.agency/web-app/target/classes/com/aderenchuk/brest/service/web_app/TourController.class]: Unsatisfied dependency expressed through constructor parameter 0; nested exception is org.springframework.beans.factory.UnsatisfiedDependencyException: Error creating bean with name 'tourDtoServiceImpl' defined in URL [jar:file:/home/artem/IdeaProjects/aderenchuk-travel.agency/service/target/service-1.0-SNAPSHOT.jar!/com/aderenchuk/brest/service/impl/TourDtoServiceImpl.class]: Unsatisfied dependency expressed through constructor parameter 0; nested exception is org.springframework.beans.factory.UnsatisfiedDependencyException: Error creating bean with name 'tourDtoDaoJdbc' defined in URL [jar:file:/home/artem/IdeaProjects/aderenchuk-travel.agency/dao/target/dao-1.0-SNAPSHOT.jar!/com/aderenchuk/brest/dao/jdbc/TourDtoDaoJdbc.class]: Unsatisfied dependency expressed through constructor parameter 0; nested exception is org.springframework.beans.factory.BeanCreationException: Error creating bean with name 'dataSource': Post-processing of FactoryBean's singleton object failed; nested exception is org.springframework.beans.factory.BeanCreationException: Error creating bean with name 'org.springframework.boot.autoconfigure.jdbc.DataSourceInitializerInvoker': Invocation of init method failed; nested exception is org.springframework.jdbc.datasource.init.ScriptStatementFailedException: Failed to execute SQL script statement #1 of URL [jar:file:/home/artem/IdeaProjects/aderenchuk-travel.agency/test-db/target/test-db-1.0-SNAPSHOT.jar!/data.sql]: INSERT INTO TOUR (TOUR_ID, DIRECTION, DATE_TOUR) VALUES (101, 'BREST-MOSCOW', '2021-08-01'), (102, 'MINSK-ROME', '2021-08-01'), (103, 'MOSCOW-BARCELONA', '2021-06-15'), (104, 'MINSK-RIGA', '2021-07-02'), (105, 'MINSK-DUBAI', '2021-05-25'); nested exception is org.h2.jdbc.JdbcSQLIntegrityConstraintViolationException: Нарушение уникального индекса или первичного ключа: "PRIMARY KEY ON PUBLIC.TOUR(TOUR_ID) [101, 'BREST-MOSCOW', DATE '2021-08-01']"
Unique index or primary key violation: "PRIMARY KEY ON PUBLIC.TOUR(TOUR_ID) [101, 'BREST-MOSCOW', DATE '2021-08-01']"; SQL statement:
INSERT INTO TOUR (TOUR_ID, DIRECTION, DATE_TOUR) VALUES (101, 'BREST-MOSCOW', '2021-08-01'), (102, 'MINSK-ROME', '2021-08-01'), (103, 'MOSCOW-BARCELONA', '2021-06-15'), (104, 'MINSK-RIGA', '2021-07-02'), (105, 'MINSK-DUBAI', '2021-05-25') [23505-200]
	at org.springframework.beans.factory.support.ConstructorResolver.createArgumentArray(ConstructorResolver.java:800)
	at org.springframework.beans.factory.support.ConstructorResolver.autowireConstructor(ConstructorResolver.java:229)
	at org.springframework.beans.factory.support.AbstractAutowireCapableBeanFactory.autowireConstructor(AbstractAutowireCapableBeanFactory.java:1354)
	at org.springframework.beans.factory.support.AbstractAutowireCapableBeanFactory.createBeanInstance(AbstractAutowireCapableBeanFactory.java:1204)
	at org.springframework.beans.factory.support.AbstractAutowireCapableBeanFactory.doCreateBean(AbstractAutowireCapableBeanFactory.java:564)
	at org.springframework.beans.factory.support.AbstractAutowireCapableBeanFactory.createBean(AbstractAutowireCapableBeanFactory.java:524)
	at org.springframework.beans.factory.support.AbstractBeanFactory.lambda$doGetBean$0(AbstractBeanFactory.java:335)
	at org.springframework.beans.factory.support.DefaultSingletonBeanRegistry.getSingleton(DefaultSingletonBeanRegistry.java:234)
	at org.springframework.beans.factory.support.AbstractBeanFactory.doGetBean(AbstractBeanFactory.java:333)
	at org.springframework.beans.factory.support.AbstractBeanFactory.getBean(AbstractBeanFactory.java:208)
	at org.springframework.beans.factory.support.DefaultListableBeanFactory.preInstantiateSingletons(DefaultListableBeanFactory.java:944)
	at org.springframework.context.support.AbstractApplicationContext.finishBeanFactoryInitialization(AbstractApplicationContext.java:918)
	at org.springframework.context.support.AbstractApplicationContext.refresh(AbstractApplicationContext.java:583)
	at org.springframework.boot.SpringApplication.refresh(SpringApplication.java:769)
	at org.springframework.boot.SpringApplication.refresh(SpringApplication.java:761)
	at org.springframework.boot.SpringApplication.refreshContext(SpringApplication.java:426)
	at org.springframework.boot.SpringApplication.run(SpringApplication.java:326)
	at org.springframework.boot.test.context.SpringBootContextLoader.loadContext(SpringBootContextLoader.java:123)
	at org.springframework.test.context.cache.DefaultCacheAwareContextLoaderDelegate.loadContextInternal(DefaultCacheAwareContextLoaderDelegate.java:99)
	at org.springframework.test.context.cache.DefaultCacheAwareContextLoaderDelegate.loadContext(DefaultCacheAwareContextLoaderDelegate.java:124)
	at org.springframework.test.context.support.DefaultTestContext.getApplicationContext(DefaultTestContext.java:124)
	at org.springframework.boot.test.autoconfigure.SpringBootDependencyInjectionTestExecutionListener.outputConditionEvaluationReport(SpringBootDependencyInjectionTestExecutionListener.java:53)
	at org.springframework.boot.test.autoconfigure.SpringBootDependencyInjectionTestExecutionListener.prepareTestInstance(SpringBootDependencyInjectionTestExecutionListener.java:46)
	at org.springframework.test.context.TestContextManager.prepareTestInstance(TestContextManager.java:244)
	at org.springframework.test.context.junit.jupiter.SpringExtension.postProcessTestInstance(SpringExtension.java:138)
	at org.junit.jupiter.engine.descriptor.ClassBasedTestDescriptor.lambda$invokeTestInstancePostProcessors$6(ClassBasedTestDescriptor.java:350)
	at org.junit.jupiter.engine.descriptor.ClassBasedTestDescriptor.executeAndMaskThrowable(ClassBasedTestDescriptor.java:355)
	at org.junit.jupiter.engine.descriptor.ClassBasedTestDescriptor.lambda$invokeTestInstancePostProcessors$7(ClassBasedTestDescriptor.java:350)
	at java.base/java.util.stream.ReferencePipeline$3$1.accept(ReferencePipeline.java:195)
	at java.base/java.util.stream.ReferencePipeline$2$1.accept(ReferencePipeline.java:177)
	at java.base/java.util.ArrayList$ArrayListSpliterator.forEachRemaining(ArrayList.java:1655)
	at java.base/java.util.stream.AbstractPipeline.copyInto(AbstractPipeline.java:484)
	at java.base/java.util.stream.AbstractPipeline.wrapAndCopyInto(AbstractPipeline.java:474)
	at java.base/java.util.stream.StreamSpliterators$WrappingSpliterator.forEachRemaining(StreamSpliterators.java:312)
	at java.base/java.util.stream.Streams$ConcatSpliterator.forEachRemaining(Streams.java:735)
	at java.base/java.util.stream.Streams$ConcatSpliterator.forEachRemaining(Streams.java:734)
	at java.base/java.util.stream.ReferencePipeline$Head.forEach(ReferencePipeline.java:658)
	at org.junit.jupiter.engine.descriptor.ClassBasedTestDescriptor.invokeTestInstancePostProcessors(ClassBasedTestDescriptor.java:349)
	at org.junit.jupiter.engine.descriptor.ClassBasedTestDescriptor.lambda$instantiateAndPostProcessTestInstance$4(ClassBasedTestDescriptor.java:270)
	at org.junit.platform.engine.support.hierarchical.ThrowableCollector.execute(ThrowableCollector.java:73)
	at org.junit.jupiter.engine.descriptor.ClassBasedTestDescriptor.instantiateAndPostProcessTestInstance(ClassBasedTestDescriptor.java:269)
	at org.junit.jupiter.engine.descriptor.ClassBasedTestDescriptor.lambda$testInstancesProvider$2(ClassBasedTestDescriptor.java:259)
	at java.base/java.util.Optional.orElseGet(Optional.java:369)
	at org.junit.jupiter.engine.descriptor.ClassBasedTestDescriptor.lambda$testInstancesProvider$3(ClassBasedTestDescriptor.java:258)
	at org.junit.jupiter.engine.execution.TestInstancesProvider.getTestInstances(TestInstancesProvider.java:31)
	at org.junit.jupiter.engine.descriptor.TestMethodTestDescriptor.lambda$prepare$0(TestMethodTestDescriptor.java:101)
	at org.junit.platform.engine.support.hierarchical.ThrowableCollector.execute(ThrowableCollector.java:73)
	at org.junit.jupiter.engine.descriptor.TestMethodTestDescriptor.prepare(TestMethodTestDescriptor.java:100)
	at org.junit.jupiter.engine.descriptor.TestMethodTestDescriptor.prepare(TestMethodTestDescriptor.java:65)
	at org.junit.platform.engine.support.hierarchical.NodeTestTask.lambda$prepare$1(NodeTestTask.java:111)
	at org.junit.platform.engine.support.hierarchical.ThrowableCollector.execute(ThrowableCollector.java:73)
	at org.junit.platform.engine.support.hierarchical.NodeTestTask.prepare(NodeTestTask.java:111)
	at org.junit.platform.engine.support.hierarchical.NodeTestTask.execute(NodeTestTask.java:79)
	at java.base/java.util.ArrayList.forEach(ArrayList.java:1541)
	at org.junit.platform.engine.support.hierarchical.SameThreadHierarchicalTestExecutorService.invokeAll(SameThreadHierarchicalTestExecutorService.java:38)
	at org.junit.platform.engine.support.hierarchical.NodeTestTask.lambda$executeRecursively$5(NodeTestTask.java:143)
	at org.junit.platform.engine.support.hierarchical.ThrowableCollector.execute(ThrowableCollector.java:73)
	at org.junit.platform.engine.support.hierarchical.NodeTestTask.lambda$executeRecursively$7(NodeTestTask.java:129)
	at org.junit.platform.engine.support.hierarchical.Node.around(Node.java:137)
	at org.junit.platform.engine.support.hierarchical.NodeTestTask.lambda$executeRecursively$8(NodeTestTask.java:127)
	at org.junit.platform.engine.support.hierarchical.ThrowableCollector.execute(ThrowableCollector.java:73)
	at org.junit.platform.engine.support.hierarchical.NodeTestTask.executeRecursively(NodeTestTask.java:126)
	at org.junit.platform.engine.support.hierarchical.NodeTestTask.execute(NodeTestTask.java:84)
	at java.base/java.util.ArrayList.forEach(ArrayList.java:1541)
	at org.junit.platform.engine.support.hierarchical.SameThreadHierarchicalTestExecutorService.invokeAll(SameThreadHierarchicalTestExecutorService.java:38)
	at org.junit.platform.engine.support.hierarchical.NodeTestTask.lambda$executeRecursively$5(NodeTestTask.java:143)
	at org.junit.platform.engine.support.hierarchical.ThrowableCollector.execute(ThrowableCollector.java:73)
	at org.junit.platform.engine.support.hierarchical.NodeTestTask.lambda$executeRecursively$7(NodeTestTask.java:129)
	at org.junit.platform.engine.support.hierarchical.Node.around(Node.java:137)
	at org.junit.platform.engine.support.hierarchical.NodeTestTask.lambda$executeRecursively$8(NodeTestTask.java:127)
	at org.junit.platform.engine.support.hierarchical.ThrowableCollector.execute(ThrowableCollector.java:73)
	at org.junit.platform.engine.support.hierarchical.NodeTestTask.executeRecursively(NodeTestTask.java:126)
	at org.junit.platform.engine.support.hierarchical.NodeTestTask.execute(NodeTestTask.java:84)
	at org.junit.platform.engine.support.hierarchical.SameThreadHierarchicalTestExecutorService.submit(SameThreadHierarchicalTestExecutorService.java:32)
	at org.junit.platform.engine.support.hierarchical.HierarchicalTestExecutor.execute(HierarchicalTestExecutor.java:57)
	at org.junit.platform.engine.support.hierarchical.HierarchicalTestEngine.execute(HierarchicalTestEngine.java:51)
	at org.junit.platform.launcher.core.EngineExecutionOrchestrator.execute(EngineExecutionOrchestrator.java:108)
	at org.junit.platform.launcher.core.EngineExecutionOrchestrator.execute(EngineExecutionOrchestrator.java:88)
	at org.junit.platform.launcher.core.EngineExecutionOrchestrator.lambda$execute$0(EngineExecutionOrchestrator.java:54)
	at org.junit.platform.launcher.core.EngineExecutionOrchestrator.withInterceptedStreams(EngineExecutionOrchestrator.java:67)
	at org.junit.platform.launcher.core.EngineExecutionOrchestrator.execute(EngineExecutionOrchestrator.java:52)
	at org.junit.platform.launcher.core.DefaultLauncher.execute(DefaultLauncher.java:96)
	at org.junit.platform.launcher.core.DefaultLauncher.execute(DefaultLauncher.java:75)
	at org.apache.maven.surefire.junitplatform.JUnitPlatformProvider.invokeAllTests(JUnitPlatformProvider.java:154)
	at org.apache.maven.surefire.junitplatform.JUnitPlatformProvider.invoke(JUnitPlatformProvider.java:127)
	at org.apache.maven.surefire.booter.ForkedBooter.runSuitesInProcess(ForkedBooter.java:377)
	at org.apache.maven.surefire.booter.ForkedBooter.execute(ForkedBooter.java:138)
	at org.apache.maven.surefire.booter.ForkedBooter.run(ForkedBooter.java:465)
	at org.apache.maven.surefire.booter.ForkedBooter.main(ForkedBooter.java:451)
Caused by: org.springframework.beans.factory.UnsatisfiedDependencyException: Error creating bean with name 'tourDtoServiceImpl' defined in URL [jar:file:/home/artem/IdeaProjects/aderenchuk-travel.agency/service/target/service-1.0-SNAPSHOT.jar!/com/aderenchuk/brest/service/impl/TourDtoServiceImpl.class]: Unsatisfied dependency expressed through constructor parameter 0; nested exception is org.springframework.beans.factory.UnsatisfiedDependencyException: Error creating bean with name 'tourDtoDaoJdbc' defined in URL [jar:file:/home/artem/IdeaProjects/aderenchuk-travel.agency/dao/target/dao-1.0-SNAPSHOT.jar!/com/aderenchuk/brest/dao/jdbc/TourDtoDaoJdbc.class]: Unsatisfied dependency expressed through constructor parameter 0; nested exception is org.springframework.beans.factory.BeanCreationException: Error creating bean with name 'dataSource': Post-processing of FactoryBean's singleton object failed; nested exception is org.springframework.beans.factory.BeanCreationException: Error creating bean with name 'org.springframework.boot.autoconfigure.jdbc.DataSourceInitializerInvoker': Invocation of init method failed; nested exception is org.springframework.jdbc.datasource.init.ScriptStatementFailedException: Failed to execute SQL script statement #1 of URL [jar:file:/home/artem/IdeaProjects/aderenchuk-travel.agency/test-db/target/test-db-1.0-SNAPSHOT.jar!/data.sql]: INSERT INTO TOUR (TOUR_ID, DIRECTION, DATE_TOUR) VALUES (101, 'BREST-MOSCOW', '2021-08-01'), (102, 'MINSK-ROME', '2021-08-01'), (103, 'MOSCOW-BARCELONA', '2021-06-15'), (104, 'MINSK-RIGA', '2021-07-02'), (105, 'MINSK-DUBAI', '2021-05-25'); nested exception is org.h2.jdbc.JdbcSQLIntegrityConstraintViolationException: Нарушение уникального индекса или первичного ключа: "PRIMARY KEY ON PUBLIC.TOUR(TOUR_ID) [101, 'BREST-MOSCOW', DATE '2021-08-01']"
Unique index or primary key violation: "PRIMARY KEY ON PUBLIC.TOUR(TOUR_ID) [101, 'BREST-MOSCOW', DATE '2021-08-01']"; SQL statement:
INSERT INTO TOUR (TOUR_ID, DIRECTION, DATE_TOUR) VALUES (101, 'BREST-MOSCOW', '2021-08-01'), (102, 'MINSK-ROME', '2021-08-01'), (103, 'MOSCOW-BARCELONA', '2021-06-15'), (104, 'MINSK-RIGA', '2021-07-02'), (105, 'MINSK-DUBAI', '2021-05-25') [23505-200]
	at org.springframework.beans.factory.support.ConstructorResolver.createArgumentArray(ConstructorResolver.java:800)
	at org.springframework.beans.factory.support.ConstructorResolver.autowireConstructor(ConstructorResolver.java:229)
	at org.springframework.beans.factory.support.AbstractAutowireCapableBeanFactory.autowireConstructor(AbstractAutowireCapableBeanFactory.java:1354)
	at org.springframework.beans.factory.support.AbstractAutowireCapableBeanFactory.createBeanInstance(AbstractAutowireCapableBeanFactory.java:1204)
	at org.springframework.beans.factory.support.AbstractAutowireCapableBeanFactory.doCreateBean(AbstractAutowireCapableBeanFactory.java:564)
	at org.springframework.beans.factory.support.AbstractAutowireCapableBeanFactory.createBean(AbstractAutowireCapableBeanFactory.java:524)
	at org.springframework.beans.factory.support.AbstractBeanFactory.lambda$doGetBean$0(AbstractBeanFactory.java:335)
	at org.springframework.beans.factory.support.DefaultSingletonBeanRegistry.getSingleton(DefaultSingletonBeanRegistry.java:234)
	at org.springframework.beans.factory.support.AbstractBeanFactory.doGetBean(AbstractBeanFactory.java:333)
	at org.springframework.beans.factory.support.AbstractBeanFactory.getBean(AbstractBeanFactory.java:208)
	at org.springframework.beans.factory.config.DependencyDescriptor.resolveCandidate(DependencyDescriptor.java:276)
	at org.springframework.beans.factory.support.DefaultListableBeanFactory.doResolveDependency(DefaultListableBeanFactory.java:1380)
	at org.springframework.beans.factory.support.DefaultListableBeanFactory.resolveDependency(DefaultListableBeanFactory.java:1300)
	at org.springframework.beans.factory.support.ConstructorResolver.resolveAutowiredArgument(ConstructorResolver.java:887)
	at org.springframework.beans.factory.support.ConstructorResolver.createArgumentArray(ConstructorResolver.java:791)
	... 88 common frames omitted
Caused by: org.springframework.beans.factory.UnsatisfiedDependencyException: Error creating bean with name 'tourDtoDaoJdbc' defined in URL [jar:file:/home/artem/IdeaProjects/aderenchuk-travel.agency/dao/target/dao-1.0-SNAPSHOT.jar!/com/aderenchuk/brest/dao/jdbc/TourDtoDaoJdbc.class]: Unsatisfied dependency expressed through constructor parameter 0; nested exception is org.springframework.beans.factory.BeanCreationException: Error creating bean with name 'dataSource': Post-processing of FactoryBean's singleton object failed; nested exception is org.springframework.beans.factory.BeanCreationException: Error creating bean with name 'org.springframework.boot.autoconfigure.jdbc.DataSourceInitializerInvoker': Invocation of init method failed; nested exception is org.springframework.jdbc.datasource.init.ScriptStatementFailedException: Failed to execute SQL script statement #1 of URL [jar:file:/home/artem/IdeaProjects/aderenchuk-travel.agency/test-db/target/test-db-1.0-SNAPSHOT.jar!/data.sql]: INSERT INTO TOUR (TOUR_ID, DIRECTION, DATE_TOUR) VALUES (101, 'BREST-MOSCOW', '2021-08-01'), (102, 'MINSK-ROME', '2021-08-01'), (103, 'MOSCOW-BARCELONA', '2021-06-15'), (104, 'MINSK-RIGA', '2021-07-02'), (105, 'MINSK-DUBAI', '2021-05-25'); nested exception is org.h2.jdbc.JdbcSQLIntegrityConstraintViolationException: Нарушение уникального индекса или первичного ключа: "PRIMARY KEY ON PUBLIC.TOUR(TOUR_ID) [101, 'BREST-MOSCOW', DATE '2021-08-01']"
Unique index or primary key violation: "PRIMARY KEY ON PUBLIC.TOUR(TOUR_ID) [101, 'BREST-MOSCOW', DATE '2021-08-01']"; SQL statement:
INSERT INTO TOUR (TOUR_ID, DIRECTION, DATE_TOUR) VALUES (101, 'BREST-MOSCOW', '2021-08-01'), (102, 'MINSK-ROME', '2021-08-01'), (103, 'MOSCOW-BARCELONA', '2021-06-15'), (104, 'MINSK-RIGA', '2021-07-02'), (105, 'MINSK-DUBAI', '2021-05-25') [23505-200]
	at org.springframework.beans.factory.support.ConstructorResolver.createArgumentArray(ConstructorResolver.java:800)
	at org.springframework.beans.factory.support.ConstructorResolver.autowireConstructor(ConstructorResolver.java:229)
	at org.springframework.beans.factory.support.AbstractAutowireCapableBeanFactory.autowireConstructor(AbstractAutowireCapableBeanFactory.java:1354)
	at org.springframework.beans.factory.support.AbstractAutowireCapableBeanFactory.createBeanInstance(AbstractAutowireCapableBeanFactory.java:1204)
	at org.springframework.beans.factory.support.AbstractAutowireCapableBeanFactory.doCreateBean(AbstractAutowireCapableBeanFactory.java:564)
	at org.springframework.beans.factory.support.AbstractAutowireCapableBeanFactory.createBean(AbstractAutowireCapableBeanFactory.java:524)
	at org.springframework.beans.factory.support.AbstractBeanFactory.lambda$doGetBean$0(AbstractBeanFactory.java:335)
	at org.springframework.beans.factory.support.DefaultSingletonBeanRegistry.getSingleton(DefaultSingletonBeanRegistry.java:234)
	at org.springframework.beans.factory.support.AbstractBeanFactory.doGetBean(AbstractBeanFactory.java:333)
	at org.springframework.beans.factory.support.AbstractBeanFactory.getBean(AbstractBeanFactory.java:208)
	at org.springframework.beans.factory.config.DependencyDescriptor.resolveCandidate(DependencyDescriptor.java:276)
	at org.springframework.beans.factory.support.DefaultListableBeanFactory.doResolveDependency(DefaultListableBeanFactory.java:1380)
	at org.springframework.beans.factory.support.DefaultListableBeanFactory.resolveDependency(DefaultListableBeanFactory.java:1300)
	at org.springframework.beans.factory.support.ConstructorResolver.resolveAutowiredArgument(ConstructorResolver.java:887)
	at org.springframework.beans.factory.support.ConstructorResolver.createArgumentArray(ConstructorResolver.java:791)
	... 102 common frames omitted
Caused by: org.springframework.beans.factory.BeanCreationException: Error creating bean with name 'dataSource': Post-processing of FactoryBean's singleton object failed; nested exception is org.springframework.beans.factory.BeanCreationException: Error creating bean with name 'org.springframework.boot.autoconfigure.jdbc.DataSourceInitializerInvoker': Invocation of init method failed; nested exception is org.springframework.jdbc.datasource.init.ScriptStatementFailedException: Failed to execute SQL script statement #1 of URL [jar:file:/home/artem/IdeaProjects/aderenchuk-travel.agency/test-db/target/test-db-1.0-SNAPSHOT.jar!/data.sql]: INSERT INTO TOUR (TOUR_ID, DIRECTION, DATE_TOUR) VALUES (101, 'BREST-MOSCOW', '2021-08-01'), (102, 'MINSK-ROME', '2021-08-01'), (103, 'MOSCOW-BARCELONA', '2021-06-15'), (104, 'MINSK-RIGA', '2021-07-02'), (105, 'MINSK-DUBAI', '2021-05-25'); nested exception is org.h2.jdbc.JdbcSQLIntegrityConstraintViolationException: Нарушение уникального индекса или первичного ключа: "PRIMARY KEY ON PUBLIC.TOUR(TOUR_ID) [101, 'BREST-MOSCOW', DATE '2021-08-01']"
Unique index or primary key violation: "PRIMARY KEY ON PUBLIC.TOUR(TOUR_ID) [101, 'BREST-MOSCOW', DATE '2021-08-01']"; SQL statement:
INSERT INTO TOUR (TOUR_ID, DIRECTION, DATE_TOUR) VALUES (101, 'BREST-MOSCOW', '2021-08-01'), (102, 'MINSK-ROME', '2021-08-01'), (103, 'MOSCOW-BARCELONA', '2021-06-15'), (104, 'MINSK-RIGA', '2021-07-02'), (105, 'MINSK-DUBAI', '2021-05-25') [23505-200]
	at org.springframework.beans.factory.support.FactoryBeanRegistrySupport.getObjectFromFactoryBean(FactoryBeanRegistrySupport.java:119)
	at org.springframework.beans.factory.support.AbstractBeanFactory.getObjectForBeanInstance(AbstractBeanFactory.java:1884)
	at org.springframework.beans.factory.support.AbstractAutowireCapableBeanFactory.getObjectForBeanInstance(AbstractAutowireCapableBeanFactory.java:1266)
	at org.springframework.beans.factory.support.AbstractBeanFactory.doGetBean(AbstractBeanFactory.java:345)
	at org.springframework.beans.factory.support.AbstractBeanFactory.getBean(AbstractBeanFactory.java:208)
	at org.springframework.beans.factory.config.DependencyDescriptor.resolveCandidate(DependencyDescriptor.java:276)
	at org.springframework.beans.factory.support.DefaultListableBeanFactory.doResolveDependency(DefaultListableBeanFactory.java:1380)
	at org.springframework.beans.factory.support.DefaultListableBeanFactory.resolveDependency(DefaultListableBeanFactory.java:1300)
	at org.springframework.beans.factory.support.ConstructorResolver.resolveAutowiredArgument(ConstructorResolver.java:887)
	at org.springframework.beans.factory.support.ConstructorResolver.createArgumentArray(ConstructorResolver.java:791)
	... 116 common frames omitted
Caused by: org.springframework.beans.factory.BeanCreationException: Error creating bean with name 'org.springframework.boot.autoconfigure.jdbc.DataSourceInitializerInvoker': Invocation of init method failed; nested exception is org.springframework.jdbc.datasource.init.ScriptStatementFailedException: Failed to execute SQL script statement #1 of URL [jar:file:/home/artem/IdeaProjects/aderenchuk-travel.agency/test-db/target/test-db-1.0-SNAPSHOT.jar!/data.sql]: INSERT INTO TOUR (TOUR_ID, DIRECTION, DATE_TOUR) VALUES (101, 'BREST-MOSCOW', '2021-08-01'), (102, 'MINSK-ROME', '2021-08-01'), (103, 'MOSCOW-BARCELONA', '2021-06-15'), (104, 'MINSK-RIGA', '2021-07-02'), (105, 'MINSK-DUBAI', '2021-05-25'); nested exception is org.h2.jdbc.JdbcSQLIntegrityConstraintViolationException: Нарушение уникального индекса или первичного ключа: "PRIMARY KEY ON PUBLIC.TOUR(TOUR_ID) [101, 'BREST-MOSCOW', DATE '2021-08-01']"
Unique index or primary key violation: "PRIMARY KEY ON PUBLIC.TOUR(TOUR_ID) [101, 'BREST-MOSCOW', DATE '2021-08-01']"; SQL statement:
INSERT INTO TOUR (TOUR_ID, DIRECTION, DATE_TOUR) VALUES (101, 'BREST-MOSCOW', '2021-08-01'), (102, 'MINSK-ROME', '2021-08-01'), (103, 'MOSCOW-BARCELONA', '2021-06-15'), (104, 'MINSK-RIGA', '2021-07-02'), (105, 'MINSK-DUBAI', '2021-05-25') [23505-200]
	at org.springframework.beans.factory.support.AbstractAutowireCapableBeanFactory.initializeBean(AbstractAutowireCapableBeanFactory.java:1786)
	at org.springframework.beans.factory.support.AbstractAutowireCapableBeanFactory.doCreateBean(AbstractAutowireCapableBeanFactory.java:602)
	at org.springframework.beans.factory.support.AbstractAutowireCapableBeanFactory.createBean(AbstractAutowireCapableBeanFactory.java:524)
	at org.springframework.beans.factory.support.AbstractBeanFactory.lambda$doGetBean$0(AbstractBeanFactory.java:335)
	at org.springframework.beans.factory.support.DefaultSingletonBeanRegistry.getSingleton(DefaultSingletonBeanRegistry.java:234)
	at org.springframework.beans.factory.support.AbstractBeanFactory.doGetBean(AbstractBeanFactory.java:333)
	at org.springframework.beans.factory.support.AbstractBeanFactory.getBean(AbstractBeanFactory.java:233)
	at org.springframework.beans.factory.support.DefaultListableBeanFactory.resolveNamedBean(DefaultListableBeanFactory.java:1273)
	at org.springframework.beans.factory.support.DefaultListableBeanFactory.resolveNamedBean(DefaultListableBeanFactory.java:1234)
	at org.springframework.beans.factory.support.DefaultListableBeanFactory.resolveBean(DefaultListableBeanFactory.java:494)
	at org.springframework.beans.factory.support.DefaultListableBeanFactory.getBean(DefaultListableBeanFactory.java:349)
	at org.springframework.beans.factory.support.DefaultListableBeanFactory.getBean(DefaultListableBeanFactory.java:342)
	at org.springframework.boot.autoconfigure.jdbc.DataSourceInitializerPostProcessor.postProcessAfterInitialization(DataSourceInitializerPostProcessor.java:51)
	at org.springframework.beans.factory.support.AbstractAutowireCapableBeanFactory.applyBeanPostProcessorsAfterInitialization(AbstractAutowireCapableBeanFactory.java:437)
	at org.springframework.beans.factory.support.AbstractAutowireCapableBeanFactory.postProcessObjectFromFactoryBean(AbstractAutowireCapableBeanFactory.java:1929)
	at org.springframework.beans.factory.support.FactoryBeanRegistrySupport.getObjectFromFactoryBean(FactoryBeanRegistrySupport.java:116)
	... 125 common frames omitted
Caused by: org.springframework.jdbc.datasource.init.ScriptStatementFailedException: Failed to execute SQL script statement #1 of URL [jar:file:/home/artem/IdeaProjects/aderenchuk-travel.agency/test-db/target/test-db-1.0-SNAPSHOT.jar!/data.sql]: INSERT INTO TOUR (TOUR_ID, DIRECTION, DATE_TOUR) VALUES (101, 'BREST-MOSCOW', '2021-08-01'), (102, 'MINSK-ROME', '2021-08-01'), (103, 'MOSCOW-BARCELONA', '2021-06-15'), (104, 'MINSK-RIGA', '2021-07-02'), (105, 'MINSK-DUBAI', '2021-05-25'); nested exception is org.h2.jdbc.JdbcSQLIntegrityConstraintViolationException: Нарушение уникального индекса или первичного ключа: "PRIMARY KEY ON PUBLIC.TOUR(TOUR_ID) [101, 'BREST-MOSCOW', DATE '2021-08-01']"
Unique index or primary key violation: "PRIMARY KEY ON PUBLIC.TOUR(TOUR_ID) [101, 'BREST-MOSCOW', DATE '2021-08-01']"; SQL statement:
INSERT INTO TOUR (TOUR_ID, DIRECTION, DATE_TOUR) VALUES (101, 'BREST-MOSCOW', '2021-08-01'), (102, 'MINSK-ROME', '2021-08-01'), (103, 'MOSCOW-BARCELONA', '2021-06-15'), (104, 'MINSK-RIGA', '2021-07-02'), (105, 'MINSK-DUBAI', '2021-05-25') [23505-200]
	at org.springframework.jdbc.datasource.init.ScriptUtils.executeSqlScript(ScriptUtils.java:622)
	at org.springframework.jdbc.datasource.init.ResourceDatabasePopulator.populate(ResourceDatabasePopulator.java:254)
	at org.springframework.jdbc.datasource.init.DatabasePopulatorUtils.execute(DatabasePopulatorUtils.java:49)
	at org.springframework.boot.autoconfigure.jdbc.DataSourceInitializer.runScripts(DataSourceInitializer.java:202)
	at org.springframework.boot.autoconfigure.jdbc.DataSourceInitializer.initSchema(DataSourceInitializer.java:119)
	at org.springframework.boot.autoconfigure.jdbc.DataSourceInitializerInvoker.onApplicationEvent(DataSourceInitializerInvoker.java:91)
	at org.springframework.boot.autoconfigure.jdbc.DataSourceInitializerInvoker.onApplicationEvent(DataSourceInitializerInvoker.java:38)
	at org.springframework.context.event.SimpleApplicationEventMulticaster.doInvokeListener(SimpleApplicationEventMulticaster.java:176)
	at org.springframework.context.event.SimpleApplicationEventMulticaster.invokeListener(SimpleApplicationEventMulticaster.java:169)
	at org.springframework.context.event.SimpleApplicationEventMulticaster.multicastEvent(SimpleApplicationEventMulticaster.java:143)
	at org.springframework.context.support.AbstractApplicationContext.publishEvent(AbstractApplicationContext.java:421)
	at org.springframework.context.support.AbstractApplicationContext.publishEvent(AbstractApplicationContext.java:378)
	at org.springframework.boot.autoconfigure.jdbc.DataSourceInitializerInvoker.initialize(DataSourceInitializerInvoker.java:72)
	at org.springframework.boot.autoconfigure.jdbc.DataSourceInitializerInvoker.afterPropertiesSet(DataSourceInitializerInvoker.java:65)
	at org.springframework.beans.factory.support.AbstractAutowireCapableBeanFactory.invokeInitMethods(AbstractAutowireCapableBeanFactory.java:1845)
	at org.springframework.beans.factory.support.AbstractAutowireCapableBeanFactory.initializeBean(AbstractAutowireCapableBeanFactory.java:1782)
	... 140 common frames omitted
Caused by: org.h2.jdbc.JdbcSQLIntegrityConstraintViolationException: Нарушение уникального индекса или первичного ключа: "PRIMARY KEY ON PUBLIC.TOUR(TOUR_ID) [101, 'BREST-MOSCOW', DATE '2021-08-01']"
Unique index or primary key violation: "PRIMARY KEY ON PUBLIC.TOUR(TOUR_ID) [101, 'BREST-MOSCOW', DATE '2021-08-01']"; SQL statement:
INSERT INTO TOUR (TOUR_ID, DIRECTION, DATE_TOUR) VALUES (101, 'BREST-MOSCOW', '2021-08-01'), (102, 'MINSK-ROME', '2021-08-01'), (103, 'MOSCOW-BARCELONA', '2021-06-15'), (104, 'MINSK-RIGA', '2021-07-02'), (105, 'MINSK-DUBAI', '2021-05-25') [23505-200]
	at org.h2.message.DbException.getJdbcSQLException(DbException.java:459)
	at org.h2.message.DbException.getJdbcSQLException(DbException.java:429)
	at org.h2.message.DbException.get(DbException.java:205)
	at org.h2.message.DbException.get(DbException.java:181)
	at org.h2.mvstore.db.MVPrimaryIndex.add(MVPrimaryIndex.java:127)
	at org.h2.mvstore.db.MVTable.addRow(MVTable.java:531)
	at org.h2.command.dml.Insert.insertRows(Insert.java:195)
	at org.h2.command.dml.Insert.update(Insert.java:151)
	at org.h2.command.CommandContainer.update(CommandContainer.java:198)
	at org.h2.command.Command.executeUpdate(Command.java:251)
	at org.h2.jdbc.JdbcStatement.executeInternal(JdbcStatement.java:228)
	at org.h2.jdbc.JdbcStatement.execute(JdbcStatement.java:201)
	at org.springframework.jdbc.datasource.init.ScriptUtils.executeSqlScript(ScriptUtils.java:601)
	... 155 common frames omitted
22:11:46 [main] ERROR org.springframework.test.context.TestContextManager - Caught exception while allowing TestExecutionListener [org.springframework.boot.test.autoconfigure.SpringBootDependencyInjectionTestExecutionListener@172b013] to prepare test instance [com.aderenchuk.brest.service.web_app.TourControllerIT@70d687b8]
java.lang.IllegalStateException: Failed to load ApplicationContext
	at org.springframework.test.context.cache.DefaultCacheAwareContextLoaderDelegate.loadContext(DefaultCacheAwareContextLoaderDelegate.java:132)
	at org.springframework.test.context.support.DefaultTestContext.getApplicationContext(DefaultTestContext.java:124)
	at org.springframework.test.context.support.DependencyInjectionTestExecutionListener.injectDependencies(DependencyInjectionTestExecutionListener.java:118)
	at org.springframework.test.context.support.DependencyInjectionTestExecutionListener.prepareTestInstance(DependencyInjectionTestExecutionListener.java:83)
	at org.springframework.boot.test.autoconfigure.SpringBootDependencyInjectionTestExecutionListener.prepareTestInstance(SpringBootDependencyInjectionTestExecutionListener.java:43)
	at org.springframework.test.context.TestContextManager.prepareTestInstance(TestContextManager.java:244)
	at org.springframework.test.context.junit.jupiter.SpringExtension.postProcessTestInstance(SpringExtension.java:138)
	at org.junit.jupiter.engine.descriptor.ClassBasedTestDescriptor.lambda$invokeTestInstancePostProcessors$6(ClassBasedTestDescriptor.java:350)
	at org.junit.jupiter.engine.descriptor.ClassBasedTestDescriptor.executeAndMaskThrowable(ClassBasedTestDescriptor.java:355)
	at org.junit.jupiter.engine.descriptor.ClassBasedTestDescriptor.lambda$invokeTestInstancePostProcessors$7(ClassBasedTestDescriptor.java:350)
	at java.base/java.util.stream.ReferencePipeline$3$1.accept(ReferencePipeline.java:195)
	at java.base/java.util.stream.ReferencePipeline$2$1.accept(ReferencePipeline.java:177)
	at java.base/java.util.ArrayList$ArrayListSpliterator.forEachRemaining(ArrayList.java:1655)
	at java.base/java.util.stream.AbstractPipeline.copyInto(AbstractPipeline.java:484)
	at java.base/java.util.stream.AbstractPipeline.wrapAndCopyInto(AbstractPipeline.java:474)
	at java.base/java.util.stream.StreamSpliterators$WrappingSpliterator.forEachRemaining(StreamSpliterators.java:312)
	at java.base/java.util.stream.Streams$ConcatSpliterator.forEachRemaining(Streams.java:735)
	at java.base/java.util.stream.Streams$ConcatSpliterator.forEachRemaining(Streams.java:734)
	at java.base/java.util.stream.ReferencePipeline$Head.forEach(ReferencePipeline.java:658)
	at org.junit.jupiter.engine.descriptor.ClassBasedTestDescriptor.invokeTestInstancePostProcessors(ClassBasedTestDescriptor.java:349)
	at org.junit.jupiter.engine.descriptor.ClassBasedTestDescriptor.lambda$instantiateAndPostProcessTestInstance$4(ClassBasedTestDescriptor.java:270)
	at org.junit.platform.engine.support.hierarchical.ThrowableCollector.execute(ThrowableCollector.java:73)
	at org.junit.jupiter.engine.descriptor.ClassBasedTestDescriptor.instantiateAndPostProcessTestInstance(ClassBasedTestDescriptor.java:269)
	at org.junit.jupiter.engine.descriptor.ClassBasedTestDescriptor.lambda$testInstancesProvider$2(ClassBasedTestDescriptor.java:259)
	at java.base/java.util.Optional.orElseGet(Optional.java:369)
	at org.junit.jupiter.engine.descriptor.ClassBasedTestDescriptor.lambda$testInstancesProvider$3(ClassBasedTestDescriptor.java:258)
	at org.junit.jupiter.engine.execution.TestInstancesProvider.getTestInstances(TestInstancesProvider.java:31)
	at org.junit.jupiter.engine.descriptor.TestMethodTestDescriptor.lambda$prepare$0(TestMethodTestDescriptor.java:101)
	at org.junit.platform.engine.support.hierarchical.ThrowableCollector.execute(ThrowableCollector.java:73)
	at org.junit.jupiter.engine.descriptor.TestMethodTestDescriptor.prepare(TestMethodTestDescriptor.java:100)
	at org.junit.jupiter.engine.descriptor.TestMethodTestDescriptor.prepare(TestMethodTestDescriptor.java:65)
	at org.junit.platform.engine.support.hierarchical.NodeTestTask.lambda$prepare$1(NodeTestTask.java:111)
	at org.junit.platform.engine.support.hierarchical.ThrowableCollector.execute(ThrowableCollector.java:73)
	at org.junit.platform.engine.support.hierarchical.NodeTestTask.prepare(NodeTestTask.java:111)
	at org.junit.platform.engine.support.hierarchical.NodeTestTask.execute(NodeTestTask.java:79)
	at java.base/java.util.ArrayList.forEach(ArrayList.java:1541)
	at org.junit.platform.engine.support.hierarchical.SameThreadHierarchicalTestExecutorService.invokeAll(SameThreadHierarchicalTestExecutorService.java:38)
	at org.junit.platform.engine.support.hierarchical.NodeTestTask.lambda$executeRecursively$5(NodeTestTask.java:143)
	at org.junit.platform.engine.support.hierarchical.ThrowableCollector.execute(ThrowableCollector.java:73)
	at org.junit.platform.engine.support.hierarchical.NodeTestTask.lambda$executeRecursively$7(NodeTestTask.java:129)
	at org.junit.platform.engine.support.hierarchical.Node.around(Node.java:137)
	at org.junit.platform.engine.support.hierarchical.NodeTestTask.lambda$executeRecursively$8(NodeTestTask.java:127)
	at org.junit.platform.engine.support.hierarchical.ThrowableCollector.execute(ThrowableCollector.java:73)
	at org.junit.platform.engine.support.hierarchical.NodeTestTask.executeRecursively(NodeTestTask.java:126)
	at org.junit.platform.engine.support.hierarchical.NodeTestTask.execute(NodeTestTask.java:84)
	at java.base/java.util.ArrayList.forEach(ArrayList.java:1541)
	at org.junit.platform.engine.support.hierarchical.SameThreadHierarchicalTestExecutorService.invokeAll(SameThreadHierarchicalTestExecutorService.java:38)
	at org.junit.platform.engine.support.hierarchical.NodeTestTask.lambda$executeRecursively$5(NodeTestTask.java:143)
	at org.junit.platform.engine.support.hierarchical.ThrowableCollector.execute(ThrowableCollector.java:73)
	at org.junit.platform.engine.support.hierarchical.NodeTestTask.lambda$executeRecursively$7(NodeTestTask.java:129)
	at org.junit.platform.engine.support.hierarchical.Node.around(Node.java:137)
	at org.junit.platform.engine.support.hierarchical.NodeTestTask.lambda$executeRecursively$8(NodeTestTask.java:127)
	at org.junit.platform.engine.support.hierarchical.ThrowableCollector.execute(ThrowableCollector.java:73)
	at org.junit.platform.engine.support.hierarchical.NodeTestTask.executeRecursively(NodeTestTask.java:126)
	at org.junit.platform.engine.support.hierarchical.NodeTestTask.execute(NodeTestTask.java:84)
	at org.junit.platform.engine.support.hierarchical.SameThreadHierarchicalTestExecutorService.submit(SameThreadHierarchicalTestExecutorService.java:32)
	at org.junit.platform.engine.support.hierarchical.HierarchicalTestExecutor.execute(HierarchicalTestExecutor.java:57)
	at org.junit.platform.engine.support.hierarchical.HierarchicalTestEngine.execute(HierarchicalTestEngine.java:51)
	at org.junit.platform.launcher.core.EngineExecutionOrchestrator.execute(EngineExecutionOrchestrator.java:108)
	at org.junit.platform.launcher.core.EngineExecutionOrchestrator.execute(EngineExecutionOrchestrator.java:88)
	at org.junit.platform.launcher.core.EngineExecutionOrchestrator.lambda$execute$0(EngineExecutionOrchestrator.java:54)
	at org.junit.platform.launcher.core.EngineExecutionOrchestrator.withInterceptedStreams(EngineExecutionOrchestrator.java:67)
	at org.junit.platform.launcher.core.EngineExecutionOrchestrator.execute(EngineExecutionOrchestrator.java:52)
	at org.junit.platform.launcher.core.DefaultLauncher.execute(DefaultLauncher.java:96)
	at org.junit.platform.launcher.core.DefaultLauncher.execute(DefaultLauncher.java:75)
	at org.apache.maven.surefire.junitplatform.JUnitPlatformProvider.invokeAllTests(JUnitPlatformProvider.java:154)
	at org.apache.maven.surefire.junitplatform.JUnitPlatformProvider.invoke(JUnitPlatformProvider.java:127)
	at org.apache.maven.surefire.booter.ForkedBooter.runSuitesInProcess(ForkedBooter.java:377)
	at org.apache.maven.surefire.booter.ForkedBooter.execute(ForkedBooter.java:138)
	at org.apache.maven.surefire.booter.ForkedBooter.run(ForkedBooter.java:465)
	at org.apache.maven.surefire.booter.ForkedBooter.main(ForkedBooter.java:451)
Caused by: org.springframework.beans.factory.UnsatisfiedDependencyException: Error creating bean with name 'tourController' defined in file [/home/artem/IdeaProjects/aderenchuk-travel.agency/web-app/target/classes/com/aderenchuk/brest/service/web_app/TourController.class]: Unsatisfied dependency expressed through constructor parameter 0; nested exception is org.springframework.beans.factory.UnsatisfiedDependencyException: Error creating bean with name 'tourDtoServiceImpl' defined in URL [jar:file:/home/artem/IdeaProjects/aderenchuk-travel.agency/service/target/service-1.0-SNAPSHOT.jar!/com/aderenchuk/brest/service/impl/TourDtoServiceImpl.class]: Unsatisfied dependency expressed through constructor parameter 0; nested exception is org.springframework.beans.factory.UnsatisfiedDependencyException: Error creating bean with name 'tourDtoDaoJdbc' defined in URL [jar:file:/home/artem/IdeaProjects/aderenchuk-travel.agency/dao/target/dao-1.0-SNAPSHOT.jar!/com/aderenchuk/brest/dao/jdbc/TourDtoDaoJdbc.class]: Unsatisfied dependency expressed through constructor parameter 0; nested exception is org.springframework.beans.factory.BeanCreationException: Error creating bean with name 'dataSource': Post-processing of FactoryBean's singleton object failed; nested exception is org.springframework.beans.factory.BeanCreationException: Error creating bean with name 'org.springframework.boot.autoconfigure.jdbc.DataSourceInitializerInvoker': Invocation of init method failed; nested exception is org.springframework.jdbc.datasource.init.ScriptStatementFailedException: Failed to execute SQL script statement #1 of URL [jar:file:/home/artem/IdeaProjects/aderenchuk-travel.agency/test-db/target/test-db-1.0-SNAPSHOT.jar!/data.sql]: INSERT INTO TOUR (TOUR_ID, DIRECTION, DATE_TOUR) VALUES (101, 'BREST-MOSCOW', '2021-08-01'), (102, 'MINSK-ROME', '2021-08-01'), (103, 'MOSCOW-BARCELONA', '2021-06-15'), (104, 'MINSK-RIGA', '2021-07-02'), (105, 'MINSK-DUBAI', '2021-05-25'); nested exception is org.h2.jdbc.JdbcSQLIntegrityConstraintViolationException: Нарушение уникального индекса или первичного ключа: "PRIMARY KEY ON PUBLIC.TOUR(TOUR_ID) [101, 'BREST-MOSCOW', DATE '2021-08-01']"
Unique index or primary key violation: "PRIMARY KEY ON PUBLIC.TOUR(TOUR_ID) [101, 'BREST-MOSCOW', DATE '2021-08-01']"; SQL statement:
INSERT INTO TOUR (TOUR_ID, DIRECTION, DATE_TOUR) VALUES (101, 'BREST-MOSCOW', '2021-08-01'), (102, 'MINSK-ROME', '2021-08-01'), (103, 'MOSCOW-BARCELONA', '2021-06-15'), (104, 'MINSK-RIGA', '2021-07-02'), (105, 'MINSK-DUBAI', '2021-05-25') [23505-200]
	at org.springframework.beans.factory.support.ConstructorResolver.createArgumentArray(ConstructorResolver.java:800)
	at org.springframework.beans.factory.support.ConstructorResolver.autowireConstructor(ConstructorResolver.java:229)
	at org.springframework.beans.factory.support.AbstractAutowireCapableBeanFactory.autowireConstructor(AbstractAutowireCapableBeanFactory.java:1354)
	at org.springframework.beans.factory.support.AbstractAutowireCapableBeanFactory.createBeanInstance(AbstractAutowireCapableBeanFactory.java:1204)
	at org.springframework.beans.factory.support.AbstractAutowireCapableBeanFactory.doCreateBean(AbstractAutowireCapableBeanFactory.java:564)
	at org.springframework.beans.factory.support.AbstractAutowireCapableBeanFactory.createBean(AbstractAutowireCapableBeanFactory.java:524)
	at org.springframework.beans.factory.support.AbstractBeanFactory.lambda$doGetBean$0(AbstractBeanFactory.java:335)
	at org.springframework.beans.factory.support.DefaultSingletonBeanRegistry.getSingleton(DefaultSingletonBeanRegistry.java:234)
	at org.springframework.beans.factory.support.AbstractBeanFactory.doGetBean(AbstractBeanFactory.java:333)
	at org.springframework.beans.factory.support.AbstractBeanFactory.getBean(AbstractBeanFactory.java:208)
	at org.springframework.beans.factory.support.DefaultListableBeanFactory.preInstantiateSingletons(DefaultListableBeanFactory.java:944)
	at org.springframework.context.support.AbstractApplicationContext.finishBeanFactoryInitialization(AbstractApplicationContext.java:918)
	at org.springframework.context.support.AbstractApplicationContext.refresh(AbstractApplicationContext.java:583)
	at org.springframework.boot.SpringApplication.refresh(SpringApplication.java:769)
	at org.springframework.boot.SpringApplication.refresh(SpringApplication.java:761)
	at org.springframework.boot.SpringApplication.refreshContext(SpringApplication.java:426)
	at org.springframework.boot.SpringApplication.run(SpringApplication.java:326)
	at org.springframework.boot.test.context.SpringBootContextLoader.loadContext(SpringBootContextLoader.java:123)
	at org.springframework.test.context.cache.DefaultCacheAwareContextLoaderDelegate.loadContextInternal(DefaultCacheAwareContextLoaderDelegate.java:99)
	at org.springframework.test.context.cache.DefaultCacheAwareContextLoaderDelegate.loadContext(DefaultCacheAwareContextLoaderDelegate.java:124)
	... 70 common frames omitted
Caused by: org.springframework.beans.factory.UnsatisfiedDependencyException: Error creating bean with name 'tourDtoServiceImpl' defined in URL [jar:file:/home/artem/IdeaProjects/aderenchuk-travel.agency/service/target/service-1.0-SNAPSHOT.jar!/com/aderenchuk/brest/service/impl/TourDtoServiceImpl.class]: Unsatisfied dependency expressed through constructor parameter 0; nested exception is org.springframework.beans.factory.UnsatisfiedDependencyException: Error creating bean with name 'tourDtoDaoJdbc' defined in URL [jar:file:/home/artem/IdeaProjects/aderenchuk-travel.agency/dao/target/dao-1.0-SNAPSHOT.jar!/com/aderenchuk/brest/dao/jdbc/TourDtoDaoJdbc.class]: Unsatisfied dependency expressed through constructor parameter 0; nested exception is org.springframework.beans.factory.BeanCreationException: Error creating bean with name 'dataSource': Post-processing of FactoryBean's singleton object failed; nested exception is org.springframework.beans.factory.BeanCreationException: Error creating bean with name 'org.springframework.boot.autoconfigure.jdbc.DataSourceInitializerInvoker': Invocation of init method failed; nested exception is org.springframework.jdbc.datasource.init.ScriptStatementFailedException: Failed to execute SQL script statement #1 of URL [jar:file:/home/artem/IdeaProjects/aderenchuk-travel.agency/test-db/target/test-db-1.0-SNAPSHOT.jar!/data.sql]: INSERT INTO TOUR (TOUR_ID, DIRECTION, DATE_TOUR) VALUES (101, 'BREST-MOSCOW', '2021-08-01'), (102, 'MINSK-ROME', '2021-08-01'), (103, 'MOSCOW-BARCELONA', '2021-06-15'), (104, 'MINSK-RIGA', '2021-07-02'), (105, 'MINSK-DUBAI', '2021-05-25'); nested exception is org.h2.jdbc.JdbcSQLIntegrityConstraintViolationException: Нарушение уникального индекса или первичного ключа: "PRIMARY KEY ON PUBLIC.TOUR(TOUR_ID) [101, 'BREST-MOSCOW', DATE '2021-08-01']"
Unique index or primary key violation: "PRIMARY KEY ON PUBLIC.TOUR(TOUR_ID) [101, 'BREST-MOSCOW', DATE '2021-08-01']"; SQL statement:
INSERT INTO TOUR (TOUR_ID, DIRECTION, DATE_TOUR) VALUES (101, 'BREST-MOSCOW', '2021-08-01'), (102, 'MINSK-ROME', '2021-08-01'), (103, 'MOSCOW-BARCELONA', '2021-06-15'), (104, 'MINSK-RIGA', '2021-07-02'), (105, 'MINSK-DUBAI', '2021-05-25') [23505-200]
	at org.springframework.beans.factory.support.ConstructorResolver.createArgumentArray(ConstructorResolver.java:800)
	at org.springframework.beans.factory.support.ConstructorResolver.autowireConstructor(ConstructorResolver.java:229)
	at org.springframework.beans.factory.support.AbstractAutowireCapableBeanFactory.autowireConstructor(AbstractAutowireCapableBeanFactory.java:1354)
	at org.springframework.beans.factory.support.AbstractAutowireCapableBeanFactory.createBeanInstance(AbstractAutowireCapableBeanFactory.java:1204)
	at org.springframework.beans.factory.support.AbstractAutowireCapableBeanFactory.doCreateBean(AbstractAutowireCapableBeanFactory.java:564)
	at org.springframework.beans.factory.support.AbstractAutowireCapableBeanFactory.createBean(AbstractAutowireCapableBeanFactory.java:524)
	at org.springframework.beans.factory.support.AbstractBeanFactory.lambda$doGetBean$0(AbstractBeanFactory.java:335)
	at org.springframework.beans.factory.support.DefaultSingletonBeanRegistry.getSingleton(DefaultSingletonBeanRegistry.java:234)
	at org.springframework.beans.factory.support.AbstractBeanFactory.doGetBean(AbstractBeanFactory.java:333)
	at org.springframework.beans.factory.support.AbstractBeanFactory.getBean(AbstractBeanFactory.java:208)
	at org.springframework.beans.factory.config.DependencyDescriptor.resolveCandidate(DependencyDescriptor.java:276)
	at org.springframework.beans.factory.support.DefaultListableBeanFactory.doResolveDependency(DefaultListableBeanFactory.java:1380)
	at org.springframework.beans.factory.support.DefaultListableBeanFactory.resolveDependency(DefaultListableBeanFactory.java:1300)
	at org.springframework.beans.factory.support.ConstructorResolver.resolveAutowiredArgument(ConstructorResolver.java:887)
	at org.springframework.beans.factory.support.ConstructorResolver.createArgumentArray(ConstructorResolver.java:791)
	... 89 common frames omitted
Caused by: org.springframework.beans.factory.UnsatisfiedDependencyException: Error creating bean with name 'tourDtoDaoJdbc' defined in URL [jar:file:/home/artem/IdeaProjects/aderenchuk-travel.agency/dao/target/dao-1.0-SNAPSHOT.jar!/com/aderenchuk/brest/dao/jdbc/TourDtoDaoJdbc.class]: Unsatisfied dependency expressed through constructor parameter 0; nested exception is org.springframework.beans.factory.BeanCreationException: Error creating bean with name 'dataSource': Post-processing of FactoryBean's singleton object failed; nested exception is org.springframework.beans.factory.BeanCreationException: Error creating bean with name 'org.springframework.boot.autoconfigure.jdbc.DataSourceInitializerInvoker': Invocation of init method failed; nested exception is org.springframework.jdbc.datasource.init.ScriptStatementFailedException: Failed to execute SQL script statement #1 of URL [jar:file:/home/artem/IdeaProjects/aderenchuk-travel.agency/test-db/target/test-db-1.0-SNAPSHOT.jar!/data.sql]: INSERT INTO TOUR (TOUR_ID, DIRECTION, DATE_TOUR) VALUES (101, 'BREST-MOSCOW', '2021-08-01'), (102, 'MINSK-ROME', '2021-08-01'), (103, 'MOSCOW-BARCELONA', '2021-06-15'), (104, 'MINSK-RIGA', '2021-07-02'), (105, 'MINSK-DUBAI', '2021-05-25'); nested exception is org.h2.jdbc.JdbcSQLIntegrityConstraintViolationException: Нарушение уникального индекса или первичного ключа: "PRIMARY KEY ON PUBLIC.TOUR(TOUR_ID) [101, 'BREST-MOSCOW', DATE '2021-08-01']"
Unique index or primary key violation: "PRIMARY KEY ON PUBLIC.TOUR(TOUR_ID) [101, 'BREST-MOSCOW', DATE '2021-08-01']"; SQL statement:
INSERT INTO TOUR (TOUR_ID, DIRECTION, DATE_TOUR) VALUES (101, 'BREST-MOSCOW', '2021-08-01'), (102, 'MINSK-ROME', '2021-08-01'), (103, 'MOSCOW-BARCELONA', '2021-06-15'), (104, 'MINSK-RIGA', '2021-07-02'), (105, 'MINSK-DUBAI', '2021-05-25') [23505-200]
	at org.springframework.beans.factory.support.ConstructorResolver.createArgumentArray(ConstructorResolver.java:800)
	at org.springframework.beans.factory.support.ConstructorResolver.autowireConstructor(ConstructorResolver.java:229)
	at org.springframework.beans.factory.support.AbstractAutowireCapableBeanFactory.autowireConstructor(AbstractAutowireCapableBeanFactory.java:1354)
	at org.springframework.beans.factory.support.AbstractAutowireCapableBeanFactory.createBeanInstance(AbstractAutowireCapableBeanFactory.java:1204)
	at org.springframework.beans.factory.support.AbstractAutowireCapableBeanFactory.doCreateBean(AbstractAutowireCapableBeanFactory.java:564)
	at org.springframework.beans.factory.support.AbstractAutowireCapableBeanFactory.createBean(AbstractAutowireCapableBeanFactory.java:524)
	at org.springframework.beans.factory.support.AbstractBeanFactory.lambda$doGetBean$0(AbstractBeanFactory.java:335)
	at org.springframework.beans.factory.support.DefaultSingletonBeanRegistry.getSingleton(DefaultSingletonBeanRegistry.java:234)
	at org.springframework.beans.factory.support.AbstractBeanFactory.doGetBean(AbstractBeanFactory.java:333)
	at org.springframework.beans.factory.support.AbstractBeanFactory.getBean(AbstractBeanFactory.java:208)
	at org.springframework.beans.factory.config.DependencyDescriptor.resolveCandidate(DependencyDescriptor.java:276)
	at org.springframework.beans.factory.support.DefaultListableBeanFactory.doResolveDependency(DefaultListableBeanFactory.java:1380)
	at org.springframework.beans.factory.support.DefaultListableBeanFactory.resolveDependency(DefaultListableBeanFactory.java:1300)
	at org.springframework.beans.factory.support.ConstructorResolver.resolveAutowiredArgument(ConstructorResolver.java:887)
	at org.springframework.beans.factory.support.ConstructorResolver.createArgumentArray(ConstructorResolver.java:791)
	... 103 common frames omitted
Caused by: org.springframework.beans.factory.BeanCreationException: Error creating bean with name 'dataSource': Post-processing of FactoryBean's singleton object failed; nested exception is org.springframework.beans.factory.BeanCreationException: Error creating bean with name 'org.springframework.boot.autoconfigure.jdbc.DataSourceInitializerInvoker': Invocation of init method failed; nested exception is org.springframework.jdbc.datasource.init.ScriptStatementFailedException: Failed to execute SQL script statement #1 of URL [jar:file:/home/artem/IdeaProjects/aderenchuk-travel.agency/test-db/target/test-db-1.0-SNAPSHOT.jar!/data.sql]: INSERT INTO TOUR (TOUR_ID, DIRECTION, DATE_TOUR) VALUES (101, 'BREST-MOSCOW', '2021-08-01'), (102, 'MINSK-ROME', '2021-08-01'), (103, 'MOSCOW-BARCELONA', '2021-06-15'), (104, 'MINSK-RIGA', '2021-07-02'), (105, 'MINSK-DUBAI', '2021-05-25'); nested exception is org.h2.jdbc.JdbcSQLIntegrityConstraintViolationException: Нарушение уникального индекса или первичного ключа: "PRIMARY KEY ON PUBLIC.TOUR(TOUR_ID) [101, 'BREST-MOSCOW', DATE '2021-08-01']"
Unique index or primary key violation: "PRIMARY KEY ON PUBLIC.TOUR(TOUR_ID) [101, 'BREST-MOSCOW', DATE '2021-08-01']"; SQL statement:
INSERT INTO TOUR (TOUR_ID, DIRECTION, DATE_TOUR) VALUES (101, 'BREST-MOSCOW', '2021-08-01'), (102, 'MINSK-ROME', '2021-08-01'), (103, 'MOSCOW-BARCELONA', '2021-06-15'), (104, 'MINSK-RIGA', '2021-07-02'), (105, 'MINSK-DUBAI', '2021-05-25') [23505-200]
	at org.springframework.beans.factory.support.FactoryBeanRegistrySupport.getObjectFromFactoryBean(FactoryBeanRegistrySupport.java:119)
	at org.springframework.beans.factory.support.AbstractBeanFactory.getObjectForBeanInstance(AbstractBeanFactory.java:1884)
	at org.springframework.beans.factory.support.AbstractAutowireCapableBeanFactory.getObjectForBeanInstance(AbstractAutowireCapableBeanFactory.java:1266)
	at org.springframework.beans.factory.support.AbstractBeanFactory.doGetBean(AbstractBeanFactory.java:345)
	at org.springframework.beans.factory.support.AbstractBeanFactory.getBean(AbstractBeanFactory.java:208)
	at org.springframework.beans.factory.config.DependencyDescriptor.resolveCandidate(DependencyDescriptor.java:276)
	at org.springframework.beans.factory.support.DefaultListableBeanFactory.doResolveDependency(DefaultListableBeanFactory.java:1380)
	at org.springframework.beans.factory.support.DefaultListableBeanFactory.resolveDependency(DefaultListableBeanFactory.java:1300)
	at org.springframework.beans.factory.support.ConstructorResolver.resolveAutowiredArgument(ConstructorResolver.java:887)
	at org.springframework.beans.factory.support.ConstructorResolver.createArgumentArray(ConstructorResolver.java:791)
	... 117 common frames omitted
Caused by: org.springframework.beans.factory.BeanCreationException: Error creating bean with name 'org.springframework.boot.autoconfigure.jdbc.DataSourceInitializerInvoker': Invocation of init method failed; nested exception is org.springframework.jdbc.datasource.init.ScriptStatementFailedException: Failed to execute SQL script statement #1 of URL [jar:file:/home/artem/IdeaProjects/aderenchuk-travel.agency/test-db/target/test-db-1.0-SNAPSHOT.jar!/data.sql]: INSERT INTO TOUR (TOUR_ID, DIRECTION, DATE_TOUR) VALUES (101, 'BREST-MOSCOW', '2021-08-01'), (102, 'MINSK-ROME', '2021-08-01'), (103, 'MOSCOW-BARCELONA', '2021-06-15'), (104, 'MINSK-RIGA', '2021-07-02'), (105, 'MINSK-DUBAI', '2021-05-25'); nested exception is org.h2.jdbc.JdbcSQLIntegrityConstraintViolationException: Нарушение уникального индекса или первичного ключа: "PRIMARY KEY ON PUBLIC.TOUR(TOUR_ID) [101, 'BREST-MOSCOW', DATE '2021-08-01']"
Unique index or primary key violation: "PRIMARY KEY ON PUBLIC.TOUR(TOUR_ID) [101, 'BREST-MOSCOW', DATE '2021-08-01']"; SQL statement:
INSERT INTO TOUR (TOUR_ID, DIRECTION, DATE_TOUR) VALUES (101, 'BREST-MOSCOW', '2021-08-01'), (102, 'MINSK-ROME', '2021-08-01'), (103, 'MOSCOW-BARCELONA', '2021-06-15'), (104, 'MINSK-RIGA', '2021-07-02'), (105, 'MINSK-DUBAI', '2021-05-25') [23505-200]
	at org.springframework.beans.factory.support.AbstractAutowireCapableBeanFactory.initializeBean(AbstractAutowireCapableBeanFactory.java:1786)
	at org.springframework.beans.factory.support.AbstractAutowireCapableBeanFactory.doCreateBean(AbstractAutowireCapableBeanFactory.java:602)
	at org.springframework.beans.factory.support.AbstractAutowireCapableBeanFactory.createBean(AbstractAutowireCapableBeanFactory.java:524)
	at org.springframework.beans.factory.support.AbstractBeanFactory.lambda$doGetBean$0(AbstractBeanFactory.java:335)
	at org.springframework.beans.factory.support.DefaultSingletonBeanRegistry.getSingleton(DefaultSingletonBeanRegistry.java:234)
	at org.springframework.beans.factory.support.AbstractBeanFactory.doGetBean(AbstractBeanFactory.java:333)
	at org.springframework.beans.factory.support.AbstractBeanFactory.getBean(AbstractBeanFactory.java:233)
	at org.springframework.beans.factory.support.DefaultListableBeanFactory.resolveNamedBean(DefaultListableBeanFactory.java:1273)
	at org.springframework.beans.factory.support.DefaultListableBeanFactory.resolveNamedBean(DefaultListableBeanFactory.java:1234)
	at org.springframework.beans.factory.support.DefaultListableBeanFactory.resolveBean(DefaultListableBeanFactory.java:494)
	at org.springframework.beans.factory.support.DefaultListableBeanFactory.getBean(DefaultListableBeanFactory.java:349)
	at org.springframework.beans.factory.support.DefaultListableBeanFactory.getBean(DefaultListableBeanFactory.java:342)
	at org.springframework.boot.autoconfigure.jdbc.DataSourceInitializerPostProcessor.postProcessAfterInitialization(DataSourceInitializerPostProcessor.java:51)
	at org.springframework.beans.factory.support.AbstractAutowireCapableBeanFactory.applyBeanPostProcessorsAfterInitialization(AbstractAutowireCapableBeanFactory.java:437)
	at org.springframework.beans.factory.support.AbstractAutowireCapableBeanFactory.postProcessObjectFromFactoryBean(AbstractAutowireCapableBeanFactory.java:1929)
	at org.springframework.beans.factory.support.FactoryBeanRegistrySupport.getObjectFromFactoryBean(FactoryBeanRegistrySupport.java:116)
	... 126 common frames omitted
Caused by: org.springframework.jdbc.datasource.init.ScriptStatementFailedException: Failed to execute SQL script statement #1 of URL [jar:file:/home/artem/IdeaProjects/aderenchuk-travel.agency/test-db/target/test-db-1.0-SNAPSHOT.jar!/data.sql]: INSERT INTO TOUR (TOUR_ID, DIRECTION, DATE_TOUR) VALUES (101, 'BREST-MOSCOW', '2021-08-01'), (102, 'MINSK-ROME', '2021-08-01'), (103, 'MOSCOW-BARCELONA', '2021-06-15'), (104, 'MINSK-RIGA', '2021-07-02'), (105, 'MINSK-DUBAI', '2021-05-25'); nested exception is org.h2.jdbc.JdbcSQLIntegrityConstraintViolationException: Нарушение уникального индекса или первичного ключа: "PRIMARY KEY ON PUBLIC.TOUR(TOUR_ID) [101, 'BREST-MOSCOW', DATE '2021-08-01']"
Unique index or primary key violation: "PRIMARY KEY ON PUBLIC.TOUR(TOUR_ID) [101, 'BREST-MOSCOW', DATE '2021-08-01']"; SQL statement:
INSERT INTO TOUR (TOUR_ID, DIRECTION, DATE_TOUR) VALUES (101, 'BREST-MOSCOW', '2021-08-01'), (102, 'MINSK-ROME', '2021-08-01'), (103, 'MOSCOW-BARCELONA', '2021-06-15'), (104, 'MINSK-RIGA', '2021-07-02'), (105, 'MINSK-DUBAI', '2021-05-25') [23505-200]
	at org.springframework.jdbc.datasource.init.ScriptUtils.executeSqlScript(ScriptUtils.java:622)
	at org.springframework.jdbc.datasource.init.ResourceDatabasePopulator.populate(ResourceDatabasePopulator.java:254)
	at org.springframework.jdbc.datasource.init.DatabasePopulatorUtils.execute(DatabasePopulatorUtils.java:49)
	at org.springframework.boot.autoconfigure.jdbc.DataSourceInitializer.runScripts(DataSourceInitializer.java:202)
	at org.springframework.boot.autoconfigure.jdbc.DataSourceInitializer.initSchema(DataSourceInitializer.java:119)
	at org.springframework.boot.autoconfigure.jdbc.DataSourceInitializerInvoker.onApplicationEvent(DataSourceInitializerInvoker.java:91)
	at org.springframework.boot.autoconfigure.jdbc.DataSourceInitializerInvoker.onApplicationEvent(DataSourceInitializerInvoker.java:38)
	at org.springframework.context.event.SimpleApplicationEventMulticaster.doInvokeListener(SimpleApplicationEventMulticaster.java:176)
	at org.springframework.context.event.SimpleApplicationEventMulticaster.invokeListener(SimpleApplicationEventMulticaster.java:169)
	at org.springframework.context.event.SimpleApplicationEventMulticaster.multicastEvent(SimpleApplicationEventMulticaster.java:143)
	at org.springframework.context.support.AbstractApplicationContext.publishEvent(AbstractApplicationContext.java:421)
	at org.springframework.context.support.AbstractApplicationContext.publishEvent(AbstractApplicationContext.java:378)
	at org.springframework.boot.autoconfigure.jdbc.DataSourceInitializerInvoker.initialize(DataSourceInitializerInvoker.java:72)
	at org.springframework.boot.autoconfigure.jdbc.DataSourceInitializerInvoker.afterPropertiesSet(DataSourceInitializerInvoker.java:65)
	at org.springframework.beans.factory.support.AbstractAutowireCapableBeanFactory.invokeInitMethods(AbstractAutowireCapableBeanFactory.java:1845)
	at org.springframework.beans.factory.support.AbstractAutowireCapableBeanFactory.initializeBean(AbstractAutowireCapableBeanFactory.java:1782)
	... 141 common frames omitted
Caused by: org.h2.jdbc.JdbcSQLIntegrityConstraintViolationException: Нарушение уникального индекса или первичного ключа: "PRIMARY KEY ON PUBLIC.TOUR(TOUR_ID) [101, 'BREST-MOSCOW', DATE '2021-08-01']"
Unique index or primary key violation: "PRIMARY KEY ON PUBLIC.TOUR(TOUR_ID) [101, 'BREST-MOSCOW', DATE '2021-08-01']"; SQL statement:
INSERT INTO TOUR (TOUR_ID, DIRECTION, DATE_TOUR) VALUES (101, 'BREST-MOSCOW', '2021-08-01'), (102, 'MINSK-ROME', '2021-08-01'), (103, 'MOSCOW-BARCELONA', '2021-06-15'), (104, 'MINSK-RIGA', '2021-07-02'), (105, 'MINSK-DUBAI', '2021-05-25') [23505-200]
	at org.h2.message.DbException.getJdbcSQLException(DbException.java:459)
	at org.h2.message.DbException.getJdbcSQLException(DbException.java:429)
	at org.h2.message.DbException.get(DbException.java:205)
	at org.h2.message.DbException.get(DbException.java:181)
	at org.h2.mvstore.db.MVPrimaryIndex.add(MVPrimaryIndex.java:127)
	at org.h2.mvstore.db.MVTable.addRow(MVTable.java:531)
	at org.h2.command.dml.Insert.insertRows(Insert.java:195)
	at org.h2.command.dml.Insert.update(Insert.java:151)
	at org.h2.command.CommandContainer.update(CommandContainer.java:198)
	at org.h2.command.Command.executeUpdate(Command.java:251)
	at org.h2.jdbc.JdbcStatement.executeInternal(JdbcStatement.java:228)
	at org.h2.jdbc.JdbcStatement.execute(JdbcStatement.java:201)
	at org.springframework.jdbc.datasource.init.ScriptUtils.executeSqlScript(ScriptUtils.java:601)
	... 156 common frames omitted
]]></system-out>
  </testcase>
</testsuite>